Set up SND environment
search libraries in slc9_x86-64
do linking for cell 89
from plate  32
to plate  30
/pool/condor/dir_1853290 is the currrent path
created link p030 to folder /eos/experiment/sndlhc/emulsionData/2022/CERN/SND_mic2/RUN3/RUN3_W5_B1/P030
The current directory /pool/condor/dir_1853290/b000051
the content of the directory total 0 drwxr-xr-x. 2 onur sndlhc-cg 33 Feb 16 10:29 . drwxr-xr-x. 3 onur sndlhc-cg 37 Feb 16 10:29 .. lrwxrwxrwx. 1 onur sndlhc-cg 91 Feb 16 10:29 51.30.5.18.raw.root -> /eos/experiment/sndlhc/emulsionData/2022/CERN/SND_mic2/RUN3/RUN3_W5_B1/P030/tracks.raw.root
p030/51.30.5.18.raw.root
created link p031 to folder /eos/experiment/sndlhc/emulsionData/2022/CERN/SND_mic2/RUN3/RUN3_W5_B1/P031
The current directory /pool/condor/dir_1853290/b000051
the content of the directory total 0 drwxr-xr-x. 2 onur sndlhc-cg 33 Feb 16 10:29 . drwxr-xr-x. 4 onur sndlhc-cg 49 Feb 16 10:29 .. lrwxrwxrwx. 1 onur sndlhc-cg 91 Feb 16 10:29 51.31.5.18.raw.root -> /eos/experiment/sndlhc/emulsionData/2022/CERN/SND_mic2/RUN3/RUN3_W5_B1/P031/tracks.raw.root
p031/51.31.5.18.raw.root
created link p032 to folder /eos/experiment/sndlhc/emulsionData/2022/CERN/SND_mic2/RUN3/RUN3_W5_B1/P032
The current directory /pool/condor/dir_1853290/b000051
the content of the directory total 0 drwxr-xr-x. 2 onur sndlhc-cg 41 Feb 16 10:29 . drwxr-xr-x. 5 onur sndlhc-cg 81 Feb 16 10:29 .. lrwxrwxrwx. 1 onur sndlhc-cg 91 Feb 16 10:29 51.32.5.18.raw.root -> /eos/experiment/sndlhc/emulsionData/2022/CERN/SND_mic2/RUN3/RUN3_W5_B1/P032/tracks.raw.root
p032/51.32.5.18.raw.root
makescanset     :  for id 000051.0.5.18
EdbScanSet::MakeNominalSet: 000051.0.5.18
EdbScanProc::CheckDir: create directory ../b000051/AFF
MakeAFFSet      : ../b000051/AFF/51.32.5.18_51.31.5.18.aff.par as ZLAYER 0 -1300.000000 0 0
MakeAFFSet      : ../b000051/AFF/51.32.5.18_51.31.5.18.aff.par as AFFXY 0 1.000000 0.000000 0.000000 1.000000 0.000000 0.000000
MakeAFFSet      : ../b000051/AFF/51.31.5.18_51.30.5.18.aff.par as ZLAYER 0 -1300.000000 0 0
MakeAFFSet      : ../b000051/AFF/51.31.5.18_51.30.5.18.aff.par as AFFXY 0 1.000000 0.000000 0.000000 1.000000 0.000000 0.000000
ReadScanSet     : from ../b000051/b000051.0.5.18.set.root
EdbScanSet: 000051.0.5.18
Brick 51 with 3 plates:
 32          0.00        1.000000  0.000000  0.000000  1.000000        0.000000        0.000000
 31      -1300.00        1.000000  0.000000  0.000000  1.000000        0.000000        0.000000
 30      -2600.00        1.000000  0.000000  0.000000  1.000000        0.000000        0.000000
for this brick 3 identifiers are defined:
000051.32.5.18  shr1/base/shr2 = 1.000 / 175.0 / 1.000
000051.31.5.18  shr1/base/shr2 = 1.000 / 175.0 / 1.000
000051.30.5.18  shr1/base/shr2 = 1.000 / 175.0 / 1.000
Starting pre-linking
makescanset     :  for id 000051.0.5.18
EdbScanSet::MakeNominalSet: 000051.0.5.18
ReadScanSet     : from ../b000051/b000051.0.5.18.set.root
ReadScanSet     : from ../b000051/b000051.0.5.18.set.root
ReadScanSet     : from ../b000051/b000051.0.5.18.set.root
ReadScanSet     : from ../b000051/b000051.0.5.18.set.root
EdbScanSet: 000051.0.5.18
Brick 51 with 3 plates:
 32          0.00        1.000000  0.000000  0.000000  1.000000        0.000000        0.000000
 31      -1300.00        1.000000  0.000000  0.000000  1.000000        0.000000        0.000000
 30      -2600.00        1.000000  0.000000  0.000000  1.000000        0.000000        0.000000
for this brick 3 identifiers are defined:
000051.32.5.18  shr1/base/shr2 = 1.000 / 175.0 / 1.000
000051.31.5.18  shr1/base/shr2 = 1.000 / 175.0 / 1.000
000051.30.5.18  shr1/base/shr2 = 1.000 / 175.0 / 1.000

----------------------------------------------------------------------------
link set with id= 51.0.5.18
----------------------------------------------------------------------------

ReadScanSet     : from ../b000051/b000051.0.5.18.set.root
EdbScanProc::LinkRunTest ** processing cell 4 17
LinkRunTest     : cell layout, 18 x cells from 5000.000000 to 185000.000000, 18 y cells from 5000.000000 to 185000.000000
OBJ: TCut		TMath::Abs(eXview-50000.000000) < 6250.000000 && TMath::Abs(eYview-180000.000000) < 6250.000000
EdbScanProc::LinkRunTest ** AFID=1
EdbRunAccess::FillVP: Get data from ../b000051/p032/51.32.5.18.raw.root with AFID=1
EdbRunAccess::FillVP:  96 entries in limits X=(44178.519531 : 55730.101562) Y=(173817.546875 174947.953125)

EdbRunAccess::InitRun: ../b000051/p032/51.32.5.18.raw.root AFID=1
InitRunAccess   :  ../b000051/p032/51.32.5.18.raw.root with 140732 views
EdbRunAccess::GetPatternDataForPrediction: 48 views are selected for side 2
GetPatternDataForPrediction: 70277 segments for pred -1, side 2 from ../b000051/p032/51.32.5.18.raw.root
EdbRunAccess::GetPatternDataForPrediction: 48 views are selected for side 1
GetPatternDataForPrediction: 46974 segments for pred -1, side 1 from ../b000051/p032/51.32.5.18.raw.root
EdbRunAccess::CheckUpDownOffsets: WARNING!!! XY stage possible malfunction (rms>0.5 micron) rmsX =  0.7460  rmsY =  0.8472 (by 48 views)
EdbRunAccess::CheckViewSize:  side1    X:[-249.500000 249.500000]   Y:[-249.500000 249.500000]
EdbRunAccess::CheckViewSize:  side2    X:[-249.500000 249.500000]   Y:[-249.500000 249.500000]
EdbLinking::Link: patterns with 46974 and 70277 segments and z1 = 87.500000  z2 = -87.500000
EdbLinking::Link: segments z1 = 87.500000  z2 = -87.500000
EdbScanCond::DefineLLFunction: 0.256336-0.16489*x+2.11098*x*x
ThetaLimits: 0.050000 1.000000
EdbLinking::Link: after preselection: n1pre = 25795  n2pre = 40178
DubletsFilterOut: miss: 10908 wrong: 0
DubletsFilterOut: 452 segments discarded with DX,DY,DTX,DTY: (  5.0000   5.0000 0.10000 0.10000) checkview =1
DubletsFilterOut: miss: 20029 wrong: 7
DubletsFilterOut: 4547 segments discarded with DX,DY,DTX,DTY: (  5.0000   5.0000 0.10000 0.10000) checkview =1
EdbSEQ::EqualizeMT: selected 100.0% (25795 of 25795) segments in area of     0.2 cm²
EdbSEQ::EqualizeMT: selected 100.0% (40178 of 40178) segments in area of     0.2 cm²
EdbLinking::Link: A n1shr = 25795  n2shr = 40178
EdbLinking::CorrectShrinkage: side1: 0.758333 (0.700000)   side2: 0.781667 (0.700000)
EdbLinking::CorrectShrinkage: side1: 0.801667 (0.758333)   side2: 0.804893 (0.781667)
EdbLinking::CorrectAngles: arrays with 25795 and 40178 segments
RankCouples     : 27113 couples ok
EdbLinking::CorrectAngles: using 15672 segments dx1,dy1:( -0.000  0.053 )  dx2,dy2:(  0.009  0.067 )
EdbLinking::CorrectAngles: arrays with 25795 and 40178 segments
RankCouples     : 27913 couples ok
EdbLinking::CorrectAngles: using 16581 segments dx1,dy1:(  0.001 -0.029 )  dx2,dy2:( -0.005 -0.037 )
EdbLinking::CorrectShrinkage: side1: 0.807278 (0.801667)   side2: 0.825016 (0.804893)
EdbLinking::CorrectShrinkage: side1: 0.827460 (0.807278)   side2: 0.830791 (0.825016)
EdbLinking::CorrectShrinkage: side1: 0.818358 (0.827460)   side2: 0.836606 (0.830791)
EdbLinking::CorrectAngles: arrays with 25795 and 40178 segments
RankCouples     : 27928 couples ok
EdbLinking::CorrectAngles: using 16901 segments dx1,dy1:( -0.001  0.015 )  dx2,dy2:(  0.002  0.018 )
EdbLinking::CorrectAngles: arrays with 25795 and 40178 segments
RankCouples     : 28071 couples ok
EdbLinking::CorrectAngles: using 16872 segments dx1,dy1:(  0.001 -0.008 )  dx2,dy2:( -0.000 -0.010 )
EdbSEQ::EqualizeMT: selected 100.0% (25795 of 25795) segments in area of     0.2 cm²
EdbSEQ::EqualizeMT: selected 100.0% (40178 of 40178) segments in area of     0.2 cm²
EdbLinking::FullLinking: arrays with 25795 and 40178 segments and z1 = 87.500000  z2 = -87.500000
EdbLinking::FullLinking: segments z1 = 87.500000  z2 = -87.500000
RankCouples     : 36209 couples ok
Linking Report  : Save to file ../b000051/p032/51.32.5.18.cp.root
Shrinkage corr: : Shrinkage side1 is  0.818 with peak of   8118/  46.6      side2 is  0.837 with peak of  8404/  48.8 
UpdatePar       : ../b000051/p032/51.32.5.18.par 
UpdatePar       : ../b000051/p032/51.32.5.18.par 
EdbScanProc::LinkRunTest ** processing cell 4 17
LinkRunTest     : cell layout, 18 x cells from 5000.000000 to 185000.000000, 18 y cells from 5000.000000 to 185000.000000
OBJ: TCut		TMath::Abs(eXview-50000.000000) < 6250.000000 && TMath::Abs(eYview-180000.000000) < 6250.000000
EdbScanProc::LinkRunTest ** AFID=1
EdbRunAccess::FillVP: Get data from ../b000051/p031/51.31.5.18.raw.root with AFID=1
EdbRunAccess::FillVP:  618 entries in limits X=(44179.203125 : 55729.351562) Y=(173817.953125 177771.953125)

EdbRunAccess::GuessNviewsPerArea: WARNING: eNviewsPerArea*eNareas*2 != nviews: 463*156*2 != 144460
EdbRunAccess::InitRun: ../b000051/p031/51.31.5.18.raw.root AFID=1
InitRunAccess   :  ../b000051/p031/51.31.5.18.raw.root with 144460 views
EdbRunAccess::GetPatternDataForPrediction: 176 views are selected for side 2
GetPatternDataForPrediction: 239881 segments for pred -1, side 2 from ../b000051/p031/51.31.5.18.raw.root
EdbRunAccess::GetPatternDataForPrediction: 442 views are selected for side 1
GetPatternDataForPrediction: 91615 segments for pred -1, side 1 from ../b000051/p031/51.31.5.18.raw.root
EdbRunAccess::CheckUpDownOffsets: Warning: different number of views: 442 -up,  176 - down
EdbRunAccess::CheckUpDownOffsets: WARNING!!! XY stage possible malfunction (rms>0.5 micron) rmsX =  0.7705  rmsY =  1.4540 (by 176 views)
EdbRunAccess::CheckViewSize:  side1    X:[-249.500000 249.500000]   Y:[-249.500000 249.500000]
EdbRunAccess::CheckViewSize:  side2    X:[-249.500000 249.500000]   Y:[-249.500000 249.500000]
EdbLinking::Link: patterns with 91615 and 239881 segments and z1 = 87.500000  z2 = -87.500000
EdbLinking::Link: segments z1 = 87.500000  z2 = -87.500000
EdbScanCond::DefineLLFunction: 0.256336-0.16489*x+2.11098*x*x
ThetaLimits: 0.050000 1.000000
EdbLinking::Link: after preselection: n1pre = 49640  n2pre = 141530
DubletsFilterOut: miss: 26584 wrong: 4
DubletsFilterOut: 4708 segments discarded with DX,DY,DTX,DTY: (  5.0000   5.0000 0.10000 0.10000) checkview =1
DubletsFilterOut: miss: 51893 wrong: 21
DubletsFilterOut: 17354 segments discarded with DX,DY,DTX,DTY: (  5.0000   5.0000 0.10000 0.10000) checkview =1
EdbSEQ::EqualizeMT: selected 100.0% (49640 of 49640) segments in area of     0.6 cm²
EdbSEQ::EqualizeMT: selected 100.0% (141530 of 141530) segments in area of     0.8 cm²
EdbLinking::Link: A n1shr = 49640  n2shr = 141530
EdbLinking::CorrectShrinkage: side1: 0.665000 (0.700000)   side2: 0.781667 (0.700000)
EdbLinking::CorrectShrinkage: side1: 0.830680 (0.665000)   side2: 0.762013 (0.781667)
EdbLinking::CorrectAngles: arrays with 49640 and 141530 segments
RankCouples     : 46662 couples ok
EdbLinking::CorrectAngles: using 26816 segments dx1,dy1:(  0.005  0.036 )  dx2,dy2:(  0.000  0.078 )
EdbLinking::CorrectAngles: arrays with 49640 and 141530 segments
RankCouples     : 47963 couples ok
EdbLinking::CorrectAngles: using 28817 segments dx1,dy1:( -0.003 -0.020 )  dx2,dy2:(  0.000 -0.044 )
EdbLinking::CorrectShrinkage: side1: 0.821543 (0.830680)   side2: 0.822212 (0.762013)
EdbLinking::CorrectShrinkage: side1: 0.842081 (0.821543)   side2: 0.827968 (0.822212)
EdbLinking::CorrectShrinkage: side1: 0.847976 (0.842081)   side2: 0.833764 (0.827968)
EdbLinking::CorrectAngles: arrays with 49640 and 141530 segments
RankCouples     : 48556 couples ok
EdbLinking::CorrectAngles: using 29821 segments dx1,dy1:(  0.002  0.011 )  dx2,dy2:( -0.001  0.019 )
EdbLinking::CorrectAngles: arrays with 49640 and 141530 segments
RankCouples     : 48754 couples ok
EdbLinking::CorrectAngles: using 29953 segments dx1,dy1:( -0.001 -0.006 )  dx2,dy2:(  0.001 -0.011 )
EdbSEQ::EqualizeMT: selected 100.0% (49640 of 49640) segments in area of     0.6 cm²
EdbSEQ::EqualizeMT: selected 100.0% (141530 of 141530) segments in area of     0.8 cm²
EdbLinking::FullLinking: arrays with 49640 and 141530 segments and z1 = 87.500000  z2 = -87.500000
EdbLinking::FullLinking: segments z1 = 87.500000  z2 = -87.500000
RankCouples     : 65237 couples ok
Linking Report  : Save to file ../b000051/p031/51.31.5.18.cp.root
Shrinkage corr: : Shrinkage side1 is  0.848 with peak of  15020/  61.0      side2 is  0.834 with peak of 14726/  60.9 
UpdatePar       : ../b000051/p031/51.31.5.18.par 
UpdatePar       : ../b000051/p031/51.31.5.18.par 
EdbScanProc::LinkRunTest ** processing cell 4 17
LinkRunTest     : cell layout, 18 x cells from 5000.000000 to 185000.000000, 18 y cells from 5000.000000 to 185000.000000
OBJ: TCut		TMath::Abs(eXview-50000.000000) < 6250.000000 && TMath::Abs(eYview-180000.000000) < 6250.000000
EdbScanProc::LinkRunTest ** AFID=1
EdbRunAccess::FillVP: Get data from ../b000051/p030/51.30.5.18.raw.root with AFID=1
EdbRunAccess::FillVP:  480 entries in limits X=(44179.148438 : 55730.148438) Y=(173816.656250 180596.343750)

EdbRunAccess::GuessNviewsPerArea: WARNING: eNviewsPerArea*eNareas*2 != nviews: 464*158*2 != 146790
EdbRunAccess::InitRun: ../b000051/p030/51.30.5.18.raw.root AFID=1
InitRunAccess   :  ../b000051/p030/51.30.5.18.raw.root with 146790 views
EdbRunAccess::GetPatternDataForPrediction: 272 views are selected for side 2
GetPatternDataForPrediction: 216764 segments for pred -1, side 2 from ../b000051/p030/51.30.5.18.raw.root
EdbRunAccess::GetPatternDataForPrediction: 208 views are selected for side 1
GetPatternDataForPrediction: 243519 segments for pred -1, side 1 from ../b000051/p030/51.30.5.18.raw.root
EdbRunAccess::CheckUpDownOffsets: Warning: different number of views: 208 -up,  272 - down
EdbRunAccess::CheckUpDownOffsets: WARNING!!! XY stage possible malfunction (rms>0.5 micron) rmsX =  0.8096  rmsY =  0.8650 (by 208 views)
EdbRunAccess::CheckViewSize:  side1    X:[-249.500000 249.500000]   Y:[-249.500000 249.500000]
EdbRunAccess::CheckViewSize:  side2    X:[-249.500000 249.500000]   Y:[-249.500000 249.500000]
EdbLinking::Link: patterns with 243519 and 216764 segments and z1 = 87.500000  z2 = -87.500000
EdbLinking::Link: segments z1 = 87.500000  z2 = -87.500000
EdbScanCond::DefineLLFunction: 0.256336-0.16489*x+2.11098*x*x
ThetaLimits: 0.050000 1.000000
EdbLinking::Link: after preselection: n1pre = 132278  n2pre = 124413
DubletsFilterOut: miss: 61160 wrong: 23
DubletsFilterOut: 12242 segments discarded with DX,DY,DTX,DTY: (  5.0000   5.0000 0.10000 0.10000) checkview =1
DubletsFilterOut: miss: 27561 wrong: 11
DubletsFilterOut: 11161 segments discarded with DX,DY,DTX,DTY: (  5.0000   5.0000 0.10000 0.10000) checkview =1
EdbSEQ::EqualizeMT: selected 100.0% (132278 of 132278) segments in area of     0.9 cm²
EdbSEQ::EqualizeMT: selected 100.0% (124413 of 124413) segments in area of     1.5 cm²
EdbLinking::Link: A n1shr = 132278  n2shr = 124413
EdbLinking::CorrectShrinkage: side1: 0.758333 (0.700000)   side2: 0.735000 (0.700000)
EdbLinking::CorrectShrinkage: side1: 0.780867 (0.758333)   side2: 0.756840 (0.735000)
EdbLinking::CorrectAngles: arrays with 132278 and 124413 segments
RankCouples     : 76647 couples ok
EdbLinking::CorrectAngles: using 46689 segments dx1,dy1:(  0.007  0.055 )  dx2,dy2:( -0.004  0.072 )
EdbLinking::CorrectAngles: arrays with 132278 and 124413 segments
RankCouples     : 79749 couples ok
EdbLinking::CorrectAngles: using 50176 segments dx1,dy1:( -0.005 -0.031 )  dx2,dy2:(  0.002 -0.042 )
EdbLinking::CorrectShrinkage: side1: 0.800388 (0.780867)   side2: 0.775761 (0.756840)
EdbLinking::CorrectShrinkage: side1: 0.820398 (0.800388)   side2: 0.781191 (0.775761)
EdbLinking::CorrectShrinkage: side1: 0.811374 (0.820398)   side2: 0.800721 (0.781191)
EdbLinking::CorrectAngles: arrays with 132278 and 124413 segments
RankCouples     : 79680 couples ok
EdbLinking::CorrectAngles: using 51412 segments dx1,dy1:(  0.002  0.016 )  dx2,dy2:( -0.002  0.021 )
EdbLinking::CorrectAngles: arrays with 132278 and 124413 segments
RankCouples     : 80372 couples ok
EdbLinking::CorrectAngles: using 51671 segments dx1,dy1:( -0.002 -0.010 )  dx2,dy2:(  0.001 -0.013 )
EdbSEQ::EqualizeMT: selected 100.0% (132278 of 132278) segments in area of     0.9 cm²
EdbSEQ::EqualizeMT: selected 100.0% (124413 of 124413) segments in area of     1.5 cm²
EdbLinking::FullLinking: arrays with 132278 and 124413 segments and z1 = 87.500000  z2 = -87.500000
EdbLinking::FullLinking: segments z1 = 87.500000  z2 = -87.500000
RankCouples     : 103340 couples ok
Linking Report  : Save to file ../b000051/p030/51.30.5.18.cp.root
Shrinkage corr: : Shrinkage side1 is  0.811 with peak of  24204/ 118.2      side2 is  0.801 with peak of 23773/ 122.4 
UpdatePar       : ../b000051/p030/51.30.5.18.par 
UpdatePar       : ../b000051/p030/51.30.5.18.par 
ReadScanSet     : from ../b000051/b000051.0.5.18.set.root
Starting true linking
makescanset     :  for id 000051.0.5.18
EdbScanSet::MakeNominalSet: 000051.0.5.18
ReadScanSet     : from ../b000051/b000051.0.5.18.set.root
ReadScanSet     : from ../b000051/b000051.0.5.18.set.root
ReadScanSet     : from ../b000051/b000051.0.5.18.set.root
ReadScanSet     : from ../b000051/b000051.0.5.18.set.root
EdbScanSet: 000051.0.5.18
Brick 51 with 3 plates:
 32          0.00        1.000000  0.000000  0.000000  1.000000        0.000000        0.000000
 31      -1300.00        1.000000  0.000000  0.000000  1.000000        0.000000        0.000000
 30      -2600.00        1.000000  0.000000  0.000000  1.000000        0.000000        0.000000
for this brick 3 identifiers are defined:
000051.32.5.18  shr1/base/shr2 = 0.837 / 175.0 / 0.818
000051.31.5.18  shr1/base/shr2 = 0.834 / 175.0 / 0.848
000051.30.5.18  shr1/base/shr2 = 0.801 / 175.0 / 0.811

----------------------------------------------------------------------------
link set with id= 51.0.5.18
----------------------------------------------------------------------------

ReadScanSet     : from ../b000051/b000051.0.5.18.set.root
EdbScanProc::LinkRunTest ** processing cell 4 17
LinkRunTest     : cell layout, 18 x cells from 5000.000000 to 185000.000000, 18 y cells from 5000.000000 to 185000.000000
OBJ: TCut		TMath::Abs(eXview-50000.000000) < 6250.000000 && TMath::Abs(eYview-180000.000000) < 6250.000000
EdbScanProc::LinkRunTest ** AFID=1
EdbRunAccess::FillVP: Get data from ../b000051/p032/51.32.5.18.raw.root with AFID=1
EdbRunAccess::FillVP:  96 entries in limits X=(44178.519531 : 55730.101562) Y=(173817.546875 174947.953125)

EdbRunAccess::InitRun: ../b000051/p032/51.32.5.18.raw.root AFID=1
InitRunAccess   :  ../b000051/p032/51.32.5.18.raw.root with 140732 views
EdbRunAccess::GetPatternDataForPrediction: 48 views are selected for side 2
GetPatternDataForPrediction: 70277 segments for pred -1, side 2 from ../b000051/p032/51.32.5.18.raw.root
EdbRunAccess::GetPatternDataForPrediction: 48 views are selected for side 1
GetPatternDataForPrediction: 46974 segments for pred -1, side 1 from ../b000051/p032/51.32.5.18.raw.root
EdbRunAccess::CheckUpDownOffsets: WARNING!!! XY stage possible malfunction (rms>0.5 micron) rmsX =  0.7460  rmsY =  0.8472 (by 48 views)
EdbRunAccess::CheckViewSize:  side1    X:[-249.500000 249.500000]   Y:[-249.500000 249.500000]
EdbRunAccess::CheckViewSize:  side2    X:[-249.500000 249.500000]   Y:[-249.500000 249.500000]
EdbLinking::Link: patterns with 46974 and 70277 segments and z1 = 87.500000  z2 = -87.500000
EdbLinking::Link: segments z1 = 87.500000  z2 = -87.500000
EdbScanCond::DefineLLFunction: 0.256336-0.16489*x+2.11098*x*x
ThetaLimits: 0.000000 1.000000
EdbLinking::Link: after preselection: n1pre = 44082  n2pre = 66754
DubletsFilterOut: miss: 14059 wrong: 2
DubletsFilterOut: 1050 segments discarded with DX,DY,DTX,DTY: (  5.0000   5.0000 0.10000 0.10000) checkview =1
DubletsFilterOut: miss: 25705 wrong: 13
DubletsFilterOut: 8758 segments discarded with DX,DY,DTX,DTY: (  5.0000   5.0000 0.10000 0.10000) checkview =1
EdbSEQ::EqualizeMT: selected 100.0% (44082 of 44082) segments in area of     0.2 cm²
EdbSEQ::EqualizeMT: selected 100.0% (66754 of 66754) segments in area of     0.2 cm²
EdbLinking::FullLinking: arrays with 44082 and 66754 segments and z1 = 87.500000  z2 = -87.500000
EdbLinking::FullLinking: segments z1 = 87.500000  z2 = -87.500000
RankCouples     : 57031 couples ok
EdbCouplesTree::InitCouplesTree: create new tree couples in (null)
EdbLinking::SaveCouplesTree: 57031 couples are stored into ../b000051/p032/51.32.5.18.cp.root
Linking Report  : Save to file ../b000051/p032/51.32.5.18.cp.root
EdbScanProc::LinkRunTest ** processing cell 4 17
LinkRunTest     : cell layout, 18 x cells from 5000.000000 to 185000.000000, 18 y cells from 5000.000000 to 185000.000000
OBJ: TCut		TMath::Abs(eXview-50000.000000) < 6250.000000 && TMath::Abs(eYview-180000.000000) < 6250.000000
EdbScanProc::LinkRunTest ** AFID=1
EdbRunAccess::FillVP: Get data from ../b000051/p031/51.31.5.18.raw.root with AFID=1
EdbRunAccess::FillVP:  618 entries in limits X=(44179.203125 : 55729.351562) Y=(173817.953125 177771.953125)

EdbRunAccess::GuessNviewsPerArea: WARNING: eNviewsPerArea*eNareas*2 != nviews: 463*156*2 != 144460
EdbRunAccess::InitRun: ../b000051/p031/51.31.5.18.raw.root AFID=1
InitRunAccess   :  ../b000051/p031/51.31.5.18.raw.root with 144460 views
EdbRunAccess::GetPatternDataForPrediction: 176 views are selected for side 2
GetPatternDataForPrediction: 239881 segments for pred -1, side 2 from ../b000051/p031/51.31.5.18.raw.root
EdbRunAccess::GetPatternDataForPrediction: 442 views are selected for side 1
GetPatternDataForPrediction: 91615 segments for pred -1, side 1 from ../b000051/p031/51.31.5.18.raw.root
EdbRunAccess::CheckUpDownOffsets: Warning: different number of views: 442 -up,  176 - down
EdbRunAccess::CheckUpDownOffsets: WARNING!!! XY stage possible malfunction (rms>0.5 micron) rmsX =  0.7705  rmsY =  1.4540 (by 176 views)
EdbRunAccess::CheckViewSize:  side1    X:[-249.500000 249.500000]   Y:[-249.500000 249.500000]
EdbRunAccess::CheckViewSize:  side2    X:[-249.500000 249.500000]   Y:[-249.500000 249.500000]
EdbLinking::Link: patterns with 91615 and 239881 segments and z1 = 87.500000  z2 = -87.500000
EdbLinking::Link: segments z1 = 87.500000  z2 = -87.500000
EdbScanCond::DefineLLFunction: 0.256336-0.16489*x+2.11098*x*x
ThetaLimits: 0.000000 1.000000
EdbLinking::Link: after preselection: n1pre = 85984  n2pre = 227017
DubletsFilterOut: miss: 29542 wrong: 25
DubletsFilterOut: 9941 segments discarded with DX,DY,DTX,DTY: (  5.0000   5.0000 0.10000 0.10000) checkview =1
DubletsFilterOut: miss: 64281 wrong: 70
DubletsFilterOut: 33158 segments discarded with DX,DY,DTX,DTY: (  5.0000   5.0000 0.10000 0.10000) checkview =1
EdbSEQ::EqualizeMT: selected 100.0% (85984 of 85984) segments in area of     0.6 cm²
EdbSEQ::EqualizeMT: selected 100.0% (227017 of 227017) segments in area of     0.8 cm²
EdbLinking::FullLinking: arrays with 85984 and 227017 segments and z1 = 87.500000  z2 = -87.500000
EdbLinking::FullLinking: segments z1 = 87.500000  z2 = -87.500000
RankCouples     : 97083 couples ok
EdbCouplesTree::InitCouplesTree: create new tree couples in (null)
EdbLinking::SaveCouplesTree: 97083 couples are stored into ../b000051/p031/51.31.5.18.cp.root
Linking Report  : Save to file ../b000051/p031/51.31.5.18.cp.root
EdbScanProc::LinkRunTest ** processing cell 4 17
LinkRunTest     : cell layout, 18 x cells from 5000.000000 to 185000.000000, 18 y cells from 5000.000000 to 185000.000000
OBJ: TCut		TMath::Abs(eXview-50000.000000) < 6250.000000 && TMath::Abs(eYview-180000.000000) < 6250.000000
EdbScanProc::LinkRunTest ** AFID=1
EdbRunAccess::FillVP: Get data from ../b000051/p030/51.30.5.18.raw.root with AFID=1
EdbRunAccess::FillVP:  480 entries in limits X=(44179.148438 : 55730.148438) Y=(173816.656250 180596.343750)

EdbRunAccess::GuessNviewsPerArea: WARNING: eNviewsPerArea*eNareas*2 != nviews: 464*158*2 != 146790
EdbRunAccess::InitRun: ../b000051/p030/51.30.5.18.raw.root AFID=1
InitRunAccess   :  ../b000051/p030/51.30.5.18.raw.root with 146790 views
EdbRunAccess::GetPatternDataForPrediction: 272 views are selected for side 2
GetPatternDataForPrediction: 216764 segments for pred -1, side 2 from ../b000051/p030/51.30.5.18.raw.root
EdbRunAccess::GetPatternDataForPrediction: 208 views are selected for side 1
GetPatternDataForPrediction: 243519 segments for pred -1, side 1 from ../b000051/p030/51.30.5.18.raw.root
EdbRunAccess::CheckUpDownOffsets: Warning: different number of views: 208 -up,  272 - down
EdbRunAccess::CheckUpDownOffsets: WARNING!!! XY stage possible malfunction (rms>0.5 micron) rmsX =  0.8096  rmsY =  0.8650 (by 208 views)
EdbRunAccess::CheckViewSize:  side1    X:[-249.500000 249.500000]   Y:[-249.500000 249.500000]
EdbRunAccess::CheckViewSize:  side2    X:[-249.500000 249.500000]   Y:[-249.500000 249.500000]
EdbLinking::Link: patterns with 243519 and 216764 segments and z1 = 87.500000  z2 = -87.500000
EdbLinking::Link: segments z1 = 87.500000  z2 = -87.500000
EdbScanCond::DefineLLFunction: 0.256336-0.16489*x+2.11098*x*x
ThetaLimits: 0.000000 1.000000
EdbLinking::Link: after preselection: n1pre = 224751  n2pre = 199547
DubletsFilterOut: miss: 63638 wrong: 57
DubletsFilterOut: 25364 segments discarded with DX,DY,DTX,DTY: (  5.0000   5.0000 0.10000 0.10000) checkview =1
DubletsFilterOut: miss: 30346 wrong: 58
DubletsFilterOut: 24165 segments discarded with DX,DY,DTX,DTY: (  5.0000   5.0000 0.10000 0.10000) checkview =1
EdbSEQ::EqualizeMT: selected 100.0% (224751 of 224751) segments in area of     0.9 cm²
EdbSEQ::EqualizeMT: selected 100.0% (199547 of 199547) segments in area of     1.5 cm²
EdbLinking::FullLinking: arrays with 224751 and 199547 segments and z1 = 87.500000  z2 = -87.500000
EdbLinking::FullLinking: segments z1 = 87.500000  z2 = -87.500000
RankCouples     : 160329 couples ok
EdbCouplesTree::InitCouplesTree: create new tree couples in (null)
EdbLinking::SaveCouplesTree: 160329 couples are stored into ../b000051/p030/51.30.5.18.cp.root
Linking Report  : Save to file ../b000051/p030/51.30.5.18.cp.root
ReadScanSet     : from ../b000051/b000051.0.5.18.set.root
