Set up SND environment
search libraries in slc9_x86-64
do linking for cell 179
from plate  32
to plate  30
/pool/condor/dir_1854010 is the currrent path
created link p030 to folder /eos/experiment/sndlhc/emulsionData/2022/CERN/SND_mic2/RUN3/RUN3_W5_B1/P030
The current directory /pool/condor/dir_1854010/b000051
the content of the directory total 0 drwxr-xr-x. 2 onur sndlhc-cg 42 Feb 16 10:30 . drwxr-xr-x. 3 onur sndlhc-cg 49 Feb 16 10:30 .. lrwxrwxrwx. 1 onur sndlhc-cg 91 Feb 16 10:30 51.30.10.18.raw.root -> /eos/experiment/sndlhc/emulsionData/2022/CERN/SND_mic2/RUN3/RUN3_W5_B1/P030/tracks.raw.root
p030/51.30.10.18.raw.root
created link p031 to folder /eos/experiment/sndlhc/emulsionData/2022/CERN/SND_mic2/RUN3/RUN3_W5_B1/P031
The current directory /pool/condor/dir_1854010/b000051
the content of the directory total 0 drwxr-xr-x. 2 onur sndlhc-cg 42 Feb 16 10:30 . drwxr-xr-x. 4 onur sndlhc-cg 65 Feb 16 10:30 .. lrwxrwxrwx. 1 onur sndlhc-cg 91 Feb 16 10:30 51.31.10.18.raw.root -> /eos/experiment/sndlhc/emulsionData/2022/CERN/SND_mic2/RUN3/RUN3_W5_B1/P031/tracks.raw.root
p031/51.31.10.18.raw.root
created link p032 to folder /eos/experiment/sndlhc/emulsionData/2022/CERN/SND_mic2/RUN3/RUN3_W5_B1/P032
The current directory /pool/condor/dir_1854010/b000051
the content of the directory total 0 drwxr-xr-x. 2 onur sndlhc-cg 42 Feb 16 10:30 . drwxr-xr-x. 5 onur sndlhc-cg 81 Feb 16 10:30 .. lrwxrwxrwx. 1 onur sndlhc-cg 91 Feb 16 10:30 51.32.10.18.raw.root -> /eos/experiment/sndlhc/emulsionData/2022/CERN/SND_mic2/RUN3/RUN3_W5_B1/P032/tracks.raw.root
p032/51.32.10.18.raw.root
makescanset     :  for id 000051.0.10.18
EdbScanSet::MakeNominalSet: 000051.0.10.18
EdbScanProc::CheckDir: create directory ../b000051/AFF
MakeAFFSet      : ../b000051/AFF/51.32.10.18_51.31.10.18.aff.par as ZLAYER 0 -1300.000000 0 0
MakeAFFSet      : ../b000051/AFF/51.32.10.18_51.31.10.18.aff.par as AFFXY 0 1.000000 0.000000 0.000000 1.000000 0.000000 0.000000
MakeAFFSet      : ../b000051/AFF/51.31.10.18_51.30.10.18.aff.par as ZLAYER 0 -1300.000000 0 0
MakeAFFSet      : ../b000051/AFF/51.31.10.18_51.30.10.18.aff.par as AFFXY 0 1.000000 0.000000 0.000000 1.000000 0.000000 0.000000
ReadScanSet     : from ../b000051/b000051.0.10.18.set.root
EdbScanSet: 000051.0.10.18
Brick 51 with 3 plates:
 32          0.00        1.000000  0.000000  0.000000  1.000000        0.000000        0.000000
 31      -1300.00        1.000000  0.000000  0.000000  1.000000        0.000000        0.000000
 30      -2600.00        1.000000  0.000000  0.000000  1.000000        0.000000        0.000000
for this brick 3 identifiers are defined:
000051.32.10.18  shr1/base/shr2 = 1.000 / 175.0 / 1.000
000051.31.10.18  shr1/base/shr2 = 1.000 / 175.0 / 1.000
000051.30.10.18  shr1/base/shr2 = 1.000 / 175.0 / 1.000
Starting pre-linking
makescanset     :  for id 000051.0.10.18
EdbScanSet::MakeNominalSet: 000051.0.10.18
ReadScanSet     : from ../b000051/b000051.0.10.18.set.root
ReadScanSet     : from ../b000051/b000051.0.10.18.set.root
ReadScanSet     : from ../b000051/b000051.0.10.18.set.root
ReadScanSet     : from ../b000051/b000051.0.10.18.set.root
EdbScanSet: 000051.0.10.18
Brick 51 with 3 plates:
 32          0.00        1.000000  0.000000  0.000000  1.000000        0.000000        0.000000
 31      -1300.00        1.000000  0.000000  0.000000  1.000000        0.000000        0.000000
 30      -2600.00        1.000000  0.000000  0.000000  1.000000        0.000000        0.000000
for this brick 3 identifiers are defined:
000051.32.10.18  shr1/base/shr2 = 1.000 / 175.0 / 1.000
000051.31.10.18  shr1/base/shr2 = 1.000 / 175.0 / 1.000
000051.30.10.18  shr1/base/shr2 = 1.000 / 175.0 / 1.000

----------------------------------------------------------------------------
link set with id= 51.0.10.18
----------------------------------------------------------------------------

ReadScanSet     : from ../b000051/b000051.0.10.18.set.root
EdbScanProc::LinkRunTest ** processing cell 9 17
LinkRunTest     : cell layout, 18 x cells from 5000.000000 to 185000.000000, 18 y cells from 5000.000000 to 185000.000000
OBJ: TCut		TMath::Abs(eXview-100000.000000) < 6250.000000 && TMath::Abs(eYview-180000.000000) < 6250.000000
EdbScanProc::LinkRunTest ** AFID=1
EdbRunAccess::FillVP: Get data from ../b000051/p032/51.32.10.18.raw.root with AFID=1
EdbRunAccess::FillVP:  96 entries in limits X=(94229.734375 : 105780.500000) Y=(173817.593750 174948.046875)

EdbRunAccess::InitRun: ../b000051/p032/51.32.10.18.raw.root AFID=1
InitRunAccess   :  ../b000051/p032/51.32.10.18.raw.root with 140732 views
EdbRunAccess::GetPatternDataForPrediction: 48 views are selected for side 2
GetPatternDataForPrediction: 74168 segments for pred -1, side 2 from ../b000051/p032/51.32.10.18.raw.root
EdbRunAccess::GetPatternDataForPrediction: 48 views are selected for side 1
GetPatternDataForPrediction: 40475 segments for pred -1, side 1 from ../b000051/p032/51.32.10.18.raw.root
EdbRunAccess::CheckUpDownOffsets: WARNING!!! XY stage possible malfunction (rms>0.5 micron) rmsX =  0.7350  rmsY =  0.8512 (by 48 views)
EdbRunAccess::CheckViewSize:  side1    X:[-249.500000 249.500000]   Y:[-249.500000 249.500000]
EdbRunAccess::CheckViewSize:  side2    X:[-249.500000 249.500000]   Y:[-249.500000 249.500000]
EdbLinking::Link: patterns with 40475 and 74168 segments and z1 = 87.500000  z2 = -87.500000
EdbLinking::Link: segments z1 = 87.500000  z2 = -87.500000
EdbScanCond::DefineLLFunction: 0.256336-0.16489*x+2.11098*x*x
ThetaLimits: 0.050000 1.000000
EdbLinking::Link: after preselection: n1pre = 20790  n2pre = 46866
DubletsFilterOut: miss: 9000 wrong: 0
DubletsFilterOut: 73 segments discarded with DX,DY,DTX,DTY: (  5.0000   5.0000 0.10000 0.10000) checkview =1
DubletsFilterOut: miss: 24088 wrong: 6
DubletsFilterOut: 5435 segments discarded with DX,DY,DTX,DTY: (  5.0000   5.0000 0.10000 0.10000) checkview =1
EdbSEQ::EqualizeMT: selected 100.0% (20790 of 20790) segments in area of     0.2 cm²
EdbSEQ::EqualizeMT: selected 100.0% (46866 of 46866) segments in area of     0.2 cm²
EdbLinking::Link: A n1shr = 20790  n2shr = 46866
EdbLinking::CorrectShrinkage: side1: 0.735000 (0.700000)   side2: 0.758333 (0.700000)
EdbLinking::CorrectShrinkage: side1: 0.797160 (0.735000)   side2: 0.780867 (0.758333)
EdbLinking::CorrectAngles: arrays with 20790 and 46866 segments
RankCouples     : 26146 couples ok
EdbLinking::CorrectAngles: using 13913 segments dx1,dy1:(  0.001  0.053 )  dx2,dy2:(  0.011  0.074 )
EdbLinking::CorrectAngles: arrays with 20790 and 46866 segments
RankCouples     : 27400 couples ok
EdbLinking::CorrectAngles: using 15228 segments dx1,dy1:( -0.002 -0.027 )  dx2,dy2:( -0.007 -0.039 )
EdbLinking::CorrectShrinkage: side1: 0.802740 (0.797160)   side2: 0.800388 (0.780867)
EdbLinking::CorrectShrinkage: side1: 0.822809 (0.802740)   side2: 0.805991 (0.800388)
EdbLinking::CorrectShrinkage: side1: 0.828568 (0.822809)   side2: 0.811633 (0.805991)
EdbLinking::CorrectAngles: arrays with 20790 and 46866 segments
RankCouples     : 27380 couples ok
EdbLinking::CorrectAngles: using 15623 segments dx1,dy1:(  0.001  0.012 )  dx2,dy2:(  0.005  0.019 )
EdbLinking::CorrectAngles: arrays with 20790 and 46866 segments
RankCouples     : 27613 couples ok
EdbLinking::CorrectAngles: using 15689 segments dx1,dy1:( -0.001 -0.006 )  dx2,dy2:( -0.003 -0.011 )
EdbSEQ::EqualizeMT: selected 100.0% (20790 of 20790) segments in area of     0.2 cm²
EdbSEQ::EqualizeMT: selected 100.0% (46866 of 46866) segments in area of     0.2 cm²
EdbLinking::FullLinking: arrays with 20790 and 46866 segments and z1 = 87.500000  z2 = -87.500000
EdbLinking::FullLinking: segments z1 = 87.500000  z2 = -87.500000
RankCouples     : 35238 couples ok
Linking Report  : Save to file ../b000051/p032/51.32.10.18.cp.root
Shrinkage corr: : Shrinkage side1 is  0.829 with peak of   7051/  56.2      side2 is  0.812 with peak of  7287/  55.3 
UpdatePar       : ../b000051/p032/51.32.10.18.par 
UpdatePar       : ../b000051/p032/51.32.10.18.par 
EdbScanProc::LinkRunTest ** processing cell 9 17
LinkRunTest     : cell layout, 18 x cells from 5000.000000 to 185000.000000, 18 y cells from 5000.000000 to 185000.000000
OBJ: TCut		TMath::Abs(eXview-100000.000000) < 6250.000000 && TMath::Abs(eYview-180000.000000) < 6250.000000
EdbScanProc::LinkRunTest ** AFID=1
EdbRunAccess::FillVP: Get data from ../b000051/p031/51.31.10.18.raw.root with AFID=1
EdbRunAccess::FillVP:  240 entries in limits X=(94228.250000 : 105778.546875) Y=(173818.000000 176078.093750)

EdbRunAccess::GuessNviewsPerArea: WARNING: eNviewsPerArea*eNareas*2 != nviews: 463*156*2 != 144460
EdbRunAccess::InitRun: ../b000051/p031/51.31.10.18.raw.root AFID=1
InitRunAccess   :  ../b000051/p031/51.31.10.18.raw.root with 144460 views
EdbRunAccess::GetPatternDataForPrediction: 176 views are selected for side 2
GetPatternDataForPrediction: 248516 segments for pred -1, side 2 from ../b000051/p031/51.31.10.18.raw.root
EdbRunAccess::GetPatternDataForPrediction: 64 views are selected for side 1
GetPatternDataForPrediction: 91471 segments for pred -1, side 1 from ../b000051/p031/51.31.10.18.raw.root
EdbRunAccess::CheckUpDownOffsets: Warning: different number of views: 64 -up,  176 - down
EdbRunAccess::CheckUpDownOffsets: WARNING!!! XY stage possible malfunction (rms>0.5 micron) rmsX =  0.5317  rmsY =  0.0305 (by 64 views)
EdbRunAccess::CheckViewSize:  side1    X:[-249.500000 249.500000]   Y:[-249.500000 249.500000]
EdbRunAccess::CheckViewSize:  side2    X:[-249.500000 249.500000]   Y:[-249.500000 249.500000]
EdbLinking::Link: patterns with 91471 and 248516 segments and z1 = 87.500000  z2 = -87.500000
EdbLinking::Link: segments z1 = 87.500000  z2 = -87.500000
EdbScanCond::DefineLLFunction: 0.256336-0.16489*x+2.11098*x*x
ThetaLimits: 0.050000 1.000000
EdbLinking::Link: after preselection: n1pre = 47914  n2pre = 168590
DubletsFilterOut: miss: 27801 wrong: 9
DubletsFilterOut: 4804 segments discarded with DX,DY,DTX,DTY: (  5.0000   5.0000 0.10000 0.10000) checkview =1
DubletsFilterOut: miss: 66629 wrong: 31
DubletsFilterOut: 22559 segments discarded with DX,DY,DTX,DTY: (  5.0000   5.0000 0.10000 0.10000) checkview =1
EdbSEQ::EqualizeMT: selected 100.0% (47914 of 47914) segments in area of     0.4 cm²
EdbSEQ::EqualizeMT: selected 100.0% (168590 of 168590) segments in area of     0.8 cm²
EdbLinking::Link: A n1shr = 47914  n2shr = 168590
EdbLinking::CorrectShrinkage: side1: 0.665000 (0.700000)   side2: 0.781667 (0.700000)
EdbLinking::CorrectShrinkage: side1: 0.794200 (0.665000)   side2: 0.762013 (0.781667)
EdbLinking::CorrectAngles: arrays with 47914 and 168590 segments
RankCouples     : 49188 couples ok
EdbLinking::CorrectAngles: using 25317 segments dx1,dy1:(  0.007  0.044 )  dx2,dy2:(  0.006  0.085 )
EdbLinking::CorrectAngles: arrays with 47914 and 168590 segments
RankCouples     : 51425 couples ok
EdbLinking::CorrectAngles: using 28983 segments dx1,dy1:( -0.004 -0.021 )  dx2,dy2:( -0.003 -0.043 )
EdbLinking::CorrectShrinkage: side1: 0.814055 (0.794200)   side2: 0.794780 (0.762013)
EdbLinking::CorrectShrinkage: side1: 0.834406 (0.814055)   side2: 0.800343 (0.794780)
EdbLinking::CorrectShrinkage: side1: 0.840247 (0.834406)   side2: 0.805946 (0.800343)
EdbLinking::CorrectAngles: arrays with 47914 and 168590 segments
RankCouples     : 52051 couples ok
EdbLinking::CorrectAngles: using 29867 segments dx1,dy1:(  0.001  0.009 )  dx2,dy2:(  0.001  0.019 )
EdbLinking::CorrectAngles: arrays with 47914 and 168590 segments
RankCouples     : 52220 couples ok
EdbLinking::CorrectAngles: using 29950 segments dx1,dy1:( -0.001 -0.004 )  dx2,dy2:( -0.000 -0.011 )
EdbSEQ::EqualizeMT: selected 100.0% (47914 of 47914) segments in area of     0.4 cm²
EdbSEQ::EqualizeMT: selected 100.0% (168590 of 168590) segments in area of     0.8 cm²
EdbLinking::FullLinking: arrays with 47914 and 168590 segments and z1 = 87.500000  z2 = -87.500000
EdbLinking::FullLinking: segments z1 = 87.500000  z2 = -87.500000
RankCouples     : 70399 couples ok
Linking Report  : Save to file ../b000051/p031/51.31.10.18.cp.root
Shrinkage corr: : Shrinkage side1 is  0.840 with peak of  14918/  89.7      side2 is  0.806 with peak of 14432/  87.8 
UpdatePar       : ../b000051/p031/51.31.10.18.par 
UpdatePar       : ../b000051/p031/51.31.10.18.par 
EdbScanProc::LinkRunTest ** processing cell 9 17
LinkRunTest     : cell layout, 18 x cells from 5000.000000 to 185000.000000, 18 y cells from 5000.000000 to 185000.000000
OBJ: TCut		TMath::Abs(eXview-100000.000000) < 6250.000000 && TMath::Abs(eYview-180000.000000) < 6250.000000
EdbScanProc::LinkRunTest ** AFID=1
EdbRunAccess::FillVP: Get data from ../b000051/p030/51.30.10.18.raw.root with AFID=1
EdbRunAccess::FillVP:  573 entries in limits X=(94228.453125 : 105780.593750) Y=(173816.703125 181726.796875)

EdbRunAccess::GuessNviewsPerArea: WARNING: eNviewsPerArea*eNareas*2 != nviews: 464*158*2 != 146790
EdbRunAccess::InitRun: ../b000051/p030/51.30.10.18.raw.root AFID=1
InitRunAccess   :  ../b000051/p030/51.30.10.18.raw.root with 146790 views
EdbRunAccess::GetPatternDataForPrediction: 361 views are selected for side 2
GetPatternDataForPrediction: 134756 segments for pred -1, side 2 from ../b000051/p030/51.30.10.18.raw.root
EdbRunAccess::GetPatternDataForPrediction: 212 views are selected for side 1
GetPatternDataForPrediction: 203067 segments for pred -1, side 1 from ../b000051/p030/51.30.10.18.raw.root
EdbRunAccess::CheckUpDownOffsets: Warning: different number of views: 212 -up,  361 - down
EdbRunAccess::CheckUpDownOffsets: WARNING!!! XY stage possible malfunction (rms>0.5 micron) rmsX =  0.7046  rmsY =  0.8597 (by 212 views)
EdbRunAccess::CheckViewSize:  side1    X:[-249.500000 249.500000]   Y:[-249.500000 249.500000]
EdbRunAccess::CheckViewSize:  side2    X:[-249.500000 249.500000]   Y:[-249.500000 249.500000]
EdbLinking::Link: patterns with 203067 and 134756 segments and z1 = 87.500000  z2 = -87.500000
EdbLinking::Link: segments z1 = 87.500000  z2 = -87.500000
EdbScanCond::DefineLLFunction: 0.256336-0.16489*x+2.11098*x*x
ThetaLimits: 0.050000 1.000000
EdbLinking::Link: after preselection: n1pre = 106712  n2pre = 87034
DubletsFilterOut: miss: 50915 wrong: 14
DubletsFilterOut: 9683 segments discarded with DX,DY,DTX,DTY: (  5.0000   5.0000 0.10000 0.10000) checkview =1
DubletsFilterOut: miss: 12124 wrong: 6
DubletsFilterOut: 7210 segments discarded with DX,DY,DTX,DTY: (  5.0000   5.0000 0.10000 0.10000) checkview =1
EdbSEQ::EqualizeMT: selected 100.0% (106712 of 106712) segments in area of     1.1 cm²
EdbSEQ::EqualizeMT: selected 100.0% (87034 of 87034) segments in area of     1.4 cm²
EdbLinking::Link: A n1shr = 106712  n2shr = 87034
EdbLinking::CorrectShrinkage: side1: 0.735000 (0.700000)   side2: 0.758333 (0.700000)
EdbLinking::CorrectShrinkage: side1: 0.797160 (0.735000)   side2: 0.780867 (0.758333)
EdbLinking::CorrectAngles: arrays with 106712 and 87034 segments
RankCouples     : 47487 couples ok
EdbLinking::CorrectAngles: using 25740 segments dx1,dy1:(  0.006  0.052 )  dx2,dy2:( -0.001  0.078 )
EdbLinking::CorrectAngles: arrays with 106712 and 87034 segments
RankCouples     : 49803 couples ok
EdbLinking::CorrectAngles: using 29434 segments dx1,dy1:( -0.004 -0.027 )  dx2,dy2:(  0.001 -0.042 )
EdbLinking::CorrectShrinkage: side1: 0.817089 (0.797160)   side2: 0.800388 (0.780867)
EdbLinking::CorrectShrinkage: side1: 0.822809 (0.817089)   side2: 0.805991 (0.800388)
EdbLinking::CorrectShrinkage: side1: 0.828568 (0.822809)   side2: 0.811633 (0.805991)
EdbLinking::CorrectAngles: arrays with 106712 and 87034 segments
RankCouples     : 49711 couples ok
EdbLinking::CorrectAngles: using 29950 segments dx1,dy1:(  0.002  0.013 )  dx2,dy2:( -0.001  0.022 )
EdbLinking::CorrectAngles: arrays with 106712 and 87034 segments
RankCouples     : 50207 couples ok
EdbLinking::CorrectAngles: using 30132 segments dx1,dy1:( -0.001 -0.007 )  dx2,dy2:(  0.000 -0.013 )
EdbSEQ::EqualizeMT: selected 100.0% (106712 of 106712) segments in area of     1.1 cm²
EdbSEQ::EqualizeMT: selected 100.0% (87034 of 87034) segments in area of     1.4 cm²
EdbLinking::FullLinking: arrays with 106712 and 87034 segments and z1 = 87.500000  z2 = -87.500000
EdbLinking::FullLinking: segments z1 = 87.500000  z2 = -87.500000
RankCouples     : 64105 couples ok
Linking Report  : Save to file ../b000051/p030/51.30.10.18.cp.root
Shrinkage corr: : Shrinkage side1 is  0.829 with peak of  12513/ 103.3      side2 is  0.812 with peak of 11868/ 103.3 
UpdatePar       : ../b000051/p030/51.30.10.18.par 
UpdatePar       : ../b000051/p030/51.30.10.18.par 
ReadScanSet     : from ../b000051/b000051.0.10.18.set.root
Starting true linking
makescanset     :  for id 000051.0.10.18
EdbScanSet::MakeNominalSet: 000051.0.10.18
ReadScanSet     : from ../b000051/b000051.0.10.18.set.root
ReadScanSet     : from ../b000051/b000051.0.10.18.set.root
ReadScanSet     : from ../b000051/b000051.0.10.18.set.root
ReadScanSet     : from ../b000051/b000051.0.10.18.set.root
EdbScanSet: 000051.0.10.18
Brick 51 with 3 plates:
 32          0.00        1.000000  0.000000  0.000000  1.000000        0.000000        0.000000
 31      -1300.00        1.000000  0.000000  0.000000  1.000000        0.000000        0.000000
 30      -2600.00        1.000000  0.000000  0.000000  1.000000        0.000000        0.000000
for this brick 3 identifiers are defined:
000051.32.10.18  shr1/base/shr2 = 0.812 / 175.0 / 0.829
000051.31.10.18  shr1/base/shr2 = 0.806 / 175.0 / 0.840
000051.30.10.18  shr1/base/shr2 = 0.812 / 175.0 / 0.829

----------------------------------------------------------------------------
link set with id= 51.0.10.18
----------------------------------------------------------------------------

ReadScanSet     : from ../b000051/b000051.0.10.18.set.root
EdbScanProc::LinkRunTest ** processing cell 9 17
LinkRunTest     : cell layout, 18 x cells from 5000.000000 to 185000.000000, 18 y cells from 5000.000000 to 185000.000000
OBJ: TCut		TMath::Abs(eXview-100000.000000) < 6250.000000 && TMath::Abs(eYview-180000.000000) < 6250.000000
EdbScanProc::LinkRunTest ** AFID=1
EdbRunAccess::FillVP: Get data from ../b000051/p032/51.32.10.18.raw.root with AFID=1
EdbRunAccess::FillVP:  96 entries in limits X=(94229.734375 : 105780.500000) Y=(173817.593750 174948.046875)

EdbRunAccess::InitRun: ../b000051/p032/51.32.10.18.raw.root AFID=1
InitRunAccess   :  ../b000051/p032/51.32.10.18.raw.root with 140732 views
EdbRunAccess::GetPatternDataForPrediction: 48 views are selected for side 2
GetPatternDataForPrediction: 74168 segments for pred -1, side 2 from ../b000051/p032/51.32.10.18.raw.root
EdbRunAccess::GetPatternDataForPrediction: 48 views are selected for side 1
GetPatternDataForPrediction: 40475 segments for pred -1, side 1 from ../b000051/p032/51.32.10.18.raw.root
EdbRunAccess::CheckUpDownOffsets: WARNING!!! XY stage possible malfunction (rms>0.5 micron) rmsX =  0.7350  rmsY =  0.8512 (by 48 views)
EdbRunAccess::CheckViewSize:  side1    X:[-249.500000 249.500000]   Y:[-249.500000 249.500000]
EdbRunAccess::CheckViewSize:  side2    X:[-249.500000 249.500000]   Y:[-249.500000 249.500000]
EdbLinking::Link: patterns with 40475 and 74168 segments and z1 = 87.500000  z2 = -87.500000
EdbLinking::Link: segments z1 = 87.500000  z2 = -87.500000
EdbScanCond::DefineLLFunction: 0.256336-0.16489*x+2.11098*x*x
ThetaLimits: 0.000000 1.000000
EdbLinking::Link: after preselection: n1pre = 38638  n2pre = 69567
DubletsFilterOut: miss: 14250 wrong: 0
DubletsFilterOut: 349 segments discarded with DX,DY,DTX,DTY: (  5.0000   5.0000 0.10000 0.10000) checkview =1
DubletsFilterOut: miss: 26756 wrong: 23
DubletsFilterOut: 9485 segments discarded with DX,DY,DTX,DTY: (  5.0000   5.0000 0.10000 0.10000) checkview =1
EdbSEQ::EqualizeMT: selected 100.0% (38638 of 38638) segments in area of     0.2 cm²
EdbSEQ::EqualizeMT: selected 100.0% (69567 of 69567) segments in area of     0.2 cm²
EdbLinking::FullLinking: arrays with 38638 and 69567 segments and z1 = 87.500000  z2 = -87.500000
EdbLinking::FullLinking: segments z1 = 87.500000  z2 = -87.500000
RankCouples     : 52702 couples ok
EdbCouplesTree::InitCouplesTree: create new tree couples in (null)
EdbLinking::SaveCouplesTree: 52702 couples are stored into ../b000051/p032/51.32.10.18.cp.root
Linking Report  : Save to file ../b000051/p032/51.32.10.18.cp.root
EdbScanProc::LinkRunTest ** processing cell 9 17
LinkRunTest     : cell layout, 18 x cells from 5000.000000 to 185000.000000, 18 y cells from 5000.000000 to 185000.000000
OBJ: TCut		TMath::Abs(eXview-100000.000000) < 6250.000000 && TMath::Abs(eYview-180000.000000) < 6250.000000
EdbScanProc::LinkRunTest ** AFID=1
EdbRunAccess::FillVP: Get data from ../b000051/p031/51.31.10.18.raw.root with AFID=1
EdbRunAccess::FillVP:  240 entries in limits X=(94228.250000 : 105778.546875) Y=(173818.000000 176078.093750)

EdbRunAccess::GuessNviewsPerArea: WARNING: eNviewsPerArea*eNareas*2 != nviews: 463*156*2 != 144460
EdbRunAccess::InitRun: ../b000051/p031/51.31.10.18.raw.root AFID=1
InitRunAccess   :  ../b000051/p031/51.31.10.18.raw.root with 144460 views
EdbRunAccess::GetPatternDataForPrediction: 176 views are selected for side 2
GetPatternDataForPrediction: 248516 segments for pred -1, side 2 from ../b000051/p031/51.31.10.18.raw.root
EdbRunAccess::GetPatternDataForPrediction: 64 views are selected for side 1
GetPatternDataForPrediction: 91471 segments for pred -1, side 1 from ../b000051/p031/51.31.10.18.raw.root
EdbRunAccess::CheckUpDownOffsets: Warning: different number of views: 64 -up,  176 - down
EdbRunAccess::CheckUpDownOffsets: WARNING!!! XY stage possible malfunction (rms>0.5 micron) rmsX =  0.5317  rmsY =  0.0305 (by 64 views)
EdbRunAccess::CheckViewSize:  side1    X:[-249.500000 249.500000]   Y:[-249.500000 249.500000]
EdbRunAccess::CheckViewSize:  side2    X:[-249.500000 249.500000]   Y:[-249.500000 249.500000]
EdbLinking::Link: patterns with 91471 and 248516 segments and z1 = 87.500000  z2 = -87.500000
EdbLinking::Link: segments z1 = 87.500000  z2 = -87.500000
EdbScanCond::DefineLLFunction: 0.256336-0.16489*x+2.11098*x*x
ThetaLimits: 0.000000 1.000000
EdbLinking::Link: after preselection: n1pre = 85871  n2pre = 230257
DubletsFilterOut: miss: 30882 wrong: 21
DubletsFilterOut: 10108 segments discarded with DX,DY,DTX,DTY: (  5.0000   5.0000 0.10000 0.10000) checkview =1
DubletsFilterOut: miss: 66299 wrong: 97
DubletsFilterOut: 34924 segments discarded with DX,DY,DTX,DTY: (  5.0000   5.0000 0.10000 0.10000) checkview =1
EdbSEQ::EqualizeMT: selected 100.0% (85871 of 85871) segments in area of     0.4 cm²
EdbSEQ::EqualizeMT: selected 100.0% (230257 of 230257) segments in area of     0.8 cm²
EdbLinking::FullLinking: arrays with 85871 and 230257 segments and z1 = 87.500000  z2 = -87.500000
EdbLinking::FullLinking: segments z1 = 87.500000  z2 = -87.500000
RankCouples     : 98676 couples ok
EdbCouplesTree::InitCouplesTree: create new tree couples in (null)
EdbLinking::SaveCouplesTree: 98676 couples are stored into ../b000051/p031/51.31.10.18.cp.root
Linking Report  : Save to file ../b000051/p031/51.31.10.18.cp.root
EdbScanProc::LinkRunTest ** processing cell 9 17
LinkRunTest     : cell layout, 18 x cells from 5000.000000 to 185000.000000, 18 y cells from 5000.000000 to 185000.000000
OBJ: TCut		TMath::Abs(eXview-100000.000000) < 6250.000000 && TMath::Abs(eYview-180000.000000) < 6250.000000
EdbScanProc::LinkRunTest ** AFID=1
EdbRunAccess::FillVP: Get data from ../b000051/p030/51.30.10.18.raw.root with AFID=1
EdbRunAccess::FillVP:  573 entries in limits X=(94228.453125 : 105780.593750) Y=(173816.703125 181726.796875)

EdbRunAccess::GuessNviewsPerArea: WARNING: eNviewsPerArea*eNareas*2 != nviews: 464*158*2 != 146790
EdbRunAccess::InitRun: ../b000051/p030/51.30.10.18.raw.root AFID=1
InitRunAccess   :  ../b000051/p030/51.30.10.18.raw.root with 146790 views
EdbRunAccess::GetPatternDataForPrediction: 361 views are selected for side 2
GetPatternDataForPrediction: 134756 segments for pred -1, side 2 from ../b000051/p030/51.30.10.18.raw.root
EdbRunAccess::GetPatternDataForPrediction: 212 views are selected for side 1
GetPatternDataForPrediction: 203067 segments for pred -1, side 1 from ../b000051/p030/51.30.10.18.raw.root
EdbRunAccess::CheckUpDownOffsets: Warning: different number of views: 212 -up,  361 - down
EdbRunAccess::CheckUpDownOffsets: WARNING!!! XY stage possible malfunction (rms>0.5 micron) rmsX =  0.7046  rmsY =  0.8597 (by 212 views)
EdbRunAccess::CheckViewSize:  side1    X:[-249.500000 249.500000]   Y:[-249.500000 249.500000]
EdbRunAccess::CheckViewSize:  side2    X:[-249.500000 249.500000]   Y:[-249.500000 249.500000]
EdbLinking::Link: patterns with 203067 and 134756 segments and z1 = 87.500000  z2 = -87.500000
EdbLinking::Link: segments z1 = 87.500000  z2 = -87.500000
EdbScanCond::DefineLLFunction: 0.256336-0.16489*x+2.11098*x*x
ThetaLimits: 0.000000 1.000000
EdbLinking::Link: after preselection: n1pre = 190445  n2pre = 123663
DubletsFilterOut: miss: 59202 wrong: 45
DubletsFilterOut: 21740 segments discarded with DX,DY,DTX,DTY: (  5.0000   5.0000 0.10000 0.10000) checkview =1
DubletsFilterOut: miss: 12761 wrong: 14
DubletsFilterOut: 13617 segments discarded with DX,DY,DTX,DTY: (  5.0000   5.0000 0.10000 0.10000) checkview =1
EdbSEQ::EqualizeMT: selected 100.0% (190445 of 190445) segments in area of     1.1 cm²
EdbSEQ::EqualizeMT: selected 100.0% (123663 of 123663) segments in area of     1.4 cm²
EdbLinking::FullLinking: arrays with 190445 and 123663 segments and z1 = 87.500000  z2 = -87.500000
EdbLinking::FullLinking: segments z1 = 87.500000  z2 = -87.500000
RankCouples     : 89104 couples ok
EdbCouplesTree::InitCouplesTree: create new tree couples in (null)
EdbLinking::SaveCouplesTree: 89104 couples are stored into ../b000051/p030/51.30.10.18.cp.root
Linking Report  : Save to file ../b000051/p030/51.30.10.18.cp.root
ReadScanSet     : from ../b000051/b000051.0.10.18.set.root
