Set up SND environment
search libraries in slc9_x86-64
do linking for cell 197
from plate  32
to plate  30
/pool/condor/dir_822801 is the currrent path
created link p030 to folder /eos/experiment/sndlhc/emulsionData/2022/CERN/SND_mic2/RUN3/RUN3_W5_B1/P030
The current directory /pool/condor/dir_822801/b000051
the content of the directory total 0 drwxr-xr-x. 2 onur sndlhc-cg 34 Feb 16 10:37 . drwxr-xr-x. 3 onur sndlhc-cg 49 Feb 16 10:37 .. lrwxrwxrwx. 1 onur sndlhc-cg 91 Feb 16 10:37 51.30.11.18.raw.root -> /eos/experiment/sndlhc/emulsionData/2022/CERN/SND_mic2/RUN3/RUN3_W5_B1/P030/tracks.raw.root
p030/51.30.11.18.raw.root
created link p031 to folder /eos/experiment/sndlhc/emulsionData/2022/CERN/SND_mic2/RUN3/RUN3_W5_B1/P031
The current directory /pool/condor/dir_822801/b000051
the content of the directory total 0 drwxr-xr-x. 2 onur sndlhc-cg 34 Feb 16 10:37 . drwxr-xr-x. 4 onur sndlhc-cg 65 Feb 16 10:37 .. lrwxrwxrwx. 1 onur sndlhc-cg 91 Feb 16 10:37 51.31.11.18.raw.root -> /eos/experiment/sndlhc/emulsionData/2022/CERN/SND_mic2/RUN3/RUN3_W5_B1/P031/tracks.raw.root
p031/51.31.11.18.raw.root
created link p032 to folder /eos/experiment/sndlhc/emulsionData/2022/CERN/SND_mic2/RUN3/RUN3_W5_B1/P032
The current directory /pool/condor/dir_822801/b000051
the content of the directory total 0 drwxr-xr-x. 2 onur sndlhc-cg 34 Feb 16 10:37 . drwxr-xr-x. 5 onur sndlhc-cg 81 Feb 16 10:37 .. lrwxrwxrwx. 1 onur sndlhc-cg 91 Feb 16 10:37 51.32.11.18.raw.root -> /eos/experiment/sndlhc/emulsionData/2022/CERN/SND_mic2/RUN3/RUN3_W5_B1/P032/tracks.raw.root
p032/51.32.11.18.raw.root
makescanset     :  for id 000051.0.11.18
EdbScanSet::MakeNominalSet: 000051.0.11.18
EdbScanProc::CheckDir: create directory ../b000051/AFF
MakeAFFSet      : ../b000051/AFF/51.32.11.18_51.31.11.18.aff.par as ZLAYER 0 -1300.000000 0 0
MakeAFFSet      : ../b000051/AFF/51.32.11.18_51.31.11.18.aff.par as AFFXY 0 1.000000 0.000000 0.000000 1.000000 0.000000 0.000000
MakeAFFSet      : ../b000051/AFF/51.31.11.18_51.30.11.18.aff.par as ZLAYER 0 -1300.000000 0 0
MakeAFFSet      : ../b000051/AFF/51.31.11.18_51.30.11.18.aff.par as AFFXY 0 1.000000 0.000000 0.000000 1.000000 0.000000 0.000000
ReadScanSet     : from ../b000051/b000051.0.11.18.set.root
EdbScanSet: 000051.0.11.18
Brick 51 with 3 plates:
 32          0.00        1.000000  0.000000  0.000000  1.000000        0.000000        0.000000
 31      -1300.00        1.000000  0.000000  0.000000  1.000000        0.000000        0.000000
 30      -2600.00        1.000000  0.000000  0.000000  1.000000        0.000000        0.000000
for this brick 3 identifiers are defined:
000051.32.11.18  shr1/base/shr2 = 1.000 / 175.0 / 1.000
000051.31.11.18  shr1/base/shr2 = 1.000 / 175.0 / 1.000
000051.30.11.18  shr1/base/shr2 = 1.000 / 175.0 / 1.000
Starting pre-linking
makescanset     :  for id 000051.0.11.18
EdbScanSet::MakeNominalSet: 000051.0.11.18
ReadScanSet     : from ../b000051/b000051.0.11.18.set.root
ReadScanSet     : from ../b000051/b000051.0.11.18.set.root
ReadScanSet     : from ../b000051/b000051.0.11.18.set.root
ReadScanSet     : from ../b000051/b000051.0.11.18.set.root
EdbScanSet: 000051.0.11.18
Brick 51 with 3 plates:
 32          0.00        1.000000  0.000000  0.000000  1.000000        0.000000        0.000000
 31      -1300.00        1.000000  0.000000  0.000000  1.000000        0.000000        0.000000
 30      -2600.00        1.000000  0.000000  0.000000  1.000000        0.000000        0.000000
for this brick 3 identifiers are defined:
000051.32.11.18  shr1/base/shr2 = 1.000 / 175.0 / 1.000
000051.31.11.18  shr1/base/shr2 = 1.000 / 175.0 / 1.000
000051.30.11.18  shr1/base/shr2 = 1.000 / 175.0 / 1.000

----------------------------------------------------------------------------
link set with id= 51.0.11.18
----------------------------------------------------------------------------

ReadScanSet     : from ../b000051/b000051.0.11.18.set.root
EdbScanProc::LinkRunTest ** processing cell 10 17
LinkRunTest     : cell layout, 18 x cells from 5000.000000 to 185000.000000, 18 y cells from 5000.000000 to 185000.000000
OBJ: TCut		TMath::Abs(eXview-110000.000000) < 6250.000000 && TMath::Abs(eYview-180000.000000) < 6250.000000
EdbScanProc::LinkRunTest ** AFID=1
EdbRunAccess::FillVP: Get data from ../b000051/p032/51.32.11.18.raw.root with AFID=1
EdbRunAccess::FillVP:  96 entries in limits X=(104239.179688 : 115789.851562) Y=(173817.593750 174948.093750)

EdbRunAccess::InitRun: ../b000051/p032/51.32.11.18.raw.root AFID=1
InitRunAccess   :  ../b000051/p032/51.32.11.18.raw.root with 140732 views
EdbRunAccess::GetPatternDataForPrediction: 48 views are selected for side 2
GetPatternDataForPrediction: 77006 segments for pred -1, side 2 from ../b000051/p032/51.32.11.18.raw.root
EdbRunAccess::GetPatternDataForPrediction: 48 views are selected for side 1
GetPatternDataForPrediction: 42856 segments for pred -1, side 1 from ../b000051/p032/51.32.11.18.raw.root
EdbRunAccess::CheckUpDownOffsets: WARNING!!! XY stage possible malfunction (rms>0.5 micron) rmsX =  0.6888  rmsY =  0.8445 (by 48 views)
EdbRunAccess::CheckViewSize:  side1    X:[-249.500000 249.500000]   Y:[-249.500000 249.500000]
EdbRunAccess::CheckViewSize:  side2    X:[-249.500000 249.500000]   Y:[-249.500000 249.500000]
EdbLinking::Link: patterns with 42856 and 77006 segments and z1 = 87.500000  z2 = -87.500000
EdbLinking::Link: segments z1 = 87.500000  z2 = -87.500000
EdbScanCond::DefineLLFunction: 0.256336-0.16489*x+2.11098*x*x
ThetaLimits: 0.050000 1.000000
EdbLinking::Link: after preselection: n1pre = 22948  n2pre = 49709
DubletsFilterOut: miss: 9776 wrong: 0
DubletsFilterOut: 63 segments discarded with DX,DY,DTX,DTY: (  5.0000   5.0000 0.10000 0.10000) checkview =1
DubletsFilterOut: miss: 23836 wrong: 5
DubletsFilterOut: 5918 segments discarded with DX,DY,DTX,DTY: (  5.0000   5.0000 0.10000 0.10000) checkview =1
EdbSEQ::EqualizeMT: selected 100.0% (22948 of 22948) segments in area of     0.2 cm²
EdbSEQ::EqualizeMT: selected 100.0% (49709 of 49709) segments in area of     0.2 cm²
EdbLinking::Link: A n1shr = 22948  n2shr = 49709
EdbLinking::CorrectShrinkage: side1: 0.758333 (0.700000)   side2: 0.758333 (0.700000)
EdbLinking::CorrectShrinkage: side1: 0.801667 (0.758333)   side2: 0.780867 (0.758333)
EdbLinking::CorrectAngles: arrays with 22948 and 49709 segments
RankCouples     : 29412 couples ok
EdbLinking::CorrectAngles: using 14810 segments dx1,dy1:( -0.001  0.053 )  dx2,dy2:(  0.008  0.076 )
EdbLinking::CorrectAngles: arrays with 22948 and 49709 segments
RankCouples     : 30912 couples ok
EdbLinking::CorrectAngles: using 16569 segments dx1,dy1:(  0.001 -0.024 )  dx2,dy2:( -0.005 -0.040 )
EdbLinking::CorrectShrinkage: side1: 0.807278 (0.801667)   side2: 0.800388 (0.780867)
EdbLinking::CorrectShrinkage: side1: 0.812929 (0.807278)   side2: 0.805991 (0.800388)
EdbLinking::CorrectShrinkage: side1: 0.818620 (0.812929)   side2: 0.811633 (0.805991)
EdbLinking::CorrectAngles: arrays with 22948 and 49709 segments
RankCouples     : 30803 couples ok
EdbLinking::CorrectAngles: using 16970 segments dx1,dy1:( -0.000  0.011 )  dx2,dy2:(  0.002  0.020 )
EdbLinking::CorrectAngles: arrays with 22948 and 49709 segments
RankCouples     : 31161 couples ok
EdbLinking::CorrectAngles: using 17057 segments dx1,dy1:( -0.000 -0.005 )  dx2,dy2:( -0.001 -0.011 )
EdbSEQ::EqualizeMT: selected 100.0% (22948 of 22948) segments in area of     0.2 cm²
EdbSEQ::EqualizeMT: selected 100.0% (49709 of 49709) segments in area of     0.2 cm²
EdbLinking::FullLinking: arrays with 22948 and 49709 segments and z1 = 87.500000  z2 = -87.500000
EdbLinking::FullLinking: segments z1 = 87.500000  z2 = -87.500000
RankCouples     : 40080 couples ok
Linking Report  : Save to file ../b000051/p032/51.32.11.18.cp.root
Shrinkage corr: : Shrinkage side1 is  0.819 with peak of   7790/  68.1      side2 is  0.812 with peak of  7976/  66.8 
UpdatePar       : ../b000051/p032/51.32.11.18.par 
UpdatePar       : ../b000051/p032/51.32.11.18.par 
EdbScanProc::LinkRunTest ** processing cell 10 17
LinkRunTest     : cell layout, 18 x cells from 5000.000000 to 185000.000000, 18 y cells from 5000.000000 to 185000.000000
OBJ: TCut		TMath::Abs(eXview-110000.000000) < 6250.000000 && TMath::Abs(eYview-180000.000000) < 6250.000000
EdbScanProc::LinkRunTest ** AFID=1
EdbRunAccess::FillVP: Get data from ../b000051/p031/51.31.11.18.raw.root with AFID=1
EdbRunAccess::FillVP:  240 entries in limits X=(104237.148438 : 115789.453125) Y=(173818.000000 176078.156250)

EdbRunAccess::GuessNviewsPerArea: WARNING: eNviewsPerArea*eNareas*2 != nviews: 463*156*2 != 144460
EdbRunAccess::InitRun: ../b000051/p031/51.31.11.18.raw.root AFID=1
InitRunAccess   :  ../b000051/p031/51.31.11.18.raw.root with 144460 views
EdbRunAccess::GetPatternDataForPrediction: 176 views are selected for side 2
GetPatternDataForPrediction: 250932 segments for pred -1, side 2 from ../b000051/p031/51.31.11.18.raw.root
EdbRunAccess::GetPatternDataForPrediction: 64 views are selected for side 1
GetPatternDataForPrediction: 94175 segments for pred -1, side 1 from ../b000051/p031/51.31.11.18.raw.root
EdbRunAccess::CheckUpDownOffsets: Warning: different number of views: 64 -up,  176 - down
EdbRunAccess::CheckUpDownOffsets: rmsX =  0.3250  rmsY =  0.0203 (by 64 views)
EdbRunAccess::CheckViewSize:  side1    X:[-249.500000 249.500000]   Y:[-249.500000 249.500000]
EdbRunAccess::CheckViewSize:  side2    X:[-249.500000 249.500000]   Y:[-249.500000 249.500000]
EdbLinking::Link: patterns with 94175 and 250932 segments and z1 = 87.500000  z2 = -87.500000
EdbLinking::Link: segments z1 = 87.500000  z2 = -87.500000
EdbScanCond::DefineLLFunction: 0.256336-0.16489*x+2.11098*x*x
ThetaLimits: 0.050000 1.000000
EdbLinking::Link: after preselection: n1pre = 50096  n2pre = 174868
DubletsFilterOut: miss: 28620 wrong: 6
DubletsFilterOut: 5051 segments discarded with DX,DY,DTX,DTY: (  5.0000   5.0000 0.10000 0.10000) checkview =1
DubletsFilterOut: miss: 66823 wrong: 33
DubletsFilterOut: 23241 segments discarded with DX,DY,DTX,DTY: (  5.0000   5.0000 0.10000 0.10000) checkview =1
EdbSEQ::EqualizeMT: selected 100.0% (50096 of 50096) segments in area of     0.4 cm²
EdbSEQ::EqualizeMT: selected 100.0% (174868 of 174868) segments in area of     0.8 cm²
EdbLinking::Link: A n1shr = 50096  n2shr = 174868
EdbLinking::CorrectShrinkage: side1: 0.665000 (0.700000)   side2: 0.781667 (0.700000)
EdbLinking::CorrectShrinkage: side1: 0.794200 (0.665000)   side2: 0.762013 (0.781667)
EdbLinking::CorrectAngles: arrays with 50096 and 174868 segments
RankCouples     : 55046 couples ok
EdbLinking::CorrectAngles: using 25854 segments dx1,dy1:(  0.005  0.044 )  dx2,dy2:(  0.006  0.087 )
EdbLinking::CorrectAngles: arrays with 50096 and 174868 segments
RankCouples     : 58077 couples ok
EdbLinking::CorrectAngles: using 30541 segments dx1,dy1:( -0.002 -0.020 )  dx2,dy2:( -0.001 -0.040 )
EdbLinking::CorrectShrinkage: side1: 0.828351 (0.794200)   side2: 0.794780 (0.762013)
EdbLinking::CorrectShrinkage: side1: 0.834149 (0.828351)   side2: 0.800343 (0.794780)
EdbLinking::CorrectShrinkage: side1: 0.839988 (0.834149)   side2: 0.805946 (0.800343)
EdbLinking::CorrectAngles: arrays with 50096 and 174868 segments
RankCouples     : 58866 couples ok
EdbLinking::CorrectAngles: using 31558 segments dx1,dy1:(  0.000  0.008 )  dx2,dy2:( -0.001  0.016 )
EdbLinking::CorrectAngles: arrays with 50096 and 174868 segments
RankCouples     : 59128 couples ok
EdbLinking::CorrectAngles: using 31644 segments dx1,dy1:( -0.000 -0.004 )  dx2,dy2:(  0.001 -0.008 )
EdbSEQ::EqualizeMT: selected 100.0% (50096 of 50096) segments in area of     0.4 cm²
EdbSEQ::EqualizeMT: selected 100.0% (174868 of 174868) segments in area of     0.8 cm²
EdbLinking::FullLinking: arrays with 50096 and 174868 segments and z1 = 87.500000  z2 = -87.500000
EdbLinking::FullLinking: segments z1 = 87.500000  z2 = -87.500000
RankCouples     : 79847 couples ok
Linking Report  : Save to file ../b000051/p031/51.31.11.18.cp.root
Shrinkage corr: : Shrinkage side1 is  0.840 with peak of  15317/  99.5      side2 is  0.806 with peak of 14984/  97.6 
UpdatePar       : ../b000051/p031/51.31.11.18.par 
UpdatePar       : ../b000051/p031/51.31.11.18.par 
EdbScanProc::LinkRunTest ** processing cell 10 17
LinkRunTest     : cell layout, 18 x cells from 5000.000000 to 185000.000000, 18 y cells from 5000.000000 to 185000.000000
OBJ: TCut		TMath::Abs(eXview-110000.000000) < 6250.000000 && TMath::Abs(eYview-180000.000000) < 6250.000000
EdbScanProc::LinkRunTest ** AFID=1
EdbRunAccess::FillVP: Get data from ../b000051/p030/51.30.11.18.raw.root with AFID=1
EdbRunAccess::FillVP:  448 entries in limits X=(104238.453125 : 115791.250000) Y=(173816.750000 180596.531250)

EdbRunAccess::GuessNviewsPerArea: WARNING: eNviewsPerArea*eNareas*2 != nviews: 464*158*2 != 146790
EdbRunAccess::InitRun: ../b000051/p030/51.30.11.18.raw.root AFID=1
InitRunAccess   :  ../b000051/p030/51.30.11.18.raw.root with 146790 views
EdbRunAccess::GetPatternDataForPrediction: 240 views are selected for side 2
GetPatternDataForPrediction: 123784 segments for pred -1, side 2 from ../b000051/p030/51.30.11.18.raw.root
EdbRunAccess::GetPatternDataForPrediction: 208 views are selected for side 1
GetPatternDataForPrediction: 207628 segments for pred -1, side 1 from ../b000051/p030/51.30.11.18.raw.root
EdbRunAccess::CheckUpDownOffsets: Warning: different number of views: 208 -up,  240 - down
EdbRunAccess::CheckUpDownOffsets: WARNING!!! XY stage possible malfunction (rms>0.5 micron) rmsX =  0.6562  rmsY =  0.8658 (by 208 views)
EdbRunAccess::CheckViewSize:  side1    X:[-249.500000 249.500000]   Y:[-249.500000 249.500000]
EdbRunAccess::CheckViewSize:  side2    X:[-249.500000 249.500000]   Y:[-249.500000 249.500000]
EdbLinking::Link: patterns with 207628 and 123784 segments and z1 = 87.500000  z2 = -87.500000
EdbLinking::Link: segments z1 = 87.500000  z2 = -87.500000
EdbScanCond::DefineLLFunction: 0.256336-0.16489*x+2.11098*x*x
ThetaLimits: 0.050000 1.000000
EdbLinking::Link: after preselection: n1pre = 112608  n2pre = 78374
DubletsFilterOut: miss: 57366 wrong: 22
DubletsFilterOut: 10743 segments discarded with DX,DY,DTX,DTY: (  5.0000   5.0000 0.10000 0.10000) checkview =1
DubletsFilterOut: miss: 11975 wrong: 8
DubletsFilterOut: 6225 segments discarded with DX,DY,DTX,DTY: (  5.0000   5.0000 0.10000 0.10000) checkview =1
EdbSEQ::EqualizeMT: selected 100.0% (112608 of 112608) segments in area of     0.9 cm²
EdbSEQ::EqualizeMT: selected 100.0% (78374 of 78374) segments in area of     1.1 cm²
EdbLinking::Link: A n1shr = 112608  n2shr = 78374
EdbLinking::CorrectShrinkage: side1: 0.758333 (0.700000)   side2: 0.758333 (0.700000)
EdbLinking::CorrectShrinkage: side1: 0.801667 (0.758333)   side2: 0.780867 (0.758333)
EdbLinking::CorrectAngles: arrays with 112608 and 78374 segments
RankCouples     : 47357 couples ok
EdbLinking::CorrectAngles: using 26015 segments dx1,dy1:(  0.006  0.052 )  dx2,dy2:(  0.003  0.074 )
EdbLinking::CorrectAngles: arrays with 112608 and 78374 segments
RankCouples     : 49642 couples ok
EdbLinking::CorrectAngles: using 29321 segments dx1,dy1:( -0.004 -0.027 )  dx2,dy2:( -0.001 -0.038 )
EdbLinking::CorrectShrinkage: side1: 0.821708 (0.801667)   side2: 0.800388 (0.780867)
EdbLinking::CorrectShrinkage: side1: 0.827460 (0.821708)   side2: 0.820398 (0.800388)
EdbLinking::CorrectShrinkage: side1: 0.833252 (0.827460)   side2: 0.811374 (0.820398)
EdbLinking::CorrectAngles: arrays with 112608 and 78374 segments
RankCouples     : 49460 couples ok
EdbLinking::CorrectAngles: using 29840 segments dx1,dy1:(  0.003  0.013 )  dx2,dy2:(  0.000  0.019 )
EdbLinking::CorrectAngles: arrays with 112608 and 78374 segments
RankCouples     : 49997 couples ok
EdbLinking::CorrectAngles: using 30021 segments dx1,dy1:( -0.002 -0.007 )  dx2,dy2:( -0.000 -0.011 )
EdbSEQ::EqualizeMT: selected 100.0% (112608 of 112608) segments in area of     0.9 cm²
EdbSEQ::EqualizeMT: selected 100.0% (78374 of 78374) segments in area of     1.1 cm²
EdbLinking::FullLinking: arrays with 112608 and 78374 segments and z1 = 87.500000  z2 = -87.500000
EdbLinking::FullLinking: segments z1 = 87.500000  z2 = -87.500000
RankCouples     : 64084 couples ok
Linking Report  : Save to file ../b000051/p030/51.30.11.18.cp.root
Shrinkage corr: : Shrinkage side1 is  0.833 with peak of  12361/  87.8      side2 is  0.811 with peak of 11784/  88.2 
UpdatePar       : ../b000051/p030/51.30.11.18.par 
UpdatePar       : ../b000051/p030/51.30.11.18.par 
ReadScanSet     : from ../b000051/b000051.0.11.18.set.root
Starting true linking
makescanset     :  for id 000051.0.11.18
EdbScanSet::MakeNominalSet: 000051.0.11.18
ReadScanSet     : from ../b000051/b000051.0.11.18.set.root
ReadScanSet     : from ../b000051/b000051.0.11.18.set.root
ReadScanSet     : from ../b000051/b000051.0.11.18.set.root
ReadScanSet     : from ../b000051/b000051.0.11.18.set.root
EdbScanSet: 000051.0.11.18
Brick 51 with 3 plates:
 32          0.00        1.000000  0.000000  0.000000  1.000000        0.000000        0.000000
 31      -1300.00        1.000000  0.000000  0.000000  1.000000        0.000000        0.000000
 30      -2600.00        1.000000  0.000000  0.000000  1.000000        0.000000        0.000000
for this brick 3 identifiers are defined:
000051.32.11.18  shr1/base/shr2 = 0.812 / 175.0 / 0.819
000051.31.11.18  shr1/base/shr2 = 0.806 / 175.0 / 0.840
000051.30.11.18  shr1/base/shr2 = 0.811 / 175.0 / 0.833

----------------------------------------------------------------------------
link set with id= 51.0.11.18
----------------------------------------------------------------------------

ReadScanSet     : from ../b000051/b000051.0.11.18.set.root
EdbScanProc::LinkRunTest ** processing cell 10 17
LinkRunTest     : cell layout, 18 x cells from 5000.000000 to 185000.000000, 18 y cells from 5000.000000 to 185000.000000
OBJ: TCut		TMath::Abs(eXview-110000.000000) < 6250.000000 && TMath::Abs(eYview-180000.000000) < 6250.000000
EdbScanProc::LinkRunTest ** AFID=1
EdbRunAccess::FillVP: Get data from ../b000051/p032/51.32.11.18.raw.root with AFID=1
EdbRunAccess::FillVP:  96 entries in limits X=(104239.179688 : 115789.851562) Y=(173817.593750 174948.093750)

EdbRunAccess::InitRun: ../b000051/p032/51.32.11.18.raw.root AFID=1
InitRunAccess   :  ../b000051/p032/51.32.11.18.raw.root with 140732 views
EdbRunAccess::GetPatternDataForPrediction: 48 views are selected for side 2
GetPatternDataForPrediction: 77006 segments for pred -1, side 2 from ../b000051/p032/51.32.11.18.raw.root
EdbRunAccess::GetPatternDataForPrediction: 48 views are selected for side 1
GetPatternDataForPrediction: 42856 segments for pred -1, side 1 from ../b000051/p032/51.32.11.18.raw.root
EdbRunAccess::CheckUpDownOffsets: WARNING!!! XY stage possible malfunction (rms>0.5 micron) rmsX =  0.6888  rmsY =  0.8445 (by 48 views)
EdbRunAccess::CheckViewSize:  side1    X:[-249.500000 249.500000]   Y:[-249.500000 249.500000]
EdbRunAccess::CheckViewSize:  side2    X:[-249.500000 249.500000]   Y:[-249.500000 249.500000]
EdbLinking::Link: patterns with 42856 and 77006 segments and z1 = 87.500000  z2 = -87.500000
EdbLinking::Link: segments z1 = 87.500000  z2 = -87.500000
EdbScanCond::DefineLLFunction: 0.256336-0.16489*x+2.11098*x*x
ThetaLimits: 0.000000 1.000000
EdbLinking::Link: after preselection: n1pre = 40738  n2pre = 72037
DubletsFilterOut: miss: 15778 wrong: 0
DubletsFilterOut: 248 segments discarded with DX,DY,DTX,DTY: (  5.0000   5.0000 0.10000 0.10000) checkview =1
DubletsFilterOut: miss: 26351 wrong: 28
DubletsFilterOut: 9723 segments discarded with DX,DY,DTX,DTY: (  5.0000   5.0000 0.10000 0.10000) checkview =1
EdbSEQ::EqualizeMT: selected 100.0% (40738 of 40738) segments in area of     0.2 cm²
EdbSEQ::EqualizeMT: selected 100.0% (72037 of 72037) segments in area of     0.2 cm²
EdbLinking::FullLinking: arrays with 40738 and 72037 segments and z1 = 87.500000  z2 = -87.500000
EdbLinking::FullLinking: segments z1 = 87.500000  z2 = -87.500000
RankCouples     : 55170 couples ok
EdbCouplesTree::InitCouplesTree: create new tree couples in (null)
EdbLinking::SaveCouplesTree: 55170 couples are stored into ../b000051/p032/51.32.11.18.cp.root
Linking Report  : Save to file ../b000051/p032/51.32.11.18.cp.root
EdbScanProc::LinkRunTest ** processing cell 10 17
LinkRunTest     : cell layout, 18 x cells from 5000.000000 to 185000.000000, 18 y cells from 5000.000000 to 185000.000000
OBJ: TCut		TMath::Abs(eXview-110000.000000) < 6250.000000 && TMath::Abs(eYview-180000.000000) < 6250.000000
EdbScanProc::LinkRunTest ** AFID=1
EdbRunAccess::FillVP: Get data from ../b000051/p031/51.31.11.18.raw.root with AFID=1
EdbRunAccess::FillVP:  240 entries in limits X=(104237.148438 : 115789.453125) Y=(173818.000000 176078.156250)

EdbRunAccess::GuessNviewsPerArea: WARNING: eNviewsPerArea*eNareas*2 != nviews: 463*156*2 != 144460
EdbRunAccess::InitRun: ../b000051/p031/51.31.11.18.raw.root AFID=1
InitRunAccess   :  ../b000051/p031/51.31.11.18.raw.root with 144460 views
EdbRunAccess::GetPatternDataForPrediction: 176 views are selected for side 2
GetPatternDataForPrediction: 250932 segments for pred -1, side 2 from ../b000051/p031/51.31.11.18.raw.root
EdbRunAccess::GetPatternDataForPrediction: 64 views are selected for side 1
GetPatternDataForPrediction: 94175 segments for pred -1, side 1 from ../b000051/p031/51.31.11.18.raw.root
EdbRunAccess::CheckUpDownOffsets: Warning: different number of views: 64 -up,  176 - down
EdbRunAccess::CheckUpDownOffsets: rmsX =  0.3250  rmsY =  0.0203 (by 64 views)
EdbRunAccess::CheckViewSize:  side1    X:[-249.500000 249.500000]   Y:[-249.500000 249.500000]
EdbRunAccess::CheckViewSize:  side2    X:[-249.500000 249.500000]   Y:[-249.500000 249.500000]
EdbLinking::Link: patterns with 94175 and 250932 segments and z1 = 87.500000  z2 = -87.500000
EdbLinking::Link: segments z1 = 87.500000  z2 = -87.500000
EdbScanCond::DefineLLFunction: 0.256336-0.16489*x+2.11098*x*x
ThetaLimits: 0.000000 1.000000
EdbLinking::Link: after preselection: n1pre = 88307  n2pre = 232090
DubletsFilterOut: miss: 32088 wrong: 15
DubletsFilterOut: 10163 segments discarded with DX,DY,DTX,DTY: (  5.0000   5.0000 0.10000 0.10000) checkview =1
DubletsFilterOut: miss: 65284 wrong: 81
DubletsFilterOut: 34509 segments discarded with DX,DY,DTX,DTY: (  5.0000   5.0000 0.10000 0.10000) checkview =1
EdbSEQ::EqualizeMT: selected 100.0% (88307 of 88307) segments in area of     0.4 cm²
EdbSEQ::EqualizeMT: selected 100.0% (232090 of 232090) segments in area of     0.8 cm²
EdbLinking::FullLinking: arrays with 88307 and 232090 segments and z1 = 87.500000  z2 = -87.500000
EdbLinking::FullLinking: segments z1 = 87.500000  z2 = -87.500000
RankCouples     : 101075 couples ok
EdbCouplesTree::InitCouplesTree: create new tree couples in (null)
EdbLinking::SaveCouplesTree: 101075 couples are stored into ../b000051/p031/51.31.11.18.cp.root
Linking Report  : Save to file ../b000051/p031/51.31.11.18.cp.root
EdbScanProc::LinkRunTest ** processing cell 10 17
LinkRunTest     : cell layout, 18 x cells from 5000.000000 to 185000.000000, 18 y cells from 5000.000000 to 185000.000000
OBJ: TCut		TMath::Abs(eXview-110000.000000) < 6250.000000 && TMath::Abs(eYview-180000.000000) < 6250.000000
EdbScanProc::LinkRunTest ** AFID=1
EdbRunAccess::FillVP: Get data from ../b000051/p030/51.30.11.18.raw.root with AFID=1
EdbRunAccess::FillVP:  448 entries in limits X=(104238.453125 : 115791.250000) Y=(173816.750000 180596.531250)

EdbRunAccess::GuessNviewsPerArea: WARNING: eNviewsPerArea*eNareas*2 != nviews: 464*158*2 != 146790
EdbRunAccess::InitRun: ../b000051/p030/51.30.11.18.raw.root AFID=1
InitRunAccess   :  ../b000051/p030/51.30.11.18.raw.root with 146790 views
EdbRunAccess::GetPatternDataForPrediction: 240 views are selected for side 2
GetPatternDataForPrediction: 123784 segments for pred -1, side 2 from ../b000051/p030/51.30.11.18.raw.root
EdbRunAccess::GetPatternDataForPrediction: 208 views are selected for side 1
GetPatternDataForPrediction: 207628 segments for pred -1, side 1 from ../b000051/p030/51.30.11.18.raw.root
EdbRunAccess::CheckUpDownOffsets: Warning: different number of views: 208 -up,  240 - down
EdbRunAccess::CheckUpDownOffsets: WARNING!!! XY stage possible malfunction (rms>0.5 micron) rmsX =  0.6562  rmsY =  0.8658 (by 208 views)
EdbRunAccess::CheckViewSize:  side1    X:[-249.500000 249.500000]   Y:[-249.500000 249.500000]
EdbRunAccess::CheckViewSize:  side2    X:[-249.500000 249.500000]   Y:[-249.500000 249.500000]
EdbLinking::Link: patterns with 207628 and 123784 segments and z1 = 87.500000  z2 = -87.500000
EdbLinking::Link: segments z1 = 87.500000  z2 = -87.500000
EdbScanCond::DefineLLFunction: 0.256336-0.16489*x+2.11098*x*x
ThetaLimits: 0.000000 1.000000
EdbLinking::Link: after preselection: n1pre = 194405  n2pre = 112930
DubletsFilterOut: miss: 63663 wrong: 56
DubletsFilterOut: 22423 segments discarded with DX,DY,DTX,DTY: (  5.0000   5.0000 0.10000 0.10000) checkview =1
DubletsFilterOut: miss: 12452 wrong: 20
DubletsFilterOut: 12101 segments discarded with DX,DY,DTX,DTY: (  5.0000   5.0000 0.10000 0.10000) checkview =1
EdbSEQ::EqualizeMT: selected 100.0% (194405 of 194405) segments in area of     0.9 cm²
EdbSEQ::EqualizeMT: selected 100.0% (112930 of 112930) segments in area of     1.1 cm²
EdbLinking::FullLinking: arrays with 194405 and 112930 segments and z1 = 87.500000  z2 = -87.500000
EdbLinking::FullLinking: segments z1 = 87.500000  z2 = -87.500000
RankCouples     : 86418 couples ok
EdbCouplesTree::InitCouplesTree: create new tree couples in (null)
EdbLinking::SaveCouplesTree: 86418 couples are stored into ../b000051/p030/51.30.11.18.cp.root
Linking Report  : Save to file ../b000051/p030/51.30.11.18.cp.root
ReadScanSet     : from ../b000051/b000051.0.11.18.set.root
