Set up SND environment
search libraries in slc9_x86-64
do linking for cell 269
from plate  32
to plate  30
/pool/condor/dir_1858836 is the currrent path
created link p030 to folder /eos/experiment/sndlhc/emulsionData/2022/CERN/SND_mic2/RUN3/RUN3_W5_B1/P030
The current directory /pool/condor/dir_1858836/b000051
the content of the directory total 0 drwxr-xr-x. 2 onur sndlhc-cg 42 Feb 16 10:41 . drwxr-xr-x. 3 onur sndlhc-cg 49 Feb 16 10:41 .. lrwxrwxrwx. 1 onur sndlhc-cg 91 Feb 16 10:41 51.30.15.18.raw.root -> /eos/experiment/sndlhc/emulsionData/2022/CERN/SND_mic2/RUN3/RUN3_W5_B1/P030/tracks.raw.root
p030/51.30.15.18.raw.root
created link p031 to folder /eos/experiment/sndlhc/emulsionData/2022/CERN/SND_mic2/RUN3/RUN3_W5_B1/P031
The current directory /pool/condor/dir_1858836/b000051
the content of the directory total 0 drwxr-xr-x. 2 onur sndlhc-cg 42 Feb 16 10:41 . drwxr-xr-x. 4 onur sndlhc-cg 65 Feb 16 10:41 .. lrwxrwxrwx. 1 onur sndlhc-cg 91 Feb 16 10:41 51.31.15.18.raw.root -> /eos/experiment/sndlhc/emulsionData/2022/CERN/SND_mic2/RUN3/RUN3_W5_B1/P031/tracks.raw.root
p031/51.31.15.18.raw.root
created link p032 to folder /eos/experiment/sndlhc/emulsionData/2022/CERN/SND_mic2/RUN3/RUN3_W5_B1/P032
The current directory /pool/condor/dir_1858836/b000051
the content of the directory total 0 drwxr-xr-x. 2 onur sndlhc-cg 42 Feb 16 10:41 . drwxr-xr-x. 5 onur sndlhc-cg 81 Feb 16 10:41 .. lrwxrwxrwx. 1 onur sndlhc-cg 91 Feb 16 10:41 51.32.15.18.raw.root -> /eos/experiment/sndlhc/emulsionData/2022/CERN/SND_mic2/RUN3/RUN3_W5_B1/P032/tracks.raw.root
p032/51.32.15.18.raw.root
makescanset     :  for id 000051.0.15.18
EdbScanSet::MakeNominalSet: 000051.0.15.18
EdbScanProc::CheckDir: create directory ../b000051/AFF
MakeAFFSet      : ../b000051/AFF/51.32.15.18_51.31.15.18.aff.par as ZLAYER 0 -1300.000000 0 0
MakeAFFSet      : ../b000051/AFF/51.32.15.18_51.31.15.18.aff.par as AFFXY 0 1.000000 0.000000 0.000000 1.000000 0.000000 0.000000
MakeAFFSet      : ../b000051/AFF/51.31.15.18_51.30.15.18.aff.par as ZLAYER 0 -1300.000000 0 0
MakeAFFSet      : ../b000051/AFF/51.31.15.18_51.30.15.18.aff.par as AFFXY 0 1.000000 0.000000 0.000000 1.000000 0.000000 0.000000
ReadScanSet     : from ../b000051/b000051.0.15.18.set.root
EdbScanSet: 000051.0.15.18
Brick 51 with 3 plates:
 32          0.00        1.000000  0.000000  0.000000  1.000000        0.000000        0.000000
 31      -1300.00        1.000000  0.000000  0.000000  1.000000        0.000000        0.000000
 30      -2600.00        1.000000  0.000000  0.000000  1.000000        0.000000        0.000000
for this brick 3 identifiers are defined:
000051.32.15.18  shr1/base/shr2 = 1.000 / 175.0 / 1.000
000051.31.15.18  shr1/base/shr2 = 1.000 / 175.0 / 1.000
000051.30.15.18  shr1/base/shr2 = 1.000 / 175.0 / 1.000
Starting pre-linking
makescanset     :  for id 000051.0.15.18
EdbScanSet::MakeNominalSet: 000051.0.15.18
ReadScanSet     : from ../b000051/b000051.0.15.18.set.root
ReadScanSet     : from ../b000051/b000051.0.15.18.set.root
ReadScanSet     : from ../b000051/b000051.0.15.18.set.root
ReadScanSet     : from ../b000051/b000051.0.15.18.set.root
EdbScanSet: 000051.0.15.18
Brick 51 with 3 plates:
 32          0.00        1.000000  0.000000  0.000000  1.000000        0.000000        0.000000
 31      -1300.00        1.000000  0.000000  0.000000  1.000000        0.000000        0.000000
 30      -2600.00        1.000000  0.000000  0.000000  1.000000        0.000000        0.000000
for this brick 3 identifiers are defined:
000051.32.15.18  shr1/base/shr2 = 1.000 / 175.0 / 1.000
000051.31.15.18  shr1/base/shr2 = 1.000 / 175.0 / 1.000
000051.30.15.18  shr1/base/shr2 = 1.000 / 175.0 / 1.000

----------------------------------------------------------------------------
link set with id= 51.0.15.18
----------------------------------------------------------------------------

ReadScanSet     : from ../b000051/b000051.0.15.18.set.root
EdbScanProc::LinkRunTest ** processing cell 14 17
LinkRunTest     : cell layout, 18 x cells from 5000.000000 to 185000.000000, 18 y cells from 5000.000000 to 185000.000000
OBJ: TCut		TMath::Abs(eXview-150000.000000) < 6250.000000 && TMath::Abs(eYview-180000.000000) < 6250.000000
EdbScanProc::LinkRunTest ** AFID=1
EdbRunAccess::FillVP: Get data from ../b000051/p032/51.32.15.18.raw.root with AFID=1
EdbRunAccess::FillVP:  96 entries in limits X=(144277.109375 : 155829.984375) Y=(173817.843750 174948.390625)

EdbRunAccess::InitRun: ../b000051/p032/51.32.15.18.raw.root AFID=1
InitRunAccess   :  ../b000051/p032/51.32.15.18.raw.root with 140732 views
EdbRunAccess::GetPatternDataForPrediction: 48 views are selected for side 2
GetPatternDataForPrediction: 70541 segments for pred -1, side 2 from ../b000051/p032/51.32.15.18.raw.root
EdbRunAccess::GetPatternDataForPrediction: 48 views are selected for side 1
GetPatternDataForPrediction: 40133 segments for pred -1, side 1 from ../b000051/p032/51.32.15.18.raw.root
EdbRunAccess::CheckUpDownOffsets: WARNING!!! XY stage possible malfunction (rms>0.5 micron) rmsX =  1.1034  rmsY =  0.8574 (by 48 views)
EdbRunAccess::CheckViewSize:  side1    X:[-249.500000 249.500000]   Y:[-249.500000 249.500000]
EdbRunAccess::CheckViewSize:  side2    X:[-249.500000 249.500000]   Y:[-249.500000 249.500000]
EdbLinking::Link: patterns with 40133 and 70541 segments and z1 = 87.500000  z2 = -87.500000
EdbLinking::Link: segments z1 = 87.500000  z2 = -87.500000
EdbScanCond::DefineLLFunction: 0.256336-0.16489*x+2.11098*x*x
ThetaLimits: 0.050000 1.000000
EdbLinking::Link: after preselection: n1pre = 19003  n2pre = 40235
DubletsFilterOut: miss: 6274 wrong: 0
DubletsFilterOut: 226 segments discarded with DX,DY,DTX,DTY: (  5.0000   5.0000 0.10000 0.10000) checkview =1
DubletsFilterOut: miss: 18847 wrong: 6
DubletsFilterOut: 4483 segments discarded with DX,DY,DTX,DTY: (  5.0000   5.0000 0.10000 0.10000) checkview =1
EdbSEQ::EqualizeMT: selected 100.0% (19003 of 19003) segments in area of     0.2 cm²
EdbSEQ::EqualizeMT: selected 100.0% (40235 of 40235) segments in area of     0.2 cm²
EdbLinking::Link: A n1shr = 19003  n2shr = 40235
EdbLinking::CorrectShrinkage: side1: 0.735000 (0.700000)   side2: 0.758333 (0.700000)
EdbLinking::CorrectShrinkage: side1: 0.777000 (0.735000)   side2: 0.780867 (0.758333)
EdbLinking::CorrectAngles: arrays with 19003 and 40235 segments
RankCouples     : 19956 couples ok
EdbLinking::CorrectAngles: using 11859 segments dx1,dy1:(  0.002  0.058 )  dx2,dy2:(  0.015  0.072 )
EdbLinking::CorrectAngles: arrays with 19003 and 40235 segments
RankCouples     : 20541 couples ok
EdbLinking::CorrectAngles: using 12978 segments dx1,dy1:( -0.002 -0.031 )  dx2,dy2:( -0.010 -0.042 )
EdbLinking::CorrectShrinkage: side1: 0.796425 (0.777000)   side2: 0.800388 (0.780867)
EdbLinking::CorrectShrinkage: side1: 0.802000 (0.796425)   side2: 0.805991 (0.800388)
EdbLinking::CorrectShrinkage: side1: 0.807614 (0.802000)   side2: 0.811633 (0.805991)
EdbLinking::CorrectAngles: arrays with 19003 and 40235 segments
RankCouples     : 20623 couples ok
EdbLinking::CorrectAngles: using 13300 segments dx1,dy1:(  0.002  0.016 )  dx2,dy2:(  0.006  0.024 )
EdbLinking::CorrectAngles: arrays with 19003 and 40235 segments
RankCouples     : 20713 couples ok
EdbLinking::CorrectAngles: using 13338 segments dx1,dy1:( -0.001 -0.010 )  dx2,dy2:( -0.004 -0.014 )
EdbSEQ::EqualizeMT: selected 100.0% (19003 of 19003) segments in area of     0.2 cm²
EdbSEQ::EqualizeMT: selected 100.0% (40235 of 40235) segments in area of     0.2 cm²
EdbLinking::FullLinking: arrays with 19003 and 40235 segments and z1 = 87.500000  z2 = -87.500000
EdbLinking::FullLinking: segments z1 = 87.500000  z2 = -87.500000
RankCouples     : 26531 couples ok
Linking Report  : Save to file ../b000051/p032/51.32.15.18.cp.root
Shrinkage corr: : Shrinkage side1 is  0.808 with peak of   7237/  31.2      side2 is  0.812 with peak of  7084/  31.0 
UpdatePar       : ../b000051/p032/51.32.15.18.par 
UpdatePar       : ../b000051/p032/51.32.15.18.par 
EdbScanProc::LinkRunTest ** processing cell 14 17
LinkRunTest     : cell layout, 18 x cells from 5000.000000 to 185000.000000, 18 y cells from 5000.000000 to 185000.000000
OBJ: TCut		TMath::Abs(eXview-150000.000000) < 6250.000000 && TMath::Abs(eYview-180000.000000) < 6250.000000
EdbScanProc::LinkRunTest ** AFID=1
EdbRunAccess::FillVP: Get data from ../b000051/p031/51.31.15.18.raw.root with AFID=1
EdbRunAccess::FillVP:  240 entries in limits X=(144278.296875 : 155829.593750) Y=(173818.250000 176078.453125)

EdbRunAccess::GuessNviewsPerArea: WARNING: eNviewsPerArea*eNareas*2 != nviews: 463*156*2 != 144460
EdbRunAccess::InitRun: ../b000051/p031/51.31.15.18.raw.root AFID=1
InitRunAccess   :  ../b000051/p031/51.31.15.18.raw.root with 144460 views
EdbRunAccess::GetPatternDataForPrediction: 176 views are selected for side 2
GetPatternDataForPrediction: 247426 segments for pred -1, side 2 from ../b000051/p031/51.31.15.18.raw.root
EdbRunAccess::GetPatternDataForPrediction: 64 views are selected for side 1
GetPatternDataForPrediction: 101165 segments for pred -1, side 1 from ../b000051/p031/51.31.15.18.raw.root
EdbRunAccess::CheckUpDownOffsets: Warning: different number of views: 64 -up,  176 - down
EdbRunAccess::CheckUpDownOffsets: WARNING!!! XY stage possible malfunction (rms>0.5 micron) rmsX =  0.6276  rmsY =  0.0330 (by 64 views)
EdbRunAccess::CheckViewSize:  side1    X:[-249.500000 249.500000]   Y:[-249.500000 249.500000]
EdbRunAccess::CheckViewSize:  side2    X:[-249.500000 249.500000]   Y:[-249.500000 249.500000]
EdbLinking::Link: patterns with 101165 and 247426 segments and z1 = 87.500000  z2 = -87.500000
EdbLinking::Link: segments z1 = 87.500000  z2 = -87.500000
EdbScanCond::DefineLLFunction: 0.256336-0.16489*x+2.11098*x*x
ThetaLimits: 0.050000 1.000000
EdbLinking::Link: after preselection: n1pre = 55068  n2pre = 185310
DubletsFilterOut: miss: 32006 wrong: 10
DubletsFilterOut: 5587 segments discarded with DX,DY,DTX,DTY: (  5.0000   5.0000 0.10000 0.10000) checkview =1
DubletsFilterOut: miss: 68430 wrong: 60
DubletsFilterOut: 22053 segments discarded with DX,DY,DTX,DTY: (  5.0000   5.0000 0.10000 0.10000) checkview =1
EdbSEQ::EqualizeMT: selected 100.0% (55068 of 55068) segments in area of     0.4 cm²
EdbSEQ::EqualizeMT: selected 100.0% (185310 of 185310) segments in area of     0.8 cm²
EdbLinking::Link: A n1shr = 55068  n2shr = 185310
EdbLinking::CorrectShrinkage: side1: 0.665000 (0.700000)   side2: 0.781667 (0.700000)
EdbLinking::CorrectShrinkage: side1: 0.812440 (0.665000)   side2: 0.762013 (0.781667)
EdbLinking::CorrectAngles: arrays with 55068 and 185310 segments
RankCouples     : 56448 couples ok
EdbLinking::CorrectAngles: using 26516 segments dx1,dy1:( -0.001  0.042 )  dx2,dy2:(  0.014  0.083 )
EdbLinking::CorrectAngles: arrays with 55068 and 185310 segments
RankCouples     : 59097 couples ok
EdbLinking::CorrectAngles: using 30501 segments dx1,dy1:(  0.002 -0.018 )  dx2,dy2:( -0.008 -0.040 )
EdbLinking::CorrectShrinkage: side1: 0.832751 (0.812440)   side2: 0.794780 (0.762013)
EdbLinking::CorrectShrinkage: side1: 0.853570 (0.832751)   side2: 0.800343 (0.794780)
EdbLinking::CorrectShrinkage: side1: 0.859545 (0.853570)   side2: 0.805946 (0.800343)
EdbLinking::CorrectAngles: arrays with 55068 and 185310 segments
RankCouples     : 60166 couples ok
EdbLinking::CorrectAngles: using 31692 segments dx1,dy1:( -0.002  0.007 )  dx2,dy2:(  0.003  0.017 )
EdbLinking::CorrectAngles: arrays with 55068 and 185310 segments
RankCouples     : 60370 couples ok
EdbLinking::CorrectAngles: using 31645 segments dx1,dy1:(  0.002 -0.003 )  dx2,dy2:( -0.002 -0.009 )
EdbSEQ::EqualizeMT: selected 100.0% (55068 of 55068) segments in area of     0.4 cm²
EdbSEQ::EqualizeMT: selected 100.0% (185310 of 185310) segments in area of     0.8 cm²
EdbLinking::FullLinking: arrays with 55068 and 185310 segments and z1 = 87.500000  z2 = -87.500000
EdbLinking::FullLinking: segments z1 = 87.500000  z2 = -87.500000
RankCouples     : 83743 couples ok
Linking Report  : Save to file ../b000051/p031/51.31.15.18.cp.root
Shrinkage corr: : Shrinkage side1 is  0.860 with peak of  14924/ 113.4      side2 is  0.806 with peak of 14577/ 109.7 
UpdatePar       : ../b000051/p031/51.31.15.18.par 
UpdatePar       : ../b000051/p031/51.31.15.18.par 
EdbScanProc::LinkRunTest ** processing cell 14 17
LinkRunTest     : cell layout, 18 x cells from 5000.000000 to 185000.000000, 18 y cells from 5000.000000 to 185000.000000
OBJ: TCut		TMath::Abs(eXview-150000.000000) < 6250.000000 && TMath::Abs(eYview-180000.000000) < 6250.000000
EdbScanProc::LinkRunTest ** AFID=1
EdbRunAccess::FillVP: Get data from ../b000051/p030/51.30.15.18.raw.root with AFID=1
EdbRunAccess::FillVP:  701 entries in limits X=(144277.578125 : 155830.734375) Y=(173817.046875 181727.140625)

EdbRunAccess::GuessNviewsPerArea: WARNING: eNviewsPerArea*eNareas*2 != nviews: 464*158*2 != 146790
EdbRunAccess::InitRun: ../b000051/p030/51.30.15.18.raw.root AFID=1
InitRunAccess   :  ../b000051/p030/51.30.15.18.raw.root with 146790 views
EdbRunAccess::GetPatternDataForPrediction: 339 views are selected for side 2
GetPatternDataForPrediction: 75210 segments for pred -1, side 2 from ../b000051/p030/51.30.15.18.raw.root
EdbRunAccess::GetPatternDataForPrediction: 362 views are selected for side 1
GetPatternDataForPrediction: 199776 segments for pred -1, side 1 from ../b000051/p030/51.30.15.18.raw.root
EdbRunAccess::CheckUpDownOffsets: Warning: different number of views: 362 -up,  339 - down
EdbRunAccess::CheckUpDownOffsets: WARNING!!! XY stage possible malfunction (rms>0.5 micron) rmsX =  0.6973  rmsY =  0.8123 (by 339 views)
EdbRunAccess::CheckViewSize:  side1    X:[-249.500000 249.500000]   Y:[-249.500000 249.500000]
EdbRunAccess::CheckViewSize:  side2    X:[-249.500000 249.500000]   Y:[-249.500000 249.500000]
EdbLinking::Link: patterns with 199776 and 75210 segments and z1 = 87.500000  z2 = -87.500000
EdbLinking::Link: segments z1 = 87.500000  z2 = -87.500000
EdbScanCond::DefineLLFunction: 0.256336-0.16489*x+2.11098*x*x
ThetaLimits: 0.050000 1.000000
EdbLinking::Link: after preselection: n1pre = 115627  n2pre = 45233
DubletsFilterOut: miss: 64540 wrong: 36
DubletsFilterOut: 11463 segments discarded with DX,DY,DTX,DTY: (  5.0000   5.0000 0.10000 0.10000) checkview =1
DubletsFilterOut: miss: 6202 wrong: 0
DubletsFilterOut: 2897 segments discarded with DX,DY,DTX,DTY: (  5.0000   5.0000 0.10000 0.10000) checkview =1
EdbSEQ::EqualizeMT: selected 100.0% (115627 of 115627) segments in area of     1.0 cm²
EdbSEQ::EqualizeMT: selected 100.0% (45233 of 45233) segments in area of     1.5 cm²
EdbLinking::Link: A n1shr = 115627  n2shr = 45233
EdbLinking::CorrectShrinkage: side1: 0.758333 (0.700000)   side2: 0.758333 (0.700000)
EdbLinking::CorrectShrinkage: side1: 0.801667 (0.758333)   side2: 0.760067 (0.758333)
EdbLinking::CorrectAngles: arrays with 115627 and 45233 segments
RankCouples     : 28005 couples ok
EdbLinking::CorrectAngles: using 14678 segments dx1,dy1:( -0.004  0.053 )  dx2,dy2:(  0.005  0.076 )
EdbLinking::CorrectAngles: arrays with 115627 and 45233 segments
RankCouples     : 29192 couples ok
EdbLinking::CorrectAngles: using 16751 segments dx1,dy1:(  0.002 -0.026 )  dx2,dy2:( -0.003 -0.040 )
EdbLinking::CorrectShrinkage: side1: 0.821708 (0.801667)   side2: 0.792749 (0.760067)
EdbLinking::CorrectShrinkage: side1: 0.842251 (0.821708)   side2: 0.798299 (0.792749)
EdbLinking::CorrectShrinkage: side1: 0.848147 (0.842251)   side2: 0.803887 (0.798299)
EdbLinking::CorrectAngles: arrays with 115627 and 45233 segments
RankCouples     : 29344 couples ok
EdbLinking::CorrectAngles: using 17315 segments dx1,dy1:( -0.003  0.011 )  dx2,dy2:( -0.001  0.020 )
EdbLinking::CorrectAngles: arrays with 115627 and 45233 segments
RankCouples     : 29578 couples ok
EdbLinking::CorrectAngles: using 17373 segments dx1,dy1:(  0.001 -0.006 )  dx2,dy2:(  0.000 -0.012 )
EdbSEQ::EqualizeMT: selected 100.0% (115627 of 115627) segments in area of     1.0 cm²
EdbSEQ::EqualizeMT: selected 100.0% (45233 of 45233) segments in area of     1.5 cm²
EdbLinking::FullLinking: arrays with 115627 and 45233 segments and z1 = 87.500000  z2 = -87.500000
EdbLinking::FullLinking: segments z1 = 87.500000  z2 = -87.500000
RankCouples     : 38476 couples ok
Linking Report  : Save to file ../b000051/p030/51.30.15.18.cp.root
Shrinkage corr: : Shrinkage side1 is  0.848 with peak of   6973/  53.0      side2 is  0.804 with peak of  6825/  53.8 
UpdatePar       : ../b000051/p030/51.30.15.18.par 
UpdatePar       : ../b000051/p030/51.30.15.18.par 
ReadScanSet     : from ../b000051/b000051.0.15.18.set.root
Starting true linking
makescanset     :  for id 000051.0.15.18
EdbScanSet::MakeNominalSet: 000051.0.15.18
ReadScanSet     : from ../b000051/b000051.0.15.18.set.root
ReadScanSet     : from ../b000051/b000051.0.15.18.set.root
ReadScanSet     : from ../b000051/b000051.0.15.18.set.root
ReadScanSet     : from ../b000051/b000051.0.15.18.set.root
EdbScanSet: 000051.0.15.18
Brick 51 with 3 plates:
 32          0.00        1.000000  0.000000  0.000000  1.000000        0.000000        0.000000
 31      -1300.00        1.000000  0.000000  0.000000  1.000000        0.000000        0.000000
 30      -2600.00        1.000000  0.000000  0.000000  1.000000        0.000000        0.000000
for this brick 3 identifiers are defined:
000051.32.15.18  shr1/base/shr2 = 0.812 / 175.0 / 0.808
000051.31.15.18  shr1/base/shr2 = 0.806 / 175.0 / 0.860
000051.30.15.18  shr1/base/shr2 = 0.804 / 175.0 / 0.848

----------------------------------------------------------------------------
link set with id= 51.0.15.18
----------------------------------------------------------------------------

ReadScanSet     : from ../b000051/b000051.0.15.18.set.root
EdbScanProc::LinkRunTest ** processing cell 14 17
LinkRunTest     : cell layout, 18 x cells from 5000.000000 to 185000.000000, 18 y cells from 5000.000000 to 185000.000000
OBJ: TCut		TMath::Abs(eXview-150000.000000) < 6250.000000 && TMath::Abs(eYview-180000.000000) < 6250.000000
EdbScanProc::LinkRunTest ** AFID=1
EdbRunAccess::FillVP: Get data from ../b000051/p032/51.32.15.18.raw.root with AFID=1
EdbRunAccess::FillVP:  96 entries in limits X=(144277.109375 : 155829.984375) Y=(173817.843750 174948.390625)

EdbRunAccess::InitRun: ../b000051/p032/51.32.15.18.raw.root AFID=1
InitRunAccess   :  ../b000051/p032/51.32.15.18.raw.root with 140732 views
EdbRunAccess::GetPatternDataForPrediction: 48 views are selected for side 2
GetPatternDataForPrediction: 70541 segments for pred -1, side 2 from ../b000051/p032/51.32.15.18.raw.root
EdbRunAccess::GetPatternDataForPrediction: 48 views are selected for side 1
GetPatternDataForPrediction: 40133 segments for pred -1, side 1 from ../b000051/p032/51.32.15.18.raw.root
EdbRunAccess::CheckUpDownOffsets: WARNING!!! XY stage possible malfunction (rms>0.5 micron) rmsX =  1.1034  rmsY =  0.8574 (by 48 views)
EdbRunAccess::CheckViewSize:  side1    X:[-249.500000 249.500000]   Y:[-249.500000 249.500000]
EdbRunAccess::CheckViewSize:  side2    X:[-249.500000 249.500000]   Y:[-249.500000 249.500000]
EdbLinking::Link: patterns with 40133 and 70541 segments and z1 = 87.500000  z2 = -87.500000
EdbLinking::Link: segments z1 = 87.500000  z2 = -87.500000
EdbScanCond::DefineLLFunction: 0.256336-0.16489*x+2.11098*x*x
ThetaLimits: 0.000000 1.000000
EdbLinking::Link: after preselection: n1pre = 38452  n2pre = 65879
DubletsFilterOut: miss: 12481 wrong: 1
DubletsFilterOut: 781 segments discarded with DX,DY,DTX,DTY: (  5.0000   5.0000 0.10000 0.10000) checkview =1
DubletsFilterOut: miss: 20728 wrong: 22
DubletsFilterOut: 8636 segments discarded with DX,DY,DTX,DTY: (  5.0000   5.0000 0.10000 0.10000) checkview =1
EdbSEQ::EqualizeMT: selected 100.0% (38452 of 38452) segments in area of     0.2 cm²
EdbSEQ::EqualizeMT: selected 100.0% (65879 of 65879) segments in area of     0.2 cm²
EdbLinking::FullLinking: arrays with 38452 and 65879 segments and z1 = 87.500000  z2 = -87.500000
EdbLinking::FullLinking: segments z1 = 87.500000  z2 = -87.500000
RankCouples     : 50702 couples ok
EdbCouplesTree::InitCouplesTree: create new tree couples in (null)
EdbLinking::SaveCouplesTree: 50702 couples are stored into ../b000051/p032/51.32.15.18.cp.root
Linking Report  : Save to file ../b000051/p032/51.32.15.18.cp.root
EdbScanProc::LinkRunTest ** processing cell 14 17
LinkRunTest     : cell layout, 18 x cells from 5000.000000 to 185000.000000, 18 y cells from 5000.000000 to 185000.000000
OBJ: TCut		TMath::Abs(eXview-150000.000000) < 6250.000000 && TMath::Abs(eYview-180000.000000) < 6250.000000
EdbScanProc::LinkRunTest ** AFID=1
EdbRunAccess::FillVP: Get data from ../b000051/p031/51.31.15.18.raw.root with AFID=1
EdbRunAccess::FillVP:  240 entries in limits X=(144278.296875 : 155829.593750) Y=(173818.250000 176078.453125)

EdbRunAccess::GuessNviewsPerArea: WARNING: eNviewsPerArea*eNareas*2 != nviews: 463*156*2 != 144460
EdbRunAccess::InitRun: ../b000051/p031/51.31.15.18.raw.root AFID=1
InitRunAccess   :  ../b000051/p031/51.31.15.18.raw.root with 144460 views
EdbRunAccess::GetPatternDataForPrediction: 176 views are selected for side 2
GetPatternDataForPrediction: 247426 segments for pred -1, side 2 from ../b000051/p031/51.31.15.18.raw.root
EdbRunAccess::GetPatternDataForPrediction: 64 views are selected for side 1
GetPatternDataForPrediction: 101165 segments for pred -1, side 1 from ../b000051/p031/51.31.15.18.raw.root
EdbRunAccess::CheckUpDownOffsets: Warning: different number of views: 64 -up,  176 - down
EdbRunAccess::CheckUpDownOffsets: WARNING!!! XY stage possible malfunction (rms>0.5 micron) rmsX =  0.6276  rmsY =  0.0330 (by 64 views)
EdbRunAccess::CheckViewSize:  side1    X:[-249.500000 249.500000]   Y:[-249.500000 249.500000]
EdbRunAccess::CheckViewSize:  side2    X:[-249.500000 249.500000]   Y:[-249.500000 249.500000]
EdbLinking::Link: patterns with 101165 and 247426 segments and z1 = 87.500000  z2 = -87.500000
EdbLinking::Link: segments z1 = 87.500000  z2 = -87.500000
EdbScanCond::DefineLLFunction: 0.256336-0.16489*x+2.11098*x*x
ThetaLimits: 0.000000 1.000000
EdbLinking::Link: after preselection: n1pre = 96055  n2pre = 227964
DubletsFilterOut: miss: 37813 wrong: 30
DubletsFilterOut: 11199 segments discarded with DX,DY,DTX,DTY: (  5.0000   5.0000 0.10000 0.10000) checkview =1
DubletsFilterOut: miss: 63320 wrong: 87
DubletsFilterOut: 30387 segments discarded with DX,DY,DTX,DTY: (  5.0000   5.0000 0.10000 0.10000) checkview =1
EdbSEQ::EqualizeMT: selected 100.0% (96055 of 96055) segments in area of     0.4 cm²
EdbSEQ::EqualizeMT: selected 100.0% (227964 of 227964) segments in area of     0.8 cm²
EdbLinking::FullLinking: arrays with 96055 and 227964 segments and z1 = 87.500000  z2 = -87.500000
EdbLinking::FullLinking: segments z1 = 87.500000  z2 = -87.500000
RankCouples     : 98687 couples ok
EdbCouplesTree::InitCouplesTree: create new tree couples in (null)
EdbLinking::SaveCouplesTree: 98687 couples are stored into ../b000051/p031/51.31.15.18.cp.root
Linking Report  : Save to file ../b000051/p031/51.31.15.18.cp.root
EdbScanProc::LinkRunTest ** processing cell 14 17
LinkRunTest     : cell layout, 18 x cells from 5000.000000 to 185000.000000, 18 y cells from 5000.000000 to 185000.000000
OBJ: TCut		TMath::Abs(eXview-150000.000000) < 6250.000000 && TMath::Abs(eYview-180000.000000) < 6250.000000
EdbScanProc::LinkRunTest ** AFID=1
EdbRunAccess::FillVP: Get data from ../b000051/p030/51.30.15.18.raw.root with AFID=1
EdbRunAccess::FillVP:  701 entries in limits X=(144277.578125 : 155830.734375) Y=(173817.046875 181727.140625)

EdbRunAccess::GuessNviewsPerArea: WARNING: eNviewsPerArea*eNareas*2 != nviews: 464*158*2 != 146790
EdbRunAccess::InitRun: ../b000051/p030/51.30.15.18.raw.root AFID=1
InitRunAccess   :  ../b000051/p030/51.30.15.18.raw.root with 146790 views
EdbRunAccess::GetPatternDataForPrediction: 339 views are selected for side 2
GetPatternDataForPrediction: 75210 segments for pred -1, side 2 from ../b000051/p030/51.30.15.18.raw.root
EdbRunAccess::GetPatternDataForPrediction: 362 views are selected for side 1
GetPatternDataForPrediction: 199776 segments for pred -1, side 1 from ../b000051/p030/51.30.15.18.raw.root
EdbRunAccess::CheckUpDownOffsets: Warning: different number of views: 362 -up,  339 - down
EdbRunAccess::CheckUpDownOffsets: WARNING!!! XY stage possible malfunction (rms>0.5 micron) rmsX =  0.6973  rmsY =  0.8123 (by 339 views)
EdbRunAccess::CheckViewSize:  side1    X:[-249.500000 249.500000]   Y:[-249.500000 249.500000]
EdbRunAccess::CheckViewSize:  side2    X:[-249.500000 249.500000]   Y:[-249.500000 249.500000]
EdbLinking::Link: patterns with 199776 and 75210 segments and z1 = 87.500000  z2 = -87.500000
EdbLinking::Link: segments z1 = 87.500000  z2 = -87.500000
EdbScanCond::DefineLLFunction: 0.256336-0.16489*x+2.11098*x*x
ThetaLimits: 0.000000 1.000000
EdbLinking::Link: after preselection: n1pre = 188057  n2pre = 68165
DubletsFilterOut: miss: 71587 wrong: 49
DubletsFilterOut: 23054 segments discarded with DX,DY,DTX,DTY: (  5.0000   5.0000 0.10000 0.10000) checkview =1
DubletsFilterOut: miss: 6200 wrong: 6
DubletsFilterOut: 6154 segments discarded with DX,DY,DTX,DTY: (  5.0000   5.0000 0.10000 0.10000) checkview =1
EdbSEQ::EqualizeMT: selected 100.0% (188057 of 188057) segments in area of     1.0 cm²
EdbSEQ::EqualizeMT: selected 100.0% (68165 of 68165) segments in area of     1.5 cm²
EdbLinking::FullLinking: arrays with 188057 and 68165 segments and z1 = 87.500000  z2 = -87.500000
EdbLinking::FullLinking: segments z1 = 87.500000  z2 = -87.500000
RankCouples     : 52674 couples ok
EdbCouplesTree::InitCouplesTree: create new tree couples in (null)
EdbLinking::SaveCouplesTree: 52674 couples are stored into ../b000051/p030/51.30.15.18.cp.root
Linking Report  : Save to file ../b000051/p030/51.30.15.18.cp.root
ReadScanSet     : from ../b000051/b000051.0.15.18.set.root
