Set up SND environment
search libraries in slc9_x86-64
do linking for cell 17
from plate  32
to plate  30
/pool/condor/dir_1854370 is the currrent path
created link p030 to folder /eos/experiment/sndlhc/emulsionData/2022/CERN/SND_mic2/RUN3/RUN3_W5_B1/P030
The current directory /pool/condor/dir_1854370/b000051
the content of the directory total 0 drwxr-xr-x. 2 onur sndlhc-cg 33 Feb 16 10:31 . drwxr-xr-x. 3 onur sndlhc-cg 37 Feb 16 10:31 .. lrwxrwxrwx. 1 onur sndlhc-cg 91 Feb 16 10:31 51.30.1.18.raw.root -> /eos/experiment/sndlhc/emulsionData/2022/CERN/SND_mic2/RUN3/RUN3_W5_B1/P030/tracks.raw.root
p030/51.30.1.18.raw.root
created link p031 to folder /eos/experiment/sndlhc/emulsionData/2022/CERN/SND_mic2/RUN3/RUN3_W5_B1/P031
The current directory /pool/condor/dir_1854370/b000051
the content of the directory total 0 drwxr-xr-x. 2 onur sndlhc-cg 33 Feb 16 10:31 . drwxr-xr-x. 4 onur sndlhc-cg 49 Feb 16 10:31 .. lrwxrwxrwx. 1 onur sndlhc-cg 91 Feb 16 10:31 51.31.1.18.raw.root -> /eos/experiment/sndlhc/emulsionData/2022/CERN/SND_mic2/RUN3/RUN3_W5_B1/P031/tracks.raw.root
p031/51.31.1.18.raw.root
created link p032 to folder /eos/experiment/sndlhc/emulsionData/2022/CERN/SND_mic2/RUN3/RUN3_W5_B1/P032
The current directory /pool/condor/dir_1854370/b000051
the content of the directory total 0 drwxr-xr-x. 2 onur sndlhc-cg 33 Feb 16 10:31 . drwxr-xr-x. 5 onur sndlhc-cg 61 Feb 16 10:31 .. lrwxrwxrwx. 1 onur sndlhc-cg 91 Feb 16 10:31 51.32.1.18.raw.root -> /eos/experiment/sndlhc/emulsionData/2022/CERN/SND_mic2/RUN3/RUN3_W5_B1/P032/tracks.raw.root
p032/51.32.1.18.raw.root
makescanset     :  for id 000051.0.1.18
EdbScanSet::MakeNominalSet: 000051.0.1.18
EdbScanProc::CheckDir: create directory ../b000051/AFF
MakeAFFSet      : ../b000051/AFF/51.32.1.18_51.31.1.18.aff.par as ZLAYER 0 -1300.000000 0 0
MakeAFFSet      : ../b000051/AFF/51.32.1.18_51.31.1.18.aff.par as AFFXY 0 1.000000 0.000000 0.000000 1.000000 0.000000 0.000000
MakeAFFSet      : ../b000051/AFF/51.31.1.18_51.30.1.18.aff.par as ZLAYER 0 -1300.000000 0 0
MakeAFFSet      : ../b000051/AFF/51.31.1.18_51.30.1.18.aff.par as AFFXY 0 1.000000 0.000000 0.000000 1.000000 0.000000 0.000000
ReadScanSet     : from ../b000051/b000051.0.1.18.set.root
EdbScanSet: 000051.0.1.18
Brick 51 with 3 plates:
 32          0.00        1.000000  0.000000  0.000000  1.000000        0.000000        0.000000
 31      -1300.00        1.000000  0.000000  0.000000  1.000000        0.000000        0.000000
 30      -2600.00        1.000000  0.000000  0.000000  1.000000        0.000000        0.000000
for this brick 3 identifiers are defined:
000051.32.1.18  shr1/base/shr2 = 1.000 / 175.0 / 1.000
000051.31.1.18  shr1/base/shr2 = 1.000 / 175.0 / 1.000
000051.30.1.18  shr1/base/shr2 = 1.000 / 175.0 / 1.000
Starting pre-linking
makescanset     :  for id 000051.0.1.18
EdbScanSet::MakeNominalSet: 000051.0.1.18
ReadScanSet     : from ../b000051/b000051.0.1.18.set.root
ReadScanSet     : from ../b000051/b000051.0.1.18.set.root
ReadScanSet     : from ../b000051/b000051.0.1.18.set.root
ReadScanSet     : from ../b000051/b000051.0.1.18.set.root
EdbScanSet: 000051.0.1.18
Brick 51 with 3 plates:
 32          0.00        1.000000  0.000000  0.000000  1.000000        0.000000        0.000000
 31      -1300.00        1.000000  0.000000  0.000000  1.000000        0.000000        0.000000
 30      -2600.00        1.000000  0.000000  0.000000  1.000000        0.000000        0.000000
for this brick 3 identifiers are defined:
000051.32.1.18  shr1/base/shr2 = 1.000 / 175.0 / 1.000
000051.31.1.18  shr1/base/shr2 = 1.000 / 175.0 / 1.000
000051.30.1.18  shr1/base/shr2 = 1.000 / 175.0 / 1.000

----------------------------------------------------------------------------
link set with id= 51.0.1.18
----------------------------------------------------------------------------

ReadScanSet     : from ../b000051/b000051.0.1.18.set.root
EdbScanProc::LinkRunTest ** processing cell 0 17
LinkRunTest     : cell layout, 18 x cells from 5000.000000 to 185000.000000, 18 y cells from 5000.000000 to 185000.000000
OBJ: TCut		TMath::Abs(eXview-10000.000000) < 6250.000000 && TMath::Abs(eYview-180000.000000) < 6250.000000
EdbScanProc::LinkRunTest ** AFID=1
EdbRunAccess::FillVP: Get data from ../b000051/p032/51.32.1.18.raw.root with AFID=1
EdbRunAccess::FillVP:  84 entries in limits X=(5679.100098 : 15690.186523) Y=(173817.515625 174947.953125)

EdbRunAccess::InitRun: ../b000051/p032/51.32.1.18.raw.root AFID=1
InitRunAccess   :  ../b000051/p032/51.32.1.18.raw.root with 140732 views
EdbRunAccess::GetPatternDataForPrediction: 42 views are selected for side 2
GetPatternDataForPrediction: 64354 segments for pred -1, side 2 from ../b000051/p032/51.32.1.18.raw.root
EdbRunAccess::GetPatternDataForPrediction: 42 views are selected for side 1
GetPatternDataForPrediction: 43984 segments for pred -1, side 1 from ../b000051/p032/51.32.1.18.raw.root
EdbRunAccess::CheckUpDownOffsets: WARNING!!! XY stage possible malfunction (rms>0.5 micron) rmsX =  0.6897  rmsY =  0.8539 (by 42 views)
EdbRunAccess::CheckViewSize:  side1    X:[-249.500000 249.500000]   Y:[-249.500000 249.500000]
EdbRunAccess::CheckViewSize:  side2    X:[-249.500000 249.500000]   Y:[-249.500000 249.500000]
EdbLinking::Link: patterns with 43984 and 64354 segments and z1 = 87.500000  z2 = -87.500000
EdbLinking::Link: segments z1 = 87.500000  z2 = -87.500000
EdbScanCond::DefineLLFunction: 0.256336-0.16489*x+2.11098*x*x
ThetaLimits: 0.050000 1.000000
EdbLinking::Link: after preselection: n1pre = 23079  n2pre = 36730
DubletsFilterOut: miss: 7775 wrong: 1
DubletsFilterOut: 1268 segments discarded with DX,DY,DTX,DTY: (  5.0000   5.0000 0.10000 0.10000) checkview =1
DubletsFilterOut: miss: 14448 wrong: 8
DubletsFilterOut: 4136 segments discarded with DX,DY,DTX,DTY: (  5.0000   5.0000 0.10000 0.10000) checkview =1
EdbSEQ::EqualizeMT: selected 100.0% (23079 of 23079) segments in area of     0.2 cm²
EdbSEQ::EqualizeMT: selected 100.0% (36730 of 36730) segments in area of     0.2 cm²
EdbLinking::Link: A n1shr = 23079  n2shr = 36730
EdbLinking::CorrectShrinkage: side1: 0.711667 (0.700000)   side2: 0.781667 (0.700000)
EdbLinking::CorrectShrinkage: side1: 0.771853 (0.711667)   side2: 0.783453 (0.781667)
EdbLinking::CorrectAngles: arrays with 23079 and 36730 segments
RankCouples     : 23527 couples ok
EdbLinking::CorrectAngles: using 14066 segments dx1,dy1:( -0.005  0.043 )  dx2,dy2:(  0.019  0.070 )
EdbLinking::CorrectAngles: arrays with 23079 and 36730 segments
RankCouples     : 24172 couples ok
EdbLinking::CorrectAngles: using 15004 segments dx1,dy1:(  0.003 -0.022 )  dx2,dy2:( -0.012 -0.039 )
EdbLinking::CorrectShrinkage: side1: 0.818936 (0.771853)   side2: 0.817142 (0.783453)
EdbLinking::CorrectShrinkage: side1: 0.824669 (0.818936)   side2: 0.822862 (0.817142)
EdbLinking::CorrectShrinkage: side1: 0.830442 (0.824669)   side2: 0.828622 (0.822862)
EdbLinking::CorrectAngles: arrays with 23079 and 36730 segments
RankCouples     : 24498 couples ok
EdbLinking::CorrectAngles: using 15567 segments dx1,dy1:( -0.003  0.010 )  dx2,dy2:(  0.005  0.020 )
EdbLinking::CorrectAngles: arrays with 23079 and 36730 segments
RankCouples     : 24575 couples ok
EdbLinking::CorrectAngles: using 15586 segments dx1,dy1:(  0.002 -0.006 )  dx2,dy2:( -0.004 -0.012 )
EdbSEQ::EqualizeMT: selected 100.0% (23079 of 23079) segments in area of     0.2 cm²
EdbSEQ::EqualizeMT: selected 100.0% (36730 of 36730) segments in area of     0.2 cm²
EdbLinking::FullLinking: arrays with 23079 and 36730 segments and z1 = 87.500000  z2 = -87.500000
EdbLinking::FullLinking: segments z1 = 87.500000  z2 = -87.500000
RankCouples     : 33030 couples ok
Linking Report  : Save to file ../b000051/p032/51.32.1.18.cp.root
Shrinkage corr: : Shrinkage side1 is  0.830 with peak of   7587/  31.2      side2 is  0.829 with peak of  7435/  30.5 
UpdatePar       : ../b000051/p032/51.32.1.18.par 
UpdatePar       : ../b000051/p032/51.32.1.18.par 
EdbScanProc::LinkRunTest ** processing cell 0 17
LinkRunTest     : cell layout, 18 x cells from 5000.000000 to 185000.000000, 18 y cells from 5000.000000 to 185000.000000
OBJ: TCut		TMath::Abs(eXview-10000.000000) < 6250.000000 && TMath::Abs(eYview-180000.000000) < 6250.000000
EdbScanProc::LinkRunTest ** AFID=1
EdbRunAccess::FillVP: Get data from ../b000051/p031/51.31.1.18.raw.root with AFID=1
EdbRunAccess::FillVP:  272 entries in limits X=(5678.299805 : 15688.987305) Y=(173817.953125 177772.046875)

EdbRunAccess::GuessNviewsPerArea: WARNING: eNviewsPerArea*eNareas*2 != nviews: 463*156*2 != 144460
EdbRunAccess::InitRun: ../b000051/p031/51.31.1.18.raw.root AFID=1
InitRunAccess   :  ../b000051/p031/51.31.1.18.raw.root with 144460 views
EdbRunAccess::GetPatternDataForPrediction: 174 views are selected for side 2
GetPatternDataForPrediction: 229727 segments for pred -1, side 2 from ../b000051/p031/51.31.1.18.raw.root
EdbRunAccess::GetPatternDataForPrediction: 98 views are selected for side 1
GetPatternDataForPrediction: 128333 segments for pred -1, side 1 from ../b000051/p031/51.31.1.18.raw.root
EdbRunAccess::CheckUpDownOffsets: Warning: different number of views: 98 -up,  174 - down
EdbRunAccess::CheckUpDownOffsets: WARNING!!! XY stage possible malfunction (rms>0.5 micron) rmsX =  0.9567  rmsY =  1.3686 (by 98 views)
EdbRunAccess::CheckViewSize:  side1    X:[-249.500000 249.500000]   Y:[-249.500000 249.500000]
EdbRunAccess::CheckViewSize:  side2    X:[-249.500000 249.500000]   Y:[-249.500000 249.500000]
EdbLinking::Link: patterns with 128333 and 229727 segments and z1 = 87.500000  z2 = -87.500000
EdbLinking::Link: segments z1 = 87.500000  z2 = -87.500000
EdbScanCond::DefineLLFunction: 0.256336-0.16489*x+2.11098*x*x
ThetaLimits: 0.050000 1.000000
EdbLinking::Link: after preselection: n1pre = 71026  n2pre = 150422
DubletsFilterOut: miss: 34579 wrong: 3
DubletsFilterOut: 7591 segments discarded with DX,DY,DTX,DTY: (  5.0000   5.0000 0.10000 0.10000) checkview =1
DubletsFilterOut: miss: 65552 wrong: 21
DubletsFilterOut: 17955 segments discarded with DX,DY,DTX,DTY: (  5.0000   5.0000 0.10000 0.10000) checkview =1
EdbSEQ::EqualizeMT: selected 100.0% (71026 of 71026) segments in area of     0.5 cm²
EdbSEQ::EqualizeMT: selected 100.0% (150422 of 150422) segments in area of     1.2 cm²
EdbLinking::Link: A n1shr = 71026  n2shr = 150422
EdbLinking::CorrectShrinkage: side1: 0.805000 (0.700000)   side2: 0.781667 (0.700000)
EdbLinking::CorrectShrinkage: side1: 0.828920 (0.805000)   side2: 0.826333 (0.781667)
EdbLinking::CorrectAngles: arrays with 71026 and 150422 segments
RankCouples     : 71973 couples ok
EdbLinking::CorrectAngles: using 42721 segments dx1,dy1:(  0.015  0.035 )  dx2,dy2:( -0.004  0.075 )
EdbLinking::CorrectAngles: arrays with 71026 and 150422 segments
RankCouples     : 73567 couples ok
EdbLinking::CorrectAngles: using 45135 segments dx1,dy1:( -0.009 -0.019 )  dx2,dy2:(  0.002 -0.043 )
EdbLinking::CorrectShrinkage: side1: 0.849643 (0.828920)   side2: 0.832118 (0.826333)
EdbLinking::CorrectShrinkage: side1: 0.855590 (0.849643)   side2: 0.837942 (0.832118)
EdbLinking::CorrectShrinkage: side1: 0.861580 (0.855590)   side2: 0.843808 (0.837942)
EdbLinking::CorrectAngles: arrays with 71026 and 150422 segments
RankCouples     : 74276 couples ok
EdbLinking::CorrectAngles: using 46069 segments dx1,dy1:(  0.005  0.008 )  dx2,dy2:( -0.001  0.023 )
EdbLinking::CorrectAngles: arrays with 71026 and 150422 segments
RankCouples     : 74531 couples ok
EdbLinking::CorrectAngles: using 46183 segments dx1,dy1:( -0.003 -0.004 )  dx2,dy2:(  0.001 -0.013 )
EdbSEQ::EqualizeMT: selected 100.0% (71026 of 71026) segments in area of     0.5 cm²
EdbSEQ::EqualizeMT: selected 100.0% (150422 of 150422) segments in area of     1.2 cm²
EdbLinking::FullLinking: arrays with 71026 and 150422 segments and z1 = 87.500000  z2 = -87.500000
EdbLinking::FullLinking: segments z1 = 87.500000  z2 = -87.500000
RankCouples     : 102463 couples ok
Linking Report  : Save to file ../b000051/p031/51.31.1.18.cp.root
Shrinkage corr: : Shrinkage side1 is  0.862 with peak of  21823/  95.8      side2 is  0.844 with peak of 20919/  92.5 
UpdatePar       : ../b000051/p031/51.31.1.18.par 
UpdatePar       : ../b000051/p031/51.31.1.18.par 
EdbScanProc::LinkRunTest ** processing cell 0 17
LinkRunTest     : cell layout, 18 x cells from 5000.000000 to 185000.000000, 18 y cells from 5000.000000 to 185000.000000
OBJ: TCut		TMath::Abs(eXview-10000.000000) < 6250.000000 && TMath::Abs(eYview-180000.000000) < 6250.000000
EdbScanProc::LinkRunTest ** AFID=1
EdbRunAccess::FillVP: Get data from ../b000051/p030/51.30.1.18.raw.root with AFID=1
EdbRunAccess::FillVP:  532 entries in limits X=(5678.150391 : 15690.391602) Y=(173816.656250 181728.203125)

EdbRunAccess::GuessNviewsPerArea: WARNING: eNviewsPerArea*eNareas*2 != nviews: 464*158*2 != 146790
EdbRunAccess::InitRun: ../b000051/p030/51.30.1.18.raw.root AFID=1
InitRunAccess   :  ../b000051/p030/51.30.1.18.raw.root with 146790 views
EdbRunAccess::GetPatternDataForPrediction: 234 views are selected for side 2
GetPatternDataForPrediction: 226579 segments for pred -1, side 2 from ../b000051/p030/51.30.1.18.raw.root
EdbRunAccess::GetPatternDataForPrediction: 298 views are selected for side 1
GetPatternDataForPrediction: 240839 segments for pred -1, side 1 from ../b000051/p030/51.30.1.18.raw.root
EdbRunAccess::CheckUpDownOffsets: Warning: different number of views: 298 -up,  234 - down
EdbRunAccess::CheckUpDownOffsets: WARNING!!! XY stage possible malfunction (rms>0.5 micron) rmsX =  1.0853  rmsY =  0.9183 (by 234 views)
EdbRunAccess::CheckViewSize:  side1    X:[-249.500000 249.500000]   Y:[-249.500000 249.500000]
EdbRunAccess::CheckViewSize:  side2    X:[-249.500000 249.500000]   Y:[-249.500000 249.500000]
EdbLinking::Link: patterns with 240839 and 226579 segments and z1 = 87.500000  z2 = -87.500000
EdbLinking::Link: segments z1 = 87.500000  z2 = -87.500000
EdbScanCond::DefineLLFunction: 0.256336-0.16489*x+2.11098*x*x
ThetaLimits: 0.050000 1.000000
EdbLinking::Link: after preselection: n1pre = 141318  n2pre = 130147
DubletsFilterOut: miss: 58325 wrong: 16
DubletsFilterOut: 16965 segments discarded with DX,DY,DTX,DTY: (  5.0000   5.0000 0.10000 0.10000) checkview =1
DubletsFilterOut: miss: 40272 wrong: 7
DubletsFilterOut: 20136 segments discarded with DX,DY,DTX,DTY: (  5.0000   5.0000 0.10000 0.10000) checkview =1
EdbSEQ::EqualizeMT: selected 100.0% (141318 of 141318) segments in area of     0.9 cm²
EdbSEQ::EqualizeMT: selected 100.0% (130147 of 130147) segments in area of     1.2 cm²
EdbLinking::Link: A n1shr = 141318  n2shr = 130147
EdbLinking::CorrectShrinkage: side1: 0.781667 (0.700000)   side2: 0.781667 (0.700000)
EdbLinking::CorrectShrinkage: side1: 0.826333 (0.781667)   side2: 0.804893 (0.781667)
EdbLinking::CorrectAngles: arrays with 141318 and 130147 segments
RankCouples     : 89073 couples ok
EdbLinking::CorrectAngles: using 56752 segments dx1,dy1:(  0.005  0.051 )  dx2,dy2:( -0.022  0.064 )
EdbLinking::CorrectAngles: arrays with 141318 and 130147 segments
RankCouples     : 91446 couples ok
EdbLinking::CorrectAngles: using 59737 segments dx1,dy1:( -0.004 -0.030 )  dx2,dy2:(  0.013 -0.038 )
EdbLinking::CorrectShrinkage: side1: 0.846992 (0.826333)   side2: 0.810528 (0.804893)
EdbLinking::CorrectShrinkage: side1: 0.837675 (0.846992)   side2: 0.816201 (0.810528)
EdbLinking::CorrectShrinkage: side1: 0.843538 (0.837675)   side2: 0.821915 (0.816201)
EdbLinking::CorrectAngles: arrays with 141318 and 130147 segments
RankCouples     : 91265 couples ok
EdbLinking::CorrectAngles: using 60814 segments dx1,dy1:(  0.003  0.017 )  dx2,dy2:( -0.007  0.021 )
EdbLinking::CorrectAngles: arrays with 141318 and 130147 segments
RankCouples     : 91912 couples ok
EdbLinking::CorrectAngles: using 60955 segments dx1,dy1:( -0.002 -0.010 )  dx2,dy2:(  0.004 -0.013 )
EdbSEQ::EqualizeMT: selected 100.0% (141318 of 141318) segments in area of     0.9 cm²
EdbSEQ::EqualizeMT: selected 100.0% (130147 of 130147) segments in area of     1.2 cm²
EdbLinking::FullLinking: arrays with 141318 and 130147 segments and z1 = 87.500000  z2 = -87.500000
EdbLinking::FullLinking: segments z1 = 87.500000  z2 = -87.500000
RankCouples     : 120902 couples ok
Linking Report  : Save to file ../b000051/p030/51.30.1.18.cp.root
Shrinkage corr: : Shrinkage side1 is  0.844 with peak of  28610/ 117.3      side2 is  0.822 with peak of 27307/ 118.1 
UpdatePar       : ../b000051/p030/51.30.1.18.par 
UpdatePar       : ../b000051/p030/51.30.1.18.par 
ReadScanSet     : from ../b000051/b000051.0.1.18.set.root
Starting true linking
makescanset     :  for id 000051.0.1.18
EdbScanSet::MakeNominalSet: 000051.0.1.18
ReadScanSet     : from ../b000051/b000051.0.1.18.set.root
ReadScanSet     : from ../b000051/b000051.0.1.18.set.root
ReadScanSet     : from ../b000051/b000051.0.1.18.set.root
ReadScanSet     : from ../b000051/b000051.0.1.18.set.root
EdbScanSet: 000051.0.1.18
Brick 51 with 3 plates:
 32          0.00        1.000000  0.000000  0.000000  1.000000        0.000000        0.000000
 31      -1300.00        1.000000  0.000000  0.000000  1.000000        0.000000        0.000000
 30      -2600.00        1.000000  0.000000  0.000000  1.000000        0.000000        0.000000
for this brick 3 identifiers are defined:
000051.32.1.18  shr1/base/shr2 = 0.829 / 175.0 / 0.830
000051.31.1.18  shr1/base/shr2 = 0.844 / 175.0 / 0.862
000051.30.1.18  shr1/base/shr2 = 0.822 / 175.0 / 0.844

----------------------------------------------------------------------------
link set with id= 51.0.1.18
----------------------------------------------------------------------------

ReadScanSet     : from ../b000051/b000051.0.1.18.set.root
EdbScanProc::LinkRunTest ** processing cell 0 17
LinkRunTest     : cell layout, 18 x cells from 5000.000000 to 185000.000000, 18 y cells from 5000.000000 to 185000.000000
OBJ: TCut		TMath::Abs(eXview-10000.000000) < 6250.000000 && TMath::Abs(eYview-180000.000000) < 6250.000000
EdbScanProc::LinkRunTest ** AFID=1
EdbRunAccess::FillVP: Get data from ../b000051/p032/51.32.1.18.raw.root with AFID=1
EdbRunAccess::FillVP:  84 entries in limits X=(5679.100098 : 15690.186523) Y=(173817.515625 174947.953125)

EdbRunAccess::InitRun: ../b000051/p032/51.32.1.18.raw.root AFID=1
InitRunAccess   :  ../b000051/p032/51.32.1.18.raw.root with 140732 views
EdbRunAccess::GetPatternDataForPrediction: 42 views are selected for side 2
GetPatternDataForPrediction: 64354 segments for pred -1, side 2 from ../b000051/p032/51.32.1.18.raw.root
EdbRunAccess::GetPatternDataForPrediction: 42 views are selected for side 1
GetPatternDataForPrediction: 43984 segments for pred -1, side 1 from ../b000051/p032/51.32.1.18.raw.root
EdbRunAccess::CheckUpDownOffsets: WARNING!!! XY stage possible malfunction (rms>0.5 micron) rmsX =  0.6897  rmsY =  0.8539 (by 42 views)
EdbRunAccess::CheckViewSize:  side1    X:[-249.500000 249.500000]   Y:[-249.500000 249.500000]
EdbRunAccess::CheckViewSize:  side2    X:[-249.500000 249.500000]   Y:[-249.500000 249.500000]
EdbLinking::Link: patterns with 43984 and 64354 segments and z1 = 87.500000  z2 = -87.500000
EdbLinking::Link: segments z1 = 87.500000  z2 = -87.500000
EdbScanCond::DefineLLFunction: 0.256336-0.16489*x+2.11098*x*x
ThetaLimits: 0.000000 1.000000
EdbLinking::Link: after preselection: n1pre = 41519  n2pre = 61369
DubletsFilterOut: miss: 10354 wrong: 4
DubletsFilterOut: 2983 segments discarded with DX,DY,DTX,DTY: (  5.0000   5.0000 0.10000 0.10000) checkview =1
DubletsFilterOut: miss: 21076 wrong: 12
DubletsFilterOut: 8045 segments discarded with DX,DY,DTX,DTY: (  5.0000   5.0000 0.10000 0.10000) checkview =1
EdbSEQ::EqualizeMT: selected 100.0% (41519 of 41519) segments in area of     0.2 cm²
EdbSEQ::EqualizeMT: selected 100.0% (61369 of 61369) segments in area of     0.2 cm²
EdbLinking::FullLinking: arrays with 41519 and 61369 segments and z1 = 87.500000  z2 = -87.500000
EdbLinking::FullLinking: segments z1 = 87.500000  z2 = -87.500000
RankCouples     : 54483 couples ok
EdbCouplesTree::InitCouplesTree: create new tree couples in (null)
EdbLinking::SaveCouplesTree: 54483 couples are stored into ../b000051/p032/51.32.1.18.cp.root
Linking Report  : Save to file ../b000051/p032/51.32.1.18.cp.root
EdbScanProc::LinkRunTest ** processing cell 0 17
LinkRunTest     : cell layout, 18 x cells from 5000.000000 to 185000.000000, 18 y cells from 5000.000000 to 185000.000000
OBJ: TCut		TMath::Abs(eXview-10000.000000) < 6250.000000 && TMath::Abs(eYview-180000.000000) < 6250.000000
EdbScanProc::LinkRunTest ** AFID=1
EdbRunAccess::FillVP: Get data from ../b000051/p031/51.31.1.18.raw.root with AFID=1
EdbRunAccess::FillVP:  272 entries in limits X=(5678.299805 : 15688.987305) Y=(173817.953125 177772.046875)

EdbRunAccess::GuessNviewsPerArea: WARNING: eNviewsPerArea*eNareas*2 != nviews: 463*156*2 != 144460
EdbRunAccess::InitRun: ../b000051/p031/51.31.1.18.raw.root AFID=1
InitRunAccess   :  ../b000051/p031/51.31.1.18.raw.root with 144460 views
EdbRunAccess::GetPatternDataForPrediction: 174 views are selected for side 2
GetPatternDataForPrediction: 229727 segments for pred -1, side 2 from ../b000051/p031/51.31.1.18.raw.root
EdbRunAccess::GetPatternDataForPrediction: 98 views are selected for side 1
GetPatternDataForPrediction: 128333 segments for pred -1, side 1 from ../b000051/p031/51.31.1.18.raw.root
EdbRunAccess::CheckUpDownOffsets: Warning: different number of views: 98 -up,  174 - down
EdbRunAccess::CheckUpDownOffsets: WARNING!!! XY stage possible malfunction (rms>0.5 micron) rmsX =  0.9567  rmsY =  1.3686 (by 98 views)
EdbRunAccess::CheckViewSize:  side1    X:[-249.500000 249.500000]   Y:[-249.500000 249.500000]
EdbRunAccess::CheckViewSize:  side2    X:[-249.500000 249.500000]   Y:[-249.500000 249.500000]
EdbLinking::Link: patterns with 128333 and 229727 segments and z1 = 87.500000  z2 = -87.500000
EdbLinking::Link: segments z1 = 87.500000  z2 = -87.500000
EdbScanCond::DefineLLFunction: 0.256336-0.16489*x+2.11098*x*x
ThetaLimits: 0.000000 1.000000
EdbLinking::Link: after preselection: n1pre = 120662  n2pre = 217804
DubletsFilterOut: miss: 37802 wrong: 21
DubletsFilterOut: 15199 segments discarded with DX,DY,DTX,DTY: (  5.0000   5.0000 0.10000 0.10000) checkview =1
DubletsFilterOut: miss: 74017 wrong: 85
DubletsFilterOut: 30646 segments discarded with DX,DY,DTX,DTY: (  5.0000   5.0000 0.10000 0.10000) checkview =1
EdbSEQ::EqualizeMT: selected 100.0% (120662 of 120662) segments in area of     0.5 cm²
EdbSEQ::EqualizeMT: selected 100.0% (217804 of 217804) segments in area of     1.2 cm²
EdbLinking::FullLinking: arrays with 120662 and 217804 segments and z1 = 87.500000  z2 = -87.500000
EdbLinking::FullLinking: segments z1 = 87.500000  z2 = -87.500000
RankCouples     : 142625 couples ok
EdbCouplesTree::InitCouplesTree: create new tree couples in (null)
EdbLinking::SaveCouplesTree: 142625 couples are stored into ../b000051/p031/51.31.1.18.cp.root
Linking Report  : Save to file ../b000051/p031/51.31.1.18.cp.root
EdbScanProc::LinkRunTest ** processing cell 0 17
LinkRunTest     : cell layout, 18 x cells from 5000.000000 to 185000.000000, 18 y cells from 5000.000000 to 185000.000000
OBJ: TCut		TMath::Abs(eXview-10000.000000) < 6250.000000 && TMath::Abs(eYview-180000.000000) < 6250.000000
EdbScanProc::LinkRunTest ** AFID=1
EdbRunAccess::FillVP: Get data from ../b000051/p030/51.30.1.18.raw.root with AFID=1
EdbRunAccess::FillVP:  532 entries in limits X=(5678.150391 : 15690.391602) Y=(173816.656250 181728.203125)

EdbRunAccess::GuessNviewsPerArea: WARNING: eNviewsPerArea*eNareas*2 != nviews: 464*158*2 != 146790
EdbRunAccess::InitRun: ../b000051/p030/51.30.1.18.raw.root AFID=1
InitRunAccess   :  ../b000051/p030/51.30.1.18.raw.root with 146790 views
EdbRunAccess::GetPatternDataForPrediction: 234 views are selected for side 2
GetPatternDataForPrediction: 226579 segments for pred -1, side 2 from ../b000051/p030/51.30.1.18.raw.root
EdbRunAccess::GetPatternDataForPrediction: 298 views are selected for side 1
GetPatternDataForPrediction: 240839 segments for pred -1, side 1 from ../b000051/p030/51.30.1.18.raw.root
EdbRunAccess::CheckUpDownOffsets: Warning: different number of views: 298 -up,  234 - down
EdbRunAccess::CheckUpDownOffsets: WARNING!!! XY stage possible malfunction (rms>0.5 micron) rmsX =  1.0853  rmsY =  0.9183 (by 234 views)
EdbRunAccess::CheckViewSize:  side1    X:[-249.500000 249.500000]   Y:[-249.500000 249.500000]
EdbRunAccess::CheckViewSize:  side2    X:[-249.500000 249.500000]   Y:[-249.500000 249.500000]
EdbLinking::Link: patterns with 240839 and 226579 segments and z1 = 87.500000  z2 = -87.500000
EdbLinking::Link: segments z1 = 87.500000  z2 = -87.500000
EdbScanCond::DefineLLFunction: 0.256336-0.16489*x+2.11098*x*x
ThetaLimits: 0.000000 1.000000
EdbLinking::Link: after preselection: n1pre = 224003  n2pre = 210639
DubletsFilterOut: miss: 59389 wrong: 46
DubletsFilterOut: 31323 segments discarded with DX,DY,DTX,DTY: (  5.0000   5.0000 0.10000 0.10000) checkview =1
DubletsFilterOut: miss: 44805 wrong: 42
DubletsFilterOut: 37638 segments discarded with DX,DY,DTX,DTY: (  5.0000   5.0000 0.10000 0.10000) checkview =1
EdbSEQ::EqualizeMT: selected 100.0% (224003 of 224003) segments in area of     0.9 cm²
EdbSEQ::EqualizeMT: selected 100.0% (210639 of 210639) segments in area of     1.2 cm²
EdbLinking::FullLinking: arrays with 224003 and 210639 segments and z1 = 87.500000  z2 = -87.500000
EdbLinking::FullLinking: segments z1 = 87.500000  z2 = -87.500000
RankCouples     : 183564 couples ok
EdbCouplesTree::InitCouplesTree: create new tree couples in (null)
EdbLinking::SaveCouplesTree: 183564 couples are stored into ../b000051/p030/51.30.1.18.cp.root
Linking Report  : Save to file ../b000051/p030/51.30.1.18.cp.root
ReadScanSet     : from ../b000051/b000051.0.1.18.set.root
