Set up SND environment
search libraries in slc9_x86-64
do linking for cell 251
from plate  32
to plate  30
/pool/condor/dir_3178590 is the currrent path
created link p030 to folder /eos/experiment/sndlhc/emulsionData/2022/CERN/SND_mic2/RUN3/RUN3_W5_B1/P030
The current directory /pool/condor/dir_3178590/b000051
the content of the directory total 0 drwxr-xr-x. 2 onur sndlhc-cg 34 Feb 16 10:41 . drwxr-xr-x. 3 onur sndlhc-cg 37 Feb 16 10:41 .. lrwxrwxrwx. 1 onur sndlhc-cg 91 Feb 16 10:41 51.30.14.18.raw.root -> /eos/experiment/sndlhc/emulsionData/2022/CERN/SND_mic2/RUN3/RUN3_W5_B1/P030/tracks.raw.root
p030/51.30.14.18.raw.root
created link p031 to folder /eos/experiment/sndlhc/emulsionData/2022/CERN/SND_mic2/RUN3/RUN3_W5_B1/P031
The current directory /pool/condor/dir_3178590/b000051
the content of the directory total 0 drwxr-xr-x. 2 onur sndlhc-cg 34 Feb 16 10:41 . drwxr-xr-x. 4 onur sndlhc-cg 49 Feb 16 10:41 .. lrwxrwxrwx. 1 onur sndlhc-cg 91 Feb 16 10:41 51.31.14.18.raw.root -> /eos/experiment/sndlhc/emulsionData/2022/CERN/SND_mic2/RUN3/RUN3_W5_B1/P031/tracks.raw.root
p031/51.31.14.18.raw.root
created link p032 to folder /eos/experiment/sndlhc/emulsionData/2022/CERN/SND_mic2/RUN3/RUN3_W5_B1/P032
The current directory /pool/condor/dir_3178590/b000051
the content of the directory total 0 drwxr-xr-x. 2 onur sndlhc-cg 34 Feb 16 10:41 . drwxr-xr-x. 5 onur sndlhc-cg 61 Feb 16 10:41 .. lrwxrwxrwx. 1 onur sndlhc-cg 91 Feb 16 10:41 51.32.14.18.raw.root -> /eos/experiment/sndlhc/emulsionData/2022/CERN/SND_mic2/RUN3/RUN3_W5_B1/P032/tracks.raw.root
p032/51.32.14.18.raw.root
makescanset     :  for id 000051.0.14.18
EdbScanSet::MakeNominalSet: 000051.0.14.18
EdbScanProc::CheckDir: create directory ../b000051/AFF
MakeAFFSet      : ../b000051/AFF/51.32.14.18_51.31.14.18.aff.par as ZLAYER 0 -1300.000000 0 0
MakeAFFSet      : ../b000051/AFF/51.32.14.18_51.31.14.18.aff.par as AFFXY 0 1.000000 0.000000 0.000000 1.000000 0.000000 0.000000
MakeAFFSet      : ../b000051/AFF/51.31.14.18_51.30.14.18.aff.par as ZLAYER 0 -1300.000000 0 0
MakeAFFSet      : ../b000051/AFF/51.31.14.18_51.30.14.18.aff.par as AFFXY 0 1.000000 0.000000 0.000000 1.000000 0.000000 0.000000
ReadScanSet     : from ../b000051/b000051.0.14.18.set.root
EdbScanSet: 000051.0.14.18
Brick 51 with 3 plates:
 32          0.00        1.000000  0.000000  0.000000  1.000000        0.000000        0.000000
 31      -1300.00        1.000000  0.000000  0.000000  1.000000        0.000000        0.000000
 30      -2600.00        1.000000  0.000000  0.000000  1.000000        0.000000        0.000000
for this brick 3 identifiers are defined:
000051.32.14.18  shr1/base/shr2 = 1.000 / 175.0 / 1.000
000051.31.14.18  shr1/base/shr2 = 1.000 / 175.0 / 1.000
000051.30.14.18  shr1/base/shr2 = 1.000 / 175.0 / 1.000
Starting pre-linking
makescanset     :  for id 000051.0.14.18
EdbScanSet::MakeNominalSet: 000051.0.14.18
ReadScanSet     : from ../b000051/b000051.0.14.18.set.root
ReadScanSet     : from ../b000051/b000051.0.14.18.set.root
ReadScanSet     : from ../b000051/b000051.0.14.18.set.root
ReadScanSet     : from ../b000051/b000051.0.14.18.set.root
EdbScanSet: 000051.0.14.18
Brick 51 with 3 plates:
 32          0.00        1.000000  0.000000  0.000000  1.000000        0.000000        0.000000
 31      -1300.00        1.000000  0.000000  0.000000  1.000000        0.000000        0.000000
 30      -2600.00        1.000000  0.000000  0.000000  1.000000        0.000000        0.000000
for this brick 3 identifiers are defined:
000051.32.14.18  shr1/base/shr2 = 1.000 / 175.0 / 1.000
000051.31.14.18  shr1/base/shr2 = 1.000 / 175.0 / 1.000
000051.30.14.18  shr1/base/shr2 = 1.000 / 175.0 / 1.000

----------------------------------------------------------------------------
link set with id= 51.0.14.18
----------------------------------------------------------------------------

ReadScanSet     : from ../b000051/b000051.0.14.18.set.root
EdbScanProc::LinkRunTest ** processing cell 13 17
LinkRunTest     : cell layout, 18 x cells from 5000.000000 to 185000.000000, 18 y cells from 5000.000000 to 185000.000000
OBJ: TCut		TMath::Abs(eXview-140000.000000) < 6250.000000 && TMath::Abs(eYview-180000.000000) < 6250.000000
EdbScanProc::LinkRunTest ** AFID=1
EdbRunAccess::FillVP: Get data from ../b000051/p032/51.32.14.18.raw.root with AFID=1
EdbRunAccess::FillVP:  96 entries in limits X=(134269.453125 : 145821.343750) Y=(173817.750000 174948.265625)

EdbRunAccess::InitRun: ../b000051/p032/51.32.14.18.raw.root AFID=1
InitRunAccess   :  ../b000051/p032/51.32.14.18.raw.root with 140732 views
EdbRunAccess::GetPatternDataForPrediction: 48 views are selected for side 2
GetPatternDataForPrediction: 73643 segments for pred -1, side 2 from ../b000051/p032/51.32.14.18.raw.root
EdbRunAccess::GetPatternDataForPrediction: 48 views are selected for side 1
GetPatternDataForPrediction: 40911 segments for pred -1, side 1 from ../b000051/p032/51.32.14.18.raw.root
EdbRunAccess::CheckUpDownOffsets: WARNING!!! XY stage possible malfunction (rms>0.5 micron) rmsX =  1.0474  rmsY =  0.8541 (by 48 views)
EdbRunAccess::CheckViewSize:  side1    X:[-249.500000 249.500000]   Y:[-249.500000 249.500000]
EdbRunAccess::CheckViewSize:  side2    X:[-249.500000 249.500000]   Y:[-249.500000 249.500000]
EdbLinking::Link: patterns with 40911 and 73643 segments and z1 = 87.500000  z2 = -87.500000
EdbLinking::Link: segments z1 = 87.500000  z2 = -87.500000
EdbScanCond::DefineLLFunction: 0.256336-0.16489*x+2.11098*x*x
ThetaLimits: 0.050000 1.000000
EdbLinking::Link: after preselection: n1pre = 20260  n2pre = 43705
DubletsFilterOut: miss: 8042 wrong: 0
DubletsFilterOut: 105 segments discarded with DX,DY,DTX,DTY: (  5.0000   5.0000 0.10000 0.10000) checkview =1
DubletsFilterOut: miss: 21719 wrong: 4
DubletsFilterOut: 4776 segments discarded with DX,DY,DTX,DTY: (  5.0000   5.0000 0.10000 0.10000) checkview =1
EdbSEQ::EqualizeMT: selected 100.0% (20260 of 20260) segments in area of     0.2 cm²
EdbSEQ::EqualizeMT: selected 100.0% (43705 of 43705) segments in area of     0.2 cm²
EdbLinking::Link: A n1shr = 20260  n2shr = 43705
EdbLinking::CorrectShrinkage: side1: 0.735000 (0.700000)   side2: 0.758333 (0.700000)
EdbLinking::CorrectShrinkage: side1: 0.777000 (0.735000)   side2: 0.780867 (0.758333)
EdbLinking::CorrectAngles: arrays with 20260 and 43705 segments
RankCouples     : 22964 couples ok
EdbLinking::CorrectAngles: using 13047 segments dx1,dy1:( -0.000  0.060 )  dx2,dy2:(  0.009  0.073 )
EdbLinking::CorrectAngles: arrays with 20260 and 43705 segments
RankCouples     : 23728 couples ok
EdbLinking::CorrectAngles: using 14502 segments dx1,dy1:(  0.000 -0.032 )  dx2,dy2:( -0.005 -0.041 )
EdbLinking::CorrectShrinkage: side1: 0.796425 (0.777000)   side2: 0.800388 (0.780867)
EdbLinking::CorrectShrinkage: side1: 0.802000 (0.796425)   side2: 0.805991 (0.800388)
EdbLinking::CorrectShrinkage: side1: 0.807614 (0.802000)   side2: 0.811633 (0.805991)
EdbLinking::CorrectAngles: arrays with 20260 and 43705 segments
RankCouples     : 23800 couples ok
EdbLinking::CorrectAngles: using 14839 segments dx1,dy1:( -0.000  0.017 )  dx2,dy2:(  0.003  0.022 )
EdbLinking::CorrectAngles: arrays with 20260 and 43705 segments
RankCouples     : 23895 couples ok
EdbLinking::CorrectAngles: using 14916 segments dx1,dy1:(  0.001 -0.010 )  dx2,dy2:( -0.002 -0.014 )
EdbSEQ::EqualizeMT: selected 100.0% (20260 of 20260) segments in area of     0.2 cm²
EdbSEQ::EqualizeMT: selected 100.0% (43705 of 43705) segments in area of     0.2 cm²
EdbLinking::FullLinking: arrays with 20260 and 43705 segments and z1 = 87.500000  z2 = -87.500000
EdbLinking::FullLinking: segments z1 = 87.500000  z2 = -87.500000
RankCouples     : 30585 couples ok
Linking Report  : Save to file ../b000051/p032/51.32.14.18.cp.root
Shrinkage corr: : Shrinkage side1 is  0.808 with peak of   7687/  41.0      side2 is  0.812 with peak of  7621/  40.6 
UpdatePar       : ../b000051/p032/51.32.14.18.par 
UpdatePar       : ../b000051/p032/51.32.14.18.par 
EdbScanProc::LinkRunTest ** processing cell 13 17
LinkRunTest     : cell layout, 18 x cells from 5000.000000 to 185000.000000, 18 y cells from 5000.000000 to 185000.000000
OBJ: TCut		TMath::Abs(eXview-140000.000000) < 6250.000000 && TMath::Abs(eYview-180000.000000) < 6250.000000
EdbScanProc::LinkRunTest ** AFID=1
EdbRunAccess::FillVP: Get data from ../b000051/p031/51.31.14.18.raw.root with AFID=1
EdbRunAccess::FillVP:  240 entries in limits X=(134269.015625 : 145820.000000) Y=(173818.203125 176078.359375)

EdbRunAccess::GuessNviewsPerArea: WARNING: eNviewsPerArea*eNareas*2 != nviews: 463*156*2 != 144460
EdbRunAccess::InitRun: ../b000051/p031/51.31.14.18.raw.root AFID=1
InitRunAccess   :  ../b000051/p031/51.31.14.18.raw.root with 144460 views
EdbRunAccess::GetPatternDataForPrediction: 176 views are selected for side 2
GetPatternDataForPrediction: 243620 segments for pred -1, side 2 from ../b000051/p031/51.31.14.18.raw.root
EdbRunAccess::GetPatternDataForPrediction: 64 views are selected for side 1
GetPatternDataForPrediction: 98395 segments for pred -1, side 1 from ../b000051/p031/51.31.14.18.raw.root
EdbRunAccess::CheckUpDownOffsets: Warning: different number of views: 64 -up,  176 - down
EdbRunAccess::CheckUpDownOffsets: WARNING!!! XY stage possible malfunction (rms>0.5 micron) rmsX =  0.5215  rmsY =  0.0233 (by 64 views)
EdbRunAccess::CheckViewSize:  side1    X:[-249.500000 249.500000]   Y:[-249.500000 249.500000]
EdbRunAccess::CheckViewSize:  side2    X:[-249.500000 249.500000]   Y:[-249.500000 249.500000]
EdbLinking::Link: patterns with 98395 and 243620 segments and z1 = 87.500000  z2 = -87.500000
EdbLinking::Link: segments z1 = 87.500000  z2 = -87.500000
EdbScanCond::DefineLLFunction: 0.256336-0.16489*x+2.11098*x*x
ThetaLimits: 0.050000 1.000000
EdbLinking::Link: after preselection: n1pre = 52722  n2pre = 175516
DubletsFilterOut: miss: 32131 wrong: 14
DubletsFilterOut: 5277 segments discarded with DX,DY,DTX,DTY: (  5.0000   5.0000 0.10000 0.10000) checkview =1
DubletsFilterOut: miss: 67445 wrong: 48
DubletsFilterOut: 22192 segments discarded with DX,DY,DTX,DTY: (  5.0000   5.0000 0.10000 0.10000) checkview =1
EdbSEQ::EqualizeMT: selected 100.0% (52722 of 52722) segments in area of     0.4 cm²
EdbSEQ::EqualizeMT: selected 100.0% (175516 of 175516) segments in area of     0.8 cm²
EdbLinking::Link: A n1shr = 52722  n2shr = 175516
EdbLinking::CorrectShrinkage: side1: 0.665000 (0.700000)   side2: 0.781667 (0.700000)
EdbLinking::CorrectShrinkage: side1: 0.794200 (0.665000)   side2: 0.762013 (0.781667)
EdbLinking::CorrectAngles: arrays with 52722 and 175516 segments
RankCouples     : 54487 couples ok
EdbLinking::CorrectAngles: using 26297 segments dx1,dy1:(  0.002  0.042 )  dx2,dy2:(  0.009  0.084 )
EdbLinking::CorrectAngles: arrays with 52722 and 175516 segments
RankCouples     : 57325 couples ok
EdbLinking::CorrectAngles: using 30090 segments dx1,dy1:(  0.001 -0.017 )  dx2,dy2:( -0.004 -0.041 )
EdbLinking::CorrectShrinkage: side1: 0.828351 (0.794200)   side2: 0.794780 (0.762013)
EdbLinking::CorrectShrinkage: side1: 0.849059 (0.828351)   side2: 0.800343 (0.794780)
EdbLinking::CorrectShrinkage: side1: 0.839720 (0.849059)   side2: 0.820352 (0.800343)
EdbLinking::CorrectAngles: arrays with 52722 and 175516 segments
RankCouples     : 58121 couples ok
EdbLinking::CorrectAngles: using 31327 segments dx1,dy1:( -0.002  0.006 )  dx2,dy2:(  0.000  0.017 )
EdbLinking::CorrectAngles: arrays with 52722 and 175516 segments
RankCouples     : 58421 couples ok
EdbLinking::CorrectAngles: using 31364 segments dx1,dy1:(  0.001 -0.003 )  dx2,dy2:( -0.000 -0.010 )
EdbSEQ::EqualizeMT: selected 100.0% (52722 of 52722) segments in area of     0.4 cm²
EdbSEQ::EqualizeMT: selected 100.0% (175516 of 175516) segments in area of     0.8 cm²
EdbLinking::FullLinking: arrays with 52722 and 175516 segments and z1 = 87.500000  z2 = -87.500000
EdbLinking::FullLinking: segments z1 = 87.500000  z2 = -87.500000
RankCouples     : 79314 couples ok
Linking Report  : Save to file ../b000051/p031/51.31.14.18.cp.root
Shrinkage corr: : Shrinkage side1 is  0.840 with peak of  14979/ 112.4      side2 is  0.820 with peak of 14889/ 112.9 
UpdatePar       : ../b000051/p031/51.31.14.18.par 
UpdatePar       : ../b000051/p031/51.31.14.18.par 
EdbScanProc::LinkRunTest ** processing cell 13 17
LinkRunTest     : cell layout, 18 x cells from 5000.000000 to 185000.000000, 18 y cells from 5000.000000 to 185000.000000
OBJ: TCut		TMath::Abs(eXview-140000.000000) < 6250.000000 && TMath::Abs(eYview-180000.000000) < 6250.000000
EdbScanProc::LinkRunTest ** AFID=1
EdbRunAccess::FillVP: Get data from ../b000051/p030/51.30.14.18.raw.root with AFID=1
EdbRunAccess::FillVP:  449 entries in limits X=(134268.593750 : 145819.812500) Y=(173816.953125 180596.703125)

EdbRunAccess::GuessNviewsPerArea: WARNING: eNviewsPerArea*eNareas*2 != nviews: 464*158*2 != 146790
EdbRunAccess::InitRun: ../b000051/p030/51.30.14.18.raw.root AFID=1
InitRunAccess   :  ../b000051/p030/51.30.14.18.raw.root with 146790 views
EdbRunAccess::GetPatternDataForPrediction: 240 views are selected for side 2
GetPatternDataForPrediction: 78031 segments for pred -1, side 2 from ../b000051/p030/51.30.14.18.raw.root
EdbRunAccess::GetPatternDataForPrediction: 209 views are selected for side 1
GetPatternDataForPrediction: 206157 segments for pred -1, side 1 from ../b000051/p030/51.30.14.18.raw.root
EdbRunAccess::CheckUpDownOffsets: Warning: different number of views: 209 -up,  240 - down
EdbRunAccess::CheckUpDownOffsets: WARNING!!! XY stage possible malfunction (rms>0.5 micron) rmsX =  0.6203  rmsY =  0.8079 (by 209 views)
EdbRunAccess::CheckViewSize:  side1    X:[-249.500000 249.500000]   Y:[-249.500000 249.500000]
EdbRunAccess::CheckViewSize:  side2    X:[-249.500000 249.500000]   Y:[-249.500000 249.500000]
EdbLinking::Link: patterns with 206157 and 78031 segments and z1 = 87.500000  z2 = -87.500000
EdbLinking::Link: segments z1 = 87.500000  z2 = -87.500000
EdbScanCond::DefineLLFunction: 0.256336-0.16489*x+2.11098*x*x
ThetaLimits: 0.050000 1.000000
EdbLinking::Link: after preselection: n1pre = 119424  n2pre = 47035
DubletsFilterOut: miss: 74601 wrong: 24
DubletsFilterOut: 11490 segments discarded with DX,DY,DTX,DTY: (  5.0000   5.0000 0.10000 0.10000) checkview =1
DubletsFilterOut: miss: 5794 wrong: 7
DubletsFilterOut: 3258 segments discarded with DX,DY,DTX,DTY: (  5.0000   5.0000 0.10000 0.10000) checkview =1
EdbSEQ::EqualizeMT: selected 100.0% (119424 of 119424) segments in area of     0.9 cm²
EdbSEQ::EqualizeMT: selected 100.0% (47035 of 47035) segments in area of     1.1 cm²
EdbLinking::Link: A n1shr = 119424  n2shr = 47035
EdbLinking::CorrectShrinkage: side1: 0.758333 (0.700000)   side2: 0.758333 (0.700000)
EdbLinking::CorrectShrinkage: side1: 0.801667 (0.758333)   side2: 0.780867 (0.758333)
EdbLinking::CorrectAngles: arrays with 119424 and 47035 segments
RankCouples     : 30748 couples ok
EdbLinking::CorrectAngles: using 15306 segments dx1,dy1:(  0.001  0.052 )  dx2,dy2:(  0.006  0.076 )
EdbLinking::CorrectAngles: arrays with 119424 and 47035 segments
RankCouples     : 32419 couples ok
EdbLinking::CorrectAngles: using 17905 segments dx1,dy1:(  0.001 -0.024 )  dx2,dy2:( -0.001 -0.037 )
EdbLinking::CorrectShrinkage: side1: 0.821708 (0.801667)   side2: 0.800388 (0.780867)
EdbLinking::CorrectShrinkage: side1: 0.842251 (0.821708)   side2: 0.805991 (0.800388)
EdbLinking::CorrectShrinkage: side1: 0.848147 (0.842251)   side2: 0.826141 (0.805991)
EdbLinking::CorrectAngles: arrays with 119424 and 47035 segments
RankCouples     : 32575 couples ok
EdbLinking::CorrectAngles: using 18398 segments dx1,dy1:( -0.002  0.010 )  dx2,dy2:( -0.001  0.017 )
EdbLinking::CorrectAngles: arrays with 119424 and 47035 segments
RankCouples     : 32799 couples ok
EdbLinking::CorrectAngles: using 18519 segments dx1,dy1:(  0.001 -0.005 )  dx2,dy2:(  0.001 -0.009 )
EdbSEQ::EqualizeMT: selected 100.0% (119424 of 119424) segments in area of     0.9 cm²
EdbSEQ::EqualizeMT: selected 100.0% (47035 of 47035) segments in area of     1.1 cm²
EdbLinking::FullLinking: arrays with 119424 and 47035 segments and z1 = 87.500000  z2 = -87.500000
EdbLinking::FullLinking: segments z1 = 87.500000  z2 = -87.500000
RankCouples     : 42650 couples ok
Linking Report  : Save to file ../b000051/p030/51.30.14.18.cp.root
Shrinkage corr: : Shrinkage side1 is  0.848 with peak of   7345/  64.0      side2 is  0.826 with peak of  7191/  63.9 
UpdatePar       : ../b000051/p030/51.30.14.18.par 
UpdatePar       : ../b000051/p030/51.30.14.18.par 
ReadScanSet     : from ../b000051/b000051.0.14.18.set.root
Starting true linking
makescanset     :  for id 000051.0.14.18
EdbScanSet::MakeNominalSet: 000051.0.14.18
ReadScanSet     : from ../b000051/b000051.0.14.18.set.root
ReadScanSet     : from ../b000051/b000051.0.14.18.set.root
ReadScanSet     : from ../b000051/b000051.0.14.18.set.root
ReadScanSet     : from ../b000051/b000051.0.14.18.set.root
EdbScanSet: 000051.0.14.18
Brick 51 with 3 plates:
 32          0.00        1.000000  0.000000  0.000000  1.000000        0.000000        0.000000
 31      -1300.00        1.000000  0.000000  0.000000  1.000000        0.000000        0.000000
 30      -2600.00        1.000000  0.000000  0.000000  1.000000        0.000000        0.000000
for this brick 3 identifiers are defined:
000051.32.14.18  shr1/base/shr2 = 0.812 / 175.0 / 0.808
000051.31.14.18  shr1/base/shr2 = 0.820 / 175.0 / 0.840
000051.30.14.18  shr1/base/shr2 = 0.826 / 175.0 / 0.848

----------------------------------------------------------------------------
link set with id= 51.0.14.18
----------------------------------------------------------------------------

ReadScanSet     : from ../b000051/b000051.0.14.18.set.root
EdbScanProc::LinkRunTest ** processing cell 13 17
LinkRunTest     : cell layout, 18 x cells from 5000.000000 to 185000.000000, 18 y cells from 5000.000000 to 185000.000000
OBJ: TCut		TMath::Abs(eXview-140000.000000) < 6250.000000 && TMath::Abs(eYview-180000.000000) < 6250.000000
EdbScanProc::LinkRunTest ** AFID=1
EdbRunAccess::FillVP: Get data from ../b000051/p032/51.32.14.18.raw.root with AFID=1
EdbRunAccess::FillVP:  96 entries in limits X=(134269.453125 : 145821.343750) Y=(173817.750000 174948.265625)

EdbRunAccess::InitRun: ../b000051/p032/51.32.14.18.raw.root AFID=1
InitRunAccess   :  ../b000051/p032/51.32.14.18.raw.root with 140732 views
EdbRunAccess::GetPatternDataForPrediction: 48 views are selected for side 2
GetPatternDataForPrediction: 73643 segments for pred -1, side 2 from ../b000051/p032/51.32.14.18.raw.root
EdbRunAccess::GetPatternDataForPrediction: 48 views are selected for side 1
GetPatternDataForPrediction: 40911 segments for pred -1, side 1 from ../b000051/p032/51.32.14.18.raw.root
EdbRunAccess::CheckUpDownOffsets: WARNING!!! XY stage possible malfunction (rms>0.5 micron) rmsX =  1.0474  rmsY =  0.8541 (by 48 views)
EdbRunAccess::CheckViewSize:  side1    X:[-249.500000 249.500000]   Y:[-249.500000 249.500000]
EdbRunAccess::CheckViewSize:  side2    X:[-249.500000 249.500000]   Y:[-249.500000 249.500000]
EdbLinking::Link: patterns with 40911 and 73643 segments and z1 = 87.500000  z2 = -87.500000
EdbLinking::Link: segments z1 = 87.500000  z2 = -87.500000
EdbScanCond::DefineLLFunction: 0.256336-0.16489*x+2.11098*x*x
ThetaLimits: 0.000000 1.000000
EdbLinking::Link: after preselection: n1pre = 39074  n2pre = 68573
DubletsFilterOut: miss: 13774 wrong: 0
DubletsFilterOut: 423 segments discarded with DX,DY,DTX,DTY: (  5.0000   5.0000 0.10000 0.10000) checkview =1
DubletsFilterOut: miss: 22730 wrong: 18
DubletsFilterOut: 8690 segments discarded with DX,DY,DTX,DTY: (  5.0000   5.0000 0.10000 0.10000) checkview =1
EdbSEQ::EqualizeMT: selected 100.0% (39074 of 39074) segments in area of     0.2 cm²
EdbSEQ::EqualizeMT: selected 100.0% (68573 of 68573) segments in area of     0.2 cm²
EdbLinking::FullLinking: arrays with 39074 and 68573 segments and z1 = 87.500000  z2 = -87.500000
EdbLinking::FullLinking: segments z1 = 87.500000  z2 = -87.500000
RankCouples     : 52752 couples ok
EdbCouplesTree::InitCouplesTree: create new tree couples in (null)
EdbLinking::SaveCouplesTree: 52752 couples are stored into ../b000051/p032/51.32.14.18.cp.root
Linking Report  : Save to file ../b000051/p032/51.32.14.18.cp.root
EdbScanProc::LinkRunTest ** processing cell 13 17
LinkRunTest     : cell layout, 18 x cells from 5000.000000 to 185000.000000, 18 y cells from 5000.000000 to 185000.000000
OBJ: TCut		TMath::Abs(eXview-140000.000000) < 6250.000000 && TMath::Abs(eYview-180000.000000) < 6250.000000
EdbScanProc::LinkRunTest ** AFID=1
EdbRunAccess::FillVP: Get data from ../b000051/p031/51.31.14.18.raw.root with AFID=1
EdbRunAccess::FillVP:  240 entries in limits X=(134269.015625 : 145820.000000) Y=(173818.203125 176078.359375)

EdbRunAccess::GuessNviewsPerArea: WARNING: eNviewsPerArea*eNareas*2 != nviews: 463*156*2 != 144460
EdbRunAccess::InitRun: ../b000051/p031/51.31.14.18.raw.root AFID=1
InitRunAccess   :  ../b000051/p031/51.31.14.18.raw.root with 144460 views
EdbRunAccess::GetPatternDataForPrediction: 176 views are selected for side 2
GetPatternDataForPrediction: 243620 segments for pred -1, side 2 from ../b000051/p031/51.31.14.18.raw.root
EdbRunAccess::GetPatternDataForPrediction: 64 views are selected for side 1
GetPatternDataForPrediction: 98395 segments for pred -1, side 1 from ../b000051/p031/51.31.14.18.raw.root
EdbRunAccess::CheckUpDownOffsets: Warning: different number of views: 64 -up,  176 - down
EdbRunAccess::CheckUpDownOffsets: WARNING!!! XY stage possible malfunction (rms>0.5 micron) rmsX =  0.5215  rmsY =  0.0233 (by 64 views)
EdbRunAccess::CheckViewSize:  side1    X:[-249.500000 249.500000]   Y:[-249.500000 249.500000]
EdbRunAccess::CheckViewSize:  side2    X:[-249.500000 249.500000]   Y:[-249.500000 249.500000]
EdbLinking::Link: patterns with 98395 and 243620 segments and z1 = 87.500000  z2 = -87.500000
EdbLinking::Link: segments z1 = 87.500000  z2 = -87.500000
EdbScanCond::DefineLLFunction: 0.256336-0.16489*x+2.11098*x*x
ThetaLimits: 0.000000 1.000000
EdbLinking::Link: after preselection: n1pre = 92439  n2pre = 225981
DubletsFilterOut: miss: 36447 wrong: 23
DubletsFilterOut: 10779 segments discarded with DX,DY,DTX,DTY: (  5.0000   5.0000 0.10000 0.10000) checkview =1
DubletsFilterOut: miss: 64805 wrong: 86
DubletsFilterOut: 32221 segments discarded with DX,DY,DTX,DTY: (  5.0000   5.0000 0.10000 0.10000) checkview =1
EdbSEQ::EqualizeMT: selected 100.0% (92439 of 92439) segments in area of     0.4 cm²
EdbSEQ::EqualizeMT: selected 100.0% (225981 of 225981) segments in area of     0.8 cm²
EdbLinking::FullLinking: arrays with 92439 and 225981 segments and z1 = 87.500000  z2 = -87.500000
EdbLinking::FullLinking: segments z1 = 87.500000  z2 = -87.500000
RankCouples     : 99313 couples ok
EdbCouplesTree::InitCouplesTree: create new tree couples in (null)
EdbLinking::SaveCouplesTree: 99313 couples are stored into ../b000051/p031/51.31.14.18.cp.root
Linking Report  : Save to file ../b000051/p031/51.31.14.18.cp.root
EdbScanProc::LinkRunTest ** processing cell 13 17
LinkRunTest     : cell layout, 18 x cells from 5000.000000 to 185000.000000, 18 y cells from 5000.000000 to 185000.000000
OBJ: TCut		TMath::Abs(eXview-140000.000000) < 6250.000000 && TMath::Abs(eYview-180000.000000) < 6250.000000
EdbScanProc::LinkRunTest ** AFID=1
EdbRunAccess::FillVP: Get data from ../b000051/p030/51.30.14.18.raw.root with AFID=1
EdbRunAccess::FillVP:  449 entries in limits X=(134268.593750 : 145819.812500) Y=(173816.953125 180596.703125)

EdbRunAccess::GuessNviewsPerArea: WARNING: eNviewsPerArea*eNareas*2 != nviews: 464*158*2 != 146790
EdbRunAccess::InitRun: ../b000051/p030/51.30.14.18.raw.root AFID=1
InitRunAccess   :  ../b000051/p030/51.30.14.18.raw.root with 146790 views
EdbRunAccess::GetPatternDataForPrediction: 240 views are selected for side 2
GetPatternDataForPrediction: 78031 segments for pred -1, side 2 from ../b000051/p030/51.30.14.18.raw.root
EdbRunAccess::GetPatternDataForPrediction: 209 views are selected for side 1
GetPatternDataForPrediction: 206157 segments for pred -1, side 1 from ../b000051/p030/51.30.14.18.raw.root
EdbRunAccess::CheckUpDownOffsets: Warning: different number of views: 209 -up,  240 - down
EdbRunAccess::CheckUpDownOffsets: WARNING!!! XY stage possible malfunction (rms>0.5 micron) rmsX =  0.6203  rmsY =  0.8079 (by 209 views)
EdbRunAccess::CheckViewSize:  side1    X:[-249.500000 249.500000]   Y:[-249.500000 249.500000]
EdbRunAccess::CheckViewSize:  side2    X:[-249.500000 249.500000]   Y:[-249.500000 249.500000]
EdbLinking::Link: patterns with 206157 and 78031 segments and z1 = 87.500000  z2 = -87.500000
EdbLinking::Link: segments z1 = 87.500000  z2 = -87.500000
EdbScanCond::DefineLLFunction: 0.256336-0.16489*x+2.11098*x*x
ThetaLimits: 0.000000 1.000000
EdbLinking::Link: after preselection: n1pre = 193676  n2pre = 72140
DubletsFilterOut: miss: 80602 wrong: 77
DubletsFilterOut: 23692 segments discarded with DX,DY,DTX,DTY: (  5.0000   5.0000 0.10000 0.10000) checkview =1
DubletsFilterOut: miss: 5934 wrong: 13
DubletsFilterOut: 6878 segments discarded with DX,DY,DTX,DTY: (  5.0000   5.0000 0.10000 0.10000) checkview =1
EdbSEQ::EqualizeMT: selected 100.0% (193676 of 193676) segments in area of     0.9 cm²
EdbSEQ::EqualizeMT: selected 100.0% (72140 of 72140) segments in area of     1.1 cm²
EdbLinking::FullLinking: arrays with 193676 and 72140 segments and z1 = 87.500000  z2 = -87.500000
EdbLinking::FullLinking: segments z1 = 87.500000  z2 = -87.500000
RankCouples     : 55334 couples ok
EdbCouplesTree::InitCouplesTree: create new tree couples in (null)
EdbLinking::SaveCouplesTree: 55334 couples are stored into ../b000051/p030/51.30.14.18.cp.root
Linking Report  : Save to file ../b000051/p030/51.30.14.18.cp.root
ReadScanSet     : from ../b000051/b000051.0.14.18.set.root
