Set up SND environment
search libraries in slc9_x86-64
do linking for cell 215
from plate  32
to plate  30
/pool/condor/dir_3177074 is the currrent path
created link p030 to folder /eos/experiment/sndlhc/emulsionData/2022/CERN/SND_mic2/RUN3/RUN3_W5_B1/P030
The current directory /pool/condor/dir_3177074/b000051
the content of the directory total 0 drwxr-xr-x. 2 onur sndlhc-cg 42 Feb 16 10:37 . drwxr-xr-x. 3 onur sndlhc-cg 49 Feb 16 10:37 .. lrwxrwxrwx. 1 onur sndlhc-cg 91 Feb 16 10:37 51.30.12.18.raw.root -> /eos/experiment/sndlhc/emulsionData/2022/CERN/SND_mic2/RUN3/RUN3_W5_B1/P030/tracks.raw.root
p030/51.30.12.18.raw.root
created link p031 to folder /eos/experiment/sndlhc/emulsionData/2022/CERN/SND_mic2/RUN3/RUN3_W5_B1/P031
The current directory /pool/condor/dir_3177074/b000051
the content of the directory total 0 drwxr-xr-x. 2 onur sndlhc-cg 42 Feb 16 10:37 . drwxr-xr-x. 4 onur sndlhc-cg 65 Feb 16 10:37 .. lrwxrwxrwx. 1 onur sndlhc-cg 91 Feb 16 10:37 51.31.12.18.raw.root -> /eos/experiment/sndlhc/emulsionData/2022/CERN/SND_mic2/RUN3/RUN3_W5_B1/P031/tracks.raw.root
p031/51.31.12.18.raw.root
created link p032 to folder /eos/experiment/sndlhc/emulsionData/2022/CERN/SND_mic2/RUN3/RUN3_W5_B1/P032
The current directory /pool/condor/dir_3177074/b000051
the content of the directory total 0 drwxr-xr-x. 2 onur sndlhc-cg 42 Feb 16 10:37 . drwxr-xr-x. 5 onur sndlhc-cg 81 Feb 16 10:37 .. lrwxrwxrwx. 1 onur sndlhc-cg 91 Feb 16 10:37 51.32.12.18.raw.root -> /eos/experiment/sndlhc/emulsionData/2022/CERN/SND_mic2/RUN3/RUN3_W5_B1/P032/tracks.raw.root
p032/51.32.12.18.raw.root
makescanset     :  for id 000051.0.12.18
EdbScanSet::MakeNominalSet: 000051.0.12.18
EdbScanProc::CheckDir: create directory ../b000051/AFF
MakeAFFSet      : ../b000051/AFF/51.32.12.18_51.31.12.18.aff.par as ZLAYER 0 -1300.000000 0 0
MakeAFFSet      : ../b000051/AFF/51.32.12.18_51.31.12.18.aff.par as AFFXY 0 1.000000 0.000000 0.000000 1.000000 0.000000 0.000000
MakeAFFSet      : ../b000051/AFF/51.31.12.18_51.30.12.18.aff.par as ZLAYER 0 -1300.000000 0 0
MakeAFFSet      : ../b000051/AFF/51.31.12.18_51.30.12.18.aff.par as AFFXY 0 1.000000 0.000000 0.000000 1.000000 0.000000 0.000000
ReadScanSet     : from ../b000051/b000051.0.12.18.set.root
EdbScanSet: 000051.0.12.18
Brick 51 with 3 plates:
 32          0.00        1.000000  0.000000  0.000000  1.000000        0.000000        0.000000
 31      -1300.00        1.000000  0.000000  0.000000  1.000000        0.000000        0.000000
 30      -2600.00        1.000000  0.000000  0.000000  1.000000        0.000000        0.000000
for this brick 3 identifiers are defined:
000051.32.12.18  shr1/base/shr2 = 1.000 / 175.0 / 1.000
000051.31.12.18  shr1/base/shr2 = 1.000 / 175.0 / 1.000
000051.30.12.18  shr1/base/shr2 = 1.000 / 175.0 / 1.000
Starting pre-linking
makescanset     :  for id 000051.0.12.18
EdbScanSet::MakeNominalSet: 000051.0.12.18
ReadScanSet     : from ../b000051/b000051.0.12.18.set.root
ReadScanSet     : from ../b000051/b000051.0.12.18.set.root
ReadScanSet     : from ../b000051/b000051.0.12.18.set.root
ReadScanSet     : from ../b000051/b000051.0.12.18.set.root
EdbScanSet: 000051.0.12.18
Brick 51 with 3 plates:
 32          0.00        1.000000  0.000000  0.000000  1.000000        0.000000        0.000000
 31      -1300.00        1.000000  0.000000  0.000000  1.000000        0.000000        0.000000
 30      -2600.00        1.000000  0.000000  0.000000  1.000000        0.000000        0.000000
for this brick 3 identifiers are defined:
000051.32.12.18  shr1/base/shr2 = 1.000 / 175.0 / 1.000
000051.31.12.18  shr1/base/shr2 = 1.000 / 175.0 / 1.000
000051.30.12.18  shr1/base/shr2 = 1.000 / 175.0 / 1.000

----------------------------------------------------------------------------
link set with id= 51.0.12.18
----------------------------------------------------------------------------

ReadScanSet     : from ../b000051/b000051.0.12.18.set.root
EdbScanProc::LinkRunTest ** processing cell 11 17
LinkRunTest     : cell layout, 18 x cells from 5000.000000 to 185000.000000, 18 y cells from 5000.000000 to 185000.000000
OBJ: TCut		TMath::Abs(eXview-120000.000000) < 6250.000000 && TMath::Abs(eYview-180000.000000) < 6250.000000
EdbScanProc::LinkRunTest ** AFID=1
EdbRunAccess::FillVP: Get data from ../b000051/p032/51.32.12.18.raw.root with AFID=1
EdbRunAccess::FillVP:  96 entries in limits X=(114249.585938 : 125800.492188) Y=(173817.656250 174948.156250)

EdbRunAccess::InitRun: ../b000051/p032/51.32.12.18.raw.root AFID=1
InitRunAccess   :  ../b000051/p032/51.32.12.18.raw.root with 140732 views
EdbRunAccess::GetPatternDataForPrediction: 48 views are selected for side 2
GetPatternDataForPrediction: 74584 segments for pred -1, side 2 from ../b000051/p032/51.32.12.18.raw.root
EdbRunAccess::GetPatternDataForPrediction: 48 views are selected for side 1
GetPatternDataForPrediction: 42989 segments for pred -1, side 1 from ../b000051/p032/51.32.12.18.raw.root
EdbRunAccess::CheckUpDownOffsets: WARNING!!! XY stage possible malfunction (rms>0.5 micron) rmsX =  0.5931  rmsY =  0.8471 (by 48 views)
EdbRunAccess::CheckViewSize:  side1    X:[-249.500000 249.500000]   Y:[-249.500000 249.500000]
EdbRunAccess::CheckViewSize:  side2    X:[-249.500000 249.500000]   Y:[-249.500000 249.500000]
EdbLinking::Link: patterns with 42989 and 74584 segments and z1 = 87.500000  z2 = -87.500000
EdbLinking::Link: segments z1 = 87.500000  z2 = -87.500000
EdbScanCond::DefineLLFunction: 0.256336-0.16489*x+2.11098*x*x
ThetaLimits: 0.050000 1.000000
EdbLinking::Link: after preselection: n1pre = 22283  n2pre = 44657
DubletsFilterOut: miss: 8762 wrong: 0
DubletsFilterOut: 97 segments discarded with DX,DY,DTX,DTY: (  5.0000   5.0000 0.10000 0.10000) checkview =1
DubletsFilterOut: miss: 23620 wrong: 2
DubletsFilterOut: 5125 segments discarded with DX,DY,DTX,DTY: (  5.0000   5.0000 0.10000 0.10000) checkview =1
EdbSEQ::EqualizeMT: selected 100.0% (22283 of 22283) segments in area of     0.2 cm²
EdbSEQ::EqualizeMT: selected 100.0% (44657 of 44657) segments in area of     0.2 cm²
EdbLinking::Link: A n1shr = 22283  n2shr = 44657
EdbLinking::CorrectShrinkage: side1: 0.758333 (0.700000)   side2: 0.758333 (0.700000)
EdbLinking::CorrectShrinkage: side1: 0.801667 (0.758333)   side2: 0.780867 (0.758333)
EdbLinking::CorrectAngles: arrays with 22283 and 44657 segments
RankCouples     : 28030 couples ok
EdbLinking::CorrectAngles: using 14715 segments dx1,dy1:(  0.001  0.057 )  dx2,dy2:(  0.008  0.071 )
EdbLinking::CorrectAngles: arrays with 22283 and 44657 segments
RankCouples     : 29532 couples ok
EdbLinking::CorrectAngles: using 16273 segments dx1,dy1:( -0.001 -0.028 )  dx2,dy2:( -0.004 -0.037 )
EdbLinking::CorrectShrinkage: side1: 0.807278 (0.801667)   side2: 0.814444 (0.780867)
EdbLinking::CorrectShrinkage: side1: 0.827460 (0.807278)   side2: 0.805485 (0.814444)
EdbLinking::CorrectShrinkage: side1: 0.818358 (0.827460)   side2: 0.825622 (0.805485)
EdbLinking::CorrectAngles: arrays with 22283 and 44657 segments
RankCouples     : 29246 couples ok
EdbLinking::CorrectAngles: using 16602 segments dx1,dy1:( -0.001  0.014 )  dx2,dy2:( -0.000  0.017 )
EdbLinking::CorrectAngles: arrays with 22283 and 44657 segments
RankCouples     : 29662 couples ok
EdbLinking::CorrectAngles: using 16622 segments dx1,dy1:(  0.001 -0.007 )  dx2,dy2:(  0.000 -0.009 )
EdbSEQ::EqualizeMT: selected 100.0% (22283 of 22283) segments in area of     0.2 cm²
EdbSEQ::EqualizeMT: selected 100.0% (44657 of 44657) segments in area of     0.2 cm²
EdbLinking::FullLinking: arrays with 22283 and 44657 segments and z1 = 87.500000  z2 = -87.500000
EdbLinking::FullLinking: segments z1 = 87.500000  z2 = -87.500000
RankCouples     : 37707 couples ok
Linking Report  : Save to file ../b000051/p032/51.32.12.18.cp.root
Shrinkage corr: : Shrinkage side1 is  0.818 with peak of   7890/  63.3      side2 is  0.826 with peak of  8088/  64.3 
UpdatePar       : ../b000051/p032/51.32.12.18.par 
UpdatePar       : ../b000051/p032/51.32.12.18.par 
EdbScanProc::LinkRunTest ** processing cell 11 17
LinkRunTest     : cell layout, 18 x cells from 5000.000000 to 185000.000000, 18 y cells from 5000.000000 to 185000.000000
OBJ: TCut		TMath::Abs(eXview-120000.000000) < 6250.000000 && TMath::Abs(eYview-180000.000000) < 6250.000000
EdbScanProc::LinkRunTest ** AFID=1
EdbRunAccess::FillVP: Get data from ../b000051/p031/51.31.12.18.raw.root with AFID=1
EdbRunAccess::FillVP:  240 entries in limits X=(114248.773438 : 125799.625000) Y=(173818.093750 176078.203125)

EdbRunAccess::GuessNviewsPerArea: WARNING: eNviewsPerArea*eNareas*2 != nviews: 463*156*2 != 144460
EdbRunAccess::InitRun: ../b000051/p031/51.31.12.18.raw.root AFID=1
InitRunAccess   :  ../b000051/p031/51.31.12.18.raw.root with 144460 views
EdbRunAccess::GetPatternDataForPrediction: 176 views are selected for side 2
GetPatternDataForPrediction: 257755 segments for pred -1, side 2 from ../b000051/p031/51.31.12.18.raw.root
EdbRunAccess::GetPatternDataForPrediction: 64 views are selected for side 1
GetPatternDataForPrediction: 98027 segments for pred -1, side 1 from ../b000051/p031/51.31.12.18.raw.root
EdbRunAccess::CheckUpDownOffsets: Warning: different number of views: 64 -up,  176 - down
EdbRunAccess::CheckUpDownOffsets: rmsX =  0.4621  rmsY =  0.0312 (by 64 views)
EdbRunAccess::CheckViewSize:  side1    X:[-249.500000 249.500000]   Y:[-249.500000 249.500000]
EdbRunAccess::CheckViewSize:  side2    X:[-249.500000 249.500000]   Y:[-249.500000 249.500000]
EdbLinking::Link: patterns with 98027 and 257755 segments and z1 = 87.500000  z2 = -87.500000
EdbLinking::Link: segments z1 = 87.500000  z2 = -87.500000
EdbScanCond::DefineLLFunction: 0.256336-0.16489*x+2.11098*x*x
ThetaLimits: 0.050000 1.000000
EdbLinking::Link: after preselection: n1pre = 53076  n2pre = 181014
DubletsFilterOut: miss: 29574 wrong: 4
DubletsFilterOut: 5728 segments discarded with DX,DY,DTX,DTY: (  5.0000   5.0000 0.10000 0.10000) checkview =1
DubletsFilterOut: miss: 70353 wrong: 38
DubletsFilterOut: 23667 segments discarded with DX,DY,DTX,DTY: (  5.0000   5.0000 0.10000 0.10000) checkview =1
EdbSEQ::EqualizeMT: selected 100.0% (53076 of 53076) segments in area of     0.4 cm²
EdbSEQ::EqualizeMT: selected 100.0% (181014 of 181014) segments in area of     0.8 cm²
EdbLinking::Link: A n1shr = 53076  n2shr = 181014
EdbLinking::CorrectShrinkage: side1: 0.665000 (0.700000)   side2: 0.781667 (0.700000)
EdbLinking::CorrectShrinkage: side1: 0.794200 (0.665000)   side2: 0.762013 (0.781667)
EdbLinking::CorrectAngles: arrays with 53076 and 181014 segments
RankCouples     : 61247 couples ok
EdbLinking::CorrectAngles: using 28530 segments dx1,dy1:(  0.005  0.046 )  dx2,dy2:(  0.007  0.086 )
EdbLinking::CorrectAngles: arrays with 53076 and 181014 segments
RankCouples     : 64148 couples ok
EdbLinking::CorrectAngles: using 32701 segments dx1,dy1:( -0.001 -0.021 )  dx2,dy2:( -0.003 -0.042 )
EdbLinking::CorrectShrinkage: side1: 0.828351 (0.794200)   side2: 0.794780 (0.762013)
EdbLinking::CorrectShrinkage: side1: 0.849059 (0.828351)   side2: 0.800343 (0.794780)
EdbLinking::CorrectShrinkage: side1: 0.839720 (0.849059)   side2: 0.820352 (0.800343)
EdbLinking::CorrectAngles: arrays with 53076 and 181014 segments
RankCouples     : 65392 couples ok
EdbLinking::CorrectAngles: using 34185 segments dx1,dy1:( -0.001  0.008 )  dx2,dy2:(  0.001  0.016 )
EdbLinking::CorrectAngles: arrays with 53076 and 181014 segments
RankCouples     : 65603 couples ok
EdbLinking::CorrectAngles: using 34142 segments dx1,dy1:(  0.000 -0.004 )  dx2,dy2:( -0.000 -0.009 )
EdbSEQ::EqualizeMT: selected 100.0% (53076 of 53076) segments in area of     0.4 cm²
EdbSEQ::EqualizeMT: selected 100.0% (181014 of 181014) segments in area of     0.8 cm²
EdbLinking::FullLinking: arrays with 53076 and 181014 segments and z1 = 87.500000  z2 = -87.500000
EdbLinking::FullLinking: segments z1 = 87.500000  z2 = -87.500000
RankCouples     : 88762 couples ok
Linking Report  : Save to file ../b000051/p031/51.31.12.18.cp.root
Shrinkage corr: : Shrinkage side1 is  0.840 with peak of  17070/ 126.3      side2 is  0.820 with peak of 17035/ 126.6 
UpdatePar       : ../b000051/p031/51.31.12.18.par 
UpdatePar       : ../b000051/p031/51.31.12.18.par 
EdbScanProc::LinkRunTest ** processing cell 11 17
LinkRunTest     : cell layout, 18 x cells from 5000.000000 to 185000.000000, 18 y cells from 5000.000000 to 185000.000000
OBJ: TCut		TMath::Abs(eXview-120000.000000) < 6250.000000 && TMath::Abs(eYview-180000.000000) < 6250.000000
EdbScanProc::LinkRunTest ** AFID=1
EdbRunAccess::FillVP: Get data from ../b000051/p030/51.30.12.18.raw.root with AFID=1
EdbRunAccess::FillVP:  448 entries in limits X=(114248.046875 : 125800.468750) Y=(173816.843750 180596.562500)

EdbRunAccess::GuessNviewsPerArea: WARNING: eNviewsPerArea*eNareas*2 != nviews: 464*158*2 != 146790
EdbRunAccess::InitRun: ../b000051/p030/51.30.12.18.raw.root AFID=1
InitRunAccess   :  ../b000051/p030/51.30.12.18.raw.root with 146790 views
EdbRunAccess::GetPatternDataForPrediction: 240 views are selected for side 2
GetPatternDataForPrediction: 96966 segments for pred -1, side 2 from ../b000051/p030/51.30.12.18.raw.root
EdbRunAccess::GetPatternDataForPrediction: 208 views are selected for side 1
GetPatternDataForPrediction: 205400 segments for pred -1, side 1 from ../b000051/p030/51.30.12.18.raw.root
EdbRunAccess::CheckUpDownOffsets: Warning: different number of views: 208 -up,  240 - down
EdbRunAccess::CheckUpDownOffsets: WARNING!!! XY stage possible malfunction (rms>0.5 micron) rmsX =  0.6597  rmsY =  0.8667 (by 208 views)
EdbRunAccess::CheckViewSize:  side1    X:[-249.500000 249.500000]   Y:[-249.500000 249.500000]
EdbRunAccess::CheckViewSize:  side2    X:[-249.500000 249.500000]   Y:[-249.500000 249.500000]
EdbLinking::Link: patterns with 205400 and 96966 segments and z1 = 87.500000  z2 = -87.500000
EdbLinking::Link: segments z1 = 87.500000  z2 = -87.500000
EdbScanCond::DefineLLFunction: 0.256336-0.16489*x+2.11098*x*x
ThetaLimits: 0.050000 1.000000
EdbLinking::Link: after preselection: n1pre = 113863  n2pre = 62330
DubletsFilterOut: miss: 61886 wrong: 17
DubletsFilterOut: 10525 segments discarded with DX,DY,DTX,DTY: (  5.0000   5.0000 0.10000 0.10000) checkview =1
DubletsFilterOut: miss: 8768 wrong: 2
DubletsFilterOut: 4721 segments discarded with DX,DY,DTX,DTY: (  5.0000   5.0000 0.10000 0.10000) checkview =1
EdbSEQ::EqualizeMT: selected 100.0% (113863 of 113863) segments in area of     0.9 cm²
EdbSEQ::EqualizeMT: selected 100.0% (62330 of 62330) segments in area of     1.1 cm²
EdbLinking::Link: A n1shr = 113863  n2shr = 62330
EdbLinking::CorrectShrinkage: side1: 0.758333 (0.700000)   side2: 0.758333 (0.700000)
EdbLinking::CorrectShrinkage: side1: 0.801667 (0.758333)   side2: 0.780867 (0.758333)
EdbLinking::CorrectAngles: arrays with 113863 and 62330 segments
RankCouples     : 37578 couples ok
EdbLinking::CorrectAngles: using 20443 segments dx1,dy1:(  0.005  0.053 )  dx2,dy2:(  0.006  0.074 )
EdbLinking::CorrectAngles: arrays with 113863 and 62330 segments
RankCouples     : 39245 couples ok
EdbLinking::CorrectAngles: using 22968 segments dx1,dy1:( -0.003 -0.027 )  dx2,dy2:( -0.003 -0.038 )
EdbLinking::CorrectShrinkage: side1: 0.821708 (0.801667)   side2: 0.800388 (0.780867)
EdbLinking::CorrectShrinkage: side1: 0.827460 (0.821708)   side2: 0.805991 (0.800388)
EdbLinking::CorrectShrinkage: side1: 0.833252 (0.827460)   side2: 0.811633 (0.805991)
EdbLinking::CorrectAngles: arrays with 113863 and 62330 segments
RankCouples     : 39290 couples ok
EdbLinking::CorrectAngles: using 23380 segments dx1,dy1:(  0.002  0.013 )  dx2,dy2:(  0.001  0.018 )
EdbLinking::CorrectAngles: arrays with 113863 and 62330 segments
RankCouples     : 39674 couples ok
EdbLinking::CorrectAngles: using 23566 segments dx1,dy1:( -0.001 -0.007 )  dx2,dy2:( -0.000 -0.010 )
EdbSEQ::EqualizeMT: selected 100.0% (113863 of 113863) segments in area of     0.9 cm²
EdbSEQ::EqualizeMT: selected 100.0% (62330 of 62330) segments in area of     1.1 cm²
EdbLinking::FullLinking: arrays with 113863 and 62330 segments and z1 = 87.500000  z2 = -87.500000
EdbLinking::FullLinking: segments z1 = 87.500000  z2 = -87.500000
RankCouples     : 51031 couples ok
Linking Report  : Save to file ../b000051/p030/51.30.12.18.cp.root
Shrinkage corr: : Shrinkage side1 is  0.833 with peak of   9237/  65.5      side2 is  0.812 with peak of  9109/  66.5 
UpdatePar       : ../b000051/p030/51.30.12.18.par 
UpdatePar       : ../b000051/p030/51.30.12.18.par 
ReadScanSet     : from ../b000051/b000051.0.12.18.set.root
Starting true linking
makescanset     :  for id 000051.0.12.18
EdbScanSet::MakeNominalSet: 000051.0.12.18
ReadScanSet     : from ../b000051/b000051.0.12.18.set.root
ReadScanSet     : from ../b000051/b000051.0.12.18.set.root
ReadScanSet     : from ../b000051/b000051.0.12.18.set.root
ReadScanSet     : from ../b000051/b000051.0.12.18.set.root
EdbScanSet: 000051.0.12.18
Brick 51 with 3 plates:
 32          0.00        1.000000  0.000000  0.000000  1.000000        0.000000        0.000000
 31      -1300.00        1.000000  0.000000  0.000000  1.000000        0.000000        0.000000
 30      -2600.00        1.000000  0.000000  0.000000  1.000000        0.000000        0.000000
for this brick 3 identifiers are defined:
000051.32.12.18  shr1/base/shr2 = 0.826 / 175.0 / 0.818
000051.31.12.18  shr1/base/shr2 = 0.820 / 175.0 / 0.840
000051.30.12.18  shr1/base/shr2 = 0.812 / 175.0 / 0.833

----------------------------------------------------------------------------
link set with id= 51.0.12.18
----------------------------------------------------------------------------

ReadScanSet     : from ../b000051/b000051.0.12.18.set.root
EdbScanProc::LinkRunTest ** processing cell 11 17
LinkRunTest     : cell layout, 18 x cells from 5000.000000 to 185000.000000, 18 y cells from 5000.000000 to 185000.000000
OBJ: TCut		TMath::Abs(eXview-120000.000000) < 6250.000000 && TMath::Abs(eYview-180000.000000) < 6250.000000
EdbScanProc::LinkRunTest ** AFID=1
EdbRunAccess::FillVP: Get data from ../b000051/p032/51.32.12.18.raw.root with AFID=1
EdbRunAccess::FillVP:  96 entries in limits X=(114249.585938 : 125800.492188) Y=(173817.656250 174948.156250)

EdbRunAccess::InitRun: ../b000051/p032/51.32.12.18.raw.root AFID=1
InitRunAccess   :  ../b000051/p032/51.32.12.18.raw.root with 140732 views
EdbRunAccess::GetPatternDataForPrediction: 48 views are selected for side 2
GetPatternDataForPrediction: 74584 segments for pred -1, side 2 from ../b000051/p032/51.32.12.18.raw.root
EdbRunAccess::GetPatternDataForPrediction: 48 views are selected for side 1
GetPatternDataForPrediction: 42989 segments for pred -1, side 1 from ../b000051/p032/51.32.12.18.raw.root
EdbRunAccess::CheckUpDownOffsets: WARNING!!! XY stage possible malfunction (rms>0.5 micron) rmsX =  0.5931  rmsY =  0.8471 (by 48 views)
EdbRunAccess::CheckViewSize:  side1    X:[-249.500000 249.500000]   Y:[-249.500000 249.500000]
EdbRunAccess::CheckViewSize:  side2    X:[-249.500000 249.500000]   Y:[-249.500000 249.500000]
EdbLinking::Link: patterns with 42989 and 74584 segments and z1 = 87.500000  z2 = -87.500000
EdbLinking::Link: segments z1 = 87.500000  z2 = -87.500000
EdbScanCond::DefineLLFunction: 0.256336-0.16489*x+2.11098*x*x
ThetaLimits: 0.000000 1.000000
EdbLinking::Link: after preselection: n1pre = 41092  n2pre = 70172
DubletsFilterOut: miss: 15638 wrong: 0
DubletsFilterOut: 281 segments discarded with DX,DY,DTX,DTY: (  5.0000   5.0000 0.10000 0.10000) checkview =1
DubletsFilterOut: miss: 26843 wrong: 13
DubletsFilterOut: 8996 segments discarded with DX,DY,DTX,DTY: (  5.0000   5.0000 0.10000 0.10000) checkview =1
EdbSEQ::EqualizeMT: selected 100.0% (41092 of 41092) segments in area of     0.2 cm²
EdbSEQ::EqualizeMT: selected 100.0% (70172 of 70172) segments in area of     0.2 cm²
EdbLinking::FullLinking: arrays with 41092 and 70172 segments and z1 = 87.500000  z2 = -87.500000
EdbLinking::FullLinking: segments z1 = 87.500000  z2 = -87.500000
RankCouples     : 56768 couples ok
EdbCouplesTree::InitCouplesTree: create new tree couples in (null)
EdbLinking::SaveCouplesTree: 56768 couples are stored into ../b000051/p032/51.32.12.18.cp.root
Linking Report  : Save to file ../b000051/p032/51.32.12.18.cp.root
EdbScanProc::LinkRunTest ** processing cell 11 17
LinkRunTest     : cell layout, 18 x cells from 5000.000000 to 185000.000000, 18 y cells from 5000.000000 to 185000.000000
OBJ: TCut		TMath::Abs(eXview-120000.000000) < 6250.000000 && TMath::Abs(eYview-180000.000000) < 6250.000000
EdbScanProc::LinkRunTest ** AFID=1
EdbRunAccess::FillVP: Get data from ../b000051/p031/51.31.12.18.raw.root with AFID=1
EdbRunAccess::FillVP:  240 entries in limits X=(114248.773438 : 125799.625000) Y=(173818.093750 176078.203125)

EdbRunAccess::GuessNviewsPerArea: WARNING: eNviewsPerArea*eNareas*2 != nviews: 463*156*2 != 144460
EdbRunAccess::InitRun: ../b000051/p031/51.31.12.18.raw.root AFID=1
InitRunAccess   :  ../b000051/p031/51.31.12.18.raw.root with 144460 views
EdbRunAccess::GetPatternDataForPrediction: 176 views are selected for side 2
GetPatternDataForPrediction: 257755 segments for pred -1, side 2 from ../b000051/p031/51.31.12.18.raw.root
EdbRunAccess::GetPatternDataForPrediction: 64 views are selected for side 1
GetPatternDataForPrediction: 98027 segments for pred -1, side 1 from ../b000051/p031/51.31.12.18.raw.root
EdbRunAccess::CheckUpDownOffsets: Warning: different number of views: 64 -up,  176 - down
EdbRunAccess::CheckUpDownOffsets: rmsX =  0.4621  rmsY =  0.0312 (by 64 views)
EdbRunAccess::CheckViewSize:  side1    X:[-249.500000 249.500000]   Y:[-249.500000 249.500000]
EdbRunAccess::CheckViewSize:  side2    X:[-249.500000 249.500000]   Y:[-249.500000 249.500000]
EdbLinking::Link: patterns with 98027 and 257755 segments and z1 = 87.500000  z2 = -87.500000
EdbLinking::Link: segments z1 = 87.500000  z2 = -87.500000
EdbScanCond::DefineLLFunction: 0.256336-0.16489*x+2.11098*x*x
ThetaLimits: 0.000000 1.000000
EdbLinking::Link: after preselection: n1pre = 92120  n2pre = 239986
DubletsFilterOut: miss: 33617 wrong: 21
DubletsFilterOut: 11095 segments discarded with DX,DY,DTX,DTY: (  5.0000   5.0000 0.10000 0.10000) checkview =1
DubletsFilterOut: miss: 70542 wrong: 79
DubletsFilterOut: 35076 segments discarded with DX,DY,DTX,DTY: (  5.0000   5.0000 0.10000 0.10000) checkview =1
EdbSEQ::EqualizeMT: selected 100.0% (92120 of 92120) segments in area of     0.4 cm²
EdbSEQ::EqualizeMT: selected 100.0% (239986 of 239986) segments in area of     0.8 cm²
EdbLinking::FullLinking: arrays with 92120 and 239986 segments and z1 = 87.500000  z2 = -87.500000
EdbLinking::FullLinking: segments z1 = 87.500000  z2 = -87.500000
RankCouples     : 106275 couples ok
EdbCouplesTree::InitCouplesTree: create new tree couples in (null)
EdbLinking::SaveCouplesTree: 106275 couples are stored into ../b000051/p031/51.31.12.18.cp.root
Linking Report  : Save to file ../b000051/p031/51.31.12.18.cp.root
EdbScanProc::LinkRunTest ** processing cell 11 17
LinkRunTest     : cell layout, 18 x cells from 5000.000000 to 185000.000000, 18 y cells from 5000.000000 to 185000.000000
OBJ: TCut		TMath::Abs(eXview-120000.000000) < 6250.000000 && TMath::Abs(eYview-180000.000000) < 6250.000000
EdbScanProc::LinkRunTest ** AFID=1
EdbRunAccess::FillVP: Get data from ../b000051/p030/51.30.12.18.raw.root with AFID=1
EdbRunAccess::FillVP:  448 entries in limits X=(114248.046875 : 125800.468750) Y=(173816.843750 180596.562500)

EdbRunAccess::GuessNviewsPerArea: WARNING: eNviewsPerArea*eNareas*2 != nviews: 464*158*2 != 146790
EdbRunAccess::InitRun: ../b000051/p030/51.30.12.18.raw.root AFID=1
InitRunAccess   :  ../b000051/p030/51.30.12.18.raw.root with 146790 views
EdbRunAccess::GetPatternDataForPrediction: 240 views are selected for side 2
GetPatternDataForPrediction: 96966 segments for pred -1, side 2 from ../b000051/p030/51.30.12.18.raw.root
EdbRunAccess::GetPatternDataForPrediction: 208 views are selected for side 1
GetPatternDataForPrediction: 205400 segments for pred -1, side 1 from ../b000051/p030/51.30.12.18.raw.root
EdbRunAccess::CheckUpDownOffsets: Warning: different number of views: 208 -up,  240 - down
EdbRunAccess::CheckUpDownOffsets: WARNING!!! XY stage possible malfunction (rms>0.5 micron) rmsX =  0.6597  rmsY =  0.8667 (by 208 views)
EdbRunAccess::CheckViewSize:  side1    X:[-249.500000 249.500000]   Y:[-249.500000 249.500000]
EdbRunAccess::CheckViewSize:  side2    X:[-249.500000 249.500000]   Y:[-249.500000 249.500000]
EdbLinking::Link: patterns with 205400 and 96966 segments and z1 = 87.500000  z2 = -87.500000
EdbLinking::Link: segments z1 = 87.500000  z2 = -87.500000
EdbScanCond::DefineLLFunction: 0.256336-0.16489*x+2.11098*x*x
ThetaLimits: 0.000000 1.000000
EdbLinking::Link: after preselection: n1pre = 191928  n2pre = 87999
DubletsFilterOut: miss: 67073 wrong: 50
DubletsFilterOut: 21821 segments discarded with DX,DY,DTX,DTY: (  5.0000   5.0000 0.10000 0.10000) checkview =1
DubletsFilterOut: miss: 8615 wrong: 7
DubletsFilterOut: 8853 segments discarded with DX,DY,DTX,DTY: (  5.0000   5.0000 0.10000 0.10000) checkview =1
EdbSEQ::EqualizeMT: selected 100.0% (191928 of 191928) segments in area of     0.9 cm²
EdbSEQ::EqualizeMT: selected 100.0% (87999 of 87999) segments in area of     1.1 cm²
EdbLinking::FullLinking: arrays with 191928 and 87999 segments and z1 = 87.500000  z2 = -87.500000
EdbLinking::FullLinking: segments z1 = 87.500000  z2 = -87.500000
RankCouples     : 65439 couples ok
EdbCouplesTree::InitCouplesTree: create new tree couples in (null)
EdbLinking::SaveCouplesTree: 65439 couples are stored into ../b000051/p030/51.30.12.18.cp.root
Linking Report  : Save to file ../b000051/p030/51.30.12.18.cp.root
ReadScanSet     : from ../b000051/b000051.0.12.18.set.root
