Set up SND environment
search libraries in slc9_x86-64
do linking for cell 107
from plate  32
to plate  30
/pool/condor/dir_1121059 is the currrent path
created link p030 to folder /eos/experiment/sndlhc/emulsionData/2022/CERN/SND_mic2/RUN3/RUN3_W5_B1/P030
The current directory /pool/condor/dir_1121059/b000051
the content of the directory total 0 drwxr-xr-x. 2 onur sndlhc-cg 33 Feb 16 10:37 . drwxr-xr-x. 3 onur sndlhc-cg 49 Feb 16 10:37 .. lrwxrwxrwx. 1 onur sndlhc-cg 91 Feb 16 10:37 51.30.6.18.raw.root -> /eos/experiment/sndlhc/emulsionData/2022/CERN/SND_mic2/RUN3/RUN3_W5_B1/P030/tracks.raw.root
p030/51.30.6.18.raw.root
created link p031 to folder /eos/experiment/sndlhc/emulsionData/2022/CERN/SND_mic2/RUN3/RUN3_W5_B1/P031
The current directory /pool/condor/dir_1121059/b000051
the content of the directory total 0 drwxr-xr-x. 2 onur sndlhc-cg 33 Feb 16 10:37 . drwxr-xr-x. 4 onur sndlhc-cg 65 Feb 16 10:37 .. lrwxrwxrwx. 1 onur sndlhc-cg 91 Feb 16 10:37 51.31.6.18.raw.root -> /eos/experiment/sndlhc/emulsionData/2022/CERN/SND_mic2/RUN3/RUN3_W5_B1/P031/tracks.raw.root
p031/51.31.6.18.raw.root
created link p032 to folder /eos/experiment/sndlhc/emulsionData/2022/CERN/SND_mic2/RUN3/RUN3_W5_B1/P032
The current directory /pool/condor/dir_1121059/b000051
the content of the directory total 0 drwxr-xr-x. 2 onur sndlhc-cg 33 Feb 16 10:37 . drwxr-xr-x. 5 onur sndlhc-cg 81 Feb 16 10:37 .. lrwxrwxrwx. 1 onur sndlhc-cg 91 Feb 16 10:37 51.32.6.18.raw.root -> /eos/experiment/sndlhc/emulsionData/2022/CERN/SND_mic2/RUN3/RUN3_W5_B1/P032/tracks.raw.root
p032/51.32.6.18.raw.root
makescanset     :  for id 000051.0.6.18
EdbScanSet::MakeNominalSet: 000051.0.6.18
EdbScanProc::CheckDir: create directory ../b000051/AFF
MakeAFFSet      : ../b000051/AFF/51.32.6.18_51.31.6.18.aff.par as ZLAYER 0 -1300.000000 0 0
MakeAFFSet      : ../b000051/AFF/51.32.6.18_51.31.6.18.aff.par as AFFXY 0 1.000000 0.000000 0.000000 1.000000 0.000000 0.000000
MakeAFFSet      : ../b000051/AFF/51.31.6.18_51.30.6.18.aff.par as ZLAYER 0 -1300.000000 0 0
MakeAFFSet      : ../b000051/AFF/51.31.6.18_51.30.6.18.aff.par as AFFXY 0 1.000000 0.000000 0.000000 1.000000 0.000000 0.000000
ReadScanSet     : from ../b000051/b000051.0.6.18.set.root
EdbScanSet: 000051.0.6.18
Brick 51 with 3 plates:
 32          0.00        1.000000  0.000000  0.000000  1.000000        0.000000        0.000000
 31      -1300.00        1.000000  0.000000  0.000000  1.000000        0.000000        0.000000
 30      -2600.00        1.000000  0.000000  0.000000  1.000000        0.000000        0.000000
for this brick 3 identifiers are defined:
000051.32.6.18  shr1/base/shr2 = 1.000 / 175.0 / 1.000
000051.31.6.18  shr1/base/shr2 = 1.000 / 175.0 / 1.000
000051.30.6.18  shr1/base/shr2 = 1.000 / 175.0 / 1.000
Starting pre-linking
makescanset     :  for id 000051.0.6.18
EdbScanSet::MakeNominalSet: 000051.0.6.18
ReadScanSet     : from ../b000051/b000051.0.6.18.set.root
ReadScanSet     : from ../b000051/b000051.0.6.18.set.root
ReadScanSet     : from ../b000051/b000051.0.6.18.set.root
ReadScanSet     : from ../b000051/b000051.0.6.18.set.root
EdbScanSet: 000051.0.6.18
Brick 51 with 3 plates:
 32          0.00        1.000000  0.000000  0.000000  1.000000        0.000000        0.000000
 31      -1300.00        1.000000  0.000000  0.000000  1.000000        0.000000        0.000000
 30      -2600.00        1.000000  0.000000  0.000000  1.000000        0.000000        0.000000
for this brick 3 identifiers are defined:
000051.32.6.18  shr1/base/shr2 = 1.000 / 175.0 / 1.000
000051.31.6.18  shr1/base/shr2 = 1.000 / 175.0 / 1.000
000051.30.6.18  shr1/base/shr2 = 1.000 / 175.0 / 1.000

----------------------------------------------------------------------------
link set with id= 51.0.6.18
----------------------------------------------------------------------------

ReadScanSet     : from ../b000051/b000051.0.6.18.set.root
EdbScanProc::LinkRunTest ** processing cell 5 17
LinkRunTest     : cell layout, 18 x cells from 5000.000000 to 185000.000000, 18 y cells from 5000.000000 to 185000.000000
OBJ: TCut		TMath::Abs(eXview-60000.000000) < 6250.000000 && TMath::Abs(eYview-180000.000000) < 6250.000000
EdbScanProc::LinkRunTest ** AFID=1
EdbRunAccess::FillVP: Get data from ../b000051/p032/51.32.6.18.raw.root with AFID=1
EdbRunAccess::FillVP:  96 entries in limits X=(54189.367188 : 65742.101562) Y=(173817.546875 174947.953125)

EdbRunAccess::InitRun: ../b000051/p032/51.32.6.18.raw.root AFID=1
InitRunAccess   :  ../b000051/p032/51.32.6.18.raw.root with 140732 views
EdbRunAccess::GetPatternDataForPrediction: 48 views are selected for side 2
GetPatternDataForPrediction: 74771 segments for pred -1, side 2 from ../b000051/p032/51.32.6.18.raw.root
EdbRunAccess::GetPatternDataForPrediction: 48 views are selected for side 1
GetPatternDataForPrediction: 44045 segments for pred -1, side 1 from ../b000051/p032/51.32.6.18.raw.root
EdbRunAccess::CheckUpDownOffsets: WARNING!!! XY stage possible malfunction (rms>0.5 micron) rmsX =  0.8686  rmsY =  0.8505 (by 48 views)
EdbRunAccess::CheckViewSize:  side1    X:[-249.500000 249.500000]   Y:[-249.500000 249.500000]
EdbRunAccess::CheckViewSize:  side2    X:[-249.500000 249.500000]   Y:[-249.500000 249.500000]
EdbLinking::Link: patterns with 44045 and 74771 segments and z1 = 87.500000  z2 = -87.500000
EdbLinking::Link: segments z1 = 87.500000  z2 = -87.500000
EdbScanCond::DefineLLFunction: 0.256336-0.16489*x+2.11098*x*x
ThetaLimits: 0.050000 1.000000
EdbLinking::Link: after preselection: n1pre = 24270  n2pre = 45260
DubletsFilterOut: miss: 9288 wrong: 1
DubletsFilterOut: 227 segments discarded with DX,DY,DTX,DTY: (  5.0000   5.0000 0.10000 0.10000) checkview =1
DubletsFilterOut: miss: 23832 wrong: 17
DubletsFilterOut: 5687 segments discarded with DX,DY,DTX,DTY: (  5.0000   5.0000 0.10000 0.10000) checkview =1
EdbSEQ::EqualizeMT: selected 100.0% (24270 of 24270) segments in area of     0.2 cm²
EdbSEQ::EqualizeMT: selected 100.0% (45260 of 45260) segments in area of     0.2 cm²
EdbLinking::Link: A n1shr = 24270  n2shr = 45260
EdbLinking::CorrectShrinkage: side1: 0.735000 (0.700000)   side2: 0.758333 (0.700000)
EdbLinking::CorrectShrinkage: side1: 0.777000 (0.735000)   side2: 0.780867 (0.758333)
EdbLinking::CorrectAngles: arrays with 24270 and 45260 segments
RankCouples     : 27928 couples ok
EdbLinking::CorrectAngles: using 15278 segments dx1,dy1:( -0.003  0.052 )  dx2,dy2:(  0.007  0.069 )
EdbLinking::CorrectAngles: arrays with 24270 and 45260 segments
RankCouples     : 29026 couples ok
EdbLinking::CorrectAngles: using 16561 segments dx1,dy1:(  0.003 -0.027 )  dx2,dy2:( -0.004 -0.036 )
EdbLinking::CorrectShrinkage: side1: 0.796425 (0.777000)   side2: 0.800388 (0.780867)
EdbLinking::CorrectShrinkage: side1: 0.816336 (0.796425)   side2: 0.805991 (0.800388)
EdbLinking::CorrectShrinkage: side1: 0.807356 (0.816336)   side2: 0.826141 (0.805991)
EdbLinking::CorrectAngles: arrays with 24270 and 45260 segments
RankCouples     : 29112 couples ok
EdbLinking::CorrectAngles: using 16940 segments dx1,dy1:( -0.002  0.012 )  dx2,dy2:(  0.000  0.015 )
EdbLinking::CorrectAngles: arrays with 24270 and 45260 segments
RankCouples     : 29183 couples ok
EdbLinking::CorrectAngles: using 16993 segments dx1,dy1:(  0.002 -0.007 )  dx2,dy2:(  0.000 -0.008 )
EdbSEQ::EqualizeMT: selected 100.0% (24270 of 24270) segments in area of     0.2 cm²
EdbSEQ::EqualizeMT: selected 100.0% (45260 of 45260) segments in area of     0.2 cm²
EdbLinking::FullLinking: arrays with 24270 and 45260 segments and z1 = 87.500000  z2 = -87.500000
EdbLinking::FullLinking: segments z1 = 87.500000  z2 = -87.500000
RankCouples     : 37973 couples ok
Linking Report  : Save to file ../b000051/p032/51.32.6.18.cp.root
Shrinkage corr: : Shrinkage side1 is  0.807 with peak of   7900/  53.8      side2 is  0.826 with peak of  8292/  55.1 
UpdatePar       : ../b000051/p032/51.32.6.18.par 
UpdatePar       : ../b000051/p032/51.32.6.18.par 
EdbScanProc::LinkRunTest ** processing cell 5 17
LinkRunTest     : cell layout, 18 x cells from 5000.000000 to 185000.000000, 18 y cells from 5000.000000 to 185000.000000
OBJ: TCut		TMath::Abs(eXview-60000.000000) < 6250.000000 && TMath::Abs(eYview-180000.000000) < 6250.000000
EdbScanProc::LinkRunTest ** AFID=1
EdbRunAccess::FillVP: Get data from ../b000051/p031/51.31.6.18.raw.root with AFID=1
EdbRunAccess::FillVP:  267 entries in limits X=(54187.636719 : 65738.039062) Y=(173817.953125 176078.046875)

EdbRunAccess::GuessNviewsPerArea: WARNING: eNviewsPerArea*eNareas*2 != nviews: 463*156*2 != 144460
EdbRunAccess::InitRun: ../b000051/p031/51.31.6.18.raw.root AFID=1
InitRunAccess   :  ../b000051/p031/51.31.6.18.raw.root with 144460 views
EdbRunAccess::GetPatternDataForPrediction: 176 views are selected for side 2
GetPatternDataForPrediction: 238695 segments for pred -1, side 2 from ../b000051/p031/51.31.6.18.raw.root
EdbRunAccess::GetPatternDataForPrediction: 91 views are selected for side 1
GetPatternDataForPrediction: 89543 segments for pred -1, side 1 from ../b000051/p031/51.31.6.18.raw.root
EdbRunAccess::CheckUpDownOffsets: Warning: different number of views: 91 -up,  176 - down
EdbRunAccess::CheckUpDownOffsets: WARNING!!! XY stage possible malfunction (rms>0.5 micron) rmsX =  0.6922  rmsY =  0.4413 (by 91 views)
EdbRunAccess::CheckViewSize:  side1    X:[-249.500000 249.500000]   Y:[-249.500000 249.500000]
EdbRunAccess::CheckViewSize:  side2    X:[-249.500000 249.500000]   Y:[-249.500000 249.500000]
EdbLinking::Link: patterns with 89543 and 238695 segments and z1 = 87.500000  z2 = -87.500000
EdbLinking::Link: segments z1 = 87.500000  z2 = -87.500000
EdbScanCond::DefineLLFunction: 0.256336-0.16489*x+2.11098*x*x
ThetaLimits: 0.050000 1.000000
EdbLinking::Link: after preselection: n1pre = 47997  n2pre = 146637
DubletsFilterOut: miss: 26057 wrong: 9
DubletsFilterOut: 4411 segments discarded with DX,DY,DTX,DTY: (  5.0000   5.0000 0.10000 0.10000) checkview =1
DubletsFilterOut: miss: 55600 wrong: 32
DubletsFilterOut: 18159 segments discarded with DX,DY,DTX,DTY: (  5.0000   5.0000 0.10000 0.10000) checkview =1
EdbSEQ::EqualizeMT: selected 100.0% (47997 of 47997) segments in area of     0.4 cm²
EdbSEQ::EqualizeMT: selected 100.0% (146637 of 146637) segments in area of     0.8 cm²
EdbLinking::Link: A n1shr = 47997  n2shr = 146637
EdbLinking::CorrectShrinkage: side1: 0.688333 (0.700000)   side2: 0.781667 (0.700000)
EdbLinking::CorrectShrinkage: side1: 0.822067 (0.688333)   side2: 0.762013 (0.781667)
EdbLinking::CorrectAngles: arrays with 47997 and 146637 segments
RankCouples     : 45874 couples ok
EdbLinking::CorrectAngles: using 25494 segments dx1,dy1:(  0.009  0.039 )  dx2,dy2:(  0.001  0.080 )
EdbLinking::CorrectAngles: arrays with 47997 and 146637 segments
RankCouples     : 47689 couples ok
EdbLinking::CorrectAngles: using 28510 segments dx1,dy1:( -0.005 -0.020 )  dx2,dy2:( -0.001 -0.042 )
EdbLinking::CorrectShrinkage: side1: 0.813024 (0.822067)   side2: 0.822212 (0.762013)
EdbLinking::CorrectShrinkage: side1: 0.847984 (0.813024)   side2: 0.813168 (0.822212)
EdbLinking::CorrectShrinkage: side1: 0.838656 (0.847984)   side2: 0.833497 (0.813168)
EdbLinking::CorrectAngles: arrays with 47997 and 146637 segments
RankCouples     : 47978 couples ok
EdbLinking::CorrectAngles: using 29445 segments dx1,dy1:(  0.003  0.011 )  dx2,dy2:( -0.001  0.017 )
EdbLinking::CorrectAngles: arrays with 47997 and 146637 segments
RankCouples     : 48371 couples ok
EdbLinking::CorrectAngles: using 29541 segments dx1,dy1:( -0.002 -0.006 )  dx2,dy2:(  0.000 -0.010 )
EdbSEQ::EqualizeMT: selected 100.0% (47997 of 47997) segments in area of     0.4 cm²
EdbSEQ::EqualizeMT: selected 100.0% (146637 of 146637) segments in area of     0.8 cm²
EdbLinking::FullLinking: arrays with 47997 and 146637 segments and z1 = 87.500000  z2 = -87.500000
EdbLinking::FullLinking: segments z1 = 87.500000  z2 = -87.500000
RankCouples     : 64130 couples ok
Linking Report  : Save to file ../b000051/p031/51.31.6.18.cp.root
Shrinkage corr: : Shrinkage side1 is  0.839 with peak of  14315/  68.2      side2 is  0.833 with peak of 14362/  70.6 
UpdatePar       : ../b000051/p031/51.31.6.18.par 
UpdatePar       : ../b000051/p031/51.31.6.18.par 
EdbScanProc::LinkRunTest ** processing cell 5 17
LinkRunTest     : cell layout, 18 x cells from 5000.000000 to 185000.000000, 18 y cells from 5000.000000 to 185000.000000
OBJ: TCut		TMath::Abs(eXview-60000.000000) < 6250.000000 && TMath::Abs(eYview-180000.000000) < 6250.000000
EdbScanProc::LinkRunTest ** AFID=1
EdbRunAccess::FillVP: Get data from ../b000051/p030/51.30.6.18.raw.root with AFID=1
EdbRunAccess::FillVP:  480 entries in limits X=(54188.367188 : 65740.328125) Y=(173816.656250 180596.390625)

EdbRunAccess::GuessNviewsPerArea: WARNING: eNviewsPerArea*eNareas*2 != nviews: 464*158*2 != 146790
EdbRunAccess::InitRun: ../b000051/p030/51.30.6.18.raw.root AFID=1
InitRunAccess   :  ../b000051/p030/51.30.6.18.raw.root with 146790 views
EdbRunAccess::GetPatternDataForPrediction: 272 views are selected for side 2
GetPatternDataForPrediction: 200385 segments for pred -1, side 2 from ../b000051/p030/51.30.6.18.raw.root
EdbRunAccess::GetPatternDataForPrediction: 208 views are selected for side 1
GetPatternDataForPrediction: 248473 segments for pred -1, side 1 from ../b000051/p030/51.30.6.18.raw.root
EdbRunAccess::CheckUpDownOffsets: Warning: different number of views: 208 -up,  272 - down
EdbRunAccess::CheckUpDownOffsets: WARNING!!! XY stage possible malfunction (rms>0.5 micron) rmsX =  0.6186  rmsY =  0.8658 (by 208 views)
EdbRunAccess::CheckViewSize:  side1    X:[-249.500000 249.500000]   Y:[-249.500000 249.500000]
EdbRunAccess::CheckViewSize:  side2    X:[-249.500000 249.500000]   Y:[-249.500000 249.500000]
EdbLinking::Link: patterns with 248473 and 200385 segments and z1 = 87.500000  z2 = -87.500000
EdbLinking::Link: segments z1 = 87.500000  z2 = -87.500000
EdbScanCond::DefineLLFunction: 0.256336-0.16489*x+2.11098*x*x
ThetaLimits: 0.050000 1.000000
EdbLinking::Link: after preselection: n1pre = 135572  n2pre = 118548
DubletsFilterOut: miss: 62097 wrong: 15
DubletsFilterOut: 13042 segments discarded with DX,DY,DTX,DTY: (  5.0000   5.0000 0.10000 0.10000) checkview =1
DubletsFilterOut: miss: 26527 wrong: 15
DubletsFilterOut: 11096 segments discarded with DX,DY,DTX,DTY: (  5.0000   5.0000 0.10000 0.10000) checkview =1
EdbSEQ::EqualizeMT: selected 100.0% (135572 of 135572) segments in area of     0.9 cm²
EdbSEQ::EqualizeMT: selected 100.0% (118548 of 118548) segments in area of     1.5 cm²
EdbLinking::Link: A n1shr = 135572  n2shr = 118548
EdbLinking::CorrectShrinkage: side1: 0.758333 (0.700000)   side2: 0.735000 (0.700000)
EdbLinking::CorrectShrinkage: side1: 0.780867 (0.758333)   side2: 0.756840 (0.735000)
EdbLinking::CorrectAngles: arrays with 135572 and 118548 segments
RankCouples     : 76472 couples ok
EdbLinking::CorrectAngles: using 46450 segments dx1,dy1:(  0.003  0.056 )  dx2,dy2:( -0.002  0.073 )
EdbLinking::CorrectAngles: arrays with 135572 and 118548 segments
RankCouples     : 79455 couples ok
EdbLinking::CorrectAngles: using 50291 segments dx1,dy1:( -0.002 -0.032 )  dx2,dy2:(  0.001 -0.042 )
EdbLinking::CorrectShrinkage: side1: 0.814444 (0.780867)   side2: 0.789384 (0.756840)
EdbLinking::CorrectShrinkage: side1: 0.820145 (0.814444)   side2: 0.794910 (0.789384)
EdbLinking::CorrectShrinkage: side1: 0.825886 (0.820145)   side2: 0.800474 (0.794910)
EdbLinking::CorrectAngles: arrays with 135572 and 118548 segments
RankCouples     : 79727 couples ok
EdbLinking::CorrectAngles: using 51937 segments dx1,dy1:(  0.001  0.015 )  dx2,dy2:( -0.001  0.020 )
EdbLinking::CorrectAngles: arrays with 135572 and 118548 segments
RankCouples     : 80322 couples ok
EdbLinking::CorrectAngles: using 52103 segments dx1,dy1:( -0.001 -0.009 )  dx2,dy2:(  0.001 -0.012 )
EdbSEQ::EqualizeMT: selected 100.0% (135572 of 135572) segments in area of     0.9 cm²
EdbSEQ::EqualizeMT: selected 100.0% (118548 of 118548) segments in area of     1.5 cm²
EdbLinking::FullLinking: arrays with 135572 and 118548 segments and z1 = 87.500000  z2 = -87.500000
EdbLinking::FullLinking: segments z1 = 87.500000  z2 = -87.500000
RankCouples     : 103482 couples ok
Linking Report  : Save to file ../b000051/p030/51.30.6.18.cp.root
Shrinkage corr: : Shrinkage side1 is  0.826 with peak of  24206/ 121.9      side2 is  0.800 with peak of 23410/ 120.9 
UpdatePar       : ../b000051/p030/51.30.6.18.par 
UpdatePar       : ../b000051/p030/51.30.6.18.par 
ReadScanSet     : from ../b000051/b000051.0.6.18.set.root
Starting true linking
makescanset     :  for id 000051.0.6.18
EdbScanSet::MakeNominalSet: 000051.0.6.18
ReadScanSet     : from ../b000051/b000051.0.6.18.set.root
ReadScanSet     : from ../b000051/b000051.0.6.18.set.root
ReadScanSet     : from ../b000051/b000051.0.6.18.set.root
ReadScanSet     : from ../b000051/b000051.0.6.18.set.root
EdbScanSet: 000051.0.6.18
Brick 51 with 3 plates:
 32          0.00        1.000000  0.000000  0.000000  1.000000        0.000000        0.000000
 31      -1300.00        1.000000  0.000000  0.000000  1.000000        0.000000        0.000000
 30      -2600.00        1.000000  0.000000  0.000000  1.000000        0.000000        0.000000
for this brick 3 identifiers are defined:
000051.32.6.18  shr1/base/shr2 = 0.826 / 175.0 / 0.807
000051.31.6.18  shr1/base/shr2 = 0.833 / 175.0 / 0.839
000051.30.6.18  shr1/base/shr2 = 0.800 / 175.0 / 0.826

----------------------------------------------------------------------------
link set with id= 51.0.6.18
----------------------------------------------------------------------------

ReadScanSet     : from ../b000051/b000051.0.6.18.set.root
EdbScanProc::LinkRunTest ** processing cell 5 17
LinkRunTest     : cell layout, 18 x cells from 5000.000000 to 185000.000000, 18 y cells from 5000.000000 to 185000.000000
OBJ: TCut		TMath::Abs(eXview-60000.000000) < 6250.000000 && TMath::Abs(eYview-180000.000000) < 6250.000000
EdbScanProc::LinkRunTest ** AFID=1
EdbRunAccess::FillVP: Get data from ../b000051/p032/51.32.6.18.raw.root with AFID=1
EdbRunAccess::FillVP:  96 entries in limits X=(54189.367188 : 65742.101562) Y=(173817.546875 174947.953125)

EdbRunAccess::InitRun: ../b000051/p032/51.32.6.18.raw.root AFID=1
InitRunAccess   :  ../b000051/p032/51.32.6.18.raw.root with 140732 views
EdbRunAccess::GetPatternDataForPrediction: 48 views are selected for side 2
GetPatternDataForPrediction: 74771 segments for pred -1, side 2 from ../b000051/p032/51.32.6.18.raw.root
EdbRunAccess::GetPatternDataForPrediction: 48 views are selected for side 1
GetPatternDataForPrediction: 44045 segments for pred -1, side 1 from ../b000051/p032/51.32.6.18.raw.root
EdbRunAccess::CheckUpDownOffsets: WARNING!!! XY stage possible malfunction (rms>0.5 micron) rmsX =  0.8686  rmsY =  0.8505 (by 48 views)
EdbRunAccess::CheckViewSize:  side1    X:[-249.500000 249.500000]   Y:[-249.500000 249.500000]
EdbRunAccess::CheckViewSize:  side2    X:[-249.500000 249.500000]   Y:[-249.500000 249.500000]
EdbLinking::Link: patterns with 44045 and 74771 segments and z1 = 87.500000  z2 = -87.500000
EdbLinking::Link: segments z1 = 87.500000  z2 = -87.500000
EdbScanCond::DefineLLFunction: 0.256336-0.16489*x+2.11098*x*x
ThetaLimits: 0.000000 1.000000
EdbLinking::Link: after preselection: n1pre = 41400  n2pre = 70718
DubletsFilterOut: miss: 12506 wrong: 2
DubletsFilterOut: 551 segments discarded with DX,DY,DTX,DTY: (  5.0000   5.0000 0.10000 0.10000) checkview =1
DubletsFilterOut: miss: 28934 wrong: 24
DubletsFilterOut: 9611 segments discarded with DX,DY,DTX,DTY: (  5.0000   5.0000 0.10000 0.10000) checkview =1
EdbSEQ::EqualizeMT: selected 100.0% (41400 of 41400) segments in area of     0.2 cm²
EdbSEQ::EqualizeMT: selected 100.0% (70718 of 70718) segments in area of     0.2 cm²
EdbLinking::FullLinking: arrays with 41400 and 70718 segments and z1 = 87.500000  z2 = -87.500000
EdbLinking::FullLinking: segments z1 = 87.500000  z2 = -87.500000
RankCouples     : 54790 couples ok
EdbCouplesTree::InitCouplesTree: create new tree couples in (null)
EdbLinking::SaveCouplesTree: 54790 couples are stored into ../b000051/p032/51.32.6.18.cp.root
Linking Report  : Save to file ../b000051/p032/51.32.6.18.cp.root
EdbScanProc::LinkRunTest ** processing cell 5 17
LinkRunTest     : cell layout, 18 x cells from 5000.000000 to 185000.000000, 18 y cells from 5000.000000 to 185000.000000
OBJ: TCut		TMath::Abs(eXview-60000.000000) < 6250.000000 && TMath::Abs(eYview-180000.000000) < 6250.000000
EdbScanProc::LinkRunTest ** AFID=1
EdbRunAccess::FillVP: Get data from ../b000051/p031/51.31.6.18.raw.root with AFID=1
EdbRunAccess::FillVP:  267 entries in limits X=(54187.636719 : 65738.039062) Y=(173817.953125 176078.046875)

EdbRunAccess::GuessNviewsPerArea: WARNING: eNviewsPerArea*eNareas*2 != nviews: 463*156*2 != 144460
EdbRunAccess::InitRun: ../b000051/p031/51.31.6.18.raw.root AFID=1
InitRunAccess   :  ../b000051/p031/51.31.6.18.raw.root with 144460 views
EdbRunAccess::GetPatternDataForPrediction: 176 views are selected for side 2
GetPatternDataForPrediction: 238695 segments for pred -1, side 2 from ../b000051/p031/51.31.6.18.raw.root
EdbRunAccess::GetPatternDataForPrediction: 91 views are selected for side 1
GetPatternDataForPrediction: 89543 segments for pred -1, side 1 from ../b000051/p031/51.31.6.18.raw.root
EdbRunAccess::CheckUpDownOffsets: Warning: different number of views: 91 -up,  176 - down
EdbRunAccess::CheckUpDownOffsets: WARNING!!! XY stage possible malfunction (rms>0.5 micron) rmsX =  0.6922  rmsY =  0.4413 (by 91 views)
EdbRunAccess::CheckViewSize:  side1    X:[-249.500000 249.500000]   Y:[-249.500000 249.500000]
EdbRunAccess::CheckViewSize:  side2    X:[-249.500000 249.500000]   Y:[-249.500000 249.500000]
EdbLinking::Link: patterns with 89543 and 238695 segments and z1 = 87.500000  z2 = -87.500000
EdbLinking::Link: segments z1 = 87.500000  z2 = -87.500000
EdbScanCond::DefineLLFunction: 0.256336-0.16489*x+2.11098*x*x
ThetaLimits: 0.000000 1.000000
EdbLinking::Link: after preselection: n1pre = 83579  n2pre = 225403
DubletsFilterOut: miss: 28843 wrong: 17
DubletsFilterOut: 8982 segments discarded with DX,DY,DTX,DTY: (  5.0000   5.0000 0.10000 0.10000) checkview =1
DubletsFilterOut: miss: 65742 wrong: 72
DubletsFilterOut: 33188 segments discarded with DX,DY,DTX,DTY: (  5.0000   5.0000 0.10000 0.10000) checkview =1
EdbSEQ::EqualizeMT: selected 100.0% (83579 of 83579) segments in area of     0.4 cm²
EdbSEQ::EqualizeMT: selected 100.0% (225403 of 225403) segments in area of     0.8 cm²
EdbLinking::FullLinking: arrays with 83579 and 225403 segments and z1 = 87.500000  z2 = -87.500000
EdbLinking::FullLinking: segments z1 = 87.500000  z2 = -87.500000
RankCouples     : 97733 couples ok
EdbCouplesTree::InitCouplesTree: create new tree couples in (null)
EdbLinking::SaveCouplesTree: 97733 couples are stored into ../b000051/p031/51.31.6.18.cp.root
Linking Report  : Save to file ../b000051/p031/51.31.6.18.cp.root
EdbScanProc::LinkRunTest ** processing cell 5 17
LinkRunTest     : cell layout, 18 x cells from 5000.000000 to 185000.000000, 18 y cells from 5000.000000 to 185000.000000
OBJ: TCut		TMath::Abs(eXview-60000.000000) < 6250.000000 && TMath::Abs(eYview-180000.000000) < 6250.000000
EdbScanProc::LinkRunTest ** AFID=1
EdbRunAccess::FillVP: Get data from ../b000051/p030/51.30.6.18.raw.root with AFID=1
EdbRunAccess::FillVP:  480 entries in limits X=(54188.367188 : 65740.328125) Y=(173816.656250 180596.390625)

EdbRunAccess::GuessNviewsPerArea: WARNING: eNviewsPerArea*eNareas*2 != nviews: 464*158*2 != 146790
EdbRunAccess::InitRun: ../b000051/p030/51.30.6.18.raw.root AFID=1
InitRunAccess   :  ../b000051/p030/51.30.6.18.raw.root with 146790 views
EdbRunAccess::GetPatternDataForPrediction: 272 views are selected for side 2
GetPatternDataForPrediction: 200385 segments for pred -1, side 2 from ../b000051/p030/51.30.6.18.raw.root
EdbRunAccess::GetPatternDataForPrediction: 208 views are selected for side 1
GetPatternDataForPrediction: 248473 segments for pred -1, side 1 from ../b000051/p030/51.30.6.18.raw.root
EdbRunAccess::CheckUpDownOffsets: Warning: different number of views: 208 -up,  272 - down
EdbRunAccess::CheckUpDownOffsets: WARNING!!! XY stage possible malfunction (rms>0.5 micron) rmsX =  0.6186  rmsY =  0.8658 (by 208 views)
EdbRunAccess::CheckViewSize:  side1    X:[-249.500000 249.500000]   Y:[-249.500000 249.500000]
EdbRunAccess::CheckViewSize:  side2    X:[-249.500000 249.500000]   Y:[-249.500000 249.500000]
EdbLinking::Link: patterns with 248473 and 200385 segments and z1 = 87.500000  z2 = -87.500000
EdbLinking::Link: segments z1 = 87.500000  z2 = -87.500000
EdbScanCond::DefineLLFunction: 0.256336-0.16489*x+2.11098*x*x
ThetaLimits: 0.000000 1.000000
EdbLinking::Link: after preselection: n1pre = 230794  n2pre = 183194
DubletsFilterOut: miss: 67099 wrong: 60
DubletsFilterOut: 26792 segments discarded with DX,DY,DTX,DTY: (  5.0000   5.0000 0.10000 0.10000) checkview =1
DubletsFilterOut: miss: 27380 wrong: 39
DubletsFilterOut: 23032 segments discarded with DX,DY,DTX,DTY: (  5.0000   5.0000 0.10000 0.10000) checkview =1
EdbSEQ::EqualizeMT: selected 100.0% (230794 of 230794) segments in area of     0.9 cm²
EdbSEQ::EqualizeMT: selected 100.0% (183194 of 183194) segments in area of     1.5 cm²
EdbLinking::FullLinking: arrays with 230794 and 183194 segments and z1 = 87.500000  z2 = -87.500000
EdbLinking::FullLinking: segments z1 = 87.500000  z2 = -87.500000
RankCouples     : 155060 couples ok
EdbCouplesTree::InitCouplesTree: create new tree couples in (null)
EdbLinking::SaveCouplesTree: 155060 couples are stored into ../b000051/p030/51.30.6.18.cp.root
Linking Report  : Save to file ../b000051/p030/51.30.6.18.cp.root
ReadScanSet     : from ../b000051/b000051.0.6.18.set.root
