Set up SND environment
search libraries in slc9_x86-64
merge cells for plate 
Load FEDRA libs

Processing /afs/cern.ch/user/o/onur//emulsion_tasks2/reco_scripts/linking/merge_coupleshistos.C("/eos/experiment/sndlhc/emulsionData/2022/CERN/emu_reco/RUN3/",51,32)...
We have 214393 good couples with selectioneCHI2P<2.0&&s.eW>10&&eN1<=1&&eN2<=1&&s1.eFlag>=0&&s2.eFlag>=0&&TMath::Abs(s.eX-10000)<5000&&TMath::Abs(s.eY-10000)<5000
We have 186407 good couples with selectioneCHI2P<2.0&&s.eW>10&&eN1<=1&&eN2<=1&&s1.eFlag>=0&&s2.eFlag>=0&&TMath::Abs(s.eX-10000)<5000&&TMath::Abs(s.eY-20000)<5000
We have 188536 good couples with selectioneCHI2P<2.0&&s.eW>10&&eN1<=1&&eN2<=1&&s1.eFlag>=0&&s2.eFlag>=0&&TMath::Abs(s.eX-10000)<5000&&TMath::Abs(s.eY-30000)<5000
We have 216300 good couples with selectioneCHI2P<2.0&&s.eW>10&&eN1<=1&&eN2<=1&&s1.eFlag>=0&&s2.eFlag>=0&&TMath::Abs(s.eX-10000)<5000&&TMath::Abs(s.eY-40000)<5000
We have 217447 good couples with selectioneCHI2P<2.0&&s.eW>10&&eN1<=1&&eN2<=1&&s1.eFlag>=0&&s2.eFlag>=0&&TMath::Abs(s.eX-10000)<5000&&TMath::Abs(s.eY-50000)<5000
We have 219474 good couples with selectioneCHI2P<2.0&&s.eW>10&&eN1<=1&&eN2<=1&&s1.eFlag>=0&&s2.eFlag>=0&&TMath::Abs(s.eX-10000)<5000&&TMath::Abs(s.eY-60000)<5000
We have 216747 good couples with selectioneCHI2P<2.0&&s.eW>10&&eN1<=1&&eN2<=1&&s1.eFlag>=0&&s2.eFlag>=0&&TMath::Abs(s.eX-10000)<5000&&TMath::Abs(s.eY-70000)<5000
We have 222094 good couples with selectioneCHI2P<2.0&&s.eW>10&&eN1<=1&&eN2<=1&&s1.eFlag>=0&&s2.eFlag>=0&&TMath::Abs(s.eX-10000)<5000&&TMath::Abs(s.eY-80000)<5000
We have 214700 good couples with selectioneCHI2P<2.0&&s.eW>10&&eN1<=1&&eN2<=1&&s1.eFlag>=0&&s2.eFlag>=0&&TMath::Abs(s.eX-10000)<5000&&TMath::Abs(s.eY-90000)<5000
We have 198337 good couples with selectioneCHI2P<2.0&&s.eW>10&&eN1<=1&&eN2<=1&&s1.eFlag>=0&&s2.eFlag>=0&&TMath::Abs(s.eX-10000)<5000&&TMath::Abs(s.eY-100000)<5000
We have 206831 good couples with selectioneCHI2P<2.0&&s.eW>10&&eN1<=1&&eN2<=1&&s1.eFlag>=0&&s2.eFlag>=0&&TMath::Abs(s.eX-10000)<5000&&TMath::Abs(s.eY-110000)<5000
We have 201551 good couples with selectioneCHI2P<2.0&&s.eW>10&&eN1<=1&&eN2<=1&&s1.eFlag>=0&&s2.eFlag>=0&&TMath::Abs(s.eX-10000)<5000&&TMath::Abs(s.eY-120000)<5000
We have 200934 good couples with selectioneCHI2P<2.0&&s.eW>10&&eN1<=1&&eN2<=1&&s1.eFlag>=0&&s2.eFlag>=0&&TMath::Abs(s.eX-10000)<5000&&TMath::Abs(s.eY-130000)<5000
We have 197536 good couples with selectioneCHI2P<2.0&&s.eW>10&&eN1<=1&&eN2<=1&&s1.eFlag>=0&&s2.eFlag>=0&&TMath::Abs(s.eX-10000)<5000&&TMath::Abs(s.eY-140000)<5000
We have 197091 good couples with selectioneCHI2P<2.0&&s.eW>10&&eN1<=1&&eN2<=1&&s1.eFlag>=0&&s2.eFlag>=0&&TMath::Abs(s.eX-10000)<5000&&TMath::Abs(s.eY-150000)<5000
We have 184265 good couples with selectioneCHI2P<2.0&&s.eW>10&&eN1<=1&&eN2<=1&&s1.eFlag>=0&&s2.eFlag>=0&&TMath::Abs(s.eX-10000)<5000&&TMath::Abs(s.eY-160000)<5000
We have 187015 good couples with selectioneCHI2P<2.0&&s.eW>10&&eN1<=1&&eN2<=1&&s1.eFlag>=0&&s2.eFlag>=0&&TMath::Abs(s.eX-10000)<5000&&TMath::Abs(s.eY-170000)<5000
We have 1954 good couples with selectioneCHI2P<2.0&&s.eW>10&&eN1<=1&&eN2<=1&&s1.eFlag>=0&&s2.eFlag>=0&&TMath::Abs(s.eX-10000)<5000&&TMath::Abs(s.eY-180000)<5000
We have 213427 good couples with selectioneCHI2P<2.0&&s.eW>10&&eN1<=1&&eN2<=1&&s1.eFlag>=0&&s2.eFlag>=0&&TMath::Abs(s.eX-20000)<5000&&TMath::Abs(s.eY-10000)<5000
We have 226158 good couples with selectioneCHI2P<2.0&&s.eW>10&&eN1<=1&&eN2<=1&&s1.eFlag>=0&&s2.eFlag>=0&&TMath::Abs(s.eX-20000)<5000&&TMath::Abs(s.eY-20000)<5000
We have 220187 good couples with selectioneCHI2P<2.0&&s.eW>10&&eN1<=1&&eN2<=1&&s1.eFlag>=0&&s2.eFlag>=0&&TMath::Abs(s.eX-20000)<5000&&TMath::Abs(s.eY-30000)<5000
We have 228373 good couples with selectioneCHI2P<2.0&&s.eW>10&&eN1<=1&&eN2<=1&&s1.eFlag>=0&&s2.eFlag>=0&&TMath::Abs(s.eX-20000)<5000&&TMath::Abs(s.eY-40000)<5000
We have 225788 good couples with selectioneCHI2P<2.0&&s.eW>10&&eN1<=1&&eN2<=1&&s1.eFlag>=0&&s2.eFlag>=0&&TMath::Abs(s.eX-20000)<5000&&TMath::Abs(s.eY-50000)<5000
We have 225751 good couples with selectioneCHI2P<2.0&&s.eW>10&&eN1<=1&&eN2<=1&&s1.eFlag>=0&&s2.eFlag>=0&&TMath::Abs(s.eX-20000)<5000&&TMath::Abs(s.eY-60000)<5000
We have 219842 good couples with selectioneCHI2P<2.0&&s.eW>10&&eN1<=1&&eN2<=1&&s1.eFlag>=0&&s2.eFlag>=0&&TMath::Abs(s.eX-20000)<5000&&TMath::Abs(s.eY-70000)<5000
We have 220446 good couples with selectioneCHI2P<2.0&&s.eW>10&&eN1<=1&&eN2<=1&&s1.eFlag>=0&&s2.eFlag>=0&&TMath::Abs(s.eX-20000)<5000&&TMath::Abs(s.eY-80000)<5000
We have 215054 good couples with selectioneCHI2P<2.0&&s.eW>10&&eN1<=1&&eN2<=1&&s1.eFlag>=0&&s2.eFlag>=0&&TMath::Abs(s.eX-20000)<5000&&TMath::Abs(s.eY-90000)<5000
We have 220127 good couples with selectioneCHI2P<2.0&&s.eW>10&&eN1<=1&&eN2<=1&&s1.eFlag>=0&&s2.eFlag>=0&&TMath::Abs(s.eX-20000)<5000&&TMath::Abs(s.eY-100000)<5000
We have 213647 good couples with selectioneCHI2P<2.0&&s.eW>10&&eN1<=1&&eN2<=1&&s1.eFlag>=0&&s2.eFlag>=0&&TMath::Abs(s.eX-20000)<5000&&TMath::Abs(s.eY-110000)<5000
We have 212940 good couples with selectioneCHI2P<2.0&&s.eW>10&&eN1<=1&&eN2<=1&&s1.eFlag>=0&&s2.eFlag>=0&&TMath::Abs(s.eX-20000)<5000&&TMath::Abs(s.eY-120000)<5000
We have 203336 good couples with selectioneCHI2P<2.0&&s.eW>10&&eN1<=1&&eN2<=1&&s1.eFlag>=0&&s2.eFlag>=0&&TMath::Abs(s.eX-20000)<5000&&TMath::Abs(s.eY-130000)<5000
We have 201942 good couples with selectioneCHI2P<2.0&&s.eW>10&&eN1<=1&&eN2<=1&&s1.eFlag>=0&&s2.eFlag>=0&&TMath::Abs(s.eX-20000)<5000&&TMath::Abs(s.eY-140000)<5000
We have 204895 good couples with selectioneCHI2P<2.0&&s.eW>10&&eN1<=1&&eN2<=1&&s1.eFlag>=0&&s2.eFlag>=0&&TMath::Abs(s.eX-20000)<5000&&TMath::Abs(s.eY-150000)<5000
We have 203765 good couples with selectioneCHI2P<2.0&&s.eW>10&&eN1<=1&&eN2<=1&&s1.eFlag>=0&&s2.eFlag>=0&&TMath::Abs(s.eX-20000)<5000&&TMath::Abs(s.eY-160000)<5000
We have 193871 good couples with selectioneCHI2P<2.0&&s.eW>10&&eN1<=1&&eN2<=1&&s1.eFlag>=0&&s2.eFlag>=0&&TMath::Abs(s.eX-20000)<5000&&TMath::Abs(s.eY-170000)<5000
We have 3070 good couples with selectioneCHI2P<2.0&&s.eW>10&&eN1<=1&&eN2<=1&&s1.eFlag>=0&&s2.eFlag>=0&&TMath::Abs(s.eX-20000)<5000&&TMath::Abs(s.eY-180000)<5000
We have 210124 good couples with selectioneCHI2P<2.0&&s.eW>10&&eN1<=1&&eN2<=1&&s1.eFlag>=0&&s2.eFlag>=0&&TMath::Abs(s.eX-30000)<5000&&TMath::Abs(s.eY-10000)<5000
We have 215735 good couples with selectioneCHI2P<2.0&&s.eW>10&&eN1<=1&&eN2<=1&&s1.eFlag>=0&&s2.eFlag>=0&&TMath::Abs(s.eX-30000)<5000&&TMath::Abs(s.eY-20000)<5000
We have 218579 good couples with selectioneCHI2P<2.0&&s.eW>10&&eN1<=1&&eN2<=1&&s1.eFlag>=0&&s2.eFlag>=0&&TMath::Abs(s.eX-30000)<5000&&TMath::Abs(s.eY-30000)<5000
We have 218316 good couples with selectioneCHI2P<2.0&&s.eW>10&&eN1<=1&&eN2<=1&&s1.eFlag>=0&&s2.eFlag>=0&&TMath::Abs(s.eX-30000)<5000&&TMath::Abs(s.eY-40000)<5000
We have 220989 good couples with selectioneCHI2P<2.0&&s.eW>10&&eN1<=1&&eN2<=1&&s1.eFlag>=0&&s2.eFlag>=0&&TMath::Abs(s.eX-30000)<5000&&TMath::Abs(s.eY-50000)<5000
We have 215169 good couples with selectioneCHI2P<2.0&&s.eW>10&&eN1<=1&&eN2<=1&&s1.eFlag>=0&&s2.eFlag>=0&&TMath::Abs(s.eX-30000)<5000&&TMath::Abs(s.eY-60000)<5000
We have 224581 good couples with selectioneCHI2P<2.0&&s.eW>10&&eN1<=1&&eN2<=1&&s1.eFlag>=0&&s2.eFlag>=0&&TMath::Abs(s.eX-30000)<5000&&TMath::Abs(s.eY-70000)<5000
We have 221728 good couples with selectioneCHI2P<2.0&&s.eW>10&&eN1<=1&&eN2<=1&&s1.eFlag>=0&&s2.eFlag>=0&&TMath::Abs(s.eX-30000)<5000&&TMath::Abs(s.eY-80000)<5000
We have 223056 good couples with selectioneCHI2P<2.0&&s.eW>10&&eN1<=1&&eN2<=1&&s1.eFlag>=0&&s2.eFlag>=0&&TMath::Abs(s.eX-30000)<5000&&TMath::Abs(s.eY-90000)<5000
We have 215053 good couples with selectioneCHI2P<2.0&&s.eW>10&&eN1<=1&&eN2<=1&&s1.eFlag>=0&&s2.eFlag>=0&&TMath::Abs(s.eX-30000)<5000&&TMath::Abs(s.eY-100000)<5000
We have 220600 good couples with selectioneCHI2P<2.0&&s.eW>10&&eN1<=1&&eN2<=1&&s1.eFlag>=0&&s2.eFlag>=0&&TMath::Abs(s.eX-30000)<5000&&TMath::Abs(s.eY-110000)<5000
We have 221243 good couples with selectioneCHI2P<2.0&&s.eW>10&&eN1<=1&&eN2<=1&&s1.eFlag>=0&&s2.eFlag>=0&&TMath::Abs(s.eX-30000)<5000&&TMath::Abs(s.eY-120000)<5000
We have 211559 good couples with selectioneCHI2P<2.0&&s.eW>10&&eN1<=1&&eN2<=1&&s1.eFlag>=0&&s2.eFlag>=0&&TMath::Abs(s.eX-30000)<5000&&TMath::Abs(s.eY-130000)<5000
We have 211253 good couples with selectioneCHI2P<2.0&&s.eW>10&&eN1<=1&&eN2<=1&&s1.eFlag>=0&&s2.eFlag>=0&&TMath::Abs(s.eX-30000)<5000&&TMath::Abs(s.eY-140000)<5000
We have 204832 good couples with selectioneCHI2P<2.0&&s.eW>10&&eN1<=1&&eN2<=1&&s1.eFlag>=0&&s2.eFlag>=0&&TMath::Abs(s.eX-30000)<5000&&TMath::Abs(s.eY-150000)<5000
We have 204471 good couples with selectioneCHI2P<2.0&&s.eW>10&&eN1<=1&&eN2<=1&&s1.eFlag>=0&&s2.eFlag>=0&&TMath::Abs(s.eX-30000)<5000&&TMath::Abs(s.eY-160000)<5000
We have 194650 good couples with selectioneCHI2P<2.0&&s.eW>10&&eN1<=1&&eN2<=1&&s1.eFlag>=0&&s2.eFlag>=0&&TMath::Abs(s.eX-30000)<5000&&TMath::Abs(s.eY-170000)<5000
We have 3897 good couples with selectioneCHI2P<2.0&&s.eW>10&&eN1<=1&&eN2<=1&&s1.eFlag>=0&&s2.eFlag>=0&&TMath::Abs(s.eX-30000)<5000&&TMath::Abs(s.eY-180000)<5000
We have 207785 good couples with selectioneCHI2P<2.0&&s.eW>10&&eN1<=1&&eN2<=1&&s1.eFlag>=0&&s2.eFlag>=0&&TMath::Abs(s.eX-40000)<5000&&TMath::Abs(s.eY-10000)<5000
We have 213134 good couples with selectioneCHI2P<2.0&&s.eW>10&&eN1<=1&&eN2<=1&&s1.eFlag>=0&&s2.eFlag>=0&&TMath::Abs(s.eX-40000)<5000&&TMath::Abs(s.eY-20000)<5000
We have 220802 good couples with selectioneCHI2P<2.0&&s.eW>10&&eN1<=1&&eN2<=1&&s1.eFlag>=0&&s2.eFlag>=0&&TMath::Abs(s.eX-40000)<5000&&TMath::Abs(s.eY-30000)<5000
We have 212101 good couples with selectioneCHI2P<2.0&&s.eW>10&&eN1<=1&&eN2<=1&&s1.eFlag>=0&&s2.eFlag>=0&&TMath::Abs(s.eX-40000)<5000&&TMath::Abs(s.eY-40000)<5000
We have 216043 good couples with selectioneCHI2P<2.0&&s.eW>10&&eN1<=1&&eN2<=1&&s1.eFlag>=0&&s2.eFlag>=0&&TMath::Abs(s.eX-40000)<5000&&TMath::Abs(s.eY-50000)<5000
We have 214147 good couples with selectioneCHI2P<2.0&&s.eW>10&&eN1<=1&&eN2<=1&&s1.eFlag>=0&&s2.eFlag>=0&&TMath::Abs(s.eX-40000)<5000&&TMath::Abs(s.eY-60000)<5000
We have 221043 good couples with selectioneCHI2P<2.0&&s.eW>10&&eN1<=1&&eN2<=1&&s1.eFlag>=0&&s2.eFlag>=0&&TMath::Abs(s.eX-40000)<5000&&TMath::Abs(s.eY-70000)<5000
We have 215854 good couples with selectioneCHI2P<2.0&&s.eW>10&&eN1<=1&&eN2<=1&&s1.eFlag>=0&&s2.eFlag>=0&&TMath::Abs(s.eX-40000)<5000&&TMath::Abs(s.eY-80000)<5000
We have 214209 good couples with selectioneCHI2P<2.0&&s.eW>10&&eN1<=1&&eN2<=1&&s1.eFlag>=0&&s2.eFlag>=0&&TMath::Abs(s.eX-40000)<5000&&TMath::Abs(s.eY-90000)<5000
We have 215009 good couples with selectioneCHI2P<2.0&&s.eW>10&&eN1<=1&&eN2<=1&&s1.eFlag>=0&&s2.eFlag>=0&&TMath::Abs(s.eX-40000)<5000&&TMath::Abs(s.eY-100000)<5000
We have 220321 good couples with selectioneCHI2P<2.0&&s.eW>10&&eN1<=1&&eN2<=1&&s1.eFlag>=0&&s2.eFlag>=0&&TMath::Abs(s.eX-40000)<5000&&TMath::Abs(s.eY-110000)<5000
We have 218169 good couples with selectioneCHI2P<2.0&&s.eW>10&&eN1<=1&&eN2<=1&&s1.eFlag>=0&&s2.eFlag>=0&&TMath::Abs(s.eX-40000)<5000&&TMath::Abs(s.eY-120000)<5000
We have 211052 good couples with selectioneCHI2P<2.0&&s.eW>10&&eN1<=1&&eN2<=1&&s1.eFlag>=0&&s2.eFlag>=0&&TMath::Abs(s.eX-40000)<5000&&TMath::Abs(s.eY-130000)<5000
We have 208338 good couples with selectioneCHI2P<2.0&&s.eW>10&&eN1<=1&&eN2<=1&&s1.eFlag>=0&&s2.eFlag>=0&&TMath::Abs(s.eX-40000)<5000&&TMath::Abs(s.eY-140000)<5000
We have 201586 good couples with selectioneCHI2P<2.0&&s.eW>10&&eN1<=1&&eN2<=1&&s1.eFlag>=0&&s2.eFlag>=0&&TMath::Abs(s.eX-40000)<5000&&TMath::Abs(s.eY-150000)<5000
We have 215547 good couples with selectioneCHI2P<2.0&&s.eW>10&&eN1<=1&&eN2<=1&&s1.eFlag>=0&&s2.eFlag>=0&&TMath::Abs(s.eX-40000)<5000&&TMath::Abs(s.eY-160000)<5000
We have 202073 good couples with selectioneCHI2P<2.0&&s.eW>10&&eN1<=1&&eN2<=1&&s1.eFlag>=0&&s2.eFlag>=0&&TMath::Abs(s.eX-40000)<5000&&TMath::Abs(s.eY-170000)<5000
We have 3493 good couples with selectioneCHI2P<2.0&&s.eW>10&&eN1<=1&&eN2<=1&&s1.eFlag>=0&&s2.eFlag>=0&&TMath::Abs(s.eX-40000)<5000&&TMath::Abs(s.eY-180000)<5000
We have 194996 good couples with selectioneCHI2P<2.0&&s.eW>10&&eN1<=1&&eN2<=1&&s1.eFlag>=0&&s2.eFlag>=0&&TMath::Abs(s.eX-50000)<5000&&TMath::Abs(s.eY-10000)<5000
We have 206114 good couples with selectioneCHI2P<2.0&&s.eW>10&&eN1<=1&&eN2<=1&&s1.eFlag>=0&&s2.eFlag>=0&&TMath::Abs(s.eX-50000)<5000&&TMath::Abs(s.eY-20000)<5000
We have 206714 good couples with selectioneCHI2P<2.0&&s.eW>10&&eN1<=1&&eN2<=1&&s1.eFlag>=0&&s2.eFlag>=0&&TMath::Abs(s.eX-50000)<5000&&TMath::Abs(s.eY-30000)<5000
We have 207909 good couples with selectioneCHI2P<2.0&&s.eW>10&&eN1<=1&&eN2<=1&&s1.eFlag>=0&&s2.eFlag>=0&&TMath::Abs(s.eX-50000)<5000&&TMath::Abs(s.eY-40000)<5000
We have 220719 good couples with selectioneCHI2P<2.0&&s.eW>10&&eN1<=1&&eN2<=1&&s1.eFlag>=0&&s2.eFlag>=0&&TMath::Abs(s.eX-50000)<5000&&TMath::Abs(s.eY-50000)<5000
We have 217147 good couples with selectioneCHI2P<2.0&&s.eW>10&&eN1<=1&&eN2<=1&&s1.eFlag>=0&&s2.eFlag>=0&&TMath::Abs(s.eX-50000)<5000&&TMath::Abs(s.eY-60000)<5000
We have 216145 good couples with selectioneCHI2P<2.0&&s.eW>10&&eN1<=1&&eN2<=1&&s1.eFlag>=0&&s2.eFlag>=0&&TMath::Abs(s.eX-50000)<5000&&TMath::Abs(s.eY-70000)<5000
We have 224910 good couples with selectioneCHI2P<2.0&&s.eW>10&&eN1<=1&&eN2<=1&&s1.eFlag>=0&&s2.eFlag>=0&&TMath::Abs(s.eX-50000)<5000&&TMath::Abs(s.eY-80000)<5000
We have 215014 good couples with selectioneCHI2P<2.0&&s.eW>10&&eN1<=1&&eN2<=1&&s1.eFlag>=0&&s2.eFlag>=0&&TMath::Abs(s.eX-50000)<5000&&TMath::Abs(s.eY-90000)<5000
We have 220413 good couples with selectioneCHI2P<2.0&&s.eW>10&&eN1<=1&&eN2<=1&&s1.eFlag>=0&&s2.eFlag>=0&&TMath::Abs(s.eX-50000)<5000&&TMath::Abs(s.eY-100000)<5000
We have 218767 good couples with selectioneCHI2P<2.0&&s.eW>10&&eN1<=1&&eN2<=1&&s1.eFlag>=0&&s2.eFlag>=0&&TMath::Abs(s.eX-50000)<5000&&TMath::Abs(s.eY-110000)<5000
We have 214632 good couples with selectioneCHI2P<2.0&&s.eW>10&&eN1<=1&&eN2<=1&&s1.eFlag>=0&&s2.eFlag>=0&&TMath::Abs(s.eX-50000)<5000&&TMath::Abs(s.eY-120000)<5000
We have 210711 good couples with selectioneCHI2P<2.0&&s.eW>10&&eN1<=1&&eN2<=1&&s1.eFlag>=0&&s2.eFlag>=0&&TMath::Abs(s.eX-50000)<5000&&TMath::Abs(s.eY-130000)<5000
We have 208689 good couples with selectioneCHI2P<2.0&&s.eW>10&&eN1<=1&&eN2<=1&&s1.eFlag>=0&&s2.eFlag>=0&&TMath::Abs(s.eX-50000)<5000&&TMath::Abs(s.eY-140000)<5000
We have 211497 good couples with selectioneCHI2P<2.0&&s.eW>10&&eN1<=1&&eN2<=1&&s1.eFlag>=0&&s2.eFlag>=0&&TMath::Abs(s.eX-50000)<5000&&TMath::Abs(s.eY-150000)<5000
We have 213606 good couples with selectioneCHI2P<2.0&&s.eW>10&&eN1<=1&&eN2<=1&&s1.eFlag>=0&&s2.eFlag>=0&&TMath::Abs(s.eX-50000)<5000&&TMath::Abs(s.eY-160000)<5000
We have 190321 good couples with selectioneCHI2P<2.0&&s.eW>10&&eN1<=1&&eN2<=1&&s1.eFlag>=0&&s2.eFlag>=0&&TMath::Abs(s.eX-50000)<5000&&TMath::Abs(s.eY-170000)<5000
We have 4191 good couples with selectioneCHI2P<2.0&&s.eW>10&&eN1<=1&&eN2<=1&&s1.eFlag>=0&&s2.eFlag>=0&&TMath::Abs(s.eX-50000)<5000&&TMath::Abs(s.eY-180000)<5000
We have 190653 good couples with selectioneCHI2P<2.0&&s.eW>10&&eN1<=1&&eN2<=1&&s1.eFlag>=0&&s2.eFlag>=0&&TMath::Abs(s.eX-60000)<5000&&TMath::Abs(s.eY-10000)<5000
We have 210200 good couples with selectioneCHI2P<2.0&&s.eW>10&&eN1<=1&&eN2<=1&&s1.eFlag>=0&&s2.eFlag>=0&&TMath::Abs(s.eX-60000)<5000&&TMath::Abs(s.eY-20000)<5000
We have 215028 good couples with selectioneCHI2P<2.0&&s.eW>10&&eN1<=1&&eN2<=1&&s1.eFlag>=0&&s2.eFlag>=0&&TMath::Abs(s.eX-60000)<5000&&TMath::Abs(s.eY-30000)<5000
We have 212116 good couples with selectioneCHI2P<2.0&&s.eW>10&&eN1<=1&&eN2<=1&&s1.eFlag>=0&&s2.eFlag>=0&&TMath::Abs(s.eX-60000)<5000&&TMath::Abs(s.eY-40000)<5000
We have 219768 good couples with selectioneCHI2P<2.0&&s.eW>10&&eN1<=1&&eN2<=1&&s1.eFlag>=0&&s2.eFlag>=0&&TMath::Abs(s.eX-60000)<5000&&TMath::Abs(s.eY-50000)<5000
We have 216196 good couples with selectioneCHI2P<2.0&&s.eW>10&&eN1<=1&&eN2<=1&&s1.eFlag>=0&&s2.eFlag>=0&&TMath::Abs(s.eX-60000)<5000&&TMath::Abs(s.eY-60000)<5000
We have 220438 good couples with selectioneCHI2P<2.0&&s.eW>10&&eN1<=1&&eN2<=1&&s1.eFlag>=0&&s2.eFlag>=0&&TMath::Abs(s.eX-60000)<5000&&TMath::Abs(s.eY-70000)<5000
We have 214652 good couples with selectioneCHI2P<2.0&&s.eW>10&&eN1<=1&&eN2<=1&&s1.eFlag>=0&&s2.eFlag>=0&&TMath::Abs(s.eX-60000)<5000&&TMath::Abs(s.eY-80000)<5000
We have 219985 good couples with selectioneCHI2P<2.0&&s.eW>10&&eN1<=1&&eN2<=1&&s1.eFlag>=0&&s2.eFlag>=0&&TMath::Abs(s.eX-60000)<5000&&TMath::Abs(s.eY-90000)<5000
We have 217743 good couples with selectioneCHI2P<2.0&&s.eW>10&&eN1<=1&&eN2<=1&&s1.eFlag>=0&&s2.eFlag>=0&&TMath::Abs(s.eX-60000)<5000&&TMath::Abs(s.eY-100000)<5000
We have 227753 good couples with selectioneCHI2P<2.0&&s.eW>10&&eN1<=1&&eN2<=1&&s1.eFlag>=0&&s2.eFlag>=0&&TMath::Abs(s.eX-60000)<5000&&TMath::Abs(s.eY-110000)<5000
We have 217835 good couples with selectioneCHI2P<2.0&&s.eW>10&&eN1<=1&&eN2<=1&&s1.eFlag>=0&&s2.eFlag>=0&&TMath::Abs(s.eX-60000)<5000&&TMath::Abs(s.eY-120000)<5000
We have 211303 good couples with selectioneCHI2P<2.0&&s.eW>10&&eN1<=1&&eN2<=1&&s1.eFlag>=0&&s2.eFlag>=0&&TMath::Abs(s.eX-60000)<5000&&TMath::Abs(s.eY-130000)<5000
We have 215012 good couples with selectioneCHI2P<2.0&&s.eW>10&&eN1<=1&&eN2<=1&&s1.eFlag>=0&&s2.eFlag>=0&&TMath::Abs(s.eX-60000)<5000&&TMath::Abs(s.eY-140000)<5000
We have 219352 good couples with selectioneCHI2P<2.0&&s.eW>10&&eN1<=1&&eN2<=1&&s1.eFlag>=0&&s2.eFlag>=0&&TMath::Abs(s.eX-60000)<5000&&TMath::Abs(s.eY-150000)<5000
We have 224111 good couples with selectioneCHI2P<2.0&&s.eW>10&&eN1<=1&&eN2<=1&&s1.eFlag>=0&&s2.eFlag>=0&&TMath::Abs(s.eX-60000)<5000&&TMath::Abs(s.eY-160000)<5000
We have 189550 good couples with selectioneCHI2P<2.0&&s.eW>10&&eN1<=1&&eN2<=1&&s1.eFlag>=0&&s2.eFlag>=0&&TMath::Abs(s.eX-60000)<5000&&TMath::Abs(s.eY-170000)<5000
We have 3532 good couples with selectioneCHI2P<2.0&&s.eW>10&&eN1<=1&&eN2<=1&&s1.eFlag>=0&&s2.eFlag>=0&&TMath::Abs(s.eX-60000)<5000&&TMath::Abs(s.eY-180000)<5000
We have 193059 good couples with selectioneCHI2P<2.0&&s.eW>10&&eN1<=1&&eN2<=1&&s1.eFlag>=0&&s2.eFlag>=0&&TMath::Abs(s.eX-70000)<5000&&TMath::Abs(s.eY-10000)<5000
We have 207204 good couples with selectioneCHI2P<2.0&&s.eW>10&&eN1<=1&&eN2<=1&&s1.eFlag>=0&&s2.eFlag>=0&&TMath::Abs(s.eX-70000)<5000&&TMath::Abs(s.eY-20000)<5000
We have 205364 good couples with selectioneCHI2P<2.0&&s.eW>10&&eN1<=1&&eN2<=1&&s1.eFlag>=0&&s2.eFlag>=0&&TMath::Abs(s.eX-70000)<5000&&TMath::Abs(s.eY-30000)<5000
We have 216091 good couples with selectioneCHI2P<2.0&&s.eW>10&&eN1<=1&&eN2<=1&&s1.eFlag>=0&&s2.eFlag>=0&&TMath::Abs(s.eX-70000)<5000&&TMath::Abs(s.eY-40000)<5000
We have 217230 good couples with selectioneCHI2P<2.0&&s.eW>10&&eN1<=1&&eN2<=1&&s1.eFlag>=0&&s2.eFlag>=0&&TMath::Abs(s.eX-70000)<5000&&TMath::Abs(s.eY-50000)<5000
We have 212102 good couples with selectioneCHI2P<2.0&&s.eW>10&&eN1<=1&&eN2<=1&&s1.eFlag>=0&&s2.eFlag>=0&&TMath::Abs(s.eX-70000)<5000&&TMath::Abs(s.eY-60000)<5000
We have 218658 good couples with selectioneCHI2P<2.0&&s.eW>10&&eN1<=1&&eN2<=1&&s1.eFlag>=0&&s2.eFlag>=0&&TMath::Abs(s.eX-70000)<5000&&TMath::Abs(s.eY-70000)<5000
We have 219510 good couples with selectioneCHI2P<2.0&&s.eW>10&&eN1<=1&&eN2<=1&&s1.eFlag>=0&&s2.eFlag>=0&&TMath::Abs(s.eX-70000)<5000&&TMath::Abs(s.eY-80000)<5000
We have 222518 good couples with selectioneCHI2P<2.0&&s.eW>10&&eN1<=1&&eN2<=1&&s1.eFlag>=0&&s2.eFlag>=0&&TMath::Abs(s.eX-70000)<5000&&TMath::Abs(s.eY-90000)<5000
We have 225699 good couples with selectioneCHI2P<2.0&&s.eW>10&&eN1<=1&&eN2<=1&&s1.eFlag>=0&&s2.eFlag>=0&&TMath::Abs(s.eX-70000)<5000&&TMath::Abs(s.eY-100000)<5000
We have 221659 good couples with selectioneCHI2P<2.0&&s.eW>10&&eN1<=1&&eN2<=1&&s1.eFlag>=0&&s2.eFlag>=0&&TMath::Abs(s.eX-70000)<5000&&TMath::Abs(s.eY-110000)<5000
We have 215696 good couples with selectioneCHI2P<2.0&&s.eW>10&&eN1<=1&&eN2<=1&&s1.eFlag>=0&&s2.eFlag>=0&&TMath::Abs(s.eX-70000)<5000&&TMath::Abs(s.eY-120000)<5000
We have 213855 good couples with selectioneCHI2P<2.0&&s.eW>10&&eN1<=1&&eN2<=1&&s1.eFlag>=0&&s2.eFlag>=0&&TMath::Abs(s.eX-70000)<5000&&TMath::Abs(s.eY-130000)<5000
We have 216178 good couples with selectioneCHI2P<2.0&&s.eW>10&&eN1<=1&&eN2<=1&&s1.eFlag>=0&&s2.eFlag>=0&&TMath::Abs(s.eX-70000)<5000&&TMath::Abs(s.eY-140000)<5000
We have 223226 good couples with selectioneCHI2P<2.0&&s.eW>10&&eN1<=1&&eN2<=1&&s1.eFlag>=0&&s2.eFlag>=0&&TMath::Abs(s.eX-70000)<5000&&TMath::Abs(s.eY-150000)<5000
We have 219766 good couples with selectioneCHI2P<2.0&&s.eW>10&&eN1<=1&&eN2<=1&&s1.eFlag>=0&&s2.eFlag>=0&&TMath::Abs(s.eX-70000)<5000&&TMath::Abs(s.eY-160000)<5000
We have 183155 good couples with selectioneCHI2P<2.0&&s.eW>10&&eN1<=1&&eN2<=1&&s1.eFlag>=0&&s2.eFlag>=0&&TMath::Abs(s.eX-70000)<5000&&TMath::Abs(s.eY-170000)<5000
We have 3790 good couples with selectioneCHI2P<2.0&&s.eW>10&&eN1<=1&&eN2<=1&&s1.eFlag>=0&&s2.eFlag>=0&&TMath::Abs(s.eX-70000)<5000&&TMath::Abs(s.eY-180000)<5000
We have 178582 good couples with selectioneCHI2P<2.0&&s.eW>10&&eN1<=1&&eN2<=1&&s1.eFlag>=0&&s2.eFlag>=0&&TMath::Abs(s.eX-80000)<5000&&TMath::Abs(s.eY-10000)<5000
We have 208620 good couples with selectioneCHI2P<2.0&&s.eW>10&&eN1<=1&&eN2<=1&&s1.eFlag>=0&&s2.eFlag>=0&&TMath::Abs(s.eX-80000)<5000&&TMath::Abs(s.eY-20000)<5000
We have 210251 good couples with selectioneCHI2P<2.0&&s.eW>10&&eN1<=1&&eN2<=1&&s1.eFlag>=0&&s2.eFlag>=0&&TMath::Abs(s.eX-80000)<5000&&TMath::Abs(s.eY-30000)<5000
We have 213750 good couples with selectioneCHI2P<2.0&&s.eW>10&&eN1<=1&&eN2<=1&&s1.eFlag>=0&&s2.eFlag>=0&&TMath::Abs(s.eX-80000)<5000&&TMath::Abs(s.eY-40000)<5000
We have 210780 good couples with selectioneCHI2P<2.0&&s.eW>10&&eN1<=1&&eN2<=1&&s1.eFlag>=0&&s2.eFlag>=0&&TMath::Abs(s.eX-80000)<5000&&TMath::Abs(s.eY-50000)<5000
We have 216593 good couples with selectioneCHI2P<2.0&&s.eW>10&&eN1<=1&&eN2<=1&&s1.eFlag>=0&&s2.eFlag>=0&&TMath::Abs(s.eX-80000)<5000&&TMath::Abs(s.eY-60000)<5000
We have 219201 good couples with selectioneCHI2P<2.0&&s.eW>10&&eN1<=1&&eN2<=1&&s1.eFlag>=0&&s2.eFlag>=0&&TMath::Abs(s.eX-80000)<5000&&TMath::Abs(s.eY-70000)<5000
We have 223200 good couples with selectioneCHI2P<2.0&&s.eW>10&&eN1<=1&&eN2<=1&&s1.eFlag>=0&&s2.eFlag>=0&&TMath::Abs(s.eX-80000)<5000&&TMath::Abs(s.eY-80000)<5000
We have 216940 good couples with selectioneCHI2P<2.0&&s.eW>10&&eN1<=1&&eN2<=1&&s1.eFlag>=0&&s2.eFlag>=0&&TMath::Abs(s.eX-80000)<5000&&TMath::Abs(s.eY-90000)<5000
We have 218395 good couples with selectioneCHI2P<2.0&&s.eW>10&&eN1<=1&&eN2<=1&&s1.eFlag>=0&&s2.eFlag>=0&&TMath::Abs(s.eX-80000)<5000&&TMath::Abs(s.eY-100000)<5000
We have 219650 good couples with selectioneCHI2P<2.0&&s.eW>10&&eN1<=1&&eN2<=1&&s1.eFlag>=0&&s2.eFlag>=0&&TMath::Abs(s.eX-80000)<5000&&TMath::Abs(s.eY-110000)<5000
We have 218435 good couples with selectioneCHI2P<2.0&&s.eW>10&&eN1<=1&&eN2<=1&&s1.eFlag>=0&&s2.eFlag>=0&&TMath::Abs(s.eX-80000)<5000&&TMath::Abs(s.eY-120000)<5000
We have 222228 good couples with selectioneCHI2P<2.0&&s.eW>10&&eN1<=1&&eN2<=1&&s1.eFlag>=0&&s2.eFlag>=0&&TMath::Abs(s.eX-80000)<5000&&TMath::Abs(s.eY-130000)<5000
We have 216466 good couples with selectioneCHI2P<2.0&&s.eW>10&&eN1<=1&&eN2<=1&&s1.eFlag>=0&&s2.eFlag>=0&&TMath::Abs(s.eX-80000)<5000&&TMath::Abs(s.eY-140000)<5000
We have 221399 good couples with selectioneCHI2P<2.0&&s.eW>10&&eN1<=1&&eN2<=1&&s1.eFlag>=0&&s2.eFlag>=0&&TMath::Abs(s.eX-80000)<5000&&TMath::Abs(s.eY-150000)<5000
We have 219284 good couples with selectioneCHI2P<2.0&&s.eW>10&&eN1<=1&&eN2<=1&&s1.eFlag>=0&&s2.eFlag>=0&&TMath::Abs(s.eX-80000)<5000&&TMath::Abs(s.eY-160000)<5000
We have 185489 good couples with selectioneCHI2P<2.0&&s.eW>10&&eN1<=1&&eN2<=1&&s1.eFlag>=0&&s2.eFlag>=0&&TMath::Abs(s.eX-80000)<5000&&TMath::Abs(s.eY-170000)<5000
We have 3672 good couples with selectioneCHI2P<2.0&&s.eW>10&&eN1<=1&&eN2<=1&&s1.eFlag>=0&&s2.eFlag>=0&&TMath::Abs(s.eX-80000)<5000&&TMath::Abs(s.eY-180000)<5000
We have 173204 good couples with selectioneCHI2P<2.0&&s.eW>10&&eN1<=1&&eN2<=1&&s1.eFlag>=0&&s2.eFlag>=0&&TMath::Abs(s.eX-90000)<5000&&TMath::Abs(s.eY-10000)<5000
We have 195742 good couples with selectioneCHI2P<2.0&&s.eW>10&&eN1<=1&&eN2<=1&&s1.eFlag>=0&&s2.eFlag>=0&&TMath::Abs(s.eX-90000)<5000&&TMath::Abs(s.eY-20000)<5000
We have 207039 good couples with selectioneCHI2P<2.0&&s.eW>10&&eN1<=1&&eN2<=1&&s1.eFlag>=0&&s2.eFlag>=0&&TMath::Abs(s.eX-90000)<5000&&TMath::Abs(s.eY-30000)<5000
We have 211578 good couples with selectioneCHI2P<2.0&&s.eW>10&&eN1<=1&&eN2<=1&&s1.eFlag>=0&&s2.eFlag>=0&&TMath::Abs(s.eX-90000)<5000&&TMath::Abs(s.eY-40000)<5000
We have 223493 good couples with selectioneCHI2P<2.0&&s.eW>10&&eN1<=1&&eN2<=1&&s1.eFlag>=0&&s2.eFlag>=0&&TMath::Abs(s.eX-90000)<5000&&TMath::Abs(s.eY-50000)<5000
We have 217298 good couples with selectioneCHI2P<2.0&&s.eW>10&&eN1<=1&&eN2<=1&&s1.eFlag>=0&&s2.eFlag>=0&&TMath::Abs(s.eX-90000)<5000&&TMath::Abs(s.eY-60000)<5000
We have 226144 good couples with selectioneCHI2P<2.0&&s.eW>10&&eN1<=1&&eN2<=1&&s1.eFlag>=0&&s2.eFlag>=0&&TMath::Abs(s.eX-90000)<5000&&TMath::Abs(s.eY-70000)<5000
We have 225147 good couples with selectioneCHI2P<2.0&&s.eW>10&&eN1<=1&&eN2<=1&&s1.eFlag>=0&&s2.eFlag>=0&&TMath::Abs(s.eX-90000)<5000&&TMath::Abs(s.eY-80000)<5000
We have 223750 good couples with selectioneCHI2P<2.0&&s.eW>10&&eN1<=1&&eN2<=1&&s1.eFlag>=0&&s2.eFlag>=0&&TMath::Abs(s.eX-90000)<5000&&TMath::Abs(s.eY-90000)<5000
We have 222180 good couples with selectioneCHI2P<2.0&&s.eW>10&&eN1<=1&&eN2<=1&&s1.eFlag>=0&&s2.eFlag>=0&&TMath::Abs(s.eX-90000)<5000&&TMath::Abs(s.eY-100000)<5000
We have 220166 good couples with selectioneCHI2P<2.0&&s.eW>10&&eN1<=1&&eN2<=1&&s1.eFlag>=0&&s2.eFlag>=0&&TMath::Abs(s.eX-90000)<5000&&TMath::Abs(s.eY-110000)<5000
We have 218547 good couples with selectioneCHI2P<2.0&&s.eW>10&&eN1<=1&&eN2<=1&&s1.eFlag>=0&&s2.eFlag>=0&&TMath::Abs(s.eX-90000)<5000&&TMath::Abs(s.eY-120000)<5000
We have 224595 good couples with selectioneCHI2P<2.0&&s.eW>10&&eN1<=1&&eN2<=1&&s1.eFlag>=0&&s2.eFlag>=0&&TMath::Abs(s.eX-90000)<5000&&TMath::Abs(s.eY-130000)<5000
We have 213862 good couples with selectioneCHI2P<2.0&&s.eW>10&&eN1<=1&&eN2<=1&&s1.eFlag>=0&&s2.eFlag>=0&&TMath::Abs(s.eX-90000)<5000&&TMath::Abs(s.eY-140000)<5000
We have 219511 good couples with selectioneCHI2P<2.0&&s.eW>10&&eN1<=1&&eN2<=1&&s1.eFlag>=0&&s2.eFlag>=0&&TMath::Abs(s.eX-90000)<5000&&TMath::Abs(s.eY-150000)<5000
We have 217668 good couples with selectioneCHI2P<2.0&&s.eW>10&&eN1<=1&&eN2<=1&&s1.eFlag>=0&&s2.eFlag>=0&&TMath::Abs(s.eX-90000)<5000&&TMath::Abs(s.eY-160000)<5000
We have 175597 good couples with selectioneCHI2P<2.0&&s.eW>10&&eN1<=1&&eN2<=1&&s1.eFlag>=0&&s2.eFlag>=0&&TMath::Abs(s.eX-90000)<5000&&TMath::Abs(s.eY-170000)<5000
We have 3521 good couples with selectioneCHI2P<2.0&&s.eW>10&&eN1<=1&&eN2<=1&&s1.eFlag>=0&&s2.eFlag>=0&&TMath::Abs(s.eX-90000)<5000&&TMath::Abs(s.eY-180000)<5000
We have 169748 good couples with selectioneCHI2P<2.0&&s.eW>10&&eN1<=1&&eN2<=1&&s1.eFlag>=0&&s2.eFlag>=0&&TMath::Abs(s.eX-100000)<5000&&TMath::Abs(s.eY-10000)<5000
We have 192719 good couples with selectioneCHI2P<2.0&&s.eW>10&&eN1<=1&&eN2<=1&&s1.eFlag>=0&&s2.eFlag>=0&&TMath::Abs(s.eX-100000)<5000&&TMath::Abs(s.eY-20000)<5000
We have 200574 good couples with selectioneCHI2P<2.0&&s.eW>10&&eN1<=1&&eN2<=1&&s1.eFlag>=0&&s2.eFlag>=0&&TMath::Abs(s.eX-100000)<5000&&TMath::Abs(s.eY-30000)<5000
We have 209923 good couples with selectioneCHI2P<2.0&&s.eW>10&&eN1<=1&&eN2<=1&&s1.eFlag>=0&&s2.eFlag>=0&&TMath::Abs(s.eX-100000)<5000&&TMath::Abs(s.eY-40000)<5000
We have 204481 good couples with selectioneCHI2P<2.0&&s.eW>10&&eN1<=1&&eN2<=1&&s1.eFlag>=0&&s2.eFlag>=0&&TMath::Abs(s.eX-100000)<5000&&TMath::Abs(s.eY-50000)<5000
We have 214785 good couples with selectioneCHI2P<2.0&&s.eW>10&&eN1<=1&&eN2<=1&&s1.eFlag>=0&&s2.eFlag>=0&&TMath::Abs(s.eX-100000)<5000&&TMath::Abs(s.eY-60000)<5000
We have 223811 good couples with selectioneCHI2P<2.0&&s.eW>10&&eN1<=1&&eN2<=1&&s1.eFlag>=0&&s2.eFlag>=0&&TMath::Abs(s.eX-100000)<5000&&TMath::Abs(s.eY-70000)<5000
We have 227146 good couples with selectioneCHI2P<2.0&&s.eW>10&&eN1<=1&&eN2<=1&&s1.eFlag>=0&&s2.eFlag>=0&&TMath::Abs(s.eX-100000)<5000&&TMath::Abs(s.eY-80000)<5000
We have 224073 good couples with selectioneCHI2P<2.0&&s.eW>10&&eN1<=1&&eN2<=1&&s1.eFlag>=0&&s2.eFlag>=0&&TMath::Abs(s.eX-100000)<5000&&TMath::Abs(s.eY-90000)<5000
We have 227382 good couples with selectioneCHI2P<2.0&&s.eW>10&&eN1<=1&&eN2<=1&&s1.eFlag>=0&&s2.eFlag>=0&&TMath::Abs(s.eX-100000)<5000&&TMath::Abs(s.eY-100000)<5000
We have 220833 good couples with selectioneCHI2P<2.0&&s.eW>10&&eN1<=1&&eN2<=1&&s1.eFlag>=0&&s2.eFlag>=0&&TMath::Abs(s.eX-100000)<5000&&TMath::Abs(s.eY-110000)<5000
We have 222681 good couples with selectioneCHI2P<2.0&&s.eW>10&&eN1<=1&&eN2<=1&&s1.eFlag>=0&&s2.eFlag>=0&&TMath::Abs(s.eX-100000)<5000&&TMath::Abs(s.eY-120000)<5000
We have 218270 good couples with selectioneCHI2P<2.0&&s.eW>10&&eN1<=1&&eN2<=1&&s1.eFlag>=0&&s2.eFlag>=0&&TMath::Abs(s.eX-100000)<5000&&TMath::Abs(s.eY-130000)<5000
We have 218357 good couples with selectioneCHI2P<2.0&&s.eW>10&&eN1<=1&&eN2<=1&&s1.eFlag>=0&&s2.eFlag>=0&&TMath::Abs(s.eX-100000)<5000&&TMath::Abs(s.eY-140000)<5000
We have 222291 good couples with selectioneCHI2P<2.0&&s.eW>10&&eN1<=1&&eN2<=1&&s1.eFlag>=0&&s2.eFlag>=0&&TMath::Abs(s.eX-100000)<5000&&TMath::Abs(s.eY-150000)<5000
We have 221463 good couples with selectioneCHI2P<2.0&&s.eW>10&&eN1<=1&&eN2<=1&&s1.eFlag>=0&&s2.eFlag>=0&&TMath::Abs(s.eX-100000)<5000&&TMath::Abs(s.eY-160000)<5000
We have 180147 good couples with selectioneCHI2P<2.0&&s.eW>10&&eN1<=1&&eN2<=1&&s1.eFlag>=0&&s2.eFlag>=0&&TMath::Abs(s.eX-100000)<5000&&TMath::Abs(s.eY-170000)<5000
We have 3519 good couples with selectioneCHI2P<2.0&&s.eW>10&&eN1<=1&&eN2<=1&&s1.eFlag>=0&&s2.eFlag>=0&&TMath::Abs(s.eX-100000)<5000&&TMath::Abs(s.eY-180000)<5000
We have 160756 good couples with selectioneCHI2P<2.0&&s.eW>10&&eN1<=1&&eN2<=1&&s1.eFlag>=0&&s2.eFlag>=0&&TMath::Abs(s.eX-110000)<5000&&TMath::Abs(s.eY-10000)<5000
We have 193701 good couples with selectioneCHI2P<2.0&&s.eW>10&&eN1<=1&&eN2<=1&&s1.eFlag>=0&&s2.eFlag>=0&&TMath::Abs(s.eX-110000)<5000&&TMath::Abs(s.eY-20000)<5000
We have 207277 good couples with selectioneCHI2P<2.0&&s.eW>10&&eN1<=1&&eN2<=1&&s1.eFlag>=0&&s2.eFlag>=0&&TMath::Abs(s.eX-110000)<5000&&TMath::Abs(s.eY-30000)<5000
We have 210921 good couples with selectioneCHI2P<2.0&&s.eW>10&&eN1<=1&&eN2<=1&&s1.eFlag>=0&&s2.eFlag>=0&&TMath::Abs(s.eX-110000)<5000&&TMath::Abs(s.eY-40000)<5000
We have 218450 good couples with selectioneCHI2P<2.0&&s.eW>10&&eN1<=1&&eN2<=1&&s1.eFlag>=0&&s2.eFlag>=0&&TMath::Abs(s.eX-110000)<5000&&TMath::Abs(s.eY-50000)<5000
We have 218212 good couples with selectioneCHI2P<2.0&&s.eW>10&&eN1<=1&&eN2<=1&&s1.eFlag>=0&&s2.eFlag>=0&&TMath::Abs(s.eX-110000)<5000&&TMath::Abs(s.eY-60000)<5000
We have 214674 good couples with selectioneCHI2P<2.0&&s.eW>10&&eN1<=1&&eN2<=1&&s1.eFlag>=0&&s2.eFlag>=0&&TMath::Abs(s.eX-110000)<5000&&TMath::Abs(s.eY-70000)<5000
We have 219644 good couples with selectioneCHI2P<2.0&&s.eW>10&&eN1<=1&&eN2<=1&&s1.eFlag>=0&&s2.eFlag>=0&&TMath::Abs(s.eX-110000)<5000&&TMath::Abs(s.eY-80000)<5000
We have 223893 good couples with selectioneCHI2P<2.0&&s.eW>10&&eN1<=1&&eN2<=1&&s1.eFlag>=0&&s2.eFlag>=0&&TMath::Abs(s.eX-110000)<5000&&TMath::Abs(s.eY-90000)<5000
We have 224711 good couples with selectioneCHI2P<2.0&&s.eW>10&&eN1<=1&&eN2<=1&&s1.eFlag>=0&&s2.eFlag>=0&&TMath::Abs(s.eX-110000)<5000&&TMath::Abs(s.eY-100000)<5000
We have 229919 good couples with selectioneCHI2P<2.0&&s.eW>10&&eN1<=1&&eN2<=1&&s1.eFlag>=0&&s2.eFlag>=0&&TMath::Abs(s.eX-110000)<5000&&TMath::Abs(s.eY-110000)<5000
We have 222839 good couples with selectioneCHI2P<2.0&&s.eW>10&&eN1<=1&&eN2<=1&&s1.eFlag>=0&&s2.eFlag>=0&&TMath::Abs(s.eX-110000)<5000&&TMath::Abs(s.eY-120000)<5000
We have 224323 good couples with selectioneCHI2P<2.0&&s.eW>10&&eN1<=1&&eN2<=1&&s1.eFlag>=0&&s2.eFlag>=0&&TMath::Abs(s.eX-110000)<5000&&TMath::Abs(s.eY-130000)<5000
We have 223833 good couples with selectioneCHI2P<2.0&&s.eW>10&&eN1<=1&&eN2<=1&&s1.eFlag>=0&&s2.eFlag>=0&&TMath::Abs(s.eX-110000)<5000&&TMath::Abs(s.eY-140000)<5000
We have 221967 good couples with selectioneCHI2P<2.0&&s.eW>10&&eN1<=1&&eN2<=1&&s1.eFlag>=0&&s2.eFlag>=0&&TMath::Abs(s.eX-110000)<5000&&TMath::Abs(s.eY-150000)<5000
We have 226199 good couples with selectioneCHI2P<2.0&&s.eW>10&&eN1<=1&&eN2<=1&&s1.eFlag>=0&&s2.eFlag>=0&&TMath::Abs(s.eX-110000)<5000&&TMath::Abs(s.eY-160000)<5000
We have 183349 good couples with selectioneCHI2P<2.0&&s.eW>10&&eN1<=1&&eN2<=1&&s1.eFlag>=0&&s2.eFlag>=0&&TMath::Abs(s.eX-110000)<5000&&TMath::Abs(s.eY-170000)<5000
We have 3894 good couples with selectioneCHI2P<2.0&&s.eW>10&&eN1<=1&&eN2<=1&&s1.eFlag>=0&&s2.eFlag>=0&&TMath::Abs(s.eX-110000)<5000&&TMath::Abs(s.eY-180000)<5000
We have 183169 good couples with selectioneCHI2P<2.0&&s.eW>10&&eN1<=1&&eN2<=1&&s1.eFlag>=0&&s2.eFlag>=0&&TMath::Abs(s.eX-120000)<5000&&TMath::Abs(s.eY-10000)<5000
We have 196110 good couples with selectioneCHI2P<2.0&&s.eW>10&&eN1<=1&&eN2<=1&&s1.eFlag>=0&&s2.eFlag>=0&&TMath::Abs(s.eX-120000)<5000&&TMath::Abs(s.eY-20000)<5000
We have 202748 good couples with selectioneCHI2P<2.0&&s.eW>10&&eN1<=1&&eN2<=1&&s1.eFlag>=0&&s2.eFlag>=0&&TMath::Abs(s.eX-120000)<5000&&TMath::Abs(s.eY-30000)<5000
We have 208052 good couples with selectioneCHI2P<2.0&&s.eW>10&&eN1<=1&&eN2<=1&&s1.eFlag>=0&&s2.eFlag>=0&&TMath::Abs(s.eX-120000)<5000&&TMath::Abs(s.eY-40000)<5000
We have 217435 good couples with selectioneCHI2P<2.0&&s.eW>10&&eN1<=1&&eN2<=1&&s1.eFlag>=0&&s2.eFlag>=0&&TMath::Abs(s.eX-120000)<5000&&TMath::Abs(s.eY-50000)<5000
We have 214706 good couples with selectioneCHI2P<2.0&&s.eW>10&&eN1<=1&&eN2<=1&&s1.eFlag>=0&&s2.eFlag>=0&&TMath::Abs(s.eX-120000)<5000&&TMath::Abs(s.eY-60000)<5000
We have 228446 good couples with selectioneCHI2P<2.0&&s.eW>10&&eN1<=1&&eN2<=1&&s1.eFlag>=0&&s2.eFlag>=0&&TMath::Abs(s.eX-120000)<5000&&TMath::Abs(s.eY-70000)<5000
We have 226103 good couples with selectioneCHI2P<2.0&&s.eW>10&&eN1<=1&&eN2<=1&&s1.eFlag>=0&&s2.eFlag>=0&&TMath::Abs(s.eX-120000)<5000&&TMath::Abs(s.eY-80000)<5000
We have 228866 good couples with selectioneCHI2P<2.0&&s.eW>10&&eN1<=1&&eN2<=1&&s1.eFlag>=0&&s2.eFlag>=0&&TMath::Abs(s.eX-120000)<5000&&TMath::Abs(s.eY-90000)<5000
We have 227401 good couples with selectioneCHI2P<2.0&&s.eW>10&&eN1<=1&&eN2<=1&&s1.eFlag>=0&&s2.eFlag>=0&&TMath::Abs(s.eX-120000)<5000&&TMath::Abs(s.eY-100000)<5000
We have 228884 good couples with selectioneCHI2P<2.0&&s.eW>10&&eN1<=1&&eN2<=1&&s1.eFlag>=0&&s2.eFlag>=0&&TMath::Abs(s.eX-120000)<5000&&TMath::Abs(s.eY-110000)<5000
We have 225001 good couples with selectioneCHI2P<2.0&&s.eW>10&&eN1<=1&&eN2<=1&&s1.eFlag>=0&&s2.eFlag>=0&&TMath::Abs(s.eX-120000)<5000&&TMath::Abs(s.eY-120000)<5000
We have 218724 good couples with selectioneCHI2P<2.0&&s.eW>10&&eN1<=1&&eN2<=1&&s1.eFlag>=0&&s2.eFlag>=0&&TMath::Abs(s.eX-120000)<5000&&TMath::Abs(s.eY-130000)<5000
We have 222203 good couples with selectioneCHI2P<2.0&&s.eW>10&&eN1<=1&&eN2<=1&&s1.eFlag>=0&&s2.eFlag>=0&&TMath::Abs(s.eX-120000)<5000&&TMath::Abs(s.eY-140000)<5000
We have 220673 good couples with selectioneCHI2P<2.0&&s.eW>10&&eN1<=1&&eN2<=1&&s1.eFlag>=0&&s2.eFlag>=0&&TMath::Abs(s.eX-120000)<5000&&TMath::Abs(s.eY-150000)<5000
We have 221929 good couples with selectioneCHI2P<2.0&&s.eW>10&&eN1<=1&&eN2<=1&&s1.eFlag>=0&&s2.eFlag>=0&&TMath::Abs(s.eX-120000)<5000&&TMath::Abs(s.eY-160000)<5000
We have 179097 good couples with selectioneCHI2P<2.0&&s.eW>10&&eN1<=1&&eN2<=1&&s1.eFlag>=0&&s2.eFlag>=0&&TMath::Abs(s.eX-120000)<5000&&TMath::Abs(s.eY-170000)<5000
We have 3995 good couples with selectioneCHI2P<2.0&&s.eW>10&&eN1<=1&&eN2<=1&&s1.eFlag>=0&&s2.eFlag>=0&&TMath::Abs(s.eX-120000)<5000&&TMath::Abs(s.eY-180000)<5000
We have 184698 good couples with selectioneCHI2P<2.0&&s.eW>10&&eN1<=1&&eN2<=1&&s1.eFlag>=0&&s2.eFlag>=0&&TMath::Abs(s.eX-130000)<5000&&TMath::Abs(s.eY-10000)<5000
We have 211165 good couples with selectioneCHI2P<2.0&&s.eW>10&&eN1<=1&&eN2<=1&&s1.eFlag>=0&&s2.eFlag>=0&&TMath::Abs(s.eX-130000)<5000&&TMath::Abs(s.eY-20000)<5000
We have 213359 good couples with selectioneCHI2P<2.0&&s.eW>10&&eN1<=1&&eN2<=1&&s1.eFlag>=0&&s2.eFlag>=0&&TMath::Abs(s.eX-130000)<5000&&TMath::Abs(s.eY-30000)<5000
We have 210544 good couples with selectioneCHI2P<2.0&&s.eW>10&&eN1<=1&&eN2<=1&&s1.eFlag>=0&&s2.eFlag>=0&&TMath::Abs(s.eX-130000)<5000&&TMath::Abs(s.eY-40000)<5000
We have 214254 good couples with selectioneCHI2P<2.0&&s.eW>10&&eN1<=1&&eN2<=1&&s1.eFlag>=0&&s2.eFlag>=0&&TMath::Abs(s.eX-130000)<5000&&TMath::Abs(s.eY-50000)<5000
We have 212727 good couples with selectioneCHI2P<2.0&&s.eW>10&&eN1<=1&&eN2<=1&&s1.eFlag>=0&&s2.eFlag>=0&&TMath::Abs(s.eX-130000)<5000&&TMath::Abs(s.eY-60000)<5000
We have 222831 good couples with selectioneCHI2P<2.0&&s.eW>10&&eN1<=1&&eN2<=1&&s1.eFlag>=0&&s2.eFlag>=0&&TMath::Abs(s.eX-130000)<5000&&TMath::Abs(s.eY-70000)<5000
We have 227482 good couples with selectioneCHI2P<2.0&&s.eW>10&&eN1<=1&&eN2<=1&&s1.eFlag>=0&&s2.eFlag>=0&&TMath::Abs(s.eX-130000)<5000&&TMath::Abs(s.eY-80000)<5000
We have 230227 good couples with selectioneCHI2P<2.0&&s.eW>10&&eN1<=1&&eN2<=1&&s1.eFlag>=0&&s2.eFlag>=0&&TMath::Abs(s.eX-130000)<5000&&TMath::Abs(s.eY-90000)<5000
We have 221522 good couples with selectioneCHI2P<2.0&&s.eW>10&&eN1<=1&&eN2<=1&&s1.eFlag>=0&&s2.eFlag>=0&&TMath::Abs(s.eX-130000)<5000&&TMath::Abs(s.eY-100000)<5000
We have 229670 good couples with selectioneCHI2P<2.0&&s.eW>10&&eN1<=1&&eN2<=1&&s1.eFlag>=0&&s2.eFlag>=0&&TMath::Abs(s.eX-130000)<5000&&TMath::Abs(s.eY-110000)<5000
We have 225600 good couples with selectioneCHI2P<2.0&&s.eW>10&&eN1<=1&&eN2<=1&&s1.eFlag>=0&&s2.eFlag>=0&&TMath::Abs(s.eX-130000)<5000&&TMath::Abs(s.eY-120000)<5000
We have 223936 good couples with selectioneCHI2P<2.0&&s.eW>10&&eN1<=1&&eN2<=1&&s1.eFlag>=0&&s2.eFlag>=0&&TMath::Abs(s.eX-130000)<5000&&TMath::Abs(s.eY-130000)<5000
We have 219933 good couples with selectioneCHI2P<2.0&&s.eW>10&&eN1<=1&&eN2<=1&&s1.eFlag>=0&&s2.eFlag>=0&&TMath::Abs(s.eX-130000)<5000&&TMath::Abs(s.eY-140000)<5000
We have 222657 good couples with selectioneCHI2P<2.0&&s.eW>10&&eN1<=1&&eN2<=1&&s1.eFlag>=0&&s2.eFlag>=0&&TMath::Abs(s.eX-130000)<5000&&TMath::Abs(s.eY-150000)<5000
We have 220036 good couples with selectioneCHI2P<2.0&&s.eW>10&&eN1<=1&&eN2<=1&&s1.eFlag>=0&&s2.eFlag>=0&&TMath::Abs(s.eX-130000)<5000&&TMath::Abs(s.eY-160000)<5000
We have 176940 good couples with selectioneCHI2P<2.0&&s.eW>10&&eN1<=1&&eN2<=1&&s1.eFlag>=0&&s2.eFlag>=0&&TMath::Abs(s.eX-130000)<5000&&TMath::Abs(s.eY-170000)<5000
We have 3424 good couples with selectioneCHI2P<2.0&&s.eW>10&&eN1<=1&&eN2<=1&&s1.eFlag>=0&&s2.eFlag>=0&&TMath::Abs(s.eX-130000)<5000&&TMath::Abs(s.eY-180000)<5000
We have 194431 good couples with selectioneCHI2P<2.0&&s.eW>10&&eN1<=1&&eN2<=1&&s1.eFlag>=0&&s2.eFlag>=0&&TMath::Abs(s.eX-140000)<5000&&TMath::Abs(s.eY-10000)<5000
We have 205628 good couples with selectioneCHI2P<2.0&&s.eW>10&&eN1<=1&&eN2<=1&&s1.eFlag>=0&&s2.eFlag>=0&&TMath::Abs(s.eX-140000)<5000&&TMath::Abs(s.eY-20000)<5000
We have 218878 good couples with selectioneCHI2P<2.0&&s.eW>10&&eN1<=1&&eN2<=1&&s1.eFlag>=0&&s2.eFlag>=0&&TMath::Abs(s.eX-140000)<5000&&TMath::Abs(s.eY-30000)<5000
We have 217515 good couples with selectioneCHI2P<2.0&&s.eW>10&&eN1<=1&&eN2<=1&&s1.eFlag>=0&&s2.eFlag>=0&&TMath::Abs(s.eX-140000)<5000&&TMath::Abs(s.eY-40000)<5000
We have 220361 good couples with selectioneCHI2P<2.0&&s.eW>10&&eN1<=1&&eN2<=1&&s1.eFlag>=0&&s2.eFlag>=0&&TMath::Abs(s.eX-140000)<5000&&TMath::Abs(s.eY-50000)<5000
We have 220509 good couples with selectioneCHI2P<2.0&&s.eW>10&&eN1<=1&&eN2<=1&&s1.eFlag>=0&&s2.eFlag>=0&&TMath::Abs(s.eX-140000)<5000&&TMath::Abs(s.eY-60000)<5000
We have 224192 good couples with selectioneCHI2P<2.0&&s.eW>10&&eN1<=1&&eN2<=1&&s1.eFlag>=0&&s2.eFlag>=0&&TMath::Abs(s.eX-140000)<5000&&TMath::Abs(s.eY-70000)<5000
We have 223289 good couples with selectioneCHI2P<2.0&&s.eW>10&&eN1<=1&&eN2<=1&&s1.eFlag>=0&&s2.eFlag>=0&&TMath::Abs(s.eX-140000)<5000&&TMath::Abs(s.eY-80000)<5000
We have 227752 good couples with selectioneCHI2P<2.0&&s.eW>10&&eN1<=1&&eN2<=1&&s1.eFlag>=0&&s2.eFlag>=0&&TMath::Abs(s.eX-140000)<5000&&TMath::Abs(s.eY-90000)<5000
We have 228634 good couples with selectioneCHI2P<2.0&&s.eW>10&&eN1<=1&&eN2<=1&&s1.eFlag>=0&&s2.eFlag>=0&&TMath::Abs(s.eX-140000)<5000&&TMath::Abs(s.eY-100000)<5000
We have 227699 good couples with selectioneCHI2P<2.0&&s.eW>10&&eN1<=1&&eN2<=1&&s1.eFlag>=0&&s2.eFlag>=0&&TMath::Abs(s.eX-140000)<5000&&TMath::Abs(s.eY-110000)<5000
We have 230853 good couples with selectioneCHI2P<2.0&&s.eW>10&&eN1<=1&&eN2<=1&&s1.eFlag>=0&&s2.eFlag>=0&&TMath::Abs(s.eX-140000)<5000&&TMath::Abs(s.eY-120000)<5000
We have 226941 good couples with selectioneCHI2P<2.0&&s.eW>10&&eN1<=1&&eN2<=1&&s1.eFlag>=0&&s2.eFlag>=0&&TMath::Abs(s.eX-140000)<5000&&TMath::Abs(s.eY-130000)<5000
We have 222085 good couples with selectioneCHI2P<2.0&&s.eW>10&&eN1<=1&&eN2<=1&&s1.eFlag>=0&&s2.eFlag>=0&&TMath::Abs(s.eX-140000)<5000&&TMath::Abs(s.eY-140000)<5000
We have 219663 good couples with selectioneCHI2P<2.0&&s.eW>10&&eN1<=1&&eN2<=1&&s1.eFlag>=0&&s2.eFlag>=0&&TMath::Abs(s.eX-140000)<5000&&TMath::Abs(s.eY-150000)<5000
We have 219205 good couples with selectioneCHI2P<2.0&&s.eW>10&&eN1<=1&&eN2<=1&&s1.eFlag>=0&&s2.eFlag>=0&&TMath::Abs(s.eX-140000)<5000&&TMath::Abs(s.eY-160000)<5000
We have 175718 good couples with selectioneCHI2P<2.0&&s.eW>10&&eN1<=1&&eN2<=1&&s1.eFlag>=0&&s2.eFlag>=0&&TMath::Abs(s.eX-140000)<5000&&TMath::Abs(s.eY-170000)<5000
We have 3762 good couples with selectioneCHI2P<2.0&&s.eW>10&&eN1<=1&&eN2<=1&&s1.eFlag>=0&&s2.eFlag>=0&&TMath::Abs(s.eX-140000)<5000&&TMath::Abs(s.eY-180000)<5000
We have 189161 good couples with selectioneCHI2P<2.0&&s.eW>10&&eN1<=1&&eN2<=1&&s1.eFlag>=0&&s2.eFlag>=0&&TMath::Abs(s.eX-150000)<5000&&TMath::Abs(s.eY-10000)<5000
We have 206003 good couples with selectioneCHI2P<2.0&&s.eW>10&&eN1<=1&&eN2<=1&&s1.eFlag>=0&&s2.eFlag>=0&&TMath::Abs(s.eX-150000)<5000&&TMath::Abs(s.eY-20000)<5000
We have 216203 good couples with selectioneCHI2P<2.0&&s.eW>10&&eN1<=1&&eN2<=1&&s1.eFlag>=0&&s2.eFlag>=0&&TMath::Abs(s.eX-150000)<5000&&TMath::Abs(s.eY-30000)<5000
We have 210290 good couples with selectioneCHI2P<2.0&&s.eW>10&&eN1<=1&&eN2<=1&&s1.eFlag>=0&&s2.eFlag>=0&&TMath::Abs(s.eX-150000)<5000&&TMath::Abs(s.eY-40000)<5000
We have 218045 good couples with selectioneCHI2P<2.0&&s.eW>10&&eN1<=1&&eN2<=1&&s1.eFlag>=0&&s2.eFlag>=0&&TMath::Abs(s.eX-150000)<5000&&TMath::Abs(s.eY-50000)<5000
We have 222689 good couples with selectioneCHI2P<2.0&&s.eW>10&&eN1<=1&&eN2<=1&&s1.eFlag>=0&&s2.eFlag>=0&&TMath::Abs(s.eX-150000)<5000&&TMath::Abs(s.eY-60000)<5000
We have 226254 good couples with selectioneCHI2P<2.0&&s.eW>10&&eN1<=1&&eN2<=1&&s1.eFlag>=0&&s2.eFlag>=0&&TMath::Abs(s.eX-150000)<5000&&TMath::Abs(s.eY-70000)<5000
We have 222331 good couples with selectioneCHI2P<2.0&&s.eW>10&&eN1<=1&&eN2<=1&&s1.eFlag>=0&&s2.eFlag>=0&&TMath::Abs(s.eX-150000)<5000&&TMath::Abs(s.eY-80000)<5000
We have 222640 good couples with selectioneCHI2P<2.0&&s.eW>10&&eN1<=1&&eN2<=1&&s1.eFlag>=0&&s2.eFlag>=0&&TMath::Abs(s.eX-150000)<5000&&TMath::Abs(s.eY-90000)<5000
We have 224276 good couples with selectioneCHI2P<2.0&&s.eW>10&&eN1<=1&&eN2<=1&&s1.eFlag>=0&&s2.eFlag>=0&&TMath::Abs(s.eX-150000)<5000&&TMath::Abs(s.eY-100000)<5000
We have 224041 good couples with selectioneCHI2P<2.0&&s.eW>10&&eN1<=1&&eN2<=1&&s1.eFlag>=0&&s2.eFlag>=0&&TMath::Abs(s.eX-150000)<5000&&TMath::Abs(s.eY-110000)<5000
We have 224764 good couples with selectioneCHI2P<2.0&&s.eW>10&&eN1<=1&&eN2<=1&&s1.eFlag>=0&&s2.eFlag>=0&&TMath::Abs(s.eX-150000)<5000&&TMath::Abs(s.eY-120000)<5000
We have 218628 good couples with selectioneCHI2P<2.0&&s.eW>10&&eN1<=1&&eN2<=1&&s1.eFlag>=0&&s2.eFlag>=0&&TMath::Abs(s.eX-150000)<5000&&TMath::Abs(s.eY-130000)<5000
We have 215787 good couples with selectioneCHI2P<2.0&&s.eW>10&&eN1<=1&&eN2<=1&&s1.eFlag>=0&&s2.eFlag>=0&&TMath::Abs(s.eX-150000)<5000&&TMath::Abs(s.eY-140000)<5000
We have 215292 good couples with selectioneCHI2P<2.0&&s.eW>10&&eN1<=1&&eN2<=1&&s1.eFlag>=0&&s2.eFlag>=0&&TMath::Abs(s.eX-150000)<5000&&TMath::Abs(s.eY-150000)<5000
We have 208830 good couples with selectioneCHI2P<2.0&&s.eW>10&&eN1<=1&&eN2<=1&&s1.eFlag>=0&&s2.eFlag>=0&&TMath::Abs(s.eX-150000)<5000&&TMath::Abs(s.eY-160000)<5000
We have 167936 good couples with selectioneCHI2P<2.0&&s.eW>10&&eN1<=1&&eN2<=1&&s1.eFlag>=0&&s2.eFlag>=0&&TMath::Abs(s.eX-150000)<5000&&TMath::Abs(s.eY-170000)<5000
We have 4655 good couples with selectioneCHI2P<2.0&&s.eW>10&&eN1<=1&&eN2<=1&&s1.eFlag>=0&&s2.eFlag>=0&&TMath::Abs(s.eX-150000)<5000&&TMath::Abs(s.eY-180000)<5000
We have 207469 good couples with selectioneCHI2P<2.0&&s.eW>10&&eN1<=1&&eN2<=1&&s1.eFlag>=0&&s2.eFlag>=0&&TMath::Abs(s.eX-160000)<5000&&TMath::Abs(s.eY-10000)<5000
We have 210853 good couples with selectioneCHI2P<2.0&&s.eW>10&&eN1<=1&&eN2<=1&&s1.eFlag>=0&&s2.eFlag>=0&&TMath::Abs(s.eX-160000)<5000&&TMath::Abs(s.eY-20000)<5000
We have 218550 good couples with selectioneCHI2P<2.0&&s.eW>10&&eN1<=1&&eN2<=1&&s1.eFlag>=0&&s2.eFlag>=0&&TMath::Abs(s.eX-160000)<5000&&TMath::Abs(s.eY-30000)<5000
We have 220523 good couples with selectioneCHI2P<2.0&&s.eW>10&&eN1<=1&&eN2<=1&&s1.eFlag>=0&&s2.eFlag>=0&&TMath::Abs(s.eX-160000)<5000&&TMath::Abs(s.eY-40000)<5000
We have 221896 good couples with selectioneCHI2P<2.0&&s.eW>10&&eN1<=1&&eN2<=1&&s1.eFlag>=0&&s2.eFlag>=0&&TMath::Abs(s.eX-160000)<5000&&TMath::Abs(s.eY-50000)<5000
We have 221066 good couples with selectioneCHI2P<2.0&&s.eW>10&&eN1<=1&&eN2<=1&&s1.eFlag>=0&&s2.eFlag>=0&&TMath::Abs(s.eX-160000)<5000&&TMath::Abs(s.eY-60000)<5000
We have 222584 good couples with selectioneCHI2P<2.0&&s.eW>10&&eN1<=1&&eN2<=1&&s1.eFlag>=0&&s2.eFlag>=0&&TMath::Abs(s.eX-160000)<5000&&TMath::Abs(s.eY-70000)<5000
We have 224346 good couples with selectioneCHI2P<2.0&&s.eW>10&&eN1<=1&&eN2<=1&&s1.eFlag>=0&&s2.eFlag>=0&&TMath::Abs(s.eX-160000)<5000&&TMath::Abs(s.eY-80000)<5000
We have 228273 good couples with selectioneCHI2P<2.0&&s.eW>10&&eN1<=1&&eN2<=1&&s1.eFlag>=0&&s2.eFlag>=0&&TMath::Abs(s.eX-160000)<5000&&TMath::Abs(s.eY-90000)<5000
We have 220391 good couples with selectioneCHI2P<2.0&&s.eW>10&&eN1<=1&&eN2<=1&&s1.eFlag>=0&&s2.eFlag>=0&&TMath::Abs(s.eX-160000)<5000&&TMath::Abs(s.eY-100000)<5000
We have 232683 good couples with selectioneCHI2P<2.0&&s.eW>10&&eN1<=1&&eN2<=1&&s1.eFlag>=0&&s2.eFlag>=0&&TMath::Abs(s.eX-160000)<5000&&TMath::Abs(s.eY-110000)<5000
We have 229328 good couples with selectioneCHI2P<2.0&&s.eW>10&&eN1<=1&&eN2<=1&&s1.eFlag>=0&&s2.eFlag>=0&&TMath::Abs(s.eX-160000)<5000&&TMath::Abs(s.eY-120000)<5000
We have 221456 good couples with selectioneCHI2P<2.0&&s.eW>10&&eN1<=1&&eN2<=1&&s1.eFlag>=0&&s2.eFlag>=0&&TMath::Abs(s.eX-160000)<5000&&TMath::Abs(s.eY-130000)<5000
We have 223156 good couples with selectioneCHI2P<2.0&&s.eW>10&&eN1<=1&&eN2<=1&&s1.eFlag>=0&&s2.eFlag>=0&&TMath::Abs(s.eX-160000)<5000&&TMath::Abs(s.eY-140000)<5000
We have 212759 good couples with selectioneCHI2P<2.0&&s.eW>10&&eN1<=1&&eN2<=1&&s1.eFlag>=0&&s2.eFlag>=0&&TMath::Abs(s.eX-160000)<5000&&TMath::Abs(s.eY-150000)<5000
We have 215374 good couples with selectioneCHI2P<2.0&&s.eW>10&&eN1<=1&&eN2<=1&&s1.eFlag>=0&&s2.eFlag>=0&&TMath::Abs(s.eX-160000)<5000&&TMath::Abs(s.eY-160000)<5000
We have 173737 good couples with selectioneCHI2P<2.0&&s.eW>10&&eN1<=1&&eN2<=1&&s1.eFlag>=0&&s2.eFlag>=0&&TMath::Abs(s.eX-160000)<5000&&TMath::Abs(s.eY-170000)<5000
We have 3238 good couples with selectioneCHI2P<2.0&&s.eW>10&&eN1<=1&&eN2<=1&&s1.eFlag>=0&&s2.eFlag>=0&&TMath::Abs(s.eX-160000)<5000&&TMath::Abs(s.eY-180000)<5000
We have 214626 good couples with selectioneCHI2P<2.0&&s.eW>10&&eN1<=1&&eN2<=1&&s1.eFlag>=0&&s2.eFlag>=0&&TMath::Abs(s.eX-170000)<5000&&TMath::Abs(s.eY-10000)<5000
We have 230194 good couples with selectioneCHI2P<2.0&&s.eW>10&&eN1<=1&&eN2<=1&&s1.eFlag>=0&&s2.eFlag>=0&&TMath::Abs(s.eX-170000)<5000&&TMath::Abs(s.eY-20000)<5000
We have 225784 good couples with selectioneCHI2P<2.0&&s.eW>10&&eN1<=1&&eN2<=1&&s1.eFlag>=0&&s2.eFlag>=0&&TMath::Abs(s.eX-170000)<5000&&TMath::Abs(s.eY-30000)<5000
We have 225087 good couples with selectioneCHI2P<2.0&&s.eW>10&&eN1<=1&&eN2<=1&&s1.eFlag>=0&&s2.eFlag>=0&&TMath::Abs(s.eX-170000)<5000&&TMath::Abs(s.eY-40000)<5000
We have 223657 good couples with selectioneCHI2P<2.0&&s.eW>10&&eN1<=1&&eN2<=1&&s1.eFlag>=0&&s2.eFlag>=0&&TMath::Abs(s.eX-170000)<5000&&TMath::Abs(s.eY-50000)<5000
We have 224705 good couples with selectioneCHI2P<2.0&&s.eW>10&&eN1<=1&&eN2<=1&&s1.eFlag>=0&&s2.eFlag>=0&&TMath::Abs(s.eX-170000)<5000&&TMath::Abs(s.eY-60000)<5000
We have 221612 good couples with selectioneCHI2P<2.0&&s.eW>10&&eN1<=1&&eN2<=1&&s1.eFlag>=0&&s2.eFlag>=0&&TMath::Abs(s.eX-170000)<5000&&TMath::Abs(s.eY-70000)<5000
We have 222970 good couples with selectioneCHI2P<2.0&&s.eW>10&&eN1<=1&&eN2<=1&&s1.eFlag>=0&&s2.eFlag>=0&&TMath::Abs(s.eX-170000)<5000&&TMath::Abs(s.eY-80000)<5000
We have 223550 good couples with selectioneCHI2P<2.0&&s.eW>10&&eN1<=1&&eN2<=1&&s1.eFlag>=0&&s2.eFlag>=0&&TMath::Abs(s.eX-170000)<5000&&TMath::Abs(s.eY-90000)<5000
We have 235108 good couples with selectioneCHI2P<2.0&&s.eW>10&&eN1<=1&&eN2<=1&&s1.eFlag>=0&&s2.eFlag>=0&&TMath::Abs(s.eX-170000)<5000&&TMath::Abs(s.eY-100000)<5000
We have 229527 good couples with selectioneCHI2P<2.0&&s.eW>10&&eN1<=1&&eN2<=1&&s1.eFlag>=0&&s2.eFlag>=0&&TMath::Abs(s.eX-170000)<5000&&TMath::Abs(s.eY-110000)<5000
We have 230921 good couples with selectioneCHI2P<2.0&&s.eW>10&&eN1<=1&&eN2<=1&&s1.eFlag>=0&&s2.eFlag>=0&&TMath::Abs(s.eX-170000)<5000&&TMath::Abs(s.eY-120000)<5000
We have 231198 good couples with selectioneCHI2P<2.0&&s.eW>10&&eN1<=1&&eN2<=1&&s1.eFlag>=0&&s2.eFlag>=0&&TMath::Abs(s.eX-170000)<5000&&TMath::Abs(s.eY-130000)<5000
We have 221461 good couples with selectioneCHI2P<2.0&&s.eW>10&&eN1<=1&&eN2<=1&&s1.eFlag>=0&&s2.eFlag>=0&&TMath::Abs(s.eX-170000)<5000&&TMath::Abs(s.eY-140000)<5000
We have 215573 good couples with selectioneCHI2P<2.0&&s.eW>10&&eN1<=1&&eN2<=1&&s1.eFlag>=0&&s2.eFlag>=0&&TMath::Abs(s.eX-170000)<5000&&TMath::Abs(s.eY-150000)<5000
We have 213606 good couples with selectioneCHI2P<2.0&&s.eW>10&&eN1<=1&&eN2<=1&&s1.eFlag>=0&&s2.eFlag>=0&&TMath::Abs(s.eX-170000)<5000&&TMath::Abs(s.eY-160000)<5000
We have 177289 good couples with selectioneCHI2P<2.0&&s.eW>10&&eN1<=1&&eN2<=1&&s1.eFlag>=0&&s2.eFlag>=0&&TMath::Abs(s.eX-170000)<5000&&TMath::Abs(s.eY-170000)<5000
We have 4672 good couples with selectioneCHI2P<2.0&&s.eW>10&&eN1<=1&&eN2<=1&&s1.eFlag>=0&&s2.eFlag>=0&&TMath::Abs(s.eX-170000)<5000&&TMath::Abs(s.eY-180000)<5000
We have 215588 good couples with selectioneCHI2P<2.0&&s.eW>10&&eN1<=1&&eN2<=1&&s1.eFlag>=0&&s2.eFlag>=0&&TMath::Abs(s.eX-180000)<5000&&TMath::Abs(s.eY-10000)<5000
We have 222373 good couples with selectioneCHI2P<2.0&&s.eW>10&&eN1<=1&&eN2<=1&&s1.eFlag>=0&&s2.eFlag>=0&&TMath::Abs(s.eX-180000)<5000&&TMath::Abs(s.eY-20000)<5000
We have 223670 good couples with selectioneCHI2P<2.0&&s.eW>10&&eN1<=1&&eN2<=1&&s1.eFlag>=0&&s2.eFlag>=0&&TMath::Abs(s.eX-180000)<5000&&TMath::Abs(s.eY-30000)<5000
We have 231095 good couples with selectioneCHI2P<2.0&&s.eW>10&&eN1<=1&&eN2<=1&&s1.eFlag>=0&&s2.eFlag>=0&&TMath::Abs(s.eX-180000)<5000&&TMath::Abs(s.eY-40000)<5000
We have 221705 good couples with selectioneCHI2P<2.0&&s.eW>10&&eN1<=1&&eN2<=1&&s1.eFlag>=0&&s2.eFlag>=0&&TMath::Abs(s.eX-180000)<5000&&TMath::Abs(s.eY-50000)<5000
We have 215187 good couples with selectioneCHI2P<2.0&&s.eW>10&&eN1<=1&&eN2<=1&&s1.eFlag>=0&&s2.eFlag>=0&&TMath::Abs(s.eX-180000)<5000&&TMath::Abs(s.eY-60000)<5000
We have 216232 good couples with selectioneCHI2P<2.0&&s.eW>10&&eN1<=1&&eN2<=1&&s1.eFlag>=0&&s2.eFlag>=0&&TMath::Abs(s.eX-180000)<5000&&TMath::Abs(s.eY-70000)<5000
We have 219945 good couples with selectioneCHI2P<2.0&&s.eW>10&&eN1<=1&&eN2<=1&&s1.eFlag>=0&&s2.eFlag>=0&&TMath::Abs(s.eX-180000)<5000&&TMath::Abs(s.eY-80000)<5000
We have 221888 good couples with selectioneCHI2P<2.0&&s.eW>10&&eN1<=1&&eN2<=1&&s1.eFlag>=0&&s2.eFlag>=0&&TMath::Abs(s.eX-180000)<5000&&TMath::Abs(s.eY-90000)<5000
We have 221428 good couples with selectioneCHI2P<2.0&&s.eW>10&&eN1<=1&&eN2<=1&&s1.eFlag>=0&&s2.eFlag>=0&&TMath::Abs(s.eX-180000)<5000&&TMath::Abs(s.eY-100000)<5000
We have 225162 good couples with selectioneCHI2P<2.0&&s.eW>10&&eN1<=1&&eN2<=1&&s1.eFlag>=0&&s2.eFlag>=0&&TMath::Abs(s.eX-180000)<5000&&TMath::Abs(s.eY-110000)<5000
We have 227186 good couples with selectioneCHI2P<2.0&&s.eW>10&&eN1<=1&&eN2<=1&&s1.eFlag>=0&&s2.eFlag>=0&&TMath::Abs(s.eX-180000)<5000&&TMath::Abs(s.eY-120000)<5000
We have 218673 good couples with selectioneCHI2P<2.0&&s.eW>10&&eN1<=1&&eN2<=1&&s1.eFlag>=0&&s2.eFlag>=0&&TMath::Abs(s.eX-180000)<5000&&TMath::Abs(s.eY-130000)<5000
We have 215994 good couples with selectioneCHI2P<2.0&&s.eW>10&&eN1<=1&&eN2<=1&&s1.eFlag>=0&&s2.eFlag>=0&&TMath::Abs(s.eX-180000)<5000&&TMath::Abs(s.eY-140000)<5000
We have 215852 good couples with selectioneCHI2P<2.0&&s.eW>10&&eN1<=1&&eN2<=1&&s1.eFlag>=0&&s2.eFlag>=0&&TMath::Abs(s.eX-180000)<5000&&TMath::Abs(s.eY-150000)<5000
We have 213203 good couples with selectioneCHI2P<2.0&&s.eW>10&&eN1<=1&&eN2<=1&&s1.eFlag>=0&&s2.eFlag>=0&&TMath::Abs(s.eX-180000)<5000&&TMath::Abs(s.eY-160000)<5000
We have 163419 good couples with selectioneCHI2P<2.0&&s.eW>10&&eN1<=1&&eN2<=1&&s1.eFlag>=0&&s2.eFlag>=0&&TMath::Abs(s.eX-180000)<5000&&TMath::Abs(s.eY-170000)<5000
We have 4251 good couples with selectioneCHI2P<2.0&&s.eW>10&&eN1<=1&&eN2<=1&&s1.eFlag>=0&&s2.eFlag>=0&&TMath::Abs(s.eX-180000)<5000&&TMath::Abs(s.eY-180000)<5000
Start time: 230320
End time: 235952
