Set up SND environment
search libraries in slc9_x86-64
merge cells for plate 
Load FEDRA libs

Processing /afs/cern.ch/user/o/onur//emulsion_tasks2/reco_scripts/linking/merge_coupleshistos.C("/eos/experiment/sndlhc/emulsionData/2022/CERN/emu_reco/RUN3/",51,30)...
We have 180046 good couples with selectioneCHI2P<2.0&&s.eW>10&&eN1<=1&&eN2<=1&&s1.eFlag>=0&&s2.eFlag>=0&&TMath::Abs(s.eX-10000)<5000&&TMath::Abs(s.eY-10000)<5000
We have 169574 good couples with selectioneCHI2P<2.0&&s.eW>10&&eN1<=1&&eN2<=1&&s1.eFlag>=0&&s2.eFlag>=0&&TMath::Abs(s.eX-10000)<5000&&TMath::Abs(s.eY-20000)<5000
We have 166430 good couples with selectioneCHI2P<2.0&&s.eW>10&&eN1<=1&&eN2<=1&&s1.eFlag>=0&&s2.eFlag>=0&&TMath::Abs(s.eX-10000)<5000&&TMath::Abs(s.eY-30000)<5000
We have 166230 good couples with selectioneCHI2P<2.0&&s.eW>10&&eN1<=1&&eN2<=1&&s1.eFlag>=0&&s2.eFlag>=0&&TMath::Abs(s.eX-10000)<5000&&TMath::Abs(s.eY-40000)<5000
We have 174168 good couples with selectioneCHI2P<2.0&&s.eW>10&&eN1<=1&&eN2<=1&&s1.eFlag>=0&&s2.eFlag>=0&&TMath::Abs(s.eX-10000)<5000&&TMath::Abs(s.eY-50000)<5000
We have 187425 good couples with selectioneCHI2P<2.0&&s.eW>10&&eN1<=1&&eN2<=1&&s1.eFlag>=0&&s2.eFlag>=0&&TMath::Abs(s.eX-10000)<5000&&TMath::Abs(s.eY-60000)<5000
We have 195586 good couples with selectioneCHI2P<2.0&&s.eW>10&&eN1<=1&&eN2<=1&&s1.eFlag>=0&&s2.eFlag>=0&&TMath::Abs(s.eX-10000)<5000&&TMath::Abs(s.eY-70000)<5000
We have 199206 good couples with selectioneCHI2P<2.0&&s.eW>10&&eN1<=1&&eN2<=1&&s1.eFlag>=0&&s2.eFlag>=0&&TMath::Abs(s.eX-10000)<5000&&TMath::Abs(s.eY-80000)<5000
We have 187391 good couples with selectioneCHI2P<2.0&&s.eW>10&&eN1<=1&&eN2<=1&&s1.eFlag>=0&&s2.eFlag>=0&&TMath::Abs(s.eX-10000)<5000&&TMath::Abs(s.eY-90000)<5000
We have 175346 good couples with selectioneCHI2P<2.0&&s.eW>10&&eN1<=1&&eN2<=1&&s1.eFlag>=0&&s2.eFlag>=0&&TMath::Abs(s.eX-10000)<5000&&TMath::Abs(s.eY-100000)<5000
We have 172725 good couples with selectioneCHI2P<2.0&&s.eW>10&&eN1<=1&&eN2<=1&&s1.eFlag>=0&&s2.eFlag>=0&&TMath::Abs(s.eX-10000)<5000&&TMath::Abs(s.eY-110000)<5000
We have 169843 good couples with selectioneCHI2P<2.0&&s.eW>10&&eN1<=1&&eN2<=1&&s1.eFlag>=0&&s2.eFlag>=0&&TMath::Abs(s.eX-10000)<5000&&TMath::Abs(s.eY-120000)<5000
We have 164684 good couples with selectioneCHI2P<2.0&&s.eW>10&&eN1<=1&&eN2<=1&&s1.eFlag>=0&&s2.eFlag>=0&&TMath::Abs(s.eX-10000)<5000&&TMath::Abs(s.eY-130000)<5000
We have 153801 good couples with selectioneCHI2P<2.0&&s.eW>10&&eN1<=1&&eN2<=1&&s1.eFlag>=0&&s2.eFlag>=0&&TMath::Abs(s.eX-10000)<5000&&TMath::Abs(s.eY-140000)<5000
We have 141380 good couples with selectioneCHI2P<2.0&&s.eW>10&&eN1<=1&&eN2<=1&&s1.eFlag>=0&&s2.eFlag>=0&&TMath::Abs(s.eX-10000)<5000&&TMath::Abs(s.eY-150000)<5000
We have 131842 good couples with selectioneCHI2P<2.0&&s.eW>10&&eN1<=1&&eN2<=1&&s1.eFlag>=0&&s2.eFlag>=0&&TMath::Abs(s.eX-10000)<5000&&TMath::Abs(s.eY-160000)<5000
We have 139973 good couples with selectioneCHI2P<2.0&&s.eW>10&&eN1<=1&&eN2<=1&&s1.eFlag>=0&&s2.eFlag>=0&&TMath::Abs(s.eX-10000)<5000&&TMath::Abs(s.eY-170000)<5000
We have 73443 good couples with selectioneCHI2P<2.0&&s.eW>10&&eN1<=1&&eN2<=1&&s1.eFlag>=0&&s2.eFlag>=0&&TMath::Abs(s.eX-10000)<5000&&TMath::Abs(s.eY-180000)<5000
We have 164376 good couples with selectioneCHI2P<2.0&&s.eW>10&&eN1<=1&&eN2<=1&&s1.eFlag>=0&&s2.eFlag>=0&&TMath::Abs(s.eX-20000)<5000&&TMath::Abs(s.eY-10000)<5000
We have 160056 good couples with selectioneCHI2P<2.0&&s.eW>10&&eN1<=1&&eN2<=1&&s1.eFlag>=0&&s2.eFlag>=0&&TMath::Abs(s.eX-20000)<5000&&TMath::Abs(s.eY-20000)<5000
We have 147760 good couples with selectioneCHI2P<2.0&&s.eW>10&&eN1<=1&&eN2<=1&&s1.eFlag>=0&&s2.eFlag>=0&&TMath::Abs(s.eX-20000)<5000&&TMath::Abs(s.eY-30000)<5000
We have 158982 good couples with selectioneCHI2P<2.0&&s.eW>10&&eN1<=1&&eN2<=1&&s1.eFlag>=0&&s2.eFlag>=0&&TMath::Abs(s.eX-20000)<5000&&TMath::Abs(s.eY-40000)<5000
We have 173265 good couples with selectioneCHI2P<2.0&&s.eW>10&&eN1<=1&&eN2<=1&&s1.eFlag>=0&&s2.eFlag>=0&&TMath::Abs(s.eX-20000)<5000&&TMath::Abs(s.eY-50000)<5000
We have 183231 good couples with selectioneCHI2P<2.0&&s.eW>10&&eN1<=1&&eN2<=1&&s1.eFlag>=0&&s2.eFlag>=0&&TMath::Abs(s.eX-20000)<5000&&TMath::Abs(s.eY-60000)<5000
We have 189518 good couples with selectioneCHI2P<2.0&&s.eW>10&&eN1<=1&&eN2<=1&&s1.eFlag>=0&&s2.eFlag>=0&&TMath::Abs(s.eX-20000)<5000&&TMath::Abs(s.eY-70000)<5000
We have 187739 good couples with selectioneCHI2P<2.0&&s.eW>10&&eN1<=1&&eN2<=1&&s1.eFlag>=0&&s2.eFlag>=0&&TMath::Abs(s.eX-20000)<5000&&TMath::Abs(s.eY-80000)<5000
We have 184808 good couples with selectioneCHI2P<2.0&&s.eW>10&&eN1<=1&&eN2<=1&&s1.eFlag>=0&&s2.eFlag>=0&&TMath::Abs(s.eX-20000)<5000&&TMath::Abs(s.eY-90000)<5000
We have 178614 good couples with selectioneCHI2P<2.0&&s.eW>10&&eN1<=1&&eN2<=1&&s1.eFlag>=0&&s2.eFlag>=0&&TMath::Abs(s.eX-20000)<5000&&TMath::Abs(s.eY-100000)<5000
We have 168323 good couples with selectioneCHI2P<2.0&&s.eW>10&&eN1<=1&&eN2<=1&&s1.eFlag>=0&&s2.eFlag>=0&&TMath::Abs(s.eX-20000)<5000&&TMath::Abs(s.eY-110000)<5000
We have 165773 good couples with selectioneCHI2P<2.0&&s.eW>10&&eN1<=1&&eN2<=1&&s1.eFlag>=0&&s2.eFlag>=0&&TMath::Abs(s.eX-20000)<5000&&TMath::Abs(s.eY-120000)<5000
We have 157558 good couples with selectioneCHI2P<2.0&&s.eW>10&&eN1<=1&&eN2<=1&&s1.eFlag>=0&&s2.eFlag>=0&&TMath::Abs(s.eX-20000)<5000&&TMath::Abs(s.eY-130000)<5000
We have 144486 good couples with selectioneCHI2P<2.0&&s.eW>10&&eN1<=1&&eN2<=1&&s1.eFlag>=0&&s2.eFlag>=0&&TMath::Abs(s.eX-20000)<5000&&TMath::Abs(s.eY-140000)<5000
We have 140093 good couples with selectioneCHI2P<2.0&&s.eW>10&&eN1<=1&&eN2<=1&&s1.eFlag>=0&&s2.eFlag>=0&&TMath::Abs(s.eX-20000)<5000&&TMath::Abs(s.eY-150000)<5000
We have 127205 good couples with selectioneCHI2P<2.0&&s.eW>10&&eN1<=1&&eN2<=1&&s1.eFlag>=0&&s2.eFlag>=0&&TMath::Abs(s.eX-20000)<5000&&TMath::Abs(s.eY-160000)<5000
We have 128769 good couples with selectioneCHI2P<2.0&&s.eW>10&&eN1<=1&&eN2<=1&&s1.eFlag>=0&&s2.eFlag>=0&&TMath::Abs(s.eX-20000)<5000&&TMath::Abs(s.eY-170000)<5000
We have 69873 good couples with selectioneCHI2P<2.0&&s.eW>10&&eN1<=1&&eN2<=1&&s1.eFlag>=0&&s2.eFlag>=0&&TMath::Abs(s.eX-20000)<5000&&TMath::Abs(s.eY-180000)<5000
We have 151199 good couples with selectioneCHI2P<2.0&&s.eW>10&&eN1<=1&&eN2<=1&&s1.eFlag>=0&&s2.eFlag>=0&&TMath::Abs(s.eX-30000)<5000&&TMath::Abs(s.eY-10000)<5000
We have 144995 good couples with selectioneCHI2P<2.0&&s.eW>10&&eN1<=1&&eN2<=1&&s1.eFlag>=0&&s2.eFlag>=0&&TMath::Abs(s.eX-30000)<5000&&TMath::Abs(s.eY-20000)<5000
We have 144766 good couples with selectioneCHI2P<2.0&&s.eW>10&&eN1<=1&&eN2<=1&&s1.eFlag>=0&&s2.eFlag>=0&&TMath::Abs(s.eX-30000)<5000&&TMath::Abs(s.eY-30000)<5000
We have 151105 good couples with selectioneCHI2P<2.0&&s.eW>10&&eN1<=1&&eN2<=1&&s1.eFlag>=0&&s2.eFlag>=0&&TMath::Abs(s.eX-30000)<5000&&TMath::Abs(s.eY-40000)<5000
We have 168968 good couples with selectioneCHI2P<2.0&&s.eW>10&&eN1<=1&&eN2<=1&&s1.eFlag>=0&&s2.eFlag>=0&&TMath::Abs(s.eX-30000)<5000&&TMath::Abs(s.eY-50000)<5000
We have 175791 good couples with selectioneCHI2P<2.0&&s.eW>10&&eN1<=1&&eN2<=1&&s1.eFlag>=0&&s2.eFlag>=0&&TMath::Abs(s.eX-30000)<5000&&TMath::Abs(s.eY-60000)<5000
We have 187699 good couples with selectioneCHI2P<2.0&&s.eW>10&&eN1<=1&&eN2<=1&&s1.eFlag>=0&&s2.eFlag>=0&&TMath::Abs(s.eX-30000)<5000&&TMath::Abs(s.eY-70000)<5000
We have 180148 good couples with selectioneCHI2P<2.0&&s.eW>10&&eN1<=1&&eN2<=1&&s1.eFlag>=0&&s2.eFlag>=0&&TMath::Abs(s.eX-30000)<5000&&TMath::Abs(s.eY-80000)<5000
We have 181158 good couples with selectioneCHI2P<2.0&&s.eW>10&&eN1<=1&&eN2<=1&&s1.eFlag>=0&&s2.eFlag>=0&&TMath::Abs(s.eX-30000)<5000&&TMath::Abs(s.eY-90000)<5000
We have 169798 good couples with selectioneCHI2P<2.0&&s.eW>10&&eN1<=1&&eN2<=1&&s1.eFlag>=0&&s2.eFlag>=0&&TMath::Abs(s.eX-30000)<5000&&TMath::Abs(s.eY-100000)<5000
We have 166837 good couples with selectioneCHI2P<2.0&&s.eW>10&&eN1<=1&&eN2<=1&&s1.eFlag>=0&&s2.eFlag>=0&&TMath::Abs(s.eX-30000)<5000&&TMath::Abs(s.eY-110000)<5000
We have 169343 good couples with selectioneCHI2P<2.0&&s.eW>10&&eN1<=1&&eN2<=1&&s1.eFlag>=0&&s2.eFlag>=0&&TMath::Abs(s.eX-30000)<5000&&TMath::Abs(s.eY-120000)<5000
We have 159768 good couples with selectioneCHI2P<2.0&&s.eW>10&&eN1<=1&&eN2<=1&&s1.eFlag>=0&&s2.eFlag>=0&&TMath::Abs(s.eX-30000)<5000&&TMath::Abs(s.eY-130000)<5000
We have 146679 good couples with selectioneCHI2P<2.0&&s.eW>10&&eN1<=1&&eN2<=1&&s1.eFlag>=0&&s2.eFlag>=0&&TMath::Abs(s.eX-30000)<5000&&TMath::Abs(s.eY-140000)<5000
We have 134211 good couples with selectioneCHI2P<2.0&&s.eW>10&&eN1<=1&&eN2<=1&&s1.eFlag>=0&&s2.eFlag>=0&&TMath::Abs(s.eX-30000)<5000&&TMath::Abs(s.eY-150000)<5000
We have 116749 good couples with selectioneCHI2P<2.0&&s.eW>10&&eN1<=1&&eN2<=1&&s1.eFlag>=0&&s2.eFlag>=0&&TMath::Abs(s.eX-30000)<5000&&TMath::Abs(s.eY-160000)<5000
We have 121351 good couples with selectioneCHI2P<2.0&&s.eW>10&&eN1<=1&&eN2<=1&&s1.eFlag>=0&&s2.eFlag>=0&&TMath::Abs(s.eX-30000)<5000&&TMath::Abs(s.eY-170000)<5000
We have 65802 good couples with selectioneCHI2P<2.0&&s.eW>10&&eN1<=1&&eN2<=1&&s1.eFlag>=0&&s2.eFlag>=0&&TMath::Abs(s.eX-30000)<5000&&TMath::Abs(s.eY-180000)<5000
We have 144145 good couples with selectioneCHI2P<2.0&&s.eW>10&&eN1<=1&&eN2<=1&&s1.eFlag>=0&&s2.eFlag>=0&&TMath::Abs(s.eX-40000)<5000&&TMath::Abs(s.eY-10000)<5000
We have 140403 good couples with selectioneCHI2P<2.0&&s.eW>10&&eN1<=1&&eN2<=1&&s1.eFlag>=0&&s2.eFlag>=0&&TMath::Abs(s.eX-40000)<5000&&TMath::Abs(s.eY-20000)<5000
We have 147573 good couples with selectioneCHI2P<2.0&&s.eW>10&&eN1<=1&&eN2<=1&&s1.eFlag>=0&&s2.eFlag>=0&&TMath::Abs(s.eX-40000)<5000&&TMath::Abs(s.eY-30000)<5000
We have 146105 good couples with selectioneCHI2P<2.0&&s.eW>10&&eN1<=1&&eN2<=1&&s1.eFlag>=0&&s2.eFlag>=0&&TMath::Abs(s.eX-40000)<5000&&TMath::Abs(s.eY-40000)<5000
We have 163897 good couples with selectioneCHI2P<2.0&&s.eW>10&&eN1<=1&&eN2<=1&&s1.eFlag>=0&&s2.eFlag>=0&&TMath::Abs(s.eX-40000)<5000&&TMath::Abs(s.eY-50000)<5000
We have 166977 good couples with selectioneCHI2P<2.0&&s.eW>10&&eN1<=1&&eN2<=1&&s1.eFlag>=0&&s2.eFlag>=0&&TMath::Abs(s.eX-40000)<5000&&TMath::Abs(s.eY-60000)<5000
We have 171693 good couples with selectioneCHI2P<2.0&&s.eW>10&&eN1<=1&&eN2<=1&&s1.eFlag>=0&&s2.eFlag>=0&&TMath::Abs(s.eX-40000)<5000&&TMath::Abs(s.eY-70000)<5000
We have 171923 good couples with selectioneCHI2P<2.0&&s.eW>10&&eN1<=1&&eN2<=1&&s1.eFlag>=0&&s2.eFlag>=0&&TMath::Abs(s.eX-40000)<5000&&TMath::Abs(s.eY-80000)<5000
We have 171106 good couples with selectioneCHI2P<2.0&&s.eW>10&&eN1<=1&&eN2<=1&&s1.eFlag>=0&&s2.eFlag>=0&&TMath::Abs(s.eX-40000)<5000&&TMath::Abs(s.eY-90000)<5000
We have 173912 good couples with selectioneCHI2P<2.0&&s.eW>10&&eN1<=1&&eN2<=1&&s1.eFlag>=0&&s2.eFlag>=0&&TMath::Abs(s.eX-40000)<5000&&TMath::Abs(s.eY-100000)<5000
We have 173823 good couples with selectioneCHI2P<2.0&&s.eW>10&&eN1<=1&&eN2<=1&&s1.eFlag>=0&&s2.eFlag>=0&&TMath::Abs(s.eX-40000)<5000&&TMath::Abs(s.eY-110000)<5000
We have 168954 good couples with selectioneCHI2P<2.0&&s.eW>10&&eN1<=1&&eN2<=1&&s1.eFlag>=0&&s2.eFlag>=0&&TMath::Abs(s.eX-40000)<5000&&TMath::Abs(s.eY-120000)<5000
We have 158210 good couples with selectioneCHI2P<2.0&&s.eW>10&&eN1<=1&&eN2<=1&&s1.eFlag>=0&&s2.eFlag>=0&&TMath::Abs(s.eX-40000)<5000&&TMath::Abs(s.eY-130000)<5000
We have 147204 good couples with selectioneCHI2P<2.0&&s.eW>10&&eN1<=1&&eN2<=1&&s1.eFlag>=0&&s2.eFlag>=0&&TMath::Abs(s.eX-40000)<5000&&TMath::Abs(s.eY-140000)<5000
We have 129925 good couples with selectioneCHI2P<2.0&&s.eW>10&&eN1<=1&&eN2<=1&&s1.eFlag>=0&&s2.eFlag>=0&&TMath::Abs(s.eX-40000)<5000&&TMath::Abs(s.eY-150000)<5000
We have 103240 good couples with selectioneCHI2P<2.0&&s.eW>10&&eN1<=1&&eN2<=1&&s1.eFlag>=0&&s2.eFlag>=0&&TMath::Abs(s.eX-40000)<5000&&TMath::Abs(s.eY-160000)<5000
We have 113452 good couples with selectioneCHI2P<2.0&&s.eW>10&&eN1<=1&&eN2<=1&&s1.eFlag>=0&&s2.eFlag>=0&&TMath::Abs(s.eX-40000)<5000&&TMath::Abs(s.eY-170000)<5000
We have 63882 good couples with selectioneCHI2P<2.0&&s.eW>10&&eN1<=1&&eN2<=1&&s1.eFlag>=0&&s2.eFlag>=0&&TMath::Abs(s.eX-40000)<5000&&TMath::Abs(s.eY-180000)<5000
We have 147660 good couples with selectioneCHI2P<2.0&&s.eW>10&&eN1<=1&&eN2<=1&&s1.eFlag>=0&&s2.eFlag>=0&&TMath::Abs(s.eX-50000)<5000&&TMath::Abs(s.eY-10000)<5000
We have 142481 good couples with selectioneCHI2P<2.0&&s.eW>10&&eN1<=1&&eN2<=1&&s1.eFlag>=0&&s2.eFlag>=0&&TMath::Abs(s.eX-50000)<5000&&TMath::Abs(s.eY-20000)<5000
We have 144328 good couples with selectioneCHI2P<2.0&&s.eW>10&&eN1<=1&&eN2<=1&&s1.eFlag>=0&&s2.eFlag>=0&&TMath::Abs(s.eX-50000)<5000&&TMath::Abs(s.eY-30000)<5000
We have 152536 good couples with selectioneCHI2P<2.0&&s.eW>10&&eN1<=1&&eN2<=1&&s1.eFlag>=0&&s2.eFlag>=0&&TMath::Abs(s.eX-50000)<5000&&TMath::Abs(s.eY-40000)<5000
We have 170202 good couples with selectioneCHI2P<2.0&&s.eW>10&&eN1<=1&&eN2<=1&&s1.eFlag>=0&&s2.eFlag>=0&&TMath::Abs(s.eX-50000)<5000&&TMath::Abs(s.eY-50000)<5000
We have 167239 good couples with selectioneCHI2P<2.0&&s.eW>10&&eN1<=1&&eN2<=1&&s1.eFlag>=0&&s2.eFlag>=0&&TMath::Abs(s.eX-50000)<5000&&TMath::Abs(s.eY-60000)<5000
We have 166346 good couples with selectioneCHI2P<2.0&&s.eW>10&&eN1<=1&&eN2<=1&&s1.eFlag>=0&&s2.eFlag>=0&&TMath::Abs(s.eX-50000)<5000&&TMath::Abs(s.eY-70000)<5000
We have 175443 good couples with selectioneCHI2P<2.0&&s.eW>10&&eN1<=1&&eN2<=1&&s1.eFlag>=0&&s2.eFlag>=0&&TMath::Abs(s.eX-50000)<5000&&TMath::Abs(s.eY-80000)<5000
We have 169813 good couples with selectioneCHI2P<2.0&&s.eW>10&&eN1<=1&&eN2<=1&&s1.eFlag>=0&&s2.eFlag>=0&&TMath::Abs(s.eX-50000)<5000&&TMath::Abs(s.eY-90000)<5000
We have 173894 good couples with selectioneCHI2P<2.0&&s.eW>10&&eN1<=1&&eN2<=1&&s1.eFlag>=0&&s2.eFlag>=0&&TMath::Abs(s.eX-50000)<5000&&TMath::Abs(s.eY-100000)<5000
We have 168784 good couples with selectioneCHI2P<2.0&&s.eW>10&&eN1<=1&&eN2<=1&&s1.eFlag>=0&&s2.eFlag>=0&&TMath::Abs(s.eX-50000)<5000&&TMath::Abs(s.eY-110000)<5000
We have 160581 good couples with selectioneCHI2P<2.0&&s.eW>10&&eN1<=1&&eN2<=1&&s1.eFlag>=0&&s2.eFlag>=0&&TMath::Abs(s.eX-50000)<5000&&TMath::Abs(s.eY-120000)<5000
We have 151820 good couples with selectioneCHI2P<2.0&&s.eW>10&&eN1<=1&&eN2<=1&&s1.eFlag>=0&&s2.eFlag>=0&&TMath::Abs(s.eX-50000)<5000&&TMath::Abs(s.eY-130000)<5000
We have 149454 good couples with selectioneCHI2P<2.0&&s.eW>10&&eN1<=1&&eN2<=1&&s1.eFlag>=0&&s2.eFlag>=0&&TMath::Abs(s.eX-50000)<5000&&TMath::Abs(s.eY-140000)<5000
We have 147822 good couples with selectioneCHI2P<2.0&&s.eW>10&&eN1<=1&&eN2<=1&&s1.eFlag>=0&&s2.eFlag>=0&&TMath::Abs(s.eX-50000)<5000&&TMath::Abs(s.eY-150000)<5000
We have 106567 good couples with selectioneCHI2P<2.0&&s.eW>10&&eN1<=1&&eN2<=1&&s1.eFlag>=0&&s2.eFlag>=0&&TMath::Abs(s.eX-50000)<5000&&TMath::Abs(s.eY-160000)<5000
We have 104268 good couples with selectioneCHI2P<2.0&&s.eW>10&&eN1<=1&&eN2<=1&&s1.eFlag>=0&&s2.eFlag>=0&&TMath::Abs(s.eX-50000)<5000&&TMath::Abs(s.eY-170000)<5000
We have 56509 good couples with selectioneCHI2P<2.0&&s.eW>10&&eN1<=1&&eN2<=1&&s1.eFlag>=0&&s2.eFlag>=0&&TMath::Abs(s.eX-50000)<5000&&TMath::Abs(s.eY-180000)<5000
We have 163277 good couples with selectioneCHI2P<2.0&&s.eW>10&&eN1<=1&&eN2<=1&&s1.eFlag>=0&&s2.eFlag>=0&&TMath::Abs(s.eX-60000)<5000&&TMath::Abs(s.eY-10000)<5000
We have 159040 good couples with selectioneCHI2P<2.0&&s.eW>10&&eN1<=1&&eN2<=1&&s1.eFlag>=0&&s2.eFlag>=0&&TMath::Abs(s.eX-60000)<5000&&TMath::Abs(s.eY-20000)<5000
We have 160795 good couples with selectioneCHI2P<2.0&&s.eW>10&&eN1<=1&&eN2<=1&&s1.eFlag>=0&&s2.eFlag>=0&&TMath::Abs(s.eX-60000)<5000&&TMath::Abs(s.eY-30000)<5000
We have 165622 good couples with selectioneCHI2P<2.0&&s.eW>10&&eN1<=1&&eN2<=1&&s1.eFlag>=0&&s2.eFlag>=0&&TMath::Abs(s.eX-60000)<5000&&TMath::Abs(s.eY-40000)<5000
We have 176027 good couples with selectioneCHI2P<2.0&&s.eW>10&&eN1<=1&&eN2<=1&&s1.eFlag>=0&&s2.eFlag>=0&&TMath::Abs(s.eX-60000)<5000&&TMath::Abs(s.eY-50000)<5000
We have 176852 good couples with selectioneCHI2P<2.0&&s.eW>10&&eN1<=1&&eN2<=1&&s1.eFlag>=0&&s2.eFlag>=0&&TMath::Abs(s.eX-60000)<5000&&TMath::Abs(s.eY-60000)<5000
We have 173171 good couples with selectioneCHI2P<2.0&&s.eW>10&&eN1<=1&&eN2<=1&&s1.eFlag>=0&&s2.eFlag>=0&&TMath::Abs(s.eX-60000)<5000&&TMath::Abs(s.eY-70000)<5000
We have 171344 good couples with selectioneCHI2P<2.0&&s.eW>10&&eN1<=1&&eN2<=1&&s1.eFlag>=0&&s2.eFlag>=0&&TMath::Abs(s.eX-60000)<5000&&TMath::Abs(s.eY-80000)<5000
We have 171718 good couples with selectioneCHI2P<2.0&&s.eW>10&&eN1<=1&&eN2<=1&&s1.eFlag>=0&&s2.eFlag>=0&&TMath::Abs(s.eX-60000)<5000&&TMath::Abs(s.eY-90000)<5000
We have 171413 good couples with selectioneCHI2P<2.0&&s.eW>10&&eN1<=1&&eN2<=1&&s1.eFlag>=0&&s2.eFlag>=0&&TMath::Abs(s.eX-60000)<5000&&TMath::Abs(s.eY-100000)<5000
We have 172556 good couples with selectioneCHI2P<2.0&&s.eW>10&&eN1<=1&&eN2<=1&&s1.eFlag>=0&&s2.eFlag>=0&&TMath::Abs(s.eX-60000)<5000&&TMath::Abs(s.eY-110000)<5000
We have 158386 good couples with selectioneCHI2P<2.0&&s.eW>10&&eN1<=1&&eN2<=1&&s1.eFlag>=0&&s2.eFlag>=0&&TMath::Abs(s.eX-60000)<5000&&TMath::Abs(s.eY-120000)<5000
We have 145358 good couples with selectioneCHI2P<2.0&&s.eW>10&&eN1<=1&&eN2<=1&&s1.eFlag>=0&&s2.eFlag>=0&&TMath::Abs(s.eX-60000)<5000&&TMath::Abs(s.eY-130000)<5000
We have 138476 good couples with selectioneCHI2P<2.0&&s.eW>10&&eN1<=1&&eN2<=1&&s1.eFlag>=0&&s2.eFlag>=0&&TMath::Abs(s.eX-60000)<5000&&TMath::Abs(s.eY-140000)<5000
We have 136934 good couples with selectioneCHI2P<2.0&&s.eW>10&&eN1<=1&&eN2<=1&&s1.eFlag>=0&&s2.eFlag>=0&&TMath::Abs(s.eX-60000)<5000&&TMath::Abs(s.eY-150000)<5000
We have 110997 good couples with selectioneCHI2P<2.0&&s.eW>10&&eN1<=1&&eN2<=1&&s1.eFlag>=0&&s2.eFlag>=0&&TMath::Abs(s.eX-60000)<5000&&TMath::Abs(s.eY-160000)<5000
We have 114405 good couples with selectioneCHI2P<2.0&&s.eW>10&&eN1<=1&&eN2<=1&&s1.eFlag>=0&&s2.eFlag>=0&&TMath::Abs(s.eX-60000)<5000&&TMath::Abs(s.eY-170000)<5000
We have 55850 good couples with selectioneCHI2P<2.0&&s.eW>10&&eN1<=1&&eN2<=1&&s1.eFlag>=0&&s2.eFlag>=0&&TMath::Abs(s.eX-60000)<5000&&TMath::Abs(s.eY-180000)<5000
We have 152929 good couples with selectioneCHI2P<2.0&&s.eW>10&&eN1<=1&&eN2<=1&&s1.eFlag>=0&&s2.eFlag>=0&&TMath::Abs(s.eX-70000)<5000&&TMath::Abs(s.eY-10000)<5000
We have 181573 good couples with selectioneCHI2P<2.0&&s.eW>10&&eN1<=1&&eN2<=1&&s1.eFlag>=0&&s2.eFlag>=0&&TMath::Abs(s.eX-70000)<5000&&TMath::Abs(s.eY-20000)<5000
We have 171105 good couples with selectioneCHI2P<2.0&&s.eW>10&&eN1<=1&&eN2<=1&&s1.eFlag>=0&&s2.eFlag>=0&&TMath::Abs(s.eX-70000)<5000&&TMath::Abs(s.eY-30000)<5000
We have 176405 good couples with selectioneCHI2P<2.0&&s.eW>10&&eN1<=1&&eN2<=1&&s1.eFlag>=0&&s2.eFlag>=0&&TMath::Abs(s.eX-70000)<5000&&TMath::Abs(s.eY-40000)<5000
We have 181044 good couples with selectioneCHI2P<2.0&&s.eW>10&&eN1<=1&&eN2<=1&&s1.eFlag>=0&&s2.eFlag>=0&&TMath::Abs(s.eX-70000)<5000&&TMath::Abs(s.eY-50000)<5000
We have 180719 good couples with selectioneCHI2P<2.0&&s.eW>10&&eN1<=1&&eN2<=1&&s1.eFlag>=0&&s2.eFlag>=0&&TMath::Abs(s.eX-70000)<5000&&TMath::Abs(s.eY-60000)<5000
We have 179239 good couples with selectioneCHI2P<2.0&&s.eW>10&&eN1<=1&&eN2<=1&&s1.eFlag>=0&&s2.eFlag>=0&&TMath::Abs(s.eX-70000)<5000&&TMath::Abs(s.eY-70000)<5000
We have 178609 good couples with selectioneCHI2P<2.0&&s.eW>10&&eN1<=1&&eN2<=1&&s1.eFlag>=0&&s2.eFlag>=0&&TMath::Abs(s.eX-70000)<5000&&TMath::Abs(s.eY-80000)<5000
We have 175300 good couples with selectioneCHI2P<2.0&&s.eW>10&&eN1<=1&&eN2<=1&&s1.eFlag>=0&&s2.eFlag>=0&&TMath::Abs(s.eX-70000)<5000&&TMath::Abs(s.eY-90000)<5000
We have 177428 good couples with selectioneCHI2P<2.0&&s.eW>10&&eN1<=1&&eN2<=1&&s1.eFlag>=0&&s2.eFlag>=0&&TMath::Abs(s.eX-70000)<5000&&TMath::Abs(s.eY-100000)<5000
We have 166275 good couples with selectioneCHI2P<2.0&&s.eW>10&&eN1<=1&&eN2<=1&&s1.eFlag>=0&&s2.eFlag>=0&&TMath::Abs(s.eX-70000)<5000&&TMath::Abs(s.eY-110000)<5000
We have 154357 good couples with selectioneCHI2P<2.0&&s.eW>10&&eN1<=1&&eN2<=1&&s1.eFlag>=0&&s2.eFlag>=0&&TMath::Abs(s.eX-70000)<5000&&TMath::Abs(s.eY-120000)<5000
We have 146493 good couples with selectioneCHI2P<2.0&&s.eW>10&&eN1<=1&&eN2<=1&&s1.eFlag>=0&&s2.eFlag>=0&&TMath::Abs(s.eX-70000)<5000&&TMath::Abs(s.eY-130000)<5000
We have 133658 good couples with selectioneCHI2P<2.0&&s.eW>10&&eN1<=1&&eN2<=1&&s1.eFlag>=0&&s2.eFlag>=0&&TMath::Abs(s.eX-70000)<5000&&TMath::Abs(s.eY-140000)<5000
We have 124413 good couples with selectioneCHI2P<2.0&&s.eW>10&&eN1<=1&&eN2<=1&&s1.eFlag>=0&&s2.eFlag>=0&&TMath::Abs(s.eX-70000)<5000&&TMath::Abs(s.eY-150000)<5000
We have 112863 good couples with selectioneCHI2P<2.0&&s.eW>10&&eN1<=1&&eN2<=1&&s1.eFlag>=0&&s2.eFlag>=0&&TMath::Abs(s.eX-70000)<5000&&TMath::Abs(s.eY-160000)<5000
We have 108779 good couples with selectioneCHI2P<2.0&&s.eW>10&&eN1<=1&&eN2<=1&&s1.eFlag>=0&&s2.eFlag>=0&&TMath::Abs(s.eX-70000)<5000&&TMath::Abs(s.eY-170000)<5000
We have 52196 good couples with selectioneCHI2P<2.0&&s.eW>10&&eN1<=1&&eN2<=1&&s1.eFlag>=0&&s2.eFlag>=0&&TMath::Abs(s.eX-70000)<5000&&TMath::Abs(s.eY-180000)<5000
We have 176423 good couples with selectioneCHI2P<2.0&&s.eW>10&&eN1<=1&&eN2<=1&&s1.eFlag>=0&&s2.eFlag>=0&&TMath::Abs(s.eX-80000)<5000&&TMath::Abs(s.eY-10000)<5000
We have 195241 good couples with selectioneCHI2P<2.0&&s.eW>10&&eN1<=1&&eN2<=1&&s1.eFlag>=0&&s2.eFlag>=0&&TMath::Abs(s.eX-80000)<5000&&TMath::Abs(s.eY-20000)<5000
We have 191867 good couples with selectioneCHI2P<2.0&&s.eW>10&&eN1<=1&&eN2<=1&&s1.eFlag>=0&&s2.eFlag>=0&&TMath::Abs(s.eX-80000)<5000&&TMath::Abs(s.eY-30000)<5000
We have 188602 good couples with selectioneCHI2P<2.0&&s.eW>10&&eN1<=1&&eN2<=1&&s1.eFlag>=0&&s2.eFlag>=0&&TMath::Abs(s.eX-80000)<5000&&TMath::Abs(s.eY-40000)<5000
We have 186093 good couples with selectioneCHI2P<2.0&&s.eW>10&&eN1<=1&&eN2<=1&&s1.eFlag>=0&&s2.eFlag>=0&&TMath::Abs(s.eX-80000)<5000&&TMath::Abs(s.eY-50000)<5000
We have 185219 good couples with selectioneCHI2P<2.0&&s.eW>10&&eN1<=1&&eN2<=1&&s1.eFlag>=0&&s2.eFlag>=0&&TMath::Abs(s.eX-80000)<5000&&TMath::Abs(s.eY-60000)<5000
We have 184855 good couples with selectioneCHI2P<2.0&&s.eW>10&&eN1<=1&&eN2<=1&&s1.eFlag>=0&&s2.eFlag>=0&&TMath::Abs(s.eX-80000)<5000&&TMath::Abs(s.eY-70000)<5000
We have 186575 good couples with selectioneCHI2P<2.0&&s.eW>10&&eN1<=1&&eN2<=1&&s1.eFlag>=0&&s2.eFlag>=0&&TMath::Abs(s.eX-80000)<5000&&TMath::Abs(s.eY-80000)<5000
We have 176551 good couples with selectioneCHI2P<2.0&&s.eW>10&&eN1<=1&&eN2<=1&&s1.eFlag>=0&&s2.eFlag>=0&&TMath::Abs(s.eX-80000)<5000&&TMath::Abs(s.eY-90000)<5000
We have 173354 good couples with selectioneCHI2P<2.0&&s.eW>10&&eN1<=1&&eN2<=1&&s1.eFlag>=0&&s2.eFlag>=0&&TMath::Abs(s.eX-80000)<5000&&TMath::Abs(s.eY-100000)<5000
We have 167556 good couples with selectioneCHI2P<2.0&&s.eW>10&&eN1<=1&&eN2<=1&&s1.eFlag>=0&&s2.eFlag>=0&&TMath::Abs(s.eX-80000)<5000&&TMath::Abs(s.eY-110000)<5000
We have 157402 good couples with selectioneCHI2P<2.0&&s.eW>10&&eN1<=1&&eN2<=1&&s1.eFlag>=0&&s2.eFlag>=0&&TMath::Abs(s.eX-80000)<5000&&TMath::Abs(s.eY-120000)<5000
We have 150429 good couples with selectioneCHI2P<2.0&&s.eW>10&&eN1<=1&&eN2<=1&&s1.eFlag>=0&&s2.eFlag>=0&&TMath::Abs(s.eX-80000)<5000&&TMath::Abs(s.eY-130000)<5000
We have 131177 good couples with selectioneCHI2P<2.0&&s.eW>10&&eN1<=1&&eN2<=1&&s1.eFlag>=0&&s2.eFlag>=0&&TMath::Abs(s.eX-80000)<5000&&TMath::Abs(s.eY-140000)<5000
We have 116586 good couples with selectioneCHI2P<2.0&&s.eW>10&&eN1<=1&&eN2<=1&&s1.eFlag>=0&&s2.eFlag>=0&&TMath::Abs(s.eX-80000)<5000&&TMath::Abs(s.eY-150000)<5000
We have 84408 good couples with selectioneCHI2P<2.0&&s.eW>10&&eN1<=1&&eN2<=1&&s1.eFlag>=0&&s2.eFlag>=0&&TMath::Abs(s.eX-80000)<5000&&TMath::Abs(s.eY-160000)<5000
We have 100845 good couples with selectioneCHI2P<2.0&&s.eW>10&&eN1<=1&&eN2<=1&&s1.eFlag>=0&&s2.eFlag>=0&&TMath::Abs(s.eX-80000)<5000&&TMath::Abs(s.eY-170000)<5000
We have 43690 good couples with selectioneCHI2P<2.0&&s.eW>10&&eN1<=1&&eN2<=1&&s1.eFlag>=0&&s2.eFlag>=0&&TMath::Abs(s.eX-80000)<5000&&TMath::Abs(s.eY-180000)<5000
We have 187433 good couples with selectioneCHI2P<2.0&&s.eW>10&&eN1<=1&&eN2<=1&&s1.eFlag>=0&&s2.eFlag>=0&&TMath::Abs(s.eX-90000)<5000&&TMath::Abs(s.eY-10000)<5000
We have 196326 good couples with selectioneCHI2P<2.0&&s.eW>10&&eN1<=1&&eN2<=1&&s1.eFlag>=0&&s2.eFlag>=0&&TMath::Abs(s.eX-90000)<5000&&TMath::Abs(s.eY-20000)<5000
We have 202602 good couples with selectioneCHI2P<2.0&&s.eW>10&&eN1<=1&&eN2<=1&&s1.eFlag>=0&&s2.eFlag>=0&&TMath::Abs(s.eX-90000)<5000&&TMath::Abs(s.eY-30000)<5000
We have 196224 good couples with selectioneCHI2P<2.0&&s.eW>10&&eN1<=1&&eN2<=1&&s1.eFlag>=0&&s2.eFlag>=0&&TMath::Abs(s.eX-90000)<5000&&TMath::Abs(s.eY-40000)<5000
We have 198194 good couples with selectioneCHI2P<2.0&&s.eW>10&&eN1<=1&&eN2<=1&&s1.eFlag>=0&&s2.eFlag>=0&&TMath::Abs(s.eX-90000)<5000&&TMath::Abs(s.eY-50000)<5000
We have 190440 good couples with selectioneCHI2P<2.0&&s.eW>10&&eN1<=1&&eN2<=1&&s1.eFlag>=0&&s2.eFlag>=0&&TMath::Abs(s.eX-90000)<5000&&TMath::Abs(s.eY-60000)<5000
We have 191366 good couples with selectioneCHI2P<2.0&&s.eW>10&&eN1<=1&&eN2<=1&&s1.eFlag>=0&&s2.eFlag>=0&&TMath::Abs(s.eX-90000)<5000&&TMath::Abs(s.eY-70000)<5000
We have 190962 good couples with selectioneCHI2P<2.0&&s.eW>10&&eN1<=1&&eN2<=1&&s1.eFlag>=0&&s2.eFlag>=0&&TMath::Abs(s.eX-90000)<5000&&TMath::Abs(s.eY-80000)<5000
We have 185436 good couples with selectioneCHI2P<2.0&&s.eW>10&&eN1<=1&&eN2<=1&&s1.eFlag>=0&&s2.eFlag>=0&&TMath::Abs(s.eX-90000)<5000&&TMath::Abs(s.eY-90000)<5000
We have 178855 good couples with selectioneCHI2P<2.0&&s.eW>10&&eN1<=1&&eN2<=1&&s1.eFlag>=0&&s2.eFlag>=0&&TMath::Abs(s.eX-90000)<5000&&TMath::Abs(s.eY-100000)<5000
We have 169396 good couples with selectioneCHI2P<2.0&&s.eW>10&&eN1<=1&&eN2<=1&&s1.eFlag>=0&&s2.eFlag>=0&&TMath::Abs(s.eX-90000)<5000&&TMath::Abs(s.eY-110000)<5000
We have 160523 good couples with selectioneCHI2P<2.0&&s.eW>10&&eN1<=1&&eN2<=1&&s1.eFlag>=0&&s2.eFlag>=0&&TMath::Abs(s.eX-90000)<5000&&TMath::Abs(s.eY-120000)<5000
We have 144639 good couples with selectioneCHI2P<2.0&&s.eW>10&&eN1<=1&&eN2<=1&&s1.eFlag>=0&&s2.eFlag>=0&&TMath::Abs(s.eX-90000)<5000&&TMath::Abs(s.eY-130000)<5000
We have 123041 good couples with selectioneCHI2P<2.0&&s.eW>10&&eN1<=1&&eN2<=1&&s1.eFlag>=0&&s2.eFlag>=0&&TMath::Abs(s.eX-90000)<5000&&TMath::Abs(s.eY-140000)<5000
We have 107783 good couples with selectioneCHI2P<2.0&&s.eW>10&&eN1<=1&&eN2<=1&&s1.eFlag>=0&&s2.eFlag>=0&&TMath::Abs(s.eX-90000)<5000&&TMath::Abs(s.eY-150000)<5000
We have 88011 good couples with selectioneCHI2P<2.0&&s.eW>10&&eN1<=1&&eN2<=1&&s1.eFlag>=0&&s2.eFlag>=0&&TMath::Abs(s.eX-90000)<5000&&TMath::Abs(s.eY-160000)<5000
We have 94625 good couples with selectioneCHI2P<2.0&&s.eW>10&&eN1<=1&&eN2<=1&&s1.eFlag>=0&&s2.eFlag>=0&&TMath::Abs(s.eX-90000)<5000&&TMath::Abs(s.eY-170000)<5000
We have 36912 good couples with selectioneCHI2P<2.0&&s.eW>10&&eN1<=1&&eN2<=1&&s1.eFlag>=0&&s2.eFlag>=0&&TMath::Abs(s.eX-90000)<5000&&TMath::Abs(s.eY-180000)<5000
We have 204296 good couples with selectioneCHI2P<2.0&&s.eW>10&&eN1<=1&&eN2<=1&&s1.eFlag>=0&&s2.eFlag>=0&&TMath::Abs(s.eX-100000)<5000&&TMath::Abs(s.eY-10000)<5000
We have 207004 good couples with selectioneCHI2P<2.0&&s.eW>10&&eN1<=1&&eN2<=1&&s1.eFlag>=0&&s2.eFlag>=0&&TMath::Abs(s.eX-100000)<5000&&TMath::Abs(s.eY-20000)<5000
We have 203935 good couples with selectioneCHI2P<2.0&&s.eW>10&&eN1<=1&&eN2<=1&&s1.eFlag>=0&&s2.eFlag>=0&&TMath::Abs(s.eX-100000)<5000&&TMath::Abs(s.eY-30000)<5000
We have 205558 good couples with selectioneCHI2P<2.0&&s.eW>10&&eN1<=1&&eN2<=1&&s1.eFlag>=0&&s2.eFlag>=0&&TMath::Abs(s.eX-100000)<5000&&TMath::Abs(s.eY-40000)<5000
We have 204715 good couples with selectioneCHI2P<2.0&&s.eW>10&&eN1<=1&&eN2<=1&&s1.eFlag>=0&&s2.eFlag>=0&&TMath::Abs(s.eX-100000)<5000&&TMath::Abs(s.eY-50000)<5000
We have 194633 good couples with selectioneCHI2P<2.0&&s.eW>10&&eN1<=1&&eN2<=1&&s1.eFlag>=0&&s2.eFlag>=0&&TMath::Abs(s.eX-100000)<5000&&TMath::Abs(s.eY-60000)<5000
We have 194473 good couples with selectioneCHI2P<2.0&&s.eW>10&&eN1<=1&&eN2<=1&&s1.eFlag>=0&&s2.eFlag>=0&&TMath::Abs(s.eX-100000)<5000&&TMath::Abs(s.eY-70000)<5000
We have 190775 good couples with selectioneCHI2P<2.0&&s.eW>10&&eN1<=1&&eN2<=1&&s1.eFlag>=0&&s2.eFlag>=0&&TMath::Abs(s.eX-100000)<5000&&TMath::Abs(s.eY-80000)<5000
We have 185670 good couples with selectioneCHI2P<2.0&&s.eW>10&&eN1<=1&&eN2<=1&&s1.eFlag>=0&&s2.eFlag>=0&&TMath::Abs(s.eX-100000)<5000&&TMath::Abs(s.eY-90000)<5000
We have 181107 good couples with selectioneCHI2P<2.0&&s.eW>10&&eN1<=1&&eN2<=1&&s1.eFlag>=0&&s2.eFlag>=0&&TMath::Abs(s.eX-100000)<5000&&TMath::Abs(s.eY-100000)<5000
We have 168151 good couples with selectioneCHI2P<2.0&&s.eW>10&&eN1<=1&&eN2<=1&&s1.eFlag>=0&&s2.eFlag>=0&&TMath::Abs(s.eX-100000)<5000&&TMath::Abs(s.eY-110000)<5000
We have 162705 good couples with selectioneCHI2P<2.0&&s.eW>10&&eN1<=1&&eN2<=1&&s1.eFlag>=0&&s2.eFlag>=0&&TMath::Abs(s.eX-100000)<5000&&TMath::Abs(s.eY-120000)<5000
We have 142888 good couples with selectioneCHI2P<2.0&&s.eW>10&&eN1<=1&&eN2<=1&&s1.eFlag>=0&&s2.eFlag>=0&&TMath::Abs(s.eX-100000)<5000&&TMath::Abs(s.eY-130000)<5000
We have 124847 good couples with selectioneCHI2P<2.0&&s.eW>10&&eN1<=1&&eN2<=1&&s1.eFlag>=0&&s2.eFlag>=0&&TMath::Abs(s.eX-100000)<5000&&TMath::Abs(s.eY-140000)<5000
We have 91295 good couples with selectioneCHI2P<2.0&&s.eW>10&&eN1<=1&&eN2<=1&&s1.eFlag>=0&&s2.eFlag>=0&&TMath::Abs(s.eX-100000)<5000&&TMath::Abs(s.eY-150000)<5000
We have 77732 good couples with selectioneCHI2P<2.0&&s.eW>10&&eN1<=1&&eN2<=1&&s1.eFlag>=0&&s2.eFlag>=0&&TMath::Abs(s.eX-100000)<5000&&TMath::Abs(s.eY-160000)<5000
We have 74735 good couples with selectioneCHI2P<2.0&&s.eW>10&&eN1<=1&&eN2<=1&&s1.eFlag>=0&&s2.eFlag>=0&&TMath::Abs(s.eX-100000)<5000&&TMath::Abs(s.eY-170000)<5000
We have 28595 good couples with selectioneCHI2P<2.0&&s.eW>10&&eN1<=1&&eN2<=1&&s1.eFlag>=0&&s2.eFlag>=0&&TMath::Abs(s.eX-100000)<5000&&TMath::Abs(s.eY-180000)<5000
We have 208033 good couples with selectioneCHI2P<2.0&&s.eW>10&&eN1<=1&&eN2<=1&&s1.eFlag>=0&&s2.eFlag>=0&&TMath::Abs(s.eX-110000)<5000&&TMath::Abs(s.eY-10000)<5000
We have 213508 good couples with selectioneCHI2P<2.0&&s.eW>10&&eN1<=1&&eN2<=1&&s1.eFlag>=0&&s2.eFlag>=0&&TMath::Abs(s.eX-110000)<5000&&TMath::Abs(s.eY-20000)<5000
We have 212621 good couples with selectioneCHI2P<2.0&&s.eW>10&&eN1<=1&&eN2<=1&&s1.eFlag>=0&&s2.eFlag>=0&&TMath::Abs(s.eX-110000)<5000&&TMath::Abs(s.eY-30000)<5000
We have 210588 good couples with selectioneCHI2P<2.0&&s.eW>10&&eN1<=1&&eN2<=1&&s1.eFlag>=0&&s2.eFlag>=0&&TMath::Abs(s.eX-110000)<5000&&TMath::Abs(s.eY-40000)<5000
We have 207956 good couples with selectioneCHI2P<2.0&&s.eW>10&&eN1<=1&&eN2<=1&&s1.eFlag>=0&&s2.eFlag>=0&&TMath::Abs(s.eX-110000)<5000&&TMath::Abs(s.eY-50000)<5000
We have 201891 good couples with selectioneCHI2P<2.0&&s.eW>10&&eN1<=1&&eN2<=1&&s1.eFlag>=0&&s2.eFlag>=0&&TMath::Abs(s.eX-110000)<5000&&TMath::Abs(s.eY-60000)<5000
We have 192914 good couples with selectioneCHI2P<2.0&&s.eW>10&&eN1<=1&&eN2<=1&&s1.eFlag>=0&&s2.eFlag>=0&&TMath::Abs(s.eX-110000)<5000&&TMath::Abs(s.eY-70000)<5000
We have 191784 good couples with selectioneCHI2P<2.0&&s.eW>10&&eN1<=1&&eN2<=1&&s1.eFlag>=0&&s2.eFlag>=0&&TMath::Abs(s.eX-110000)<5000&&TMath::Abs(s.eY-80000)<5000
We have 185248 good couples with selectioneCHI2P<2.0&&s.eW>10&&eN1<=1&&eN2<=1&&s1.eFlag>=0&&s2.eFlag>=0&&TMath::Abs(s.eX-110000)<5000&&TMath::Abs(s.eY-90000)<5000
We have 180225 good couples with selectioneCHI2P<2.0&&s.eW>10&&eN1<=1&&eN2<=1&&s1.eFlag>=0&&s2.eFlag>=0&&TMath::Abs(s.eX-110000)<5000&&TMath::Abs(s.eY-100000)<5000
We have 172220 good couples with selectioneCHI2P<2.0&&s.eW>10&&eN1<=1&&eN2<=1&&s1.eFlag>=0&&s2.eFlag>=0&&TMath::Abs(s.eX-110000)<5000&&TMath::Abs(s.eY-110000)<5000
We have 158757 good couples with selectioneCHI2P<2.0&&s.eW>10&&eN1<=1&&eN2<=1&&s1.eFlag>=0&&s2.eFlag>=0&&TMath::Abs(s.eX-110000)<5000&&TMath::Abs(s.eY-120000)<5000
We have 138037 good couples with selectioneCHI2P<2.0&&s.eW>10&&eN1<=1&&eN2<=1&&s1.eFlag>=0&&s2.eFlag>=0&&TMath::Abs(s.eX-110000)<5000&&TMath::Abs(s.eY-130000)<5000
We have 122281 good couples with selectioneCHI2P<2.0&&s.eW>10&&eN1<=1&&eN2<=1&&s1.eFlag>=0&&s2.eFlag>=0&&TMath::Abs(s.eX-110000)<5000&&TMath::Abs(s.eY-140000)<5000
We have 94680 good couples with selectioneCHI2P<2.0&&s.eW>10&&eN1<=1&&eN2<=1&&s1.eFlag>=0&&s2.eFlag>=0&&TMath::Abs(s.eX-110000)<5000&&TMath::Abs(s.eY-150000)<5000
We have 78551 good couples with selectioneCHI2P<2.0&&s.eW>10&&eN1<=1&&eN2<=1&&s1.eFlag>=0&&s2.eFlag>=0&&TMath::Abs(s.eX-110000)<5000&&TMath::Abs(s.eY-160000)<5000
We have 82472 good couples with selectioneCHI2P<2.0&&s.eW>10&&eN1<=1&&eN2<=1&&s1.eFlag>=0&&s2.eFlag>=0&&TMath::Abs(s.eX-110000)<5000&&TMath::Abs(s.eY-170000)<5000
We have 27354 good couples with selectioneCHI2P<2.0&&s.eW>10&&eN1<=1&&eN2<=1&&s1.eFlag>=0&&s2.eFlag>=0&&TMath::Abs(s.eX-110000)<5000&&TMath::Abs(s.eY-180000)<5000
We have 222391 good couples with selectioneCHI2P<2.0&&s.eW>10&&eN1<=1&&eN2<=1&&s1.eFlag>=0&&s2.eFlag>=0&&TMath::Abs(s.eX-120000)<5000&&TMath::Abs(s.eY-10000)<5000
We have 210718 good couples with selectioneCHI2P<2.0&&s.eW>10&&eN1<=1&&eN2<=1&&s1.eFlag>=0&&s2.eFlag>=0&&TMath::Abs(s.eX-120000)<5000&&TMath::Abs(s.eY-20000)<5000
We have 207882 good couples with selectioneCHI2P<2.0&&s.eW>10&&eN1<=1&&eN2<=1&&s1.eFlag>=0&&s2.eFlag>=0&&TMath::Abs(s.eX-120000)<5000&&TMath::Abs(s.eY-30000)<5000
We have 206450 good couples with selectioneCHI2P<2.0&&s.eW>10&&eN1<=1&&eN2<=1&&s1.eFlag>=0&&s2.eFlag>=0&&TMath::Abs(s.eX-120000)<5000&&TMath::Abs(s.eY-40000)<5000
We have 208366 good couples with selectioneCHI2P<2.0&&s.eW>10&&eN1<=1&&eN2<=1&&s1.eFlag>=0&&s2.eFlag>=0&&TMath::Abs(s.eX-120000)<5000&&TMath::Abs(s.eY-50000)<5000
We have 197588 good couples with selectioneCHI2P<2.0&&s.eW>10&&eN1<=1&&eN2<=1&&s1.eFlag>=0&&s2.eFlag>=0&&TMath::Abs(s.eX-120000)<5000&&TMath::Abs(s.eY-60000)<5000
We have 203402 good couples with selectioneCHI2P<2.0&&s.eW>10&&eN1<=1&&eN2<=1&&s1.eFlag>=0&&s2.eFlag>=0&&TMath::Abs(s.eX-120000)<5000&&TMath::Abs(s.eY-70000)<5000
We have 196694 good couples with selectioneCHI2P<2.0&&s.eW>10&&eN1<=1&&eN2<=1&&s1.eFlag>=0&&s2.eFlag>=0&&TMath::Abs(s.eX-120000)<5000&&TMath::Abs(s.eY-80000)<5000
We have 187055 good couples with selectioneCHI2P<2.0&&s.eW>10&&eN1<=1&&eN2<=1&&s1.eFlag>=0&&s2.eFlag>=0&&TMath::Abs(s.eX-120000)<5000&&TMath::Abs(s.eY-90000)<5000
We have 179396 good couples with selectioneCHI2P<2.0&&s.eW>10&&eN1<=1&&eN2<=1&&s1.eFlag>=0&&s2.eFlag>=0&&TMath::Abs(s.eX-120000)<5000&&TMath::Abs(s.eY-100000)<5000
We have 167400 good couples with selectioneCHI2P<2.0&&s.eW>10&&eN1<=1&&eN2<=1&&s1.eFlag>=0&&s2.eFlag>=0&&TMath::Abs(s.eX-120000)<5000&&TMath::Abs(s.eY-110000)<5000
We have 149915 good couples with selectioneCHI2P<2.0&&s.eW>10&&eN1<=1&&eN2<=1&&s1.eFlag>=0&&s2.eFlag>=0&&TMath::Abs(s.eX-120000)<5000&&TMath::Abs(s.eY-120000)<5000
We have 122704 good couples with selectioneCHI2P<2.0&&s.eW>10&&eN1<=1&&eN2<=1&&s1.eFlag>=0&&s2.eFlag>=0&&TMath::Abs(s.eX-120000)<5000&&TMath::Abs(s.eY-130000)<5000
We have 93911 good couples with selectioneCHI2P<2.0&&s.eW>10&&eN1<=1&&eN2<=1&&s1.eFlag>=0&&s2.eFlag>=0&&TMath::Abs(s.eX-120000)<5000&&TMath::Abs(s.eY-140000)<5000
We have 85523 good couples with selectioneCHI2P<2.0&&s.eW>10&&eN1<=1&&eN2<=1&&s1.eFlag>=0&&s2.eFlag>=0&&TMath::Abs(s.eX-120000)<5000&&TMath::Abs(s.eY-150000)<5000
We have 65874 good couples with selectioneCHI2P<2.0&&s.eW>10&&eN1<=1&&eN2<=1&&s1.eFlag>=0&&s2.eFlag>=0&&TMath::Abs(s.eX-120000)<5000&&TMath::Abs(s.eY-160000)<5000
We have 63468 good couples with selectioneCHI2P<2.0&&s.eW>10&&eN1<=1&&eN2<=1&&s1.eFlag>=0&&s2.eFlag>=0&&TMath::Abs(s.eX-120000)<5000&&TMath::Abs(s.eY-170000)<5000
We have 19464 good couples with selectioneCHI2P<2.0&&s.eW>10&&eN1<=1&&eN2<=1&&s1.eFlag>=0&&s2.eFlag>=0&&TMath::Abs(s.eX-120000)<5000&&TMath::Abs(s.eY-180000)<5000
We have 215889 good couples with selectioneCHI2P<2.0&&s.eW>10&&eN1<=1&&eN2<=1&&s1.eFlag>=0&&s2.eFlag>=0&&TMath::Abs(s.eX-130000)<5000&&TMath::Abs(s.eY-10000)<5000
We have 220644 good couples with selectioneCHI2P<2.0&&s.eW>10&&eN1<=1&&eN2<=1&&s1.eFlag>=0&&s2.eFlag>=0&&TMath::Abs(s.eX-130000)<5000&&TMath::Abs(s.eY-20000)<5000
We have 215475 good couples with selectioneCHI2P<2.0&&s.eW>10&&eN1<=1&&eN2<=1&&s1.eFlag>=0&&s2.eFlag>=0&&TMath::Abs(s.eX-130000)<5000&&TMath::Abs(s.eY-30000)<5000
We have 209372 good couples with selectioneCHI2P<2.0&&s.eW>10&&eN1<=1&&eN2<=1&&s1.eFlag>=0&&s2.eFlag>=0&&TMath::Abs(s.eX-130000)<5000&&TMath::Abs(s.eY-40000)<5000
We have 204608 good couples with selectioneCHI2P<2.0&&s.eW>10&&eN1<=1&&eN2<=1&&s1.eFlag>=0&&s2.eFlag>=0&&TMath::Abs(s.eX-130000)<5000&&TMath::Abs(s.eY-50000)<5000
We have 202368 good couples with selectioneCHI2P<2.0&&s.eW>10&&eN1<=1&&eN2<=1&&s1.eFlag>=0&&s2.eFlag>=0&&TMath::Abs(s.eX-130000)<5000&&TMath::Abs(s.eY-60000)<5000
We have 199957 good couples with selectioneCHI2P<2.0&&s.eW>10&&eN1<=1&&eN2<=1&&s1.eFlag>=0&&s2.eFlag>=0&&TMath::Abs(s.eX-130000)<5000&&TMath::Abs(s.eY-70000)<5000
We have 198283 good couples with selectioneCHI2P<2.0&&s.eW>10&&eN1<=1&&eN2<=1&&s1.eFlag>=0&&s2.eFlag>=0&&TMath::Abs(s.eX-130000)<5000&&TMath::Abs(s.eY-80000)<5000
We have 191337 good couples with selectioneCHI2P<2.0&&s.eW>10&&eN1<=1&&eN2<=1&&s1.eFlag>=0&&s2.eFlag>=0&&TMath::Abs(s.eX-130000)<5000&&TMath::Abs(s.eY-90000)<5000
We have 174698 good couples with selectioneCHI2P<2.0&&s.eW>10&&eN1<=1&&eN2<=1&&s1.eFlag>=0&&s2.eFlag>=0&&TMath::Abs(s.eX-130000)<5000&&TMath::Abs(s.eY-100000)<5000
We have 166848 good couples with selectioneCHI2P<2.0&&s.eW>10&&eN1<=1&&eN2<=1&&s1.eFlag>=0&&s2.eFlag>=0&&TMath::Abs(s.eX-130000)<5000&&TMath::Abs(s.eY-110000)<5000
We have 146680 good couples with selectioneCHI2P<2.0&&s.eW>10&&eN1<=1&&eN2<=1&&s1.eFlag>=0&&s2.eFlag>=0&&TMath::Abs(s.eX-130000)<5000&&TMath::Abs(s.eY-120000)<5000
We have 127866 good couples with selectioneCHI2P<2.0&&s.eW>10&&eN1<=1&&eN2<=1&&s1.eFlag>=0&&s2.eFlag>=0&&TMath::Abs(s.eX-130000)<5000&&TMath::Abs(s.eY-130000)<5000
We have 104285 good couples with selectioneCHI2P<2.0&&s.eW>10&&eN1<=1&&eN2<=1&&s1.eFlag>=0&&s2.eFlag>=0&&TMath::Abs(s.eX-130000)<5000&&TMath::Abs(s.eY-140000)<5000
We have 91098 good couples with selectioneCHI2P<2.0&&s.eW>10&&eN1<=1&&eN2<=1&&s1.eFlag>=0&&s2.eFlag>=0&&TMath::Abs(s.eX-130000)<5000&&TMath::Abs(s.eY-150000)<5000
We have 66735 good couples with selectioneCHI2P<2.0&&s.eW>10&&eN1<=1&&eN2<=1&&s1.eFlag>=0&&s2.eFlag>=0&&TMath::Abs(s.eX-130000)<5000&&TMath::Abs(s.eY-160000)<5000
We have 63005 good couples with selectioneCHI2P<2.0&&s.eW>10&&eN1<=1&&eN2<=1&&s1.eFlag>=0&&s2.eFlag>=0&&TMath::Abs(s.eX-130000)<5000&&TMath::Abs(s.eY-170000)<5000
We have 17865 good couples with selectioneCHI2P<2.0&&s.eW>10&&eN1<=1&&eN2<=1&&s1.eFlag>=0&&s2.eFlag>=0&&TMath::Abs(s.eX-130000)<5000&&TMath::Abs(s.eY-180000)<5000
We have 227702 good couples with selectioneCHI2P<2.0&&s.eW>10&&eN1<=1&&eN2<=1&&s1.eFlag>=0&&s2.eFlag>=0&&TMath::Abs(s.eX-140000)<5000&&TMath::Abs(s.eY-10000)<5000
We have 219179 good couples with selectioneCHI2P<2.0&&s.eW>10&&eN1<=1&&eN2<=1&&s1.eFlag>=0&&s2.eFlag>=0&&TMath::Abs(s.eX-140000)<5000&&TMath::Abs(s.eY-20000)<5000
We have 218263 good couples with selectioneCHI2P<2.0&&s.eW>10&&eN1<=1&&eN2<=1&&s1.eFlag>=0&&s2.eFlag>=0&&TMath::Abs(s.eX-140000)<5000&&TMath::Abs(s.eY-30000)<5000
We have 213741 good couples with selectioneCHI2P<2.0&&s.eW>10&&eN1<=1&&eN2<=1&&s1.eFlag>=0&&s2.eFlag>=0&&TMath::Abs(s.eX-140000)<5000&&TMath::Abs(s.eY-40000)<5000
We have 207772 good couples with selectioneCHI2P<2.0&&s.eW>10&&eN1<=1&&eN2<=1&&s1.eFlag>=0&&s2.eFlag>=0&&TMath::Abs(s.eX-140000)<5000&&TMath::Abs(s.eY-50000)<5000
We have 206232 good couples with selectioneCHI2P<2.0&&s.eW>10&&eN1<=1&&eN2<=1&&s1.eFlag>=0&&s2.eFlag>=0&&TMath::Abs(s.eX-140000)<5000&&TMath::Abs(s.eY-60000)<5000
We have 203240 good couples with selectioneCHI2P<2.0&&s.eW>10&&eN1<=1&&eN2<=1&&s1.eFlag>=0&&s2.eFlag>=0&&TMath::Abs(s.eX-140000)<5000&&TMath::Abs(s.eY-70000)<5000
We have 190316 good couples with selectioneCHI2P<2.0&&s.eW>10&&eN1<=1&&eN2<=1&&s1.eFlag>=0&&s2.eFlag>=0&&TMath::Abs(s.eX-140000)<5000&&TMath::Abs(s.eY-80000)<5000
We have 184855 good couples with selectioneCHI2P<2.0&&s.eW>10&&eN1<=1&&eN2<=1&&s1.eFlag>=0&&s2.eFlag>=0&&TMath::Abs(s.eX-140000)<5000&&TMath::Abs(s.eY-90000)<5000
We have 177011 good couples with selectioneCHI2P<2.0&&s.eW>10&&eN1<=1&&eN2<=1&&s1.eFlag>=0&&s2.eFlag>=0&&TMath::Abs(s.eX-140000)<5000&&TMath::Abs(s.eY-100000)<5000
We have 164806 good couples with selectioneCHI2P<2.0&&s.eW>10&&eN1<=1&&eN2<=1&&s1.eFlag>=0&&s2.eFlag>=0&&TMath::Abs(s.eX-140000)<5000&&TMath::Abs(s.eY-110000)<5000
We have 153389 good couples with selectioneCHI2P<2.0&&s.eW>10&&eN1<=1&&eN2<=1&&s1.eFlag>=0&&s2.eFlag>=0&&TMath::Abs(s.eX-140000)<5000&&TMath::Abs(s.eY-120000)<5000
We have 132505 good couples with selectioneCHI2P<2.0&&s.eW>10&&eN1<=1&&eN2<=1&&s1.eFlag>=0&&s2.eFlag>=0&&TMath::Abs(s.eX-140000)<5000&&TMath::Abs(s.eY-130000)<5000
We have 113234 good couples with selectioneCHI2P<2.0&&s.eW>10&&eN1<=1&&eN2<=1&&s1.eFlag>=0&&s2.eFlag>=0&&TMath::Abs(s.eX-140000)<5000&&TMath::Abs(s.eY-140000)<5000
We have 83642 good couples with selectioneCHI2P<2.0&&s.eW>10&&eN1<=1&&eN2<=1&&s1.eFlag>=0&&s2.eFlag>=0&&TMath::Abs(s.eX-140000)<5000&&TMath::Abs(s.eY-150000)<5000
We have 70014 good couples with selectioneCHI2P<2.0&&s.eW>10&&eN1<=1&&eN2<=1&&s1.eFlag>=0&&s2.eFlag>=0&&TMath::Abs(s.eX-140000)<5000&&TMath::Abs(s.eY-160000)<5000
We have 59810 good couples with selectioneCHI2P<2.0&&s.eW>10&&eN1<=1&&eN2<=1&&s1.eFlag>=0&&s2.eFlag>=0&&TMath::Abs(s.eX-140000)<5000&&TMath::Abs(s.eY-170000)<5000
We have 16185 good couples with selectioneCHI2P<2.0&&s.eW>10&&eN1<=1&&eN2<=1&&s1.eFlag>=0&&s2.eFlag>=0&&TMath::Abs(s.eX-140000)<5000&&TMath::Abs(s.eY-180000)<5000
We have 218773 good couples with selectioneCHI2P<2.0&&s.eW>10&&eN1<=1&&eN2<=1&&s1.eFlag>=0&&s2.eFlag>=0&&TMath::Abs(s.eX-150000)<5000&&TMath::Abs(s.eY-10000)<5000
We have 220186 good couples with selectioneCHI2P<2.0&&s.eW>10&&eN1<=1&&eN2<=1&&s1.eFlag>=0&&s2.eFlag>=0&&TMath::Abs(s.eX-150000)<5000&&TMath::Abs(s.eY-20000)<5000
We have 218359 good couples with selectioneCHI2P<2.0&&s.eW>10&&eN1<=1&&eN2<=1&&s1.eFlag>=0&&s2.eFlag>=0&&TMath::Abs(s.eX-150000)<5000&&TMath::Abs(s.eY-30000)<5000
We have 206619 good couples with selectioneCHI2P<2.0&&s.eW>10&&eN1<=1&&eN2<=1&&s1.eFlag>=0&&s2.eFlag>=0&&TMath::Abs(s.eX-150000)<5000&&TMath::Abs(s.eY-40000)<5000
We have 203591 good couples with selectioneCHI2P<2.0&&s.eW>10&&eN1<=1&&eN2<=1&&s1.eFlag>=0&&s2.eFlag>=0&&TMath::Abs(s.eX-150000)<5000&&TMath::Abs(s.eY-50000)<5000
We have 205572 good couples with selectioneCHI2P<2.0&&s.eW>10&&eN1<=1&&eN2<=1&&s1.eFlag>=0&&s2.eFlag>=0&&TMath::Abs(s.eX-150000)<5000&&TMath::Abs(s.eY-60000)<5000
We have 200557 good couples with selectioneCHI2P<2.0&&s.eW>10&&eN1<=1&&eN2<=1&&s1.eFlag>=0&&s2.eFlag>=0&&TMath::Abs(s.eX-150000)<5000&&TMath::Abs(s.eY-70000)<5000
We have 188535 good couples with selectioneCHI2P<2.0&&s.eW>10&&eN1<=1&&eN2<=1&&s1.eFlag>=0&&s2.eFlag>=0&&TMath::Abs(s.eX-150000)<5000&&TMath::Abs(s.eY-80000)<5000
We have 175005 good couples with selectioneCHI2P<2.0&&s.eW>10&&eN1<=1&&eN2<=1&&s1.eFlag>=0&&s2.eFlag>=0&&TMath::Abs(s.eX-150000)<5000&&TMath::Abs(s.eY-90000)<5000
We have 173553 good couples with selectioneCHI2P<2.0&&s.eW>10&&eN1<=1&&eN2<=1&&s1.eFlag>=0&&s2.eFlag>=0&&TMath::Abs(s.eX-150000)<5000&&TMath::Abs(s.eY-100000)<5000
We have 165246 good couples with selectioneCHI2P<2.0&&s.eW>10&&eN1<=1&&eN2<=1&&s1.eFlag>=0&&s2.eFlag>=0&&TMath::Abs(s.eX-150000)<5000&&TMath::Abs(s.eY-110000)<5000
We have 153394 good couples with selectioneCHI2P<2.0&&s.eW>10&&eN1<=1&&eN2<=1&&s1.eFlag>=0&&s2.eFlag>=0&&TMath::Abs(s.eX-150000)<5000&&TMath::Abs(s.eY-120000)<5000
We have 128905 good couples with selectioneCHI2P<2.0&&s.eW>10&&eN1<=1&&eN2<=1&&s1.eFlag>=0&&s2.eFlag>=0&&TMath::Abs(s.eX-150000)<5000&&TMath::Abs(s.eY-130000)<5000
We have 116000 good couples with selectioneCHI2P<2.0&&s.eW>10&&eN1<=1&&eN2<=1&&s1.eFlag>=0&&s2.eFlag>=0&&TMath::Abs(s.eX-150000)<5000&&TMath::Abs(s.eY-140000)<5000
We have 76257 good couples with selectioneCHI2P<2.0&&s.eW>10&&eN1<=1&&eN2<=1&&s1.eFlag>=0&&s2.eFlag>=0&&TMath::Abs(s.eX-150000)<5000&&TMath::Abs(s.eY-150000)<5000
We have 69665 good couples with selectioneCHI2P<2.0&&s.eW>10&&eN1<=1&&eN2<=1&&s1.eFlag>=0&&s2.eFlag>=0&&TMath::Abs(s.eX-150000)<5000&&TMath::Abs(s.eY-160000)<5000
We have 58787 good couples with selectioneCHI2P<2.0&&s.eW>10&&eN1<=1&&eN2<=1&&s1.eFlag>=0&&s2.eFlag>=0&&TMath::Abs(s.eX-150000)<5000&&TMath::Abs(s.eY-170000)<5000
We have 14799 good couples with selectioneCHI2P<2.0&&s.eW>10&&eN1<=1&&eN2<=1&&s1.eFlag>=0&&s2.eFlag>=0&&TMath::Abs(s.eX-150000)<5000&&TMath::Abs(s.eY-180000)<5000
We have 226703 good couples with selectioneCHI2P<2.0&&s.eW>10&&eN1<=1&&eN2<=1&&s1.eFlag>=0&&s2.eFlag>=0&&TMath::Abs(s.eX-160000)<5000&&TMath::Abs(s.eY-10000)<5000
We have 217808 good couples with selectioneCHI2P<2.0&&s.eW>10&&eN1<=1&&eN2<=1&&s1.eFlag>=0&&s2.eFlag>=0&&TMath::Abs(s.eX-160000)<5000&&TMath::Abs(s.eY-20000)<5000
We have 217482 good couples with selectioneCHI2P<2.0&&s.eW>10&&eN1<=1&&eN2<=1&&s1.eFlag>=0&&s2.eFlag>=0&&TMath::Abs(s.eX-160000)<5000&&TMath::Abs(s.eY-30000)<5000
We have 209605 good couples with selectioneCHI2P<2.0&&s.eW>10&&eN1<=1&&eN2<=1&&s1.eFlag>=0&&s2.eFlag>=0&&TMath::Abs(s.eX-160000)<5000&&TMath::Abs(s.eY-40000)<5000
We have 206270 good couples with selectioneCHI2P<2.0&&s.eW>10&&eN1<=1&&eN2<=1&&s1.eFlag>=0&&s2.eFlag>=0&&TMath::Abs(s.eX-160000)<5000&&TMath::Abs(s.eY-50000)<5000
We have 202558 good couples with selectioneCHI2P<2.0&&s.eW>10&&eN1<=1&&eN2<=1&&s1.eFlag>=0&&s2.eFlag>=0&&TMath::Abs(s.eX-160000)<5000&&TMath::Abs(s.eY-60000)<5000
We have 198276 good couples with selectioneCHI2P<2.0&&s.eW>10&&eN1<=1&&eN2<=1&&s1.eFlag>=0&&s2.eFlag>=0&&TMath::Abs(s.eX-160000)<5000&&TMath::Abs(s.eY-70000)<5000
We have 189558 good couples with selectioneCHI2P<2.0&&s.eW>10&&eN1<=1&&eN2<=1&&s1.eFlag>=0&&s2.eFlag>=0&&TMath::Abs(s.eX-160000)<5000&&TMath::Abs(s.eY-80000)<5000
We have 182338 good couples with selectioneCHI2P<2.0&&s.eW>10&&eN1<=1&&eN2<=1&&s1.eFlag>=0&&s2.eFlag>=0&&TMath::Abs(s.eX-160000)<5000&&TMath::Abs(s.eY-90000)<5000
We have 169011 good couples with selectioneCHI2P<2.0&&s.eW>10&&eN1<=1&&eN2<=1&&s1.eFlag>=0&&s2.eFlag>=0&&TMath::Abs(s.eX-160000)<5000&&TMath::Abs(s.eY-100000)<5000
We have 173360 good couples with selectioneCHI2P<2.0&&s.eW>10&&eN1<=1&&eN2<=1&&s1.eFlag>=0&&s2.eFlag>=0&&TMath::Abs(s.eX-160000)<5000&&TMath::Abs(s.eY-110000)<5000
We have 152695 good couples with selectioneCHI2P<2.0&&s.eW>10&&eN1<=1&&eN2<=1&&s1.eFlag>=0&&s2.eFlag>=0&&TMath::Abs(s.eX-160000)<5000&&TMath::Abs(s.eY-120000)<5000
We have 132345 good couples with selectioneCHI2P<2.0&&s.eW>10&&eN1<=1&&eN2<=1&&s1.eFlag>=0&&s2.eFlag>=0&&TMath::Abs(s.eX-160000)<5000&&TMath::Abs(s.eY-130000)<5000
We have 115763 good couples with selectioneCHI2P<2.0&&s.eW>10&&eN1<=1&&eN2<=1&&s1.eFlag>=0&&s2.eFlag>=0&&TMath::Abs(s.eX-160000)<5000&&TMath::Abs(s.eY-140000)<5000
We have 57099 good couples with selectioneCHI2P<2.0&&s.eW>10&&eN1<=1&&eN2<=1&&s1.eFlag>=0&&s2.eFlag>=0&&TMath::Abs(s.eX-160000)<5000&&TMath::Abs(s.eY-150000)<5000
We have 55513 good couples with selectioneCHI2P<2.0&&s.eW>10&&eN1<=1&&eN2<=1&&s1.eFlag>=0&&s2.eFlag>=0&&TMath::Abs(s.eX-160000)<5000&&TMath::Abs(s.eY-160000)<5000
We have 41575 good couples with selectioneCHI2P<2.0&&s.eW>10&&eN1<=1&&eN2<=1&&s1.eFlag>=0&&s2.eFlag>=0&&TMath::Abs(s.eX-160000)<5000&&TMath::Abs(s.eY-170000)<5000
We have 9954 good couples with selectioneCHI2P<2.0&&s.eW>10&&eN1<=1&&eN2<=1&&s1.eFlag>=0&&s2.eFlag>=0&&TMath::Abs(s.eX-160000)<5000&&TMath::Abs(s.eY-180000)<5000
We have 222651 good couples with selectioneCHI2P<2.0&&s.eW>10&&eN1<=1&&eN2<=1&&s1.eFlag>=0&&s2.eFlag>=0&&TMath::Abs(s.eX-170000)<5000&&TMath::Abs(s.eY-10000)<5000
We have 229735 good couples with selectioneCHI2P<2.0&&s.eW>10&&eN1<=1&&eN2<=1&&s1.eFlag>=0&&s2.eFlag>=0&&TMath::Abs(s.eX-170000)<5000&&TMath::Abs(s.eY-20000)<5000
We have 216027 good couples with selectioneCHI2P<2.0&&s.eW>10&&eN1<=1&&eN2<=1&&s1.eFlag>=0&&s2.eFlag>=0&&TMath::Abs(s.eX-170000)<5000&&TMath::Abs(s.eY-30000)<5000
We have 209118 good couples with selectioneCHI2P<2.0&&s.eW>10&&eN1<=1&&eN2<=1&&s1.eFlag>=0&&s2.eFlag>=0&&TMath::Abs(s.eX-170000)<5000&&TMath::Abs(s.eY-40000)<5000
We have 203126 good couples with selectioneCHI2P<2.0&&s.eW>10&&eN1<=1&&eN2<=1&&s1.eFlag>=0&&s2.eFlag>=0&&TMath::Abs(s.eX-170000)<5000&&TMath::Abs(s.eY-50000)<5000
We have 200956 good couples with selectioneCHI2P<2.0&&s.eW>10&&eN1<=1&&eN2<=1&&s1.eFlag>=0&&s2.eFlag>=0&&TMath::Abs(s.eX-170000)<5000&&TMath::Abs(s.eY-60000)<5000
We have 196278 good couples with selectioneCHI2P<2.0&&s.eW>10&&eN1<=1&&eN2<=1&&s1.eFlag>=0&&s2.eFlag>=0&&TMath::Abs(s.eX-170000)<5000&&TMath::Abs(s.eY-70000)<5000
We have 192765 good couples with selectioneCHI2P<2.0&&s.eW>10&&eN1<=1&&eN2<=1&&s1.eFlag>=0&&s2.eFlag>=0&&TMath::Abs(s.eX-170000)<5000&&TMath::Abs(s.eY-80000)<5000
We have 185569 good couples with selectioneCHI2P<2.0&&s.eW>10&&eN1<=1&&eN2<=1&&s1.eFlag>=0&&s2.eFlag>=0&&TMath::Abs(s.eX-170000)<5000&&TMath::Abs(s.eY-90000)<5000
We have 180629 good couples with selectioneCHI2P<2.0&&s.eW>10&&eN1<=1&&eN2<=1&&s1.eFlag>=0&&s2.eFlag>=0&&TMath::Abs(s.eX-170000)<5000&&TMath::Abs(s.eY-100000)<5000
We have 172701 good couples with selectioneCHI2P<2.0&&s.eW>10&&eN1<=1&&eN2<=1&&s1.eFlag>=0&&s2.eFlag>=0&&TMath::Abs(s.eX-170000)<5000&&TMath::Abs(s.eY-110000)<5000
We have 160683 good couples with selectioneCHI2P<2.0&&s.eW>10&&eN1<=1&&eN2<=1&&s1.eFlag>=0&&s2.eFlag>=0&&TMath::Abs(s.eX-170000)<5000&&TMath::Abs(s.eY-120000)<5000
We have 135868 good couples with selectioneCHI2P<2.0&&s.eW>10&&eN1<=1&&eN2<=1&&s1.eFlag>=0&&s2.eFlag>=0&&TMath::Abs(s.eX-170000)<5000&&TMath::Abs(s.eY-130000)<5000
We have 105739 good couples with selectioneCHI2P<2.0&&s.eW>10&&eN1<=1&&eN2<=1&&s1.eFlag>=0&&s2.eFlag>=0&&TMath::Abs(s.eX-170000)<5000&&TMath::Abs(s.eY-140000)<5000
We have 36845 good couples with selectioneCHI2P<2.0&&s.eW>10&&eN1<=1&&eN2<=1&&s1.eFlag>=0&&s2.eFlag>=0&&TMath::Abs(s.eX-170000)<5000&&TMath::Abs(s.eY-150000)<5000
We have 30827 good couples with selectioneCHI2P<2.0&&s.eW>10&&eN1<=1&&eN2<=1&&s1.eFlag>=0&&s2.eFlag>=0&&TMath::Abs(s.eX-170000)<5000&&TMath::Abs(s.eY-160000)<5000
We have 21025 good couples with selectioneCHI2P<2.0&&s.eW>10&&eN1<=1&&eN2<=1&&s1.eFlag>=0&&s2.eFlag>=0&&TMath::Abs(s.eX-170000)<5000&&TMath::Abs(s.eY-170000)<5000
We have 4305 good couples with selectioneCHI2P<2.0&&s.eW>10&&eN1<=1&&eN2<=1&&s1.eFlag>=0&&s2.eFlag>=0&&TMath::Abs(s.eX-170000)<5000&&TMath::Abs(s.eY-180000)<5000
We have 157303 good couples with selectioneCHI2P<2.0&&s.eW>10&&eN1<=1&&eN2<=1&&s1.eFlag>=0&&s2.eFlag>=0&&TMath::Abs(s.eX-180000)<5000&&TMath::Abs(s.eY-10000)<5000
We have 138300 good couples with selectioneCHI2P<2.0&&s.eW>10&&eN1<=1&&eN2<=1&&s1.eFlag>=0&&s2.eFlag>=0&&TMath::Abs(s.eX-180000)<5000&&TMath::Abs(s.eY-20000)<5000
We have 208784 good couples with selectioneCHI2P<2.0&&s.eW>10&&eN1<=1&&eN2<=1&&s1.eFlag>=0&&s2.eFlag>=0&&TMath::Abs(s.eX-180000)<5000&&TMath::Abs(s.eY-30000)<5000
We have 209209 good couples with selectioneCHI2P<2.0&&s.eW>10&&eN1<=1&&eN2<=1&&s1.eFlag>=0&&s2.eFlag>=0&&TMath::Abs(s.eX-180000)<5000&&TMath::Abs(s.eY-40000)<5000
We have 201116 good couples with selectioneCHI2P<2.0&&s.eW>10&&eN1<=1&&eN2<=1&&s1.eFlag>=0&&s2.eFlag>=0&&TMath::Abs(s.eX-180000)<5000&&TMath::Abs(s.eY-50000)<5000
We have 191731 good couples with selectioneCHI2P<2.0&&s.eW>10&&eN1<=1&&eN2<=1&&s1.eFlag>=0&&s2.eFlag>=0&&TMath::Abs(s.eX-180000)<5000&&TMath::Abs(s.eY-60000)<5000
We have 188031 good couples with selectioneCHI2P<2.0&&s.eW>10&&eN1<=1&&eN2<=1&&s1.eFlag>=0&&s2.eFlag>=0&&TMath::Abs(s.eX-180000)<5000&&TMath::Abs(s.eY-70000)<5000
We have 188614 good couples with selectioneCHI2P<2.0&&s.eW>10&&eN1<=1&&eN2<=1&&s1.eFlag>=0&&s2.eFlag>=0&&TMath::Abs(s.eX-180000)<5000&&TMath::Abs(s.eY-80000)<5000
We have 180584 good couples with selectioneCHI2P<2.0&&s.eW>10&&eN1<=1&&eN2<=1&&s1.eFlag>=0&&s2.eFlag>=0&&TMath::Abs(s.eX-180000)<5000&&TMath::Abs(s.eY-90000)<5000
We have 172655 good couples with selectioneCHI2P<2.0&&s.eW>10&&eN1<=1&&eN2<=1&&s1.eFlag>=0&&s2.eFlag>=0&&TMath::Abs(s.eX-180000)<5000&&TMath::Abs(s.eY-100000)<5000
We have 162968 good couples with selectioneCHI2P<2.0&&s.eW>10&&eN1<=1&&eN2<=1&&s1.eFlag>=0&&s2.eFlag>=0&&TMath::Abs(s.eX-180000)<5000&&TMath::Abs(s.eY-110000)<5000
We have 152357 good couples with selectioneCHI2P<2.0&&s.eW>10&&eN1<=1&&eN2<=1&&s1.eFlag>=0&&s2.eFlag>=0&&TMath::Abs(s.eX-180000)<5000&&TMath::Abs(s.eY-120000)<5000
We have 116229 good couples with selectioneCHI2P<2.0&&s.eW>10&&eN1<=1&&eN2<=1&&s1.eFlag>=0&&s2.eFlag>=0&&TMath::Abs(s.eX-180000)<5000&&TMath::Abs(s.eY-130000)<5000
We have 88229 good couples with selectioneCHI2P<2.0&&s.eW>10&&eN1<=1&&eN2<=1&&s1.eFlag>=0&&s2.eFlag>=0&&TMath::Abs(s.eX-180000)<5000&&TMath::Abs(s.eY-140000)<5000
We have 20626 good couples with selectioneCHI2P<2.0&&s.eW>10&&eN1<=1&&eN2<=1&&s1.eFlag>=0&&s2.eFlag>=0&&TMath::Abs(s.eX-180000)<5000&&TMath::Abs(s.eY-150000)<5000
We have 31659 good couples with selectioneCHI2P<2.0&&s.eW>10&&eN1<=1&&eN2<=1&&s1.eFlag>=0&&s2.eFlag>=0&&TMath::Abs(s.eX-180000)<5000&&TMath::Abs(s.eY-160000)<5000
We have 16912 good couples with selectioneCHI2P<2.0&&s.eW>10&&eN1<=1&&eN2<=1&&s1.eFlag>=0&&s2.eFlag>=0&&TMath::Abs(s.eX-180000)<5000&&TMath::Abs(s.eY-170000)<5000
We have 3866 good couples with selectioneCHI2P<2.0&&s.eW>10&&eN1<=1&&eN2<=1&&s1.eFlag>=0&&s2.eFlag>=0&&TMath::Abs(s.eX-180000)<5000&&TMath::Abs(s.eY-180000)<5000
Start time: 230321
End time: 234413
