Set up SND environment
search libraries in slc9_x86-64
merge cells for plate 
Load FEDRA libs

Processing /afs/cern.ch/user/o/onur//emulsion_tasks2/reco_scripts/linking/merge_coupleshistos.C("/eos/experiment/sndlhc/emulsionData/2022/CERN/emu_reco/RUN3/",51,31)...
We have 216301 good couples with selectioneCHI2P<2.0&&s.eW>10&&eN1<=1&&eN2<=1&&s1.eFlag>=0&&s2.eFlag>=0&&TMath::Abs(s.eX-10000)<5000&&TMath::Abs(s.eY-10000)<5000
We have 208648 good couples with selectioneCHI2P<2.0&&s.eW>10&&eN1<=1&&eN2<=1&&s1.eFlag>=0&&s2.eFlag>=0&&TMath::Abs(s.eX-10000)<5000&&TMath::Abs(s.eY-20000)<5000
We have 212785 good couples with selectioneCHI2P<2.0&&s.eW>10&&eN1<=1&&eN2<=1&&s1.eFlag>=0&&s2.eFlag>=0&&TMath::Abs(s.eX-10000)<5000&&TMath::Abs(s.eY-30000)<5000
We have 211443 good couples with selectioneCHI2P<2.0&&s.eW>10&&eN1<=1&&eN2<=1&&s1.eFlag>=0&&s2.eFlag>=0&&TMath::Abs(s.eX-10000)<5000&&TMath::Abs(s.eY-40000)<5000
We have 214808 good couples with selectioneCHI2P<2.0&&s.eW>10&&eN1<=1&&eN2<=1&&s1.eFlag>=0&&s2.eFlag>=0&&TMath::Abs(s.eX-10000)<5000&&TMath::Abs(s.eY-50000)<5000
We have 218559 good couples with selectioneCHI2P<2.0&&s.eW>10&&eN1<=1&&eN2<=1&&s1.eFlag>=0&&s2.eFlag>=0&&TMath::Abs(s.eX-10000)<5000&&TMath::Abs(s.eY-60000)<5000
We have 217940 good couples with selectioneCHI2P<2.0&&s.eW>10&&eN1<=1&&eN2<=1&&s1.eFlag>=0&&s2.eFlag>=0&&TMath::Abs(s.eX-10000)<5000&&TMath::Abs(s.eY-70000)<5000
We have 206698 good couples with selectioneCHI2P<2.0&&s.eW>10&&eN1<=1&&eN2<=1&&s1.eFlag>=0&&s2.eFlag>=0&&TMath::Abs(s.eX-10000)<5000&&TMath::Abs(s.eY-80000)<5000
We have 216297 good couples with selectioneCHI2P<2.0&&s.eW>10&&eN1<=1&&eN2<=1&&s1.eFlag>=0&&s2.eFlag>=0&&TMath::Abs(s.eX-10000)<5000&&TMath::Abs(s.eY-90000)<5000
We have 211725 good couples with selectioneCHI2P<2.0&&s.eW>10&&eN1<=1&&eN2<=1&&s1.eFlag>=0&&s2.eFlag>=0&&TMath::Abs(s.eX-10000)<5000&&TMath::Abs(s.eY-100000)<5000
We have 209857 good couples with selectioneCHI2P<2.0&&s.eW>10&&eN1<=1&&eN2<=1&&s1.eFlag>=0&&s2.eFlag>=0&&TMath::Abs(s.eX-10000)<5000&&TMath::Abs(s.eY-110000)<5000
We have 215879 good couples with selectioneCHI2P<2.0&&s.eW>10&&eN1<=1&&eN2<=1&&s1.eFlag>=0&&s2.eFlag>=0&&TMath::Abs(s.eX-10000)<5000&&TMath::Abs(s.eY-120000)<5000
We have 206836 good couples with selectioneCHI2P<2.0&&s.eW>10&&eN1<=1&&eN2<=1&&s1.eFlag>=0&&s2.eFlag>=0&&TMath::Abs(s.eX-10000)<5000&&TMath::Abs(s.eY-130000)<5000
We have 198847 good couples with selectioneCHI2P<2.0&&s.eW>10&&eN1<=1&&eN2<=1&&s1.eFlag>=0&&s2.eFlag>=0&&TMath::Abs(s.eX-10000)<5000&&TMath::Abs(s.eY-140000)<5000
We have 182054 good couples with selectioneCHI2P<2.0&&s.eW>10&&eN1<=1&&eN2<=1&&s1.eFlag>=0&&s2.eFlag>=0&&TMath::Abs(s.eX-10000)<5000&&TMath::Abs(s.eY-150000)<5000
We have 155233 good couples with selectioneCHI2P<2.0&&s.eW>10&&eN1<=1&&eN2<=1&&s1.eFlag>=0&&s2.eFlag>=0&&TMath::Abs(s.eX-10000)<5000&&TMath::Abs(s.eY-160000)<5000
We have 176704 good couples with selectioneCHI2P<2.0&&s.eW>10&&eN1<=1&&eN2<=1&&s1.eFlag>=0&&s2.eFlag>=0&&TMath::Abs(s.eX-10000)<5000&&TMath::Abs(s.eY-170000)<5000
We have 45570 good couples with selectioneCHI2P<2.0&&s.eW>10&&eN1<=1&&eN2<=1&&s1.eFlag>=0&&s2.eFlag>=0&&TMath::Abs(s.eX-10000)<5000&&TMath::Abs(s.eY-180000)<5000
We have 214931 good couples with selectioneCHI2P<2.0&&s.eW>10&&eN1<=1&&eN2<=1&&s1.eFlag>=0&&s2.eFlag>=0&&TMath::Abs(s.eX-20000)<5000&&TMath::Abs(s.eY-10000)<5000
We have 223413 good couples with selectioneCHI2P<2.0&&s.eW>10&&eN1<=1&&eN2<=1&&s1.eFlag>=0&&s2.eFlag>=0&&TMath::Abs(s.eX-20000)<5000&&TMath::Abs(s.eY-20000)<5000
We have 214396 good couples with selectioneCHI2P<2.0&&s.eW>10&&eN1<=1&&eN2<=1&&s1.eFlag>=0&&s2.eFlag>=0&&TMath::Abs(s.eX-20000)<5000&&TMath::Abs(s.eY-30000)<5000
We have 226450 good couples with selectioneCHI2P<2.0&&s.eW>10&&eN1<=1&&eN2<=1&&s1.eFlag>=0&&s2.eFlag>=0&&TMath::Abs(s.eX-20000)<5000&&TMath::Abs(s.eY-40000)<5000
We have 224713 good couples with selectioneCHI2P<2.0&&s.eW>10&&eN1<=1&&eN2<=1&&s1.eFlag>=0&&s2.eFlag>=0&&TMath::Abs(s.eX-20000)<5000&&TMath::Abs(s.eY-50000)<5000
We have 223838 good couples with selectioneCHI2P<2.0&&s.eW>10&&eN1<=1&&eN2<=1&&s1.eFlag>=0&&s2.eFlag>=0&&TMath::Abs(s.eX-20000)<5000&&TMath::Abs(s.eY-60000)<5000
We have 220464 good couples with selectioneCHI2P<2.0&&s.eW>10&&eN1<=1&&eN2<=1&&s1.eFlag>=0&&s2.eFlag>=0&&TMath::Abs(s.eX-20000)<5000&&TMath::Abs(s.eY-70000)<5000
We have 221176 good couples with selectioneCHI2P<2.0&&s.eW>10&&eN1<=1&&eN2<=1&&s1.eFlag>=0&&s2.eFlag>=0&&TMath::Abs(s.eX-20000)<5000&&TMath::Abs(s.eY-80000)<5000
We have 217812 good couples with selectioneCHI2P<2.0&&s.eW>10&&eN1<=1&&eN2<=1&&s1.eFlag>=0&&s2.eFlag>=0&&TMath::Abs(s.eX-20000)<5000&&TMath::Abs(s.eY-90000)<5000
We have 221976 good couples with selectioneCHI2P<2.0&&s.eW>10&&eN1<=1&&eN2<=1&&s1.eFlag>=0&&s2.eFlag>=0&&TMath::Abs(s.eX-20000)<5000&&TMath::Abs(s.eY-100000)<5000
We have 219259 good couples with selectioneCHI2P<2.0&&s.eW>10&&eN1<=1&&eN2<=1&&s1.eFlag>=0&&s2.eFlag>=0&&TMath::Abs(s.eX-20000)<5000&&TMath::Abs(s.eY-110000)<5000
We have 215214 good couples with selectioneCHI2P<2.0&&s.eW>10&&eN1<=1&&eN2<=1&&s1.eFlag>=0&&s2.eFlag>=0&&TMath::Abs(s.eX-20000)<5000&&TMath::Abs(s.eY-120000)<5000
We have 210273 good couples with selectioneCHI2P<2.0&&s.eW>10&&eN1<=1&&eN2<=1&&s1.eFlag>=0&&s2.eFlag>=0&&TMath::Abs(s.eX-20000)<5000&&TMath::Abs(s.eY-130000)<5000
We have 202170 good couples with selectioneCHI2P<2.0&&s.eW>10&&eN1<=1&&eN2<=1&&s1.eFlag>=0&&s2.eFlag>=0&&TMath::Abs(s.eX-20000)<5000&&TMath::Abs(s.eY-140000)<5000
We have 200347 good couples with selectioneCHI2P<2.0&&s.eW>10&&eN1<=1&&eN2<=1&&s1.eFlag>=0&&s2.eFlag>=0&&TMath::Abs(s.eX-20000)<5000&&TMath::Abs(s.eY-150000)<5000
We have 196900 good couples with selectioneCHI2P<2.0&&s.eW>10&&eN1<=1&&eN2<=1&&s1.eFlag>=0&&s2.eFlag>=0&&TMath::Abs(s.eX-20000)<5000&&TMath::Abs(s.eY-160000)<5000
We have 176640 good couples with selectioneCHI2P<2.0&&s.eW>10&&eN1<=1&&eN2<=1&&s1.eFlag>=0&&s2.eFlag>=0&&TMath::Abs(s.eX-20000)<5000&&TMath::Abs(s.eY-170000)<5000
We have 31413 good couples with selectioneCHI2P<2.0&&s.eW>10&&eN1<=1&&eN2<=1&&s1.eFlag>=0&&s2.eFlag>=0&&TMath::Abs(s.eX-20000)<5000&&TMath::Abs(s.eY-180000)<5000
We have 214132 good couples with selectioneCHI2P<2.0&&s.eW>10&&eN1<=1&&eN2<=1&&s1.eFlag>=0&&s2.eFlag>=0&&TMath::Abs(s.eX-30000)<5000&&TMath::Abs(s.eY-10000)<5000
We have 214809 good couples with selectioneCHI2P<2.0&&s.eW>10&&eN1<=1&&eN2<=1&&s1.eFlag>=0&&s2.eFlag>=0&&TMath::Abs(s.eX-30000)<5000&&TMath::Abs(s.eY-20000)<5000
We have 219458 good couples with selectioneCHI2P<2.0&&s.eW>10&&eN1<=1&&eN2<=1&&s1.eFlag>=0&&s2.eFlag>=0&&TMath::Abs(s.eX-30000)<5000&&TMath::Abs(s.eY-30000)<5000
We have 217671 good couples with selectioneCHI2P<2.0&&s.eW>10&&eN1<=1&&eN2<=1&&s1.eFlag>=0&&s2.eFlag>=0&&TMath::Abs(s.eX-30000)<5000&&TMath::Abs(s.eY-40000)<5000
We have 221848 good couples with selectioneCHI2P<2.0&&s.eW>10&&eN1<=1&&eN2<=1&&s1.eFlag>=0&&s2.eFlag>=0&&TMath::Abs(s.eX-30000)<5000&&TMath::Abs(s.eY-50000)<5000
We have 217503 good couples with selectioneCHI2P<2.0&&s.eW>10&&eN1<=1&&eN2<=1&&s1.eFlag>=0&&s2.eFlag>=0&&TMath::Abs(s.eX-30000)<5000&&TMath::Abs(s.eY-60000)<5000
We have 229051 good couples with selectioneCHI2P<2.0&&s.eW>10&&eN1<=1&&eN2<=1&&s1.eFlag>=0&&s2.eFlag>=0&&TMath::Abs(s.eX-30000)<5000&&TMath::Abs(s.eY-70000)<5000
We have 222847 good couples with selectioneCHI2P<2.0&&s.eW>10&&eN1<=1&&eN2<=1&&s1.eFlag>=0&&s2.eFlag>=0&&TMath::Abs(s.eX-30000)<5000&&TMath::Abs(s.eY-80000)<5000
We have 223387 good couples with selectioneCHI2P<2.0&&s.eW>10&&eN1<=1&&eN2<=1&&s1.eFlag>=0&&s2.eFlag>=0&&TMath::Abs(s.eX-30000)<5000&&TMath::Abs(s.eY-90000)<5000
We have 213694 good couples with selectioneCHI2P<2.0&&s.eW>10&&eN1<=1&&eN2<=1&&s1.eFlag>=0&&s2.eFlag>=0&&TMath::Abs(s.eX-30000)<5000&&TMath::Abs(s.eY-100000)<5000
We have 218225 good couples with selectioneCHI2P<2.0&&s.eW>10&&eN1<=1&&eN2<=1&&s1.eFlag>=0&&s2.eFlag>=0&&TMath::Abs(s.eX-30000)<5000&&TMath::Abs(s.eY-110000)<5000
We have 219568 good couples with selectioneCHI2P<2.0&&s.eW>10&&eN1<=1&&eN2<=1&&s1.eFlag>=0&&s2.eFlag>=0&&TMath::Abs(s.eX-30000)<5000&&TMath::Abs(s.eY-120000)<5000
We have 214409 good couples with selectioneCHI2P<2.0&&s.eW>10&&eN1<=1&&eN2<=1&&s1.eFlag>=0&&s2.eFlag>=0&&TMath::Abs(s.eX-30000)<5000&&TMath::Abs(s.eY-130000)<5000
We have 208780 good couples with selectioneCHI2P<2.0&&s.eW>10&&eN1<=1&&eN2<=1&&s1.eFlag>=0&&s2.eFlag>=0&&TMath::Abs(s.eX-30000)<5000&&TMath::Abs(s.eY-140000)<5000
We have 198271 good couples with selectioneCHI2P<2.0&&s.eW>10&&eN1<=1&&eN2<=1&&s1.eFlag>=0&&s2.eFlag>=0&&TMath::Abs(s.eX-30000)<5000&&TMath::Abs(s.eY-150000)<5000
We have 192645 good couples with selectioneCHI2P<2.0&&s.eW>10&&eN1<=1&&eN2<=1&&s1.eFlag>=0&&s2.eFlag>=0&&TMath::Abs(s.eX-30000)<5000&&TMath::Abs(s.eY-160000)<5000
We have 175627 good couples with selectioneCHI2P<2.0&&s.eW>10&&eN1<=1&&eN2<=1&&s1.eFlag>=0&&s2.eFlag>=0&&TMath::Abs(s.eX-30000)<5000&&TMath::Abs(s.eY-170000)<5000
We have 26013 good couples with selectioneCHI2P<2.0&&s.eW>10&&eN1<=1&&eN2<=1&&s1.eFlag>=0&&s2.eFlag>=0&&TMath::Abs(s.eX-30000)<5000&&TMath::Abs(s.eY-180000)<5000
We have 215811 good couples with selectioneCHI2P<2.0&&s.eW>10&&eN1<=1&&eN2<=1&&s1.eFlag>=0&&s2.eFlag>=0&&TMath::Abs(s.eX-40000)<5000&&TMath::Abs(s.eY-10000)<5000
We have 218060 good couples with selectioneCHI2P<2.0&&s.eW>10&&eN1<=1&&eN2<=1&&s1.eFlag>=0&&s2.eFlag>=0&&TMath::Abs(s.eX-40000)<5000&&TMath::Abs(s.eY-20000)<5000
We have 222211 good couples with selectioneCHI2P<2.0&&s.eW>10&&eN1<=1&&eN2<=1&&s1.eFlag>=0&&s2.eFlag>=0&&TMath::Abs(s.eX-40000)<5000&&TMath::Abs(s.eY-30000)<5000
We have 215553 good couples with selectioneCHI2P<2.0&&s.eW>10&&eN1<=1&&eN2<=1&&s1.eFlag>=0&&s2.eFlag>=0&&TMath::Abs(s.eX-40000)<5000&&TMath::Abs(s.eY-40000)<5000
We have 217673 good couples with selectioneCHI2P<2.0&&s.eW>10&&eN1<=1&&eN2<=1&&s1.eFlag>=0&&s2.eFlag>=0&&TMath::Abs(s.eX-40000)<5000&&TMath::Abs(s.eY-50000)<5000
We have 216471 good couples with selectioneCHI2P<2.0&&s.eW>10&&eN1<=1&&eN2<=1&&s1.eFlag>=0&&s2.eFlag>=0&&TMath::Abs(s.eX-40000)<5000&&TMath::Abs(s.eY-60000)<5000
We have 226816 good couples with selectioneCHI2P<2.0&&s.eW>10&&eN1<=1&&eN2<=1&&s1.eFlag>=0&&s2.eFlag>=0&&TMath::Abs(s.eX-40000)<5000&&TMath::Abs(s.eY-70000)<5000
We have 215935 good couples with selectioneCHI2P<2.0&&s.eW>10&&eN1<=1&&eN2<=1&&s1.eFlag>=0&&s2.eFlag>=0&&TMath::Abs(s.eX-40000)<5000&&TMath::Abs(s.eY-80000)<5000
We have 213767 good couples with selectioneCHI2P<2.0&&s.eW>10&&eN1<=1&&eN2<=1&&s1.eFlag>=0&&s2.eFlag>=0&&TMath::Abs(s.eX-40000)<5000&&TMath::Abs(s.eY-90000)<5000
We have 214066 good couples with selectioneCHI2P<2.0&&s.eW>10&&eN1<=1&&eN2<=1&&s1.eFlag>=0&&s2.eFlag>=0&&TMath::Abs(s.eX-40000)<5000&&TMath::Abs(s.eY-100000)<5000
We have 219645 good couples with selectioneCHI2P<2.0&&s.eW>10&&eN1<=1&&eN2<=1&&s1.eFlag>=0&&s2.eFlag>=0&&TMath::Abs(s.eX-40000)<5000&&TMath::Abs(s.eY-110000)<5000
We have 217010 good couples with selectioneCHI2P<2.0&&s.eW>10&&eN1<=1&&eN2<=1&&s1.eFlag>=0&&s2.eFlag>=0&&TMath::Abs(s.eX-40000)<5000&&TMath::Abs(s.eY-120000)<5000
We have 211265 good couples with selectioneCHI2P<2.0&&s.eW>10&&eN1<=1&&eN2<=1&&s1.eFlag>=0&&s2.eFlag>=0&&TMath::Abs(s.eX-40000)<5000&&TMath::Abs(s.eY-130000)<5000
We have 203386 good couples with selectioneCHI2P<2.0&&s.eW>10&&eN1<=1&&eN2<=1&&s1.eFlag>=0&&s2.eFlag>=0&&TMath::Abs(s.eX-40000)<5000&&TMath::Abs(s.eY-140000)<5000
We have 194134 good couples with selectioneCHI2P<2.0&&s.eW>10&&eN1<=1&&eN2<=1&&s1.eFlag>=0&&s2.eFlag>=0&&TMath::Abs(s.eX-40000)<5000&&TMath::Abs(s.eY-150000)<5000
We have 191060 good couples with selectioneCHI2P<2.0&&s.eW>10&&eN1<=1&&eN2<=1&&s1.eFlag>=0&&s2.eFlag>=0&&TMath::Abs(s.eX-40000)<5000&&TMath::Abs(s.eY-160000)<5000
We have 178368 good couples with selectioneCHI2P<2.0&&s.eW>10&&eN1<=1&&eN2<=1&&s1.eFlag>=0&&s2.eFlag>=0&&TMath::Abs(s.eX-40000)<5000&&TMath::Abs(s.eY-170000)<5000
We have 25395 good couples with selectioneCHI2P<2.0&&s.eW>10&&eN1<=1&&eN2<=1&&s1.eFlag>=0&&s2.eFlag>=0&&TMath::Abs(s.eX-40000)<5000&&TMath::Abs(s.eY-180000)<5000
We have 212182 good couples with selectioneCHI2P<2.0&&s.eW>10&&eN1<=1&&eN2<=1&&s1.eFlag>=0&&s2.eFlag>=0&&TMath::Abs(s.eX-50000)<5000&&TMath::Abs(s.eY-10000)<5000
We have 212938 good couples with selectioneCHI2P<2.0&&s.eW>10&&eN1<=1&&eN2<=1&&s1.eFlag>=0&&s2.eFlag>=0&&TMath::Abs(s.eX-50000)<5000&&TMath::Abs(s.eY-20000)<5000
We have 213798 good couples with selectioneCHI2P<2.0&&s.eW>10&&eN1<=1&&eN2<=1&&s1.eFlag>=0&&s2.eFlag>=0&&TMath::Abs(s.eX-50000)<5000&&TMath::Abs(s.eY-30000)<5000
We have 213303 good couples with selectioneCHI2P<2.0&&s.eW>10&&eN1<=1&&eN2<=1&&s1.eFlag>=0&&s2.eFlag>=0&&TMath::Abs(s.eX-50000)<5000&&TMath::Abs(s.eY-40000)<5000
We have 227620 good couples with selectioneCHI2P<2.0&&s.eW>10&&eN1<=1&&eN2<=1&&s1.eFlag>=0&&s2.eFlag>=0&&TMath::Abs(s.eX-50000)<5000&&TMath::Abs(s.eY-50000)<5000
We have 220447 good couples with selectioneCHI2P<2.0&&s.eW>10&&eN1<=1&&eN2<=1&&s1.eFlag>=0&&s2.eFlag>=0&&TMath::Abs(s.eX-50000)<5000&&TMath::Abs(s.eY-60000)<5000
We have 218292 good couples with selectioneCHI2P<2.0&&s.eW>10&&eN1<=1&&eN2<=1&&s1.eFlag>=0&&s2.eFlag>=0&&TMath::Abs(s.eX-50000)<5000&&TMath::Abs(s.eY-70000)<5000
We have 224643 good couples with selectioneCHI2P<2.0&&s.eW>10&&eN1<=1&&eN2<=1&&s1.eFlag>=0&&s2.eFlag>=0&&TMath::Abs(s.eX-50000)<5000&&TMath::Abs(s.eY-80000)<5000
We have 215615 good couples with selectioneCHI2P<2.0&&s.eW>10&&eN1<=1&&eN2<=1&&s1.eFlag>=0&&s2.eFlag>=0&&TMath::Abs(s.eX-50000)<5000&&TMath::Abs(s.eY-90000)<5000
We have 216488 good couples with selectioneCHI2P<2.0&&s.eW>10&&eN1<=1&&eN2<=1&&s1.eFlag>=0&&s2.eFlag>=0&&TMath::Abs(s.eX-50000)<5000&&TMath::Abs(s.eY-100000)<5000
We have 216192 good couples with selectioneCHI2P<2.0&&s.eW>10&&eN1<=1&&eN2<=1&&s1.eFlag>=0&&s2.eFlag>=0&&TMath::Abs(s.eX-50000)<5000&&TMath::Abs(s.eY-110000)<5000
We have 212288 good couples with selectioneCHI2P<2.0&&s.eW>10&&eN1<=1&&eN2<=1&&s1.eFlag>=0&&s2.eFlag>=0&&TMath::Abs(s.eX-50000)<5000&&TMath::Abs(s.eY-120000)<5000
We have 209431 good couples with selectioneCHI2P<2.0&&s.eW>10&&eN1<=1&&eN2<=1&&s1.eFlag>=0&&s2.eFlag>=0&&TMath::Abs(s.eX-50000)<5000&&TMath::Abs(s.eY-130000)<5000
We have 201267 good couples with selectioneCHI2P<2.0&&s.eW>10&&eN1<=1&&eN2<=1&&s1.eFlag>=0&&s2.eFlag>=0&&TMath::Abs(s.eX-50000)<5000&&TMath::Abs(s.eY-140000)<5000
We have 197223 good couples with selectioneCHI2P<2.0&&s.eW>10&&eN1<=1&&eN2<=1&&s1.eFlag>=0&&s2.eFlag>=0&&TMath::Abs(s.eX-50000)<5000&&TMath::Abs(s.eY-150000)<5000
We have 185205 good couples with selectioneCHI2P<2.0&&s.eW>10&&eN1<=1&&eN2<=1&&s1.eFlag>=0&&s2.eFlag>=0&&TMath::Abs(s.eX-50000)<5000&&TMath::Abs(s.eY-160000)<5000
We have 175169 good couples with selectioneCHI2P<2.0&&s.eW>10&&eN1<=1&&eN2<=1&&s1.eFlag>=0&&s2.eFlag>=0&&TMath::Abs(s.eX-50000)<5000&&TMath::Abs(s.eY-170000)<5000
We have 24758 good couples with selectioneCHI2P<2.0&&s.eW>10&&eN1<=1&&eN2<=1&&s1.eFlag>=0&&s2.eFlag>=0&&TMath::Abs(s.eX-50000)<5000&&TMath::Abs(s.eY-180000)<5000
We have 218852 good couples with selectioneCHI2P<2.0&&s.eW>10&&eN1<=1&&eN2<=1&&s1.eFlag>=0&&s2.eFlag>=0&&TMath::Abs(s.eX-60000)<5000&&TMath::Abs(s.eY-10000)<5000
We have 222395 good couples with selectioneCHI2P<2.0&&s.eW>10&&eN1<=1&&eN2<=1&&s1.eFlag>=0&&s2.eFlag>=0&&TMath::Abs(s.eX-60000)<5000&&TMath::Abs(s.eY-20000)<5000
We have 221736 good couples with selectioneCHI2P<2.0&&s.eW>10&&eN1<=1&&eN2<=1&&s1.eFlag>=0&&s2.eFlag>=0&&TMath::Abs(s.eX-60000)<5000&&TMath::Abs(s.eY-30000)<5000
We have 219833 good couples with selectioneCHI2P<2.0&&s.eW>10&&eN1<=1&&eN2<=1&&s1.eFlag>=0&&s2.eFlag>=0&&TMath::Abs(s.eX-60000)<5000&&TMath::Abs(s.eY-40000)<5000
We have 224849 good couples with selectioneCHI2P<2.0&&s.eW>10&&eN1<=1&&eN2<=1&&s1.eFlag>=0&&s2.eFlag>=0&&TMath::Abs(s.eX-60000)<5000&&TMath::Abs(s.eY-50000)<5000
We have 221784 good couples with selectioneCHI2P<2.0&&s.eW>10&&eN1<=1&&eN2<=1&&s1.eFlag>=0&&s2.eFlag>=0&&TMath::Abs(s.eX-60000)<5000&&TMath::Abs(s.eY-60000)<5000
We have 220285 good couples with selectioneCHI2P<2.0&&s.eW>10&&eN1<=1&&eN2<=1&&s1.eFlag>=0&&s2.eFlag>=0&&TMath::Abs(s.eX-60000)<5000&&TMath::Abs(s.eY-70000)<5000
We have 217764 good couples with selectioneCHI2P<2.0&&s.eW>10&&eN1<=1&&eN2<=1&&s1.eFlag>=0&&s2.eFlag>=0&&TMath::Abs(s.eX-60000)<5000&&TMath::Abs(s.eY-80000)<5000
We have 217773 good couples with selectioneCHI2P<2.0&&s.eW>10&&eN1<=1&&eN2<=1&&s1.eFlag>=0&&s2.eFlag>=0&&TMath::Abs(s.eX-60000)<5000&&TMath::Abs(s.eY-90000)<5000
We have 215342 good couples with selectioneCHI2P<2.0&&s.eW>10&&eN1<=1&&eN2<=1&&s1.eFlag>=0&&s2.eFlag>=0&&TMath::Abs(s.eX-60000)<5000&&TMath::Abs(s.eY-100000)<5000
We have 221932 good couples with selectioneCHI2P<2.0&&s.eW>10&&eN1<=1&&eN2<=1&&s1.eFlag>=0&&s2.eFlag>=0&&TMath::Abs(s.eX-60000)<5000&&TMath::Abs(s.eY-110000)<5000
We have 213623 good couples with selectioneCHI2P<2.0&&s.eW>10&&eN1<=1&&eN2<=1&&s1.eFlag>=0&&s2.eFlag>=0&&TMath::Abs(s.eX-60000)<5000&&TMath::Abs(s.eY-120000)<5000
We have 207859 good couples with selectioneCHI2P<2.0&&s.eW>10&&eN1<=1&&eN2<=1&&s1.eFlag>=0&&s2.eFlag>=0&&TMath::Abs(s.eX-60000)<5000&&TMath::Abs(s.eY-130000)<5000
We have 203394 good couples with selectioneCHI2P<2.0&&s.eW>10&&eN1<=1&&eN2<=1&&s1.eFlag>=0&&s2.eFlag>=0&&TMath::Abs(s.eX-60000)<5000&&TMath::Abs(s.eY-140000)<5000
We have 201472 good couples with selectioneCHI2P<2.0&&s.eW>10&&eN1<=1&&eN2<=1&&s1.eFlag>=0&&s2.eFlag>=0&&TMath::Abs(s.eX-60000)<5000&&TMath::Abs(s.eY-150000)<5000
We have 195514 good couples with selectioneCHI2P<2.0&&s.eW>10&&eN1<=1&&eN2<=1&&s1.eFlag>=0&&s2.eFlag>=0&&TMath::Abs(s.eX-60000)<5000&&TMath::Abs(s.eY-160000)<5000
We have 180502 good couples with selectioneCHI2P<2.0&&s.eW>10&&eN1<=1&&eN2<=1&&s1.eFlag>=0&&s2.eFlag>=0&&TMath::Abs(s.eX-60000)<5000&&TMath::Abs(s.eY-170000)<5000
We have 24794 good couples with selectioneCHI2P<2.0&&s.eW>10&&eN1<=1&&eN2<=1&&s1.eFlag>=0&&s2.eFlag>=0&&TMath::Abs(s.eX-60000)<5000&&TMath::Abs(s.eY-180000)<5000
We have 221973 good couples with selectioneCHI2P<2.0&&s.eW>10&&eN1<=1&&eN2<=1&&s1.eFlag>=0&&s2.eFlag>=0&&TMath::Abs(s.eX-70000)<5000&&TMath::Abs(s.eY-10000)<5000
We have 223881 good couples with selectioneCHI2P<2.0&&s.eW>10&&eN1<=1&&eN2<=1&&s1.eFlag>=0&&s2.eFlag>=0&&TMath::Abs(s.eX-70000)<5000&&TMath::Abs(s.eY-20000)<5000
We have 218269 good couples with selectioneCHI2P<2.0&&s.eW>10&&eN1<=1&&eN2<=1&&s1.eFlag>=0&&s2.eFlag>=0&&TMath::Abs(s.eX-70000)<5000&&TMath::Abs(s.eY-30000)<5000
We have 225180 good couples with selectioneCHI2P<2.0&&s.eW>10&&eN1<=1&&eN2<=1&&s1.eFlag>=0&&s2.eFlag>=0&&TMath::Abs(s.eX-70000)<5000&&TMath::Abs(s.eY-40000)<5000
We have 221862 good couples with selectioneCHI2P<2.0&&s.eW>10&&eN1<=1&&eN2<=1&&s1.eFlag>=0&&s2.eFlag>=0&&TMath::Abs(s.eX-70000)<5000&&TMath::Abs(s.eY-50000)<5000
We have 218318 good couples with selectioneCHI2P<2.0&&s.eW>10&&eN1<=1&&eN2<=1&&s1.eFlag>=0&&s2.eFlag>=0&&TMath::Abs(s.eX-70000)<5000&&TMath::Abs(s.eY-60000)<5000
We have 221661 good couples with selectioneCHI2P<2.0&&s.eW>10&&eN1<=1&&eN2<=1&&s1.eFlag>=0&&s2.eFlag>=0&&TMath::Abs(s.eX-70000)<5000&&TMath::Abs(s.eY-70000)<5000
We have 220601 good couples with selectioneCHI2P<2.0&&s.eW>10&&eN1<=1&&eN2<=1&&s1.eFlag>=0&&s2.eFlag>=0&&TMath::Abs(s.eX-70000)<5000&&TMath::Abs(s.eY-80000)<5000
We have 220703 good couples with selectioneCHI2P<2.0&&s.eW>10&&eN1<=1&&eN2<=1&&s1.eFlag>=0&&s2.eFlag>=0&&TMath::Abs(s.eX-70000)<5000&&TMath::Abs(s.eY-90000)<5000
We have 226343 good couples with selectioneCHI2P<2.0&&s.eW>10&&eN1<=1&&eN2<=1&&s1.eFlag>=0&&s2.eFlag>=0&&TMath::Abs(s.eX-70000)<5000&&TMath::Abs(s.eY-100000)<5000
We have 217085 good couples with selectioneCHI2P<2.0&&s.eW>10&&eN1<=1&&eN2<=1&&s1.eFlag>=0&&s2.eFlag>=0&&TMath::Abs(s.eX-70000)<5000&&TMath::Abs(s.eY-110000)<5000
We have 214888 good couples with selectioneCHI2P<2.0&&s.eW>10&&eN1<=1&&eN2<=1&&s1.eFlag>=0&&s2.eFlag>=0&&TMath::Abs(s.eX-70000)<5000&&TMath::Abs(s.eY-120000)<5000
We have 209718 good couples with selectioneCHI2P<2.0&&s.eW>10&&eN1<=1&&eN2<=1&&s1.eFlag>=0&&s2.eFlag>=0&&TMath::Abs(s.eX-70000)<5000&&TMath::Abs(s.eY-130000)<5000
We have 209124 good couples with selectioneCHI2P<2.0&&s.eW>10&&eN1<=1&&eN2<=1&&s1.eFlag>=0&&s2.eFlag>=0&&TMath::Abs(s.eX-70000)<5000&&TMath::Abs(s.eY-140000)<5000
We have 208468 good couples with selectioneCHI2P<2.0&&s.eW>10&&eN1<=1&&eN2<=1&&s1.eFlag>=0&&s2.eFlag>=0&&TMath::Abs(s.eX-70000)<5000&&TMath::Abs(s.eY-150000)<5000
We have 187057 good couples with selectioneCHI2P<2.0&&s.eW>10&&eN1<=1&&eN2<=1&&s1.eFlag>=0&&s2.eFlag>=0&&TMath::Abs(s.eX-70000)<5000&&TMath::Abs(s.eY-160000)<5000
We have 179263 good couples with selectioneCHI2P<2.0&&s.eW>10&&eN1<=1&&eN2<=1&&s1.eFlag>=0&&s2.eFlag>=0&&TMath::Abs(s.eX-70000)<5000&&TMath::Abs(s.eY-170000)<5000
We have 25012 good couples with selectioneCHI2P<2.0&&s.eW>10&&eN1<=1&&eN2<=1&&s1.eFlag>=0&&s2.eFlag>=0&&TMath::Abs(s.eX-70000)<5000&&TMath::Abs(s.eY-180000)<5000
We have 216597 good couples with selectioneCHI2P<2.0&&s.eW>10&&eN1<=1&&eN2<=1&&s1.eFlag>=0&&s2.eFlag>=0&&TMath::Abs(s.eX-80000)<5000&&TMath::Abs(s.eY-10000)<5000
We have 230569 good couples with selectioneCHI2P<2.0&&s.eW>10&&eN1<=1&&eN2<=1&&s1.eFlag>=0&&s2.eFlag>=0&&TMath::Abs(s.eX-80000)<5000&&TMath::Abs(s.eY-20000)<5000
We have 224905 good couples with selectioneCHI2P<2.0&&s.eW>10&&eN1<=1&&eN2<=1&&s1.eFlag>=0&&s2.eFlag>=0&&TMath::Abs(s.eX-80000)<5000&&TMath::Abs(s.eY-30000)<5000
We have 219648 good couples with selectioneCHI2P<2.0&&s.eW>10&&eN1<=1&&eN2<=1&&s1.eFlag>=0&&s2.eFlag>=0&&TMath::Abs(s.eX-80000)<5000&&TMath::Abs(s.eY-40000)<5000
We have 217122 good couples with selectioneCHI2P<2.0&&s.eW>10&&eN1<=1&&eN2<=1&&s1.eFlag>=0&&s2.eFlag>=0&&TMath::Abs(s.eX-80000)<5000&&TMath::Abs(s.eY-50000)<5000
We have 218014 good couples with selectioneCHI2P<2.0&&s.eW>10&&eN1<=1&&eN2<=1&&s1.eFlag>=0&&s2.eFlag>=0&&TMath::Abs(s.eX-80000)<5000&&TMath::Abs(s.eY-60000)<5000
We have 220024 good couples with selectioneCHI2P<2.0&&s.eW>10&&eN1<=1&&eN2<=1&&s1.eFlag>=0&&s2.eFlag>=0&&TMath::Abs(s.eX-80000)<5000&&TMath::Abs(s.eY-70000)<5000
We have 221828 good couples with selectioneCHI2P<2.0&&s.eW>10&&eN1<=1&&eN2<=1&&s1.eFlag>=0&&s2.eFlag>=0&&TMath::Abs(s.eX-80000)<5000&&TMath::Abs(s.eY-80000)<5000
We have 214212 good couples with selectioneCHI2P<2.0&&s.eW>10&&eN1<=1&&eN2<=1&&s1.eFlag>=0&&s2.eFlag>=0&&TMath::Abs(s.eX-80000)<5000&&TMath::Abs(s.eY-90000)<5000
We have 212443 good couples with selectioneCHI2P<2.0&&s.eW>10&&eN1<=1&&eN2<=1&&s1.eFlag>=0&&s2.eFlag>=0&&TMath::Abs(s.eX-80000)<5000&&TMath::Abs(s.eY-100000)<5000
We have 208322 good couples with selectioneCHI2P<2.0&&s.eW>10&&eN1<=1&&eN2<=1&&s1.eFlag>=0&&s2.eFlag>=0&&TMath::Abs(s.eX-80000)<5000&&TMath::Abs(s.eY-110000)<5000
We have 210889 good couples with selectioneCHI2P<2.0&&s.eW>10&&eN1<=1&&eN2<=1&&s1.eFlag>=0&&s2.eFlag>=0&&TMath::Abs(s.eX-80000)<5000&&TMath::Abs(s.eY-120000)<5000
We have 214886 good couples with selectioneCHI2P<2.0&&s.eW>10&&eN1<=1&&eN2<=1&&s1.eFlag>=0&&s2.eFlag>=0&&TMath::Abs(s.eX-80000)<5000&&TMath::Abs(s.eY-130000)<5000
We have 208075 good couples with selectioneCHI2P<2.0&&s.eW>10&&eN1<=1&&eN2<=1&&s1.eFlag>=0&&s2.eFlag>=0&&TMath::Abs(s.eX-80000)<5000&&TMath::Abs(s.eY-140000)<5000
We have 202271 good couples with selectioneCHI2P<2.0&&s.eW>10&&eN1<=1&&eN2<=1&&s1.eFlag>=0&&s2.eFlag>=0&&TMath::Abs(s.eX-80000)<5000&&TMath::Abs(s.eY-150000)<5000
We have 197378 good couples with selectioneCHI2P<2.0&&s.eW>10&&eN1<=1&&eN2<=1&&s1.eFlag>=0&&s2.eFlag>=0&&TMath::Abs(s.eX-80000)<5000&&TMath::Abs(s.eY-160000)<5000
We have 181387 good couples with selectioneCHI2P<2.0&&s.eW>10&&eN1<=1&&eN2<=1&&s1.eFlag>=0&&s2.eFlag>=0&&TMath::Abs(s.eX-80000)<5000&&TMath::Abs(s.eY-170000)<5000
We have 26220 good couples with selectioneCHI2P<2.0&&s.eW>10&&eN1<=1&&eN2<=1&&s1.eFlag>=0&&s2.eFlag>=0&&TMath::Abs(s.eX-80000)<5000&&TMath::Abs(s.eY-180000)<5000
We have 226702 good couples with selectioneCHI2P<2.0&&s.eW>10&&eN1<=1&&eN2<=1&&s1.eFlag>=0&&s2.eFlag>=0&&TMath::Abs(s.eX-90000)<5000&&TMath::Abs(s.eY-10000)<5000
We have 221650 good couples with selectioneCHI2P<2.0&&s.eW>10&&eN1<=1&&eN2<=1&&s1.eFlag>=0&&s2.eFlag>=0&&TMath::Abs(s.eX-90000)<5000&&TMath::Abs(s.eY-20000)<5000
We have 226657 good couples with selectioneCHI2P<2.0&&s.eW>10&&eN1<=1&&eN2<=1&&s1.eFlag>=0&&s2.eFlag>=0&&TMath::Abs(s.eX-90000)<5000&&TMath::Abs(s.eY-30000)<5000
We have 220674 good couples with selectioneCHI2P<2.0&&s.eW>10&&eN1<=1&&eN2<=1&&s1.eFlag>=0&&s2.eFlag>=0&&TMath::Abs(s.eX-90000)<5000&&TMath::Abs(s.eY-40000)<5000
We have 227842 good couples with selectioneCHI2P<2.0&&s.eW>10&&eN1<=1&&eN2<=1&&s1.eFlag>=0&&s2.eFlag>=0&&TMath::Abs(s.eX-90000)<5000&&TMath::Abs(s.eY-50000)<5000
We have 222112 good couples with selectioneCHI2P<2.0&&s.eW>10&&eN1<=1&&eN2<=1&&s1.eFlag>=0&&s2.eFlag>=0&&TMath::Abs(s.eX-90000)<5000&&TMath::Abs(s.eY-60000)<5000
We have 223333 good couples with selectioneCHI2P<2.0&&s.eW>10&&eN1<=1&&eN2<=1&&s1.eFlag>=0&&s2.eFlag>=0&&TMath::Abs(s.eX-90000)<5000&&TMath::Abs(s.eY-70000)<5000
We have 221173 good couples with selectioneCHI2P<2.0&&s.eW>10&&eN1<=1&&eN2<=1&&s1.eFlag>=0&&s2.eFlag>=0&&TMath::Abs(s.eX-90000)<5000&&TMath::Abs(s.eY-80000)<5000
We have 222161 good couples with selectioneCHI2P<2.0&&s.eW>10&&eN1<=1&&eN2<=1&&s1.eFlag>=0&&s2.eFlag>=0&&TMath::Abs(s.eX-90000)<5000&&TMath::Abs(s.eY-90000)<5000
We have 218139 good couples with selectioneCHI2P<2.0&&s.eW>10&&eN1<=1&&eN2<=1&&s1.eFlag>=0&&s2.eFlag>=0&&TMath::Abs(s.eX-90000)<5000&&TMath::Abs(s.eY-100000)<5000
We have 211850 good couples with selectioneCHI2P<2.0&&s.eW>10&&eN1<=1&&eN2<=1&&s1.eFlag>=0&&s2.eFlag>=0&&TMath::Abs(s.eX-90000)<5000&&TMath::Abs(s.eY-110000)<5000
We have 210488 good couples with selectioneCHI2P<2.0&&s.eW>10&&eN1<=1&&eN2<=1&&s1.eFlag>=0&&s2.eFlag>=0&&TMath::Abs(s.eX-90000)<5000&&TMath::Abs(s.eY-120000)<5000
We have 215180 good couples with selectioneCHI2P<2.0&&s.eW>10&&eN1<=1&&eN2<=1&&s1.eFlag>=0&&s2.eFlag>=0&&TMath::Abs(s.eX-90000)<5000&&TMath::Abs(s.eY-130000)<5000
We have 203779 good couples with selectioneCHI2P<2.0&&s.eW>10&&eN1<=1&&eN2<=1&&s1.eFlag>=0&&s2.eFlag>=0&&TMath::Abs(s.eX-90000)<5000&&TMath::Abs(s.eY-140000)<5000
We have 202344 good couples with selectioneCHI2P<2.0&&s.eW>10&&eN1<=1&&eN2<=1&&s1.eFlag>=0&&s2.eFlag>=0&&TMath::Abs(s.eX-90000)<5000&&TMath::Abs(s.eY-150000)<5000
We have 196679 good couples with selectioneCHI2P<2.0&&s.eW>10&&eN1<=1&&eN2<=1&&s1.eFlag>=0&&s2.eFlag>=0&&TMath::Abs(s.eX-90000)<5000&&TMath::Abs(s.eY-160000)<5000
We have 182878 good couples with selectioneCHI2P<2.0&&s.eW>10&&eN1<=1&&eN2<=1&&s1.eFlag>=0&&s2.eFlag>=0&&TMath::Abs(s.eX-90000)<5000&&TMath::Abs(s.eY-170000)<5000
We have 26309 good couples with selectioneCHI2P<2.0&&s.eW>10&&eN1<=1&&eN2<=1&&s1.eFlag>=0&&s2.eFlag>=0&&TMath::Abs(s.eX-90000)<5000&&TMath::Abs(s.eY-180000)<5000
We have 233952 good couples with selectioneCHI2P<2.0&&s.eW>10&&eN1<=1&&eN2<=1&&s1.eFlag>=0&&s2.eFlag>=0&&TMath::Abs(s.eX-100000)<5000&&TMath::Abs(s.eY-10000)<5000
We have 228447 good couples with selectioneCHI2P<2.0&&s.eW>10&&eN1<=1&&eN2<=1&&s1.eFlag>=0&&s2.eFlag>=0&&TMath::Abs(s.eX-100000)<5000&&TMath::Abs(s.eY-20000)<5000
We have 224677 good couples with selectioneCHI2P<2.0&&s.eW>10&&eN1<=1&&eN2<=1&&s1.eFlag>=0&&s2.eFlag>=0&&TMath::Abs(s.eX-100000)<5000&&TMath::Abs(s.eY-30000)<5000
We have 224804 good couples with selectioneCHI2P<2.0&&s.eW>10&&eN1<=1&&eN2<=1&&s1.eFlag>=0&&s2.eFlag>=0&&TMath::Abs(s.eX-100000)<5000&&TMath::Abs(s.eY-40000)<5000
We have 223983 good couples with selectioneCHI2P<2.0&&s.eW>10&&eN1<=1&&eN2<=1&&s1.eFlag>=0&&s2.eFlag>=0&&TMath::Abs(s.eX-100000)<5000&&TMath::Abs(s.eY-50000)<5000
We have 215443 good couples with selectioneCHI2P<2.0&&s.eW>10&&eN1<=1&&eN2<=1&&s1.eFlag>=0&&s2.eFlag>=0&&TMath::Abs(s.eX-100000)<5000&&TMath::Abs(s.eY-60000)<5000
We have 220981 good couples with selectioneCHI2P<2.0&&s.eW>10&&eN1<=1&&eN2<=1&&s1.eFlag>=0&&s2.eFlag>=0&&TMath::Abs(s.eX-100000)<5000&&TMath::Abs(s.eY-70000)<5000
We have 222680 good couples with selectioneCHI2P<2.0&&s.eW>10&&eN1<=1&&eN2<=1&&s1.eFlag>=0&&s2.eFlag>=0&&TMath::Abs(s.eX-100000)<5000&&TMath::Abs(s.eY-80000)<5000
We have 219702 good couples with selectioneCHI2P<2.0&&s.eW>10&&eN1<=1&&eN2<=1&&s1.eFlag>=0&&s2.eFlag>=0&&TMath::Abs(s.eX-100000)<5000&&TMath::Abs(s.eY-90000)<5000
We have 207537 good couples with selectioneCHI2P<2.0&&s.eW>10&&eN1<=1&&eN2<=1&&s1.eFlag>=0&&s2.eFlag>=0&&TMath::Abs(s.eX-100000)<5000&&TMath::Abs(s.eY-100000)<5000
We have 213342 good couples with selectioneCHI2P<2.0&&s.eW>10&&eN1<=1&&eN2<=1&&s1.eFlag>=0&&s2.eFlag>=0&&TMath::Abs(s.eX-100000)<5000&&TMath::Abs(s.eY-110000)<5000
We have 211710 good couples with selectioneCHI2P<2.0&&s.eW>10&&eN1<=1&&eN2<=1&&s1.eFlag>=0&&s2.eFlag>=0&&TMath::Abs(s.eX-100000)<5000&&TMath::Abs(s.eY-120000)<5000
We have 210527 good couples with selectioneCHI2P<2.0&&s.eW>10&&eN1<=1&&eN2<=1&&s1.eFlag>=0&&s2.eFlag>=0&&TMath::Abs(s.eX-100000)<5000&&TMath::Abs(s.eY-130000)<5000
We have 206930 good couples with selectioneCHI2P<2.0&&s.eW>10&&eN1<=1&&eN2<=1&&s1.eFlag>=0&&s2.eFlag>=0&&TMath::Abs(s.eX-100000)<5000&&TMath::Abs(s.eY-140000)<5000
We have 205785 good couples with selectioneCHI2P<2.0&&s.eW>10&&eN1<=1&&eN2<=1&&s1.eFlag>=0&&s2.eFlag>=0&&TMath::Abs(s.eX-100000)<5000&&TMath::Abs(s.eY-150000)<5000
We have 201878 good couples with selectioneCHI2P<2.0&&s.eW>10&&eN1<=1&&eN2<=1&&s1.eFlag>=0&&s2.eFlag>=0&&TMath::Abs(s.eX-100000)<5000&&TMath::Abs(s.eY-160000)<5000
We have 180495 good couples with selectioneCHI2P<2.0&&s.eW>10&&eN1<=1&&eN2<=1&&s1.eFlag>=0&&s2.eFlag>=0&&TMath::Abs(s.eX-100000)<5000&&TMath::Abs(s.eY-170000)<5000
We have 25979 good couples with selectioneCHI2P<2.0&&s.eW>10&&eN1<=1&&eN2<=1&&s1.eFlag>=0&&s2.eFlag>=0&&TMath::Abs(s.eX-100000)<5000&&TMath::Abs(s.eY-180000)<5000
We have 232456 good couples with selectioneCHI2P<2.0&&s.eW>10&&eN1<=1&&eN2<=1&&s1.eFlag>=0&&s2.eFlag>=0&&TMath::Abs(s.eX-110000)<5000&&TMath::Abs(s.eY-10000)<5000
We have 232927 good couples with selectioneCHI2P<2.0&&s.eW>10&&eN1<=1&&eN2<=1&&s1.eFlag>=0&&s2.eFlag>=0&&TMath::Abs(s.eX-110000)<5000&&TMath::Abs(s.eY-20000)<5000
We have 230905 good couples with selectioneCHI2P<2.0&&s.eW>10&&eN1<=1&&eN2<=1&&s1.eFlag>=0&&s2.eFlag>=0&&TMath::Abs(s.eX-110000)<5000&&TMath::Abs(s.eY-30000)<5000
We have 228120 good couples with selectioneCHI2P<2.0&&s.eW>10&&eN1<=1&&eN2<=1&&s1.eFlag>=0&&s2.eFlag>=0&&TMath::Abs(s.eX-110000)<5000&&TMath::Abs(s.eY-40000)<5000
We have 224841 good couples with selectioneCHI2P<2.0&&s.eW>10&&eN1<=1&&eN2<=1&&s1.eFlag>=0&&s2.eFlag>=0&&TMath::Abs(s.eX-110000)<5000&&TMath::Abs(s.eY-50000)<5000
We have 219685 good couples with selectioneCHI2P<2.0&&s.eW>10&&eN1<=1&&eN2<=1&&s1.eFlag>=0&&s2.eFlag>=0&&TMath::Abs(s.eX-110000)<5000&&TMath::Abs(s.eY-60000)<5000
We have 215197 good couples with selectioneCHI2P<2.0&&s.eW>10&&eN1<=1&&eN2<=1&&s1.eFlag>=0&&s2.eFlag>=0&&TMath::Abs(s.eX-110000)<5000&&TMath::Abs(s.eY-70000)<5000
We have 217477 good couples with selectioneCHI2P<2.0&&s.eW>10&&eN1<=1&&eN2<=1&&s1.eFlag>=0&&s2.eFlag>=0&&TMath::Abs(s.eX-110000)<5000&&TMath::Abs(s.eY-80000)<5000
We have 219284 good couples with selectioneCHI2P<2.0&&s.eW>10&&eN1<=1&&eN2<=1&&s1.eFlag>=0&&s2.eFlag>=0&&TMath::Abs(s.eX-110000)<5000&&TMath::Abs(s.eY-90000)<5000
We have 216867 good couples with selectioneCHI2P<2.0&&s.eW>10&&eN1<=1&&eN2<=1&&s1.eFlag>=0&&s2.eFlag>=0&&TMath::Abs(s.eX-110000)<5000&&TMath::Abs(s.eY-100000)<5000
We have 217502 good couples with selectioneCHI2P<2.0&&s.eW>10&&eN1<=1&&eN2<=1&&s1.eFlag>=0&&s2.eFlag>=0&&TMath::Abs(s.eX-110000)<5000&&TMath::Abs(s.eY-110000)<5000
We have 211200 good couples with selectioneCHI2P<2.0&&s.eW>10&&eN1<=1&&eN2<=1&&s1.eFlag>=0&&s2.eFlag>=0&&TMath::Abs(s.eX-110000)<5000&&TMath::Abs(s.eY-120000)<5000
We have 212404 good couples with selectioneCHI2P<2.0&&s.eW>10&&eN1<=1&&eN2<=1&&s1.eFlag>=0&&s2.eFlag>=0&&TMath::Abs(s.eX-110000)<5000&&TMath::Abs(s.eY-130000)<5000
We have 210295 good couples with selectioneCHI2P<2.0&&s.eW>10&&eN1<=1&&eN2<=1&&s1.eFlag>=0&&s2.eFlag>=0&&TMath::Abs(s.eX-110000)<5000&&TMath::Abs(s.eY-140000)<5000
We have 205753 good couples with selectioneCHI2P<2.0&&s.eW>10&&eN1<=1&&eN2<=1&&s1.eFlag>=0&&s2.eFlag>=0&&TMath::Abs(s.eX-110000)<5000&&TMath::Abs(s.eY-150000)<5000
We have 203188 good couples with selectioneCHI2P<2.0&&s.eW>10&&eN1<=1&&eN2<=1&&s1.eFlag>=0&&s2.eFlag>=0&&TMath::Abs(s.eX-110000)<5000&&TMath::Abs(s.eY-160000)<5000
We have 181002 good couples with selectioneCHI2P<2.0&&s.eW>10&&eN1<=1&&eN2<=1&&s1.eFlag>=0&&s2.eFlag>=0&&TMath::Abs(s.eX-110000)<5000&&TMath::Abs(s.eY-170000)<5000
We have 25430 good couples with selectioneCHI2P<2.0&&s.eW>10&&eN1<=1&&eN2<=1&&s1.eFlag>=0&&s2.eFlag>=0&&TMath::Abs(s.eX-110000)<5000&&TMath::Abs(s.eY-180000)<5000
We have 241856 good couples with selectioneCHI2P<2.0&&s.eW>10&&eN1<=1&&eN2<=1&&s1.eFlag>=0&&s2.eFlag>=0&&TMath::Abs(s.eX-120000)<5000&&TMath::Abs(s.eY-10000)<5000
We have 227988 good couples with selectioneCHI2P<2.0&&s.eW>10&&eN1<=1&&eN2<=1&&s1.eFlag>=0&&s2.eFlag>=0&&TMath::Abs(s.eX-120000)<5000&&TMath::Abs(s.eY-20000)<5000
We have 222680 good couples with selectioneCHI2P<2.0&&s.eW>10&&eN1<=1&&eN2<=1&&s1.eFlag>=0&&s2.eFlag>=0&&TMath::Abs(s.eX-120000)<5000&&TMath::Abs(s.eY-30000)<5000
We have 220758 good couples with selectioneCHI2P<2.0&&s.eW>10&&eN1<=1&&eN2<=1&&s1.eFlag>=0&&s2.eFlag>=0&&TMath::Abs(s.eX-120000)<5000&&TMath::Abs(s.eY-40000)<5000
We have 226290 good couples with selectioneCHI2P<2.0&&s.eW>10&&eN1<=1&&eN2<=1&&s1.eFlag>=0&&s2.eFlag>=0&&TMath::Abs(s.eX-120000)<5000&&TMath::Abs(s.eY-50000)<5000
We have 216582 good couples with selectioneCHI2P<2.0&&s.eW>10&&eN1<=1&&eN2<=1&&s1.eFlag>=0&&s2.eFlag>=0&&TMath::Abs(s.eX-120000)<5000&&TMath::Abs(s.eY-60000)<5000
We have 225479 good couples with selectioneCHI2P<2.0&&s.eW>10&&eN1<=1&&eN2<=1&&s1.eFlag>=0&&s2.eFlag>=0&&TMath::Abs(s.eX-120000)<5000&&TMath::Abs(s.eY-70000)<5000
We have 217859 good couples with selectioneCHI2P<2.0&&s.eW>10&&eN1<=1&&eN2<=1&&s1.eFlag>=0&&s2.eFlag>=0&&TMath::Abs(s.eX-120000)<5000&&TMath::Abs(s.eY-80000)<5000
We have 221877 good couples with selectioneCHI2P<2.0&&s.eW>10&&eN1<=1&&eN2<=1&&s1.eFlag>=0&&s2.eFlag>=0&&TMath::Abs(s.eX-120000)<5000&&TMath::Abs(s.eY-90000)<5000
We have 221557 good couples with selectioneCHI2P<2.0&&s.eW>10&&eN1<=1&&eN2<=1&&s1.eFlag>=0&&s2.eFlag>=0&&TMath::Abs(s.eX-120000)<5000&&TMath::Abs(s.eY-100000)<5000
We have 222089 good couples with selectioneCHI2P<2.0&&s.eW>10&&eN1<=1&&eN2<=1&&s1.eFlag>=0&&s2.eFlag>=0&&TMath::Abs(s.eX-120000)<5000&&TMath::Abs(s.eY-110000)<5000
We have 211992 good couples with selectioneCHI2P<2.0&&s.eW>10&&eN1<=1&&eN2<=1&&s1.eFlag>=0&&s2.eFlag>=0&&TMath::Abs(s.eX-120000)<5000&&TMath::Abs(s.eY-120000)<5000
We have 207473 good couples with selectioneCHI2P<2.0&&s.eW>10&&eN1<=1&&eN2<=1&&s1.eFlag>=0&&s2.eFlag>=0&&TMath::Abs(s.eX-120000)<5000&&TMath::Abs(s.eY-130000)<5000
We have 206613 good couples with selectioneCHI2P<2.0&&s.eW>10&&eN1<=1&&eN2<=1&&s1.eFlag>=0&&s2.eFlag>=0&&TMath::Abs(s.eX-120000)<5000&&TMath::Abs(s.eY-140000)<5000
We have 202997 good couples with selectioneCHI2P<2.0&&s.eW>10&&eN1<=1&&eN2<=1&&s1.eFlag>=0&&s2.eFlag>=0&&TMath::Abs(s.eX-120000)<5000&&TMath::Abs(s.eY-150000)<5000
We have 198329 good couples with selectioneCHI2P<2.0&&s.eW>10&&eN1<=1&&eN2<=1&&s1.eFlag>=0&&s2.eFlag>=0&&TMath::Abs(s.eX-120000)<5000&&TMath::Abs(s.eY-160000)<5000
We have 178548 good couples with selectioneCHI2P<2.0&&s.eW>10&&eN1<=1&&eN2<=1&&s1.eFlag>=0&&s2.eFlag>=0&&TMath::Abs(s.eX-120000)<5000&&TMath::Abs(s.eY-170000)<5000
We have 28464 good couples with selectioneCHI2P<2.0&&s.eW>10&&eN1<=1&&eN2<=1&&s1.eFlag>=0&&s2.eFlag>=0&&TMath::Abs(s.eX-120000)<5000&&TMath::Abs(s.eY-180000)<5000
We have 228009 good couples with selectioneCHI2P<2.0&&s.eW>10&&eN1<=1&&eN2<=1&&s1.eFlag>=0&&s2.eFlag>=0&&TMath::Abs(s.eX-130000)<5000&&TMath::Abs(s.eY-10000)<5000
We have 234128 good couples with selectioneCHI2P<2.0&&s.eW>10&&eN1<=1&&eN2<=1&&s1.eFlag>=0&&s2.eFlag>=0&&TMath::Abs(s.eX-130000)<5000&&TMath::Abs(s.eY-20000)<5000
We have 231182 good couples with selectioneCHI2P<2.0&&s.eW>10&&eN1<=1&&eN2<=1&&s1.eFlag>=0&&s2.eFlag>=0&&TMath::Abs(s.eX-130000)<5000&&TMath::Abs(s.eY-30000)<5000
We have 221841 good couples with selectioneCHI2P<2.0&&s.eW>10&&eN1<=1&&eN2<=1&&s1.eFlag>=0&&s2.eFlag>=0&&TMath::Abs(s.eX-130000)<5000&&TMath::Abs(s.eY-40000)<5000
We have 218029 good couples with selectioneCHI2P<2.0&&s.eW>10&&eN1<=1&&eN2<=1&&s1.eFlag>=0&&s2.eFlag>=0&&TMath::Abs(s.eX-130000)<5000&&TMath::Abs(s.eY-50000)<5000
We have 218066 good couples with selectioneCHI2P<2.0&&s.eW>10&&eN1<=1&&eN2<=1&&s1.eFlag>=0&&s2.eFlag>=0&&TMath::Abs(s.eX-130000)<5000&&TMath::Abs(s.eY-60000)<5000
We have 218709 good couples with selectioneCHI2P<2.0&&s.eW>10&&eN1<=1&&eN2<=1&&s1.eFlag>=0&&s2.eFlag>=0&&TMath::Abs(s.eX-130000)<5000&&TMath::Abs(s.eY-70000)<5000
We have 220074 good couples with selectioneCHI2P<2.0&&s.eW>10&&eN1<=1&&eN2<=1&&s1.eFlag>=0&&s2.eFlag>=0&&TMath::Abs(s.eX-130000)<5000&&TMath::Abs(s.eY-80000)<5000
We have 220892 good couples with selectioneCHI2P<2.0&&s.eW>10&&eN1<=1&&eN2<=1&&s1.eFlag>=0&&s2.eFlag>=0&&TMath::Abs(s.eX-130000)<5000&&TMath::Abs(s.eY-90000)<5000
We have 213513 good couples with selectioneCHI2P<2.0&&s.eW>10&&eN1<=1&&eN2<=1&&s1.eFlag>=0&&s2.eFlag>=0&&TMath::Abs(s.eX-130000)<5000&&TMath::Abs(s.eY-100000)<5000
We have 218625 good couples with selectioneCHI2P<2.0&&s.eW>10&&eN1<=1&&eN2<=1&&s1.eFlag>=0&&s2.eFlag>=0&&TMath::Abs(s.eX-130000)<5000&&TMath::Abs(s.eY-110000)<5000
We have 208424 good couples with selectioneCHI2P<2.0&&s.eW>10&&eN1<=1&&eN2<=1&&s1.eFlag>=0&&s2.eFlag>=0&&TMath::Abs(s.eX-130000)<5000&&TMath::Abs(s.eY-120000)<5000
We have 206798 good couples with selectioneCHI2P<2.0&&s.eW>10&&eN1<=1&&eN2<=1&&s1.eFlag>=0&&s2.eFlag>=0&&TMath::Abs(s.eX-130000)<5000&&TMath::Abs(s.eY-130000)<5000
We have 202717 good couples with selectioneCHI2P<2.0&&s.eW>10&&eN1<=1&&eN2<=1&&s1.eFlag>=0&&s2.eFlag>=0&&TMath::Abs(s.eX-130000)<5000&&TMath::Abs(s.eY-140000)<5000
We have 198067 good couples with selectioneCHI2P<2.0&&s.eW>10&&eN1<=1&&eN2<=1&&s1.eFlag>=0&&s2.eFlag>=0&&TMath::Abs(s.eX-130000)<5000&&TMath::Abs(s.eY-150000)<5000
We have 195427 good couples with selectioneCHI2P<2.0&&s.eW>10&&eN1<=1&&eN2<=1&&s1.eFlag>=0&&s2.eFlag>=0&&TMath::Abs(s.eX-130000)<5000&&TMath::Abs(s.eY-160000)<5000
We have 175574 good couples with selectioneCHI2P<2.0&&s.eW>10&&eN1<=1&&eN2<=1&&s1.eFlag>=0&&s2.eFlag>=0&&TMath::Abs(s.eX-130000)<5000&&TMath::Abs(s.eY-170000)<5000
We have 26993 good couples with selectioneCHI2P<2.0&&s.eW>10&&eN1<=1&&eN2<=1&&s1.eFlag>=0&&s2.eFlag>=0&&TMath::Abs(s.eX-130000)<5000&&TMath::Abs(s.eY-180000)<5000
We have 234614 good couples with selectioneCHI2P<2.0&&s.eW>10&&eN1<=1&&eN2<=1&&s1.eFlag>=0&&s2.eFlag>=0&&TMath::Abs(s.eX-140000)<5000&&TMath::Abs(s.eY-10000)<5000
We have 228160 good couples with selectioneCHI2P<2.0&&s.eW>10&&eN1<=1&&eN2<=1&&s1.eFlag>=0&&s2.eFlag>=0&&TMath::Abs(s.eX-140000)<5000&&TMath::Abs(s.eY-20000)<5000
We have 234416 good couples with selectioneCHI2P<2.0&&s.eW>10&&eN1<=1&&eN2<=1&&s1.eFlag>=0&&s2.eFlag>=0&&TMath::Abs(s.eX-140000)<5000&&TMath::Abs(s.eY-30000)<5000
We have 226888 good couples with selectioneCHI2P<2.0&&s.eW>10&&eN1<=1&&eN2<=1&&s1.eFlag>=0&&s2.eFlag>=0&&TMath::Abs(s.eX-140000)<5000&&TMath::Abs(s.eY-40000)<5000
We have 226742 good couples with selectioneCHI2P<2.0&&s.eW>10&&eN1<=1&&eN2<=1&&s1.eFlag>=0&&s2.eFlag>=0&&TMath::Abs(s.eX-140000)<5000&&TMath::Abs(s.eY-50000)<5000
We have 220689 good couples with selectioneCHI2P<2.0&&s.eW>10&&eN1<=1&&eN2<=1&&s1.eFlag>=0&&s2.eFlag>=0&&TMath::Abs(s.eX-140000)<5000&&TMath::Abs(s.eY-60000)<5000
We have 221359 good couples with selectioneCHI2P<2.0&&s.eW>10&&eN1<=1&&eN2<=1&&s1.eFlag>=0&&s2.eFlag>=0&&TMath::Abs(s.eX-140000)<5000&&TMath::Abs(s.eY-70000)<5000
We have 215820 good couples with selectioneCHI2P<2.0&&s.eW>10&&eN1<=1&&eN2<=1&&s1.eFlag>=0&&s2.eFlag>=0&&TMath::Abs(s.eX-140000)<5000&&TMath::Abs(s.eY-80000)<5000
We have 222889 good couples with selectioneCHI2P<2.0&&s.eW>10&&eN1<=1&&eN2<=1&&s1.eFlag>=0&&s2.eFlag>=0&&TMath::Abs(s.eX-140000)<5000&&TMath::Abs(s.eY-90000)<5000
We have 219525 good couples with selectioneCHI2P<2.0&&s.eW>10&&eN1<=1&&eN2<=1&&s1.eFlag>=0&&s2.eFlag>=0&&TMath::Abs(s.eX-140000)<5000&&TMath::Abs(s.eY-100000)<5000
We have 215600 good couples with selectioneCHI2P<2.0&&s.eW>10&&eN1<=1&&eN2<=1&&s1.eFlag>=0&&s2.eFlag>=0&&TMath::Abs(s.eX-140000)<5000&&TMath::Abs(s.eY-110000)<5000
We have 210455 good couples with selectioneCHI2P<2.0&&s.eW>10&&eN1<=1&&eN2<=1&&s1.eFlag>=0&&s2.eFlag>=0&&TMath::Abs(s.eX-140000)<5000&&TMath::Abs(s.eY-120000)<5000
We have 208117 good couples with selectioneCHI2P<2.0&&s.eW>10&&eN1<=1&&eN2<=1&&s1.eFlag>=0&&s2.eFlag>=0&&TMath::Abs(s.eX-140000)<5000&&TMath::Abs(s.eY-130000)<5000
We have 201470 good couples with selectioneCHI2P<2.0&&s.eW>10&&eN1<=1&&eN2<=1&&s1.eFlag>=0&&s2.eFlag>=0&&TMath::Abs(s.eX-140000)<5000&&TMath::Abs(s.eY-140000)<5000
We have 197920 good couples with selectioneCHI2P<2.0&&s.eW>10&&eN1<=1&&eN2<=1&&s1.eFlag>=0&&s2.eFlag>=0&&TMath::Abs(s.eX-140000)<5000&&TMath::Abs(s.eY-150000)<5000
We have 191220 good couples with selectioneCHI2P<2.0&&s.eW>10&&eN1<=1&&eN2<=1&&s1.eFlag>=0&&s2.eFlag>=0&&TMath::Abs(s.eX-140000)<5000&&TMath::Abs(s.eY-160000)<5000
We have 178233 good couples with selectioneCHI2P<2.0&&s.eW>10&&eN1<=1&&eN2<=1&&s1.eFlag>=0&&s2.eFlag>=0&&TMath::Abs(s.eX-140000)<5000&&TMath::Abs(s.eY-170000)<5000
We have 25882 good couples with selectioneCHI2P<2.0&&s.eW>10&&eN1<=1&&eN2<=1&&s1.eFlag>=0&&s2.eFlag>=0&&TMath::Abs(s.eX-140000)<5000&&TMath::Abs(s.eY-180000)<5000
We have 223033 good couples with selectioneCHI2P<2.0&&s.eW>10&&eN1<=1&&eN2<=1&&s1.eFlag>=0&&s2.eFlag>=0&&TMath::Abs(s.eX-150000)<5000&&TMath::Abs(s.eY-10000)<5000
We have 225451 good couples with selectioneCHI2P<2.0&&s.eW>10&&eN1<=1&&eN2<=1&&s1.eFlag>=0&&s2.eFlag>=0&&TMath::Abs(s.eX-150000)<5000&&TMath::Abs(s.eY-20000)<5000
We have 224786 good couples with selectioneCHI2P<2.0&&s.eW>10&&eN1<=1&&eN2<=1&&s1.eFlag>=0&&s2.eFlag>=0&&TMath::Abs(s.eX-150000)<5000&&TMath::Abs(s.eY-30000)<5000
We have 219834 good couples with selectioneCHI2P<2.0&&s.eW>10&&eN1<=1&&eN2<=1&&s1.eFlag>=0&&s2.eFlag>=0&&TMath::Abs(s.eX-150000)<5000&&TMath::Abs(s.eY-40000)<5000
We have 224083 good couples with selectioneCHI2P<2.0&&s.eW>10&&eN1<=1&&eN2<=1&&s1.eFlag>=0&&s2.eFlag>=0&&TMath::Abs(s.eX-150000)<5000&&TMath::Abs(s.eY-50000)<5000
We have 227269 good couples with selectioneCHI2P<2.0&&s.eW>10&&eN1<=1&&eN2<=1&&s1.eFlag>=0&&s2.eFlag>=0&&TMath::Abs(s.eX-150000)<5000&&TMath::Abs(s.eY-60000)<5000
We have 226857 good couples with selectioneCHI2P<2.0&&s.eW>10&&eN1<=1&&eN2<=1&&s1.eFlag>=0&&s2.eFlag>=0&&TMath::Abs(s.eX-150000)<5000&&TMath::Abs(s.eY-70000)<5000
We have 217814 good couples with selectioneCHI2P<2.0&&s.eW>10&&eN1<=1&&eN2<=1&&s1.eFlag>=0&&s2.eFlag>=0&&TMath::Abs(s.eX-150000)<5000&&TMath::Abs(s.eY-80000)<5000
We have 212943 good couples with selectioneCHI2P<2.0&&s.eW>10&&eN1<=1&&eN2<=1&&s1.eFlag>=0&&s2.eFlag>=0&&TMath::Abs(s.eX-150000)<5000&&TMath::Abs(s.eY-90000)<5000
We have 218741 good couples with selectioneCHI2P<2.0&&s.eW>10&&eN1<=1&&eN2<=1&&s1.eFlag>=0&&s2.eFlag>=0&&TMath::Abs(s.eX-150000)<5000&&TMath::Abs(s.eY-100000)<5000
We have 210618 good couples with selectioneCHI2P<2.0&&s.eW>10&&eN1<=1&&eN2<=1&&s1.eFlag>=0&&s2.eFlag>=0&&TMath::Abs(s.eX-150000)<5000&&TMath::Abs(s.eY-110000)<5000
We have 208680 good couples with selectioneCHI2P<2.0&&s.eW>10&&eN1<=1&&eN2<=1&&s1.eFlag>=0&&s2.eFlag>=0&&TMath::Abs(s.eX-150000)<5000&&TMath::Abs(s.eY-120000)<5000
We have 200869 good couples with selectioneCHI2P<2.0&&s.eW>10&&eN1<=1&&eN2<=1&&s1.eFlag>=0&&s2.eFlag>=0&&TMath::Abs(s.eX-150000)<5000&&TMath::Abs(s.eY-130000)<5000
We have 194386 good couples with selectioneCHI2P<2.0&&s.eW>10&&eN1<=1&&eN2<=1&&s1.eFlag>=0&&s2.eFlag>=0&&TMath::Abs(s.eX-150000)<5000&&TMath::Abs(s.eY-140000)<5000
We have 192399 good couples with selectioneCHI2P<2.0&&s.eW>10&&eN1<=1&&eN2<=1&&s1.eFlag>=0&&s2.eFlag>=0&&TMath::Abs(s.eX-150000)<5000&&TMath::Abs(s.eY-150000)<5000
We have 188485 good couples with selectioneCHI2P<2.0&&s.eW>10&&eN1<=1&&eN2<=1&&s1.eFlag>=0&&s2.eFlag>=0&&TMath::Abs(s.eX-150000)<5000&&TMath::Abs(s.eY-160000)<5000
We have 172502 good couples with selectioneCHI2P<2.0&&s.eW>10&&eN1<=1&&eN2<=1&&s1.eFlag>=0&&s2.eFlag>=0&&TMath::Abs(s.eX-150000)<5000&&TMath::Abs(s.eY-170000)<5000
We have 26237 good couples with selectioneCHI2P<2.0&&s.eW>10&&eN1<=1&&eN2<=1&&s1.eFlag>=0&&s2.eFlag>=0&&TMath::Abs(s.eX-150000)<5000&&TMath::Abs(s.eY-180000)<5000
We have 220759 good couples with selectioneCHI2P<2.0&&s.eW>10&&eN1<=1&&eN2<=1&&s1.eFlag>=0&&s2.eFlag>=0&&TMath::Abs(s.eX-160000)<5000&&TMath::Abs(s.eY-10000)<5000
We have 213218 good couples with selectioneCHI2P<2.0&&s.eW>10&&eN1<=1&&eN2<=1&&s1.eFlag>=0&&s2.eFlag>=0&&TMath::Abs(s.eX-160000)<5000&&TMath::Abs(s.eY-20000)<5000
We have 205014 good couples with selectioneCHI2P<2.0&&s.eW>10&&eN1<=1&&eN2<=1&&s1.eFlag>=0&&s2.eFlag>=0&&TMath::Abs(s.eX-160000)<5000&&TMath::Abs(s.eY-30000)<5000
We have 205399 good couples with selectioneCHI2P<2.0&&s.eW>10&&eN1<=1&&eN2<=1&&s1.eFlag>=0&&s2.eFlag>=0&&TMath::Abs(s.eX-160000)<5000&&TMath::Abs(s.eY-40000)<5000
We have 221374 good couples with selectioneCHI2P<2.0&&s.eW>10&&eN1<=1&&eN2<=1&&s1.eFlag>=0&&s2.eFlag>=0&&TMath::Abs(s.eX-160000)<5000&&TMath::Abs(s.eY-50000)<5000
We have 223648 good couples with selectioneCHI2P<2.0&&s.eW>10&&eN1<=1&&eN2<=1&&s1.eFlag>=0&&s2.eFlag>=0&&TMath::Abs(s.eX-160000)<5000&&TMath::Abs(s.eY-60000)<5000
We have 223549 good couples with selectioneCHI2P<2.0&&s.eW>10&&eN1<=1&&eN2<=1&&s1.eFlag>=0&&s2.eFlag>=0&&TMath::Abs(s.eX-160000)<5000&&TMath::Abs(s.eY-70000)<5000
We have 222684 good couples with selectioneCHI2P<2.0&&s.eW>10&&eN1<=1&&eN2<=1&&s1.eFlag>=0&&s2.eFlag>=0&&TMath::Abs(s.eX-160000)<5000&&TMath::Abs(s.eY-80000)<5000
We have 216956 good couples with selectioneCHI2P<2.0&&s.eW>10&&eN1<=1&&eN2<=1&&s1.eFlag>=0&&s2.eFlag>=0&&TMath::Abs(s.eX-160000)<5000&&TMath::Abs(s.eY-90000)<5000
We have 212526 good couples with selectioneCHI2P<2.0&&s.eW>10&&eN1<=1&&eN2<=1&&s1.eFlag>=0&&s2.eFlag>=0&&TMath::Abs(s.eX-160000)<5000&&TMath::Abs(s.eY-100000)<5000
We have 217920 good couples with selectioneCHI2P<2.0&&s.eW>10&&eN1<=1&&eN2<=1&&s1.eFlag>=0&&s2.eFlag>=0&&TMath::Abs(s.eX-160000)<5000&&TMath::Abs(s.eY-110000)<5000
We have 214498 good couples with selectioneCHI2P<2.0&&s.eW>10&&eN1<=1&&eN2<=1&&s1.eFlag>=0&&s2.eFlag>=0&&TMath::Abs(s.eX-160000)<5000&&TMath::Abs(s.eY-120000)<5000
We have 200567 good couples with selectioneCHI2P<2.0&&s.eW>10&&eN1<=1&&eN2<=1&&s1.eFlag>=0&&s2.eFlag>=0&&TMath::Abs(s.eX-160000)<5000&&TMath::Abs(s.eY-130000)<5000
We have 204372 good couples with selectioneCHI2P<2.0&&s.eW>10&&eN1<=1&&eN2<=1&&s1.eFlag>=0&&s2.eFlag>=0&&TMath::Abs(s.eX-160000)<5000&&TMath::Abs(s.eY-140000)<5000
We have 193215 good couples with selectioneCHI2P<2.0&&s.eW>10&&eN1<=1&&eN2<=1&&s1.eFlag>=0&&s2.eFlag>=0&&TMath::Abs(s.eX-160000)<5000&&TMath::Abs(s.eY-150000)<5000
We have 192379 good couples with selectioneCHI2P<2.0&&s.eW>10&&eN1<=1&&eN2<=1&&s1.eFlag>=0&&s2.eFlag>=0&&TMath::Abs(s.eX-160000)<5000&&TMath::Abs(s.eY-160000)<5000
We have 177324 good couples with selectioneCHI2P<2.0&&s.eW>10&&eN1<=1&&eN2<=1&&s1.eFlag>=0&&s2.eFlag>=0&&TMath::Abs(s.eX-160000)<5000&&TMath::Abs(s.eY-170000)<5000
We have 24096 good couples with selectioneCHI2P<2.0&&s.eW>10&&eN1<=1&&eN2<=1&&s1.eFlag>=0&&s2.eFlag>=0&&TMath::Abs(s.eX-160000)<5000&&TMath::Abs(s.eY-180000)<5000
We have 216344 good couples with selectioneCHI2P<2.0&&s.eW>10&&eN1<=1&&eN2<=1&&s1.eFlag>=0&&s2.eFlag>=0&&TMath::Abs(s.eX-170000)<5000&&TMath::Abs(s.eY-10000)<5000
We have 217541 good couples with selectioneCHI2P<2.0&&s.eW>10&&eN1<=1&&eN2<=1&&s1.eFlag>=0&&s2.eFlag>=0&&TMath::Abs(s.eX-170000)<5000&&TMath::Abs(s.eY-20000)<5000
We have 203004 good couples with selectioneCHI2P<2.0&&s.eW>10&&eN1<=1&&eN2<=1&&s1.eFlag>=0&&s2.eFlag>=0&&TMath::Abs(s.eX-170000)<5000&&TMath::Abs(s.eY-30000)<5000
We have 205714 good couples with selectioneCHI2P<2.0&&s.eW>10&&eN1<=1&&eN2<=1&&s1.eFlag>=0&&s2.eFlag>=0&&TMath::Abs(s.eX-170000)<5000&&TMath::Abs(s.eY-40000)<5000
We have 213588 good couples with selectioneCHI2P<2.0&&s.eW>10&&eN1<=1&&eN2<=1&&s1.eFlag>=0&&s2.eFlag>=0&&TMath::Abs(s.eX-170000)<5000&&TMath::Abs(s.eY-50000)<5000
We have 220043 good couples with selectioneCHI2P<2.0&&s.eW>10&&eN1<=1&&eN2<=1&&s1.eFlag>=0&&s2.eFlag>=0&&TMath::Abs(s.eX-170000)<5000&&TMath::Abs(s.eY-60000)<5000
We have 222812 good couples with selectioneCHI2P<2.0&&s.eW>10&&eN1<=1&&eN2<=1&&s1.eFlag>=0&&s2.eFlag>=0&&TMath::Abs(s.eX-170000)<5000&&TMath::Abs(s.eY-70000)<5000
We have 220062 good couples with selectioneCHI2P<2.0&&s.eW>10&&eN1<=1&&eN2<=1&&s1.eFlag>=0&&s2.eFlag>=0&&TMath::Abs(s.eX-170000)<5000&&TMath::Abs(s.eY-80000)<5000
We have 221940 good couples with selectioneCHI2P<2.0&&s.eW>10&&eN1<=1&&eN2<=1&&s1.eFlag>=0&&s2.eFlag>=0&&TMath::Abs(s.eX-170000)<5000&&TMath::Abs(s.eY-90000)<5000
We have 221353 good couples with selectioneCHI2P<2.0&&s.eW>10&&eN1<=1&&eN2<=1&&s1.eFlag>=0&&s2.eFlag>=0&&TMath::Abs(s.eX-170000)<5000&&TMath::Abs(s.eY-100000)<5000
We have 217341 good couples with selectioneCHI2P<2.0&&s.eW>10&&eN1<=1&&eN2<=1&&s1.eFlag>=0&&s2.eFlag>=0&&TMath::Abs(s.eX-170000)<5000&&TMath::Abs(s.eY-110000)<5000
We have 213465 good couples with selectioneCHI2P<2.0&&s.eW>10&&eN1<=1&&eN2<=1&&s1.eFlag>=0&&s2.eFlag>=0&&TMath::Abs(s.eX-170000)<5000&&TMath::Abs(s.eY-120000)<5000
We have 214605 good couples with selectioneCHI2P<2.0&&s.eW>10&&eN1<=1&&eN2<=1&&s1.eFlag>=0&&s2.eFlag>=0&&TMath::Abs(s.eX-170000)<5000&&TMath::Abs(s.eY-130000)<5000
We have 205715 good couples with selectioneCHI2P<2.0&&s.eW>10&&eN1<=1&&eN2<=1&&s1.eFlag>=0&&s2.eFlag>=0&&TMath::Abs(s.eX-170000)<5000&&TMath::Abs(s.eY-140000)<5000
We have 199343 good couples with selectioneCHI2P<2.0&&s.eW>10&&eN1<=1&&eN2<=1&&s1.eFlag>=0&&s2.eFlag>=0&&TMath::Abs(s.eX-170000)<5000&&TMath::Abs(s.eY-150000)<5000
We have 191728 good couples with selectioneCHI2P<2.0&&s.eW>10&&eN1<=1&&eN2<=1&&s1.eFlag>=0&&s2.eFlag>=0&&TMath::Abs(s.eX-170000)<5000&&TMath::Abs(s.eY-160000)<5000
We have 182905 good couples with selectioneCHI2P<2.0&&s.eW>10&&eN1<=1&&eN2<=1&&s1.eFlag>=0&&s2.eFlag>=0&&TMath::Abs(s.eX-170000)<5000&&TMath::Abs(s.eY-170000)<5000
We have 34720 good couples with selectioneCHI2P<2.0&&s.eW>10&&eN1<=1&&eN2<=1&&s1.eFlag>=0&&s2.eFlag>=0&&TMath::Abs(s.eX-170000)<5000&&TMath::Abs(s.eY-180000)<5000
We have 206548 good couples with selectioneCHI2P<2.0&&s.eW>10&&eN1<=1&&eN2<=1&&s1.eFlag>=0&&s2.eFlag>=0&&TMath::Abs(s.eX-180000)<5000&&TMath::Abs(s.eY-10000)<5000
We have 201535 good couples with selectioneCHI2P<2.0&&s.eW>10&&eN1<=1&&eN2<=1&&s1.eFlag>=0&&s2.eFlag>=0&&TMath::Abs(s.eX-180000)<5000&&TMath::Abs(s.eY-20000)<5000
We have 193684 good couples with selectioneCHI2P<2.0&&s.eW>10&&eN1<=1&&eN2<=1&&s1.eFlag>=0&&s2.eFlag>=0&&TMath::Abs(s.eX-180000)<5000&&TMath::Abs(s.eY-30000)<5000
We have 194894 good couples with selectioneCHI2P<2.0&&s.eW>10&&eN1<=1&&eN2<=1&&s1.eFlag>=0&&s2.eFlag>=0&&TMath::Abs(s.eX-180000)<5000&&TMath::Abs(s.eY-40000)<5000
We have 203326 good couples with selectioneCHI2P<2.0&&s.eW>10&&eN1<=1&&eN2<=1&&s1.eFlag>=0&&s2.eFlag>=0&&TMath::Abs(s.eX-180000)<5000&&TMath::Abs(s.eY-50000)<5000
We have 209186 good couples with selectioneCHI2P<2.0&&s.eW>10&&eN1<=1&&eN2<=1&&s1.eFlag>=0&&s2.eFlag>=0&&TMath::Abs(s.eX-180000)<5000&&TMath::Abs(s.eY-60000)<5000
We have 216626 good couples with selectioneCHI2P<2.0&&s.eW>10&&eN1<=1&&eN2<=1&&s1.eFlag>=0&&s2.eFlag>=0&&TMath::Abs(s.eX-180000)<5000&&TMath::Abs(s.eY-70000)<5000
We have 218986 good couples with selectioneCHI2P<2.0&&s.eW>10&&eN1<=1&&eN2<=1&&s1.eFlag>=0&&s2.eFlag>=0&&TMath::Abs(s.eX-180000)<5000&&TMath::Abs(s.eY-80000)<5000
We have 215519 good couples with selectioneCHI2P<2.0&&s.eW>10&&eN1<=1&&eN2<=1&&s1.eFlag>=0&&s2.eFlag>=0&&TMath::Abs(s.eX-180000)<5000&&TMath::Abs(s.eY-90000)<5000
We have 215224 good couples with selectioneCHI2P<2.0&&s.eW>10&&eN1<=1&&eN2<=1&&s1.eFlag>=0&&s2.eFlag>=0&&TMath::Abs(s.eX-180000)<5000&&TMath::Abs(s.eY-100000)<5000
We have 212315 good couples with selectioneCHI2P<2.0&&s.eW>10&&eN1<=1&&eN2<=1&&s1.eFlag>=0&&s2.eFlag>=0&&TMath::Abs(s.eX-180000)<5000&&TMath::Abs(s.eY-110000)<5000
We have 215460 good couples with selectioneCHI2P<2.0&&s.eW>10&&eN1<=1&&eN2<=1&&s1.eFlag>=0&&s2.eFlag>=0&&TMath::Abs(s.eX-180000)<5000&&TMath::Abs(s.eY-120000)<5000
We have 202886 good couples with selectioneCHI2P<2.0&&s.eW>10&&eN1<=1&&eN2<=1&&s1.eFlag>=0&&s2.eFlag>=0&&TMath::Abs(s.eX-180000)<5000&&TMath::Abs(s.eY-130000)<5000
We have 198825 good couples with selectioneCHI2P<2.0&&s.eW>10&&eN1<=1&&eN2<=1&&s1.eFlag>=0&&s2.eFlag>=0&&TMath::Abs(s.eX-180000)<5000&&TMath::Abs(s.eY-140000)<5000
We have 196130 good couples with selectioneCHI2P<2.0&&s.eW>10&&eN1<=1&&eN2<=1&&s1.eFlag>=0&&s2.eFlag>=0&&TMath::Abs(s.eX-180000)<5000&&TMath::Abs(s.eY-150000)<5000
We have 189292 good couples with selectioneCHI2P<2.0&&s.eW>10&&eN1<=1&&eN2<=1&&s1.eFlag>=0&&s2.eFlag>=0&&TMath::Abs(s.eX-180000)<5000&&TMath::Abs(s.eY-160000)<5000
We have 169173 good couples with selectioneCHI2P<2.0&&s.eW>10&&eN1<=1&&eN2<=1&&s1.eFlag>=0&&s2.eFlag>=0&&TMath::Abs(s.eX-180000)<5000&&TMath::Abs(s.eY-170000)<5000
We have 22437 good couples with selectioneCHI2P<2.0&&s.eW>10&&eN1<=1&&eN2<=1&&s1.eFlag>=0&&s2.eFlag>=0&&TMath::Abs(s.eX-180000)<5000&&TMath::Abs(s.eY-180000)<5000
Start time: 230322
End time: 346
