Set up SND environment
search libraries in slc9_x86-64
merge cells for plate 
Load FEDRA libs

Processing /afs/cern.ch/user/o/onur//emulsion_tasks2/reco_scripts/linking/merge_coupleshistos.C("/eos/experiment/sndlhc/emulsionData/2022/CERN/emu_reco/RUN3/",51,33)...
We have 227764 good couples with selectioneCHI2P<2.0&&s.eW>10&&eN1<=1&&eN2<=1&&s1.eFlag>=0&&s2.eFlag>=0&&TMath::Abs(s.eX-10000)<5000&&TMath::Abs(s.eY-10000)<5000
We have 218520 good couples with selectioneCHI2P<2.0&&s.eW>10&&eN1<=1&&eN2<=1&&s1.eFlag>=0&&s2.eFlag>=0&&TMath::Abs(s.eX-10000)<5000&&TMath::Abs(s.eY-20000)<5000
We have 217783 good couples with selectioneCHI2P<2.0&&s.eW>10&&eN1<=1&&eN2<=1&&s1.eFlag>=0&&s2.eFlag>=0&&TMath::Abs(s.eX-10000)<5000&&TMath::Abs(s.eY-30000)<5000
We have 216468 good couples with selectioneCHI2P<2.0&&s.eW>10&&eN1<=1&&eN2<=1&&s1.eFlag>=0&&s2.eFlag>=0&&TMath::Abs(s.eX-10000)<5000&&TMath::Abs(s.eY-40000)<5000
We have 218083 good couples with selectioneCHI2P<2.0&&s.eW>10&&eN1<=1&&eN2<=1&&s1.eFlag>=0&&s2.eFlag>=0&&TMath::Abs(s.eX-10000)<5000&&TMath::Abs(s.eY-50000)<5000
We have 220003 good couples with selectioneCHI2P<2.0&&s.eW>10&&eN1<=1&&eN2<=1&&s1.eFlag>=0&&s2.eFlag>=0&&TMath::Abs(s.eX-10000)<5000&&TMath::Abs(s.eY-60000)<5000
We have 218460 good couples with selectioneCHI2P<2.0&&s.eW>10&&eN1<=1&&eN2<=1&&s1.eFlag>=0&&s2.eFlag>=0&&TMath::Abs(s.eX-10000)<5000&&TMath::Abs(s.eY-70000)<5000
We have 221552 good couples with selectioneCHI2P<2.0&&s.eW>10&&eN1<=1&&eN2<=1&&s1.eFlag>=0&&s2.eFlag>=0&&TMath::Abs(s.eX-10000)<5000&&TMath::Abs(s.eY-80000)<5000
We have 215822 good couples with selectioneCHI2P<2.0&&s.eW>10&&eN1<=1&&eN2<=1&&s1.eFlag>=0&&s2.eFlag>=0&&TMath::Abs(s.eX-10000)<5000&&TMath::Abs(s.eY-90000)<5000
We have 214020 good couples with selectioneCHI2P<2.0&&s.eW>10&&eN1<=1&&eN2<=1&&s1.eFlag>=0&&s2.eFlag>=0&&TMath::Abs(s.eX-10000)<5000&&TMath::Abs(s.eY-100000)<5000
We have 211986 good couples with selectioneCHI2P<2.0&&s.eW>10&&eN1<=1&&eN2<=1&&s1.eFlag>=0&&s2.eFlag>=0&&TMath::Abs(s.eX-10000)<5000&&TMath::Abs(s.eY-110000)<5000
We have 220248 good couples with selectioneCHI2P<2.0&&s.eW>10&&eN1<=1&&eN2<=1&&s1.eFlag>=0&&s2.eFlag>=0&&TMath::Abs(s.eX-10000)<5000&&TMath::Abs(s.eY-120000)<5000
We have 210470 good couples with selectioneCHI2P<2.0&&s.eW>10&&eN1<=1&&eN2<=1&&s1.eFlag>=0&&s2.eFlag>=0&&TMath::Abs(s.eX-10000)<5000&&TMath::Abs(s.eY-130000)<5000
We have 205793 good couples with selectioneCHI2P<2.0&&s.eW>10&&eN1<=1&&eN2<=1&&s1.eFlag>=0&&s2.eFlag>=0&&TMath::Abs(s.eX-10000)<5000&&TMath::Abs(s.eY-140000)<5000
We have 196005 good couples with selectioneCHI2P<2.0&&s.eW>10&&eN1<=1&&eN2<=1&&s1.eFlag>=0&&s2.eFlag>=0&&TMath::Abs(s.eX-10000)<5000&&TMath::Abs(s.eY-150000)<5000
We have 168929 good couples with selectioneCHI2P<2.0&&s.eW>10&&eN1<=1&&eN2<=1&&s1.eFlag>=0&&s2.eFlag>=0&&TMath::Abs(s.eX-10000)<5000&&TMath::Abs(s.eY-160000)<5000
We have 23790 good couples with selectioneCHI2P<2.0&&s.eW>10&&eN1<=1&&eN2<=1&&s1.eFlag>=0&&s2.eFlag>=0&&TMath::Abs(s.eX-10000)<5000&&TMath::Abs(s.eY-170000)<5000
missiong corrections, skipping cell  017
We have 221618 good couples with selectioneCHI2P<2.0&&s.eW>10&&eN1<=1&&eN2<=1&&s1.eFlag>=0&&s2.eFlag>=0&&TMath::Abs(s.eX-20000)<5000&&TMath::Abs(s.eY-10000)<5000
We have 231121 good couples with selectioneCHI2P<2.0&&s.eW>10&&eN1<=1&&eN2<=1&&s1.eFlag>=0&&s2.eFlag>=0&&TMath::Abs(s.eX-20000)<5000&&TMath::Abs(s.eY-20000)<5000
We have 220735 good couples with selectioneCHI2P<2.0&&s.eW>10&&eN1<=1&&eN2<=1&&s1.eFlag>=0&&s2.eFlag>=0&&TMath::Abs(s.eX-20000)<5000&&TMath::Abs(s.eY-30000)<5000
We have 227871 good couples with selectioneCHI2P<2.0&&s.eW>10&&eN1<=1&&eN2<=1&&s1.eFlag>=0&&s2.eFlag>=0&&TMath::Abs(s.eX-20000)<5000&&TMath::Abs(s.eY-40000)<5000
We have 226580 good couples with selectioneCHI2P<2.0&&s.eW>10&&eN1<=1&&eN2<=1&&s1.eFlag>=0&&s2.eFlag>=0&&TMath::Abs(s.eX-20000)<5000&&TMath::Abs(s.eY-50000)<5000
We have 226309 good couples with selectioneCHI2P<2.0&&s.eW>10&&eN1<=1&&eN2<=1&&s1.eFlag>=0&&s2.eFlag>=0&&TMath::Abs(s.eX-20000)<5000&&TMath::Abs(s.eY-60000)<5000
We have 221076 good couples with selectioneCHI2P<2.0&&s.eW>10&&eN1<=1&&eN2<=1&&s1.eFlag>=0&&s2.eFlag>=0&&TMath::Abs(s.eX-20000)<5000&&TMath::Abs(s.eY-70000)<5000
We have 223994 good couples with selectioneCHI2P<2.0&&s.eW>10&&eN1<=1&&eN2<=1&&s1.eFlag>=0&&s2.eFlag>=0&&TMath::Abs(s.eX-20000)<5000&&TMath::Abs(s.eY-80000)<5000
We have 219408 good couples with selectioneCHI2P<2.0&&s.eW>10&&eN1<=1&&eN2<=1&&s1.eFlag>=0&&s2.eFlag>=0&&TMath::Abs(s.eX-20000)<5000&&TMath::Abs(s.eY-90000)<5000
We have 225112 good couples with selectioneCHI2P<2.0&&s.eW>10&&eN1<=1&&eN2<=1&&s1.eFlag>=0&&s2.eFlag>=0&&TMath::Abs(s.eX-20000)<5000&&TMath::Abs(s.eY-100000)<5000
We have 224113 good couples with selectioneCHI2P<2.0&&s.eW>10&&eN1<=1&&eN2<=1&&s1.eFlag>=0&&s2.eFlag>=0&&TMath::Abs(s.eX-20000)<5000&&TMath::Abs(s.eY-110000)<5000
We have 223249 good couples with selectioneCHI2P<2.0&&s.eW>10&&eN1<=1&&eN2<=1&&s1.eFlag>=0&&s2.eFlag>=0&&TMath::Abs(s.eX-20000)<5000&&TMath::Abs(s.eY-120000)<5000
We have 220351 good couples with selectioneCHI2P<2.0&&s.eW>10&&eN1<=1&&eN2<=1&&s1.eFlag>=0&&s2.eFlag>=0&&TMath::Abs(s.eX-20000)<5000&&TMath::Abs(s.eY-130000)<5000
We have 215461 good couples with selectioneCHI2P<2.0&&s.eW>10&&eN1<=1&&eN2<=1&&s1.eFlag>=0&&s2.eFlag>=0&&TMath::Abs(s.eX-20000)<5000&&TMath::Abs(s.eY-140000)<5000
We have 213007 good couples with selectioneCHI2P<2.0&&s.eW>10&&eN1<=1&&eN2<=1&&s1.eFlag>=0&&s2.eFlag>=0&&TMath::Abs(s.eX-20000)<5000&&TMath::Abs(s.eY-150000)<5000
We have 199324 good couples with selectioneCHI2P<2.0&&s.eW>10&&eN1<=1&&eN2<=1&&s1.eFlag>=0&&s2.eFlag>=0&&TMath::Abs(s.eX-20000)<5000&&TMath::Abs(s.eY-160000)<5000
We have 18933 good couples with selectioneCHI2P<2.0&&s.eW>10&&eN1<=1&&eN2<=1&&s1.eFlag>=0&&s2.eFlag>=0&&TMath::Abs(s.eX-20000)<5000&&TMath::Abs(s.eY-170000)<5000
missiong corrections, skipping cell  117
We have 214511 good couples with selectioneCHI2P<2.0&&s.eW>10&&eN1<=1&&eN2<=1&&s1.eFlag>=0&&s2.eFlag>=0&&TMath::Abs(s.eX-30000)<5000&&TMath::Abs(s.eY-10000)<5000
We have 217262 good couples with selectioneCHI2P<2.0&&s.eW>10&&eN1<=1&&eN2<=1&&s1.eFlag>=0&&s2.eFlag>=0&&TMath::Abs(s.eX-30000)<5000&&TMath::Abs(s.eY-20000)<5000
We have 219495 good couples with selectioneCHI2P<2.0&&s.eW>10&&eN1<=1&&eN2<=1&&s1.eFlag>=0&&s2.eFlag>=0&&TMath::Abs(s.eX-30000)<5000&&TMath::Abs(s.eY-30000)<5000
We have 218790 good couples with selectioneCHI2P<2.0&&s.eW>10&&eN1<=1&&eN2<=1&&s1.eFlag>=0&&s2.eFlag>=0&&TMath::Abs(s.eX-30000)<5000&&TMath::Abs(s.eY-40000)<5000
We have 221726 good couples with selectioneCHI2P<2.0&&s.eW>10&&eN1<=1&&eN2<=1&&s1.eFlag>=0&&s2.eFlag>=0&&TMath::Abs(s.eX-30000)<5000&&TMath::Abs(s.eY-50000)<5000
We have 218817 good couples with selectioneCHI2P<2.0&&s.eW>10&&eN1<=1&&eN2<=1&&s1.eFlag>=0&&s2.eFlag>=0&&TMath::Abs(s.eX-30000)<5000&&TMath::Abs(s.eY-60000)<5000
We have 228529 good couples with selectioneCHI2P<2.0&&s.eW>10&&eN1<=1&&eN2<=1&&s1.eFlag>=0&&s2.eFlag>=0&&TMath::Abs(s.eX-30000)<5000&&TMath::Abs(s.eY-70000)<5000
We have 223605 good couples with selectioneCHI2P<2.0&&s.eW>10&&eN1<=1&&eN2<=1&&s1.eFlag>=0&&s2.eFlag>=0&&TMath::Abs(s.eX-30000)<5000&&TMath::Abs(s.eY-80000)<5000
We have 226339 good couples with selectioneCHI2P<2.0&&s.eW>10&&eN1<=1&&eN2<=1&&s1.eFlag>=0&&s2.eFlag>=0&&TMath::Abs(s.eX-30000)<5000&&TMath::Abs(s.eY-90000)<5000
We have 215640 good couples with selectioneCHI2P<2.0&&s.eW>10&&eN1<=1&&eN2<=1&&s1.eFlag>=0&&s2.eFlag>=0&&TMath::Abs(s.eX-30000)<5000&&TMath::Abs(s.eY-100000)<5000
We have 221578 good couples with selectioneCHI2P<2.0&&s.eW>10&&eN1<=1&&eN2<=1&&s1.eFlag>=0&&s2.eFlag>=0&&TMath::Abs(s.eX-30000)<5000&&TMath::Abs(s.eY-110000)<5000
We have 229436 good couples with selectioneCHI2P<2.0&&s.eW>10&&eN1<=1&&eN2<=1&&s1.eFlag>=0&&s2.eFlag>=0&&TMath::Abs(s.eX-30000)<5000&&TMath::Abs(s.eY-120000)<5000
We have 224343 good couples with selectioneCHI2P<2.0&&s.eW>10&&eN1<=1&&eN2<=1&&s1.eFlag>=0&&s2.eFlag>=0&&TMath::Abs(s.eX-30000)<5000&&TMath::Abs(s.eY-130000)<5000
We have 217515 good couples with selectioneCHI2P<2.0&&s.eW>10&&eN1<=1&&eN2<=1&&s1.eFlag>=0&&s2.eFlag>=0&&TMath::Abs(s.eX-30000)<5000&&TMath::Abs(s.eY-140000)<5000
We have 209805 good couples with selectioneCHI2P<2.0&&s.eW>10&&eN1<=1&&eN2<=1&&s1.eFlag>=0&&s2.eFlag>=0&&TMath::Abs(s.eX-30000)<5000&&TMath::Abs(s.eY-150000)<5000
We have 196991 good couples with selectioneCHI2P<2.0&&s.eW>10&&eN1<=1&&eN2<=1&&s1.eFlag>=0&&s2.eFlag>=0&&TMath::Abs(s.eX-30000)<5000&&TMath::Abs(s.eY-160000)<5000
We have 18518 good couples with selectioneCHI2P<2.0&&s.eW>10&&eN1<=1&&eN2<=1&&s1.eFlag>=0&&s2.eFlag>=0&&TMath::Abs(s.eX-30000)<5000&&TMath::Abs(s.eY-170000)<5000
missiong corrections, skipping cell  217
We have 210805 good couples with selectioneCHI2P<2.0&&s.eW>10&&eN1<=1&&eN2<=1&&s1.eFlag>=0&&s2.eFlag>=0&&TMath::Abs(s.eX-40000)<5000&&TMath::Abs(s.eY-10000)<5000
We have 214626 good couples with selectioneCHI2P<2.0&&s.eW>10&&eN1<=1&&eN2<=1&&s1.eFlag>=0&&s2.eFlag>=0&&TMath::Abs(s.eX-40000)<5000&&TMath::Abs(s.eY-20000)<5000
We have 218184 good couples with selectioneCHI2P<2.0&&s.eW>10&&eN1<=1&&eN2<=1&&s1.eFlag>=0&&s2.eFlag>=0&&TMath::Abs(s.eX-40000)<5000&&TMath::Abs(s.eY-30000)<5000
We have 211289 good couples with selectioneCHI2P<2.0&&s.eW>10&&eN1<=1&&eN2<=1&&s1.eFlag>=0&&s2.eFlag>=0&&TMath::Abs(s.eX-40000)<5000&&TMath::Abs(s.eY-40000)<5000
We have 215656 good couples with selectioneCHI2P<2.0&&s.eW>10&&eN1<=1&&eN2<=1&&s1.eFlag>=0&&s2.eFlag>=0&&TMath::Abs(s.eX-40000)<5000&&TMath::Abs(s.eY-50000)<5000
We have 215999 good couples with selectioneCHI2P<2.0&&s.eW>10&&eN1<=1&&eN2<=1&&s1.eFlag>=0&&s2.eFlag>=0&&TMath::Abs(s.eX-40000)<5000&&TMath::Abs(s.eY-60000)<5000
We have 226506 good couples with selectioneCHI2P<2.0&&s.eW>10&&eN1<=1&&eN2<=1&&s1.eFlag>=0&&s2.eFlag>=0&&TMath::Abs(s.eX-40000)<5000&&TMath::Abs(s.eY-70000)<5000
We have 216564 good couples with selectioneCHI2P<2.0&&s.eW>10&&eN1<=1&&eN2<=1&&s1.eFlag>=0&&s2.eFlag>=0&&TMath::Abs(s.eX-40000)<5000&&TMath::Abs(s.eY-80000)<5000
We have 216864 good couples with selectioneCHI2P<2.0&&s.eW>10&&eN1<=1&&eN2<=1&&s1.eFlag>=0&&s2.eFlag>=0&&TMath::Abs(s.eX-40000)<5000&&TMath::Abs(s.eY-90000)<5000
We have 216106 good couples with selectioneCHI2P<2.0&&s.eW>10&&eN1<=1&&eN2<=1&&s1.eFlag>=0&&s2.eFlag>=0&&TMath::Abs(s.eX-40000)<5000&&TMath::Abs(s.eY-100000)<5000
We have 225728 good couples with selectioneCHI2P<2.0&&s.eW>10&&eN1<=1&&eN2<=1&&s1.eFlag>=0&&s2.eFlag>=0&&TMath::Abs(s.eX-40000)<5000&&TMath::Abs(s.eY-110000)<5000
We have 225697 good couples with selectioneCHI2P<2.0&&s.eW>10&&eN1<=1&&eN2<=1&&s1.eFlag>=0&&s2.eFlag>=0&&TMath::Abs(s.eX-40000)<5000&&TMath::Abs(s.eY-120000)<5000
We have 215979 good couples with selectioneCHI2P<2.0&&s.eW>10&&eN1<=1&&eN2<=1&&s1.eFlag>=0&&s2.eFlag>=0&&TMath::Abs(s.eX-40000)<5000&&TMath::Abs(s.eY-130000)<5000
We have 209424 good couples with selectioneCHI2P<2.0&&s.eW>10&&eN1<=1&&eN2<=1&&s1.eFlag>=0&&s2.eFlag>=0&&TMath::Abs(s.eX-40000)<5000&&TMath::Abs(s.eY-140000)<5000
We have 201505 good couples with selectioneCHI2P<2.0&&s.eW>10&&eN1<=1&&eN2<=1&&s1.eFlag>=0&&s2.eFlag>=0&&TMath::Abs(s.eX-40000)<5000&&TMath::Abs(s.eY-150000)<5000
We have 193666 good couples with selectioneCHI2P<2.0&&s.eW>10&&eN1<=1&&eN2<=1&&s1.eFlag>=0&&s2.eFlag>=0&&TMath::Abs(s.eX-40000)<5000&&TMath::Abs(s.eY-160000)<5000
We have 19615 good couples with selectioneCHI2P<2.0&&s.eW>10&&eN1<=1&&eN2<=1&&s1.eFlag>=0&&s2.eFlag>=0&&TMath::Abs(s.eX-40000)<5000&&TMath::Abs(s.eY-170000)<5000
missiong corrections, skipping cell  317
We have 202639 good couples with selectioneCHI2P<2.0&&s.eW>10&&eN1<=1&&eN2<=1&&s1.eFlag>=0&&s2.eFlag>=0&&TMath::Abs(s.eX-50000)<5000&&TMath::Abs(s.eY-10000)<5000
We have 204165 good couples with selectioneCHI2P<2.0&&s.eW>10&&eN1<=1&&eN2<=1&&s1.eFlag>=0&&s2.eFlag>=0&&TMath::Abs(s.eX-50000)<5000&&TMath::Abs(s.eY-20000)<5000
We have 206756 good couples with selectioneCHI2P<2.0&&s.eW>10&&eN1<=1&&eN2<=1&&s1.eFlag>=0&&s2.eFlag>=0&&TMath::Abs(s.eX-50000)<5000&&TMath::Abs(s.eY-30000)<5000
We have 206997 good couples with selectioneCHI2P<2.0&&s.eW>10&&eN1<=1&&eN2<=1&&s1.eFlag>=0&&s2.eFlag>=0&&TMath::Abs(s.eX-50000)<5000&&TMath::Abs(s.eY-40000)<5000
We have 225344 good couples with selectioneCHI2P<2.0&&s.eW>10&&eN1<=1&&eN2<=1&&s1.eFlag>=0&&s2.eFlag>=0&&TMath::Abs(s.eX-50000)<5000&&TMath::Abs(s.eY-50000)<5000
We have 220007 good couples with selectioneCHI2P<2.0&&s.eW>10&&eN1<=1&&eN2<=1&&s1.eFlag>=0&&s2.eFlag>=0&&TMath::Abs(s.eX-50000)<5000&&TMath::Abs(s.eY-60000)<5000
We have 220148 good couples with selectioneCHI2P<2.0&&s.eW>10&&eN1<=1&&eN2<=1&&s1.eFlag>=0&&s2.eFlag>=0&&TMath::Abs(s.eX-50000)<5000&&TMath::Abs(s.eY-70000)<5000
We have 226659 good couples with selectioneCHI2P<2.0&&s.eW>10&&eN1<=1&&eN2<=1&&s1.eFlag>=0&&s2.eFlag>=0&&TMath::Abs(s.eX-50000)<5000&&TMath::Abs(s.eY-80000)<5000
We have 215678 good couples with selectioneCHI2P<2.0&&s.eW>10&&eN1<=1&&eN2<=1&&s1.eFlag>=0&&s2.eFlag>=0&&TMath::Abs(s.eX-50000)<5000&&TMath::Abs(s.eY-90000)<5000
We have 222567 good couples with selectioneCHI2P<2.0&&s.eW>10&&eN1<=1&&eN2<=1&&s1.eFlag>=0&&s2.eFlag>=0&&TMath::Abs(s.eX-50000)<5000&&TMath::Abs(s.eY-100000)<5000
We have 219645 good couples with selectioneCHI2P<2.0&&s.eW>10&&eN1<=1&&eN2<=1&&s1.eFlag>=0&&s2.eFlag>=0&&TMath::Abs(s.eX-50000)<5000&&TMath::Abs(s.eY-110000)<5000
We have 215366 good couples with selectioneCHI2P<2.0&&s.eW>10&&eN1<=1&&eN2<=1&&s1.eFlag>=0&&s2.eFlag>=0&&TMath::Abs(s.eX-50000)<5000&&TMath::Abs(s.eY-120000)<5000
We have 211100 good couples with selectioneCHI2P<2.0&&s.eW>10&&eN1<=1&&eN2<=1&&s1.eFlag>=0&&s2.eFlag>=0&&TMath::Abs(s.eX-50000)<5000&&TMath::Abs(s.eY-130000)<5000
We have 203693 good couples with selectioneCHI2P<2.0&&s.eW>10&&eN1<=1&&eN2<=1&&s1.eFlag>=0&&s2.eFlag>=0&&TMath::Abs(s.eX-50000)<5000&&TMath::Abs(s.eY-140000)<5000
We have 199969 good couples with selectioneCHI2P<2.0&&s.eW>10&&eN1<=1&&eN2<=1&&s1.eFlag>=0&&s2.eFlag>=0&&TMath::Abs(s.eX-50000)<5000&&TMath::Abs(s.eY-150000)<5000
We have 193344 good couples with selectioneCHI2P<2.0&&s.eW>10&&eN1<=1&&eN2<=1&&s1.eFlag>=0&&s2.eFlag>=0&&TMath::Abs(s.eX-50000)<5000&&TMath::Abs(s.eY-160000)<5000
We have 20995 good couples with selectioneCHI2P<2.0&&s.eW>10&&eN1<=1&&eN2<=1&&s1.eFlag>=0&&s2.eFlag>=0&&TMath::Abs(s.eX-50000)<5000&&TMath::Abs(s.eY-170000)<5000
missiong corrections, skipping cell  417
We have 197128 good couples with selectioneCHI2P<2.0&&s.eW>10&&eN1<=1&&eN2<=1&&s1.eFlag>=0&&s2.eFlag>=0&&TMath::Abs(s.eX-60000)<5000&&TMath::Abs(s.eY-10000)<5000
We have 204550 good couples with selectioneCHI2P<2.0&&s.eW>10&&eN1<=1&&eN2<=1&&s1.eFlag>=0&&s2.eFlag>=0&&TMath::Abs(s.eX-60000)<5000&&TMath::Abs(s.eY-20000)<5000
We have 207057 good couples with selectioneCHI2P<2.0&&s.eW>10&&eN1<=1&&eN2<=1&&s1.eFlag>=0&&s2.eFlag>=0&&TMath::Abs(s.eX-60000)<5000&&TMath::Abs(s.eY-30000)<5000
We have 209427 good couples with selectioneCHI2P<2.0&&s.eW>10&&eN1<=1&&eN2<=1&&s1.eFlag>=0&&s2.eFlag>=0&&TMath::Abs(s.eX-60000)<5000&&TMath::Abs(s.eY-40000)<5000
We have 218238 good couples with selectioneCHI2P<2.0&&s.eW>10&&eN1<=1&&eN2<=1&&s1.eFlag>=0&&s2.eFlag>=0&&TMath::Abs(s.eX-60000)<5000&&TMath::Abs(s.eY-50000)<5000
We have 219947 good couples with selectioneCHI2P<2.0&&s.eW>10&&eN1<=1&&eN2<=1&&s1.eFlag>=0&&s2.eFlag>=0&&TMath::Abs(s.eX-60000)<5000&&TMath::Abs(s.eY-60000)<5000
We have 221639 good couples with selectioneCHI2P<2.0&&s.eW>10&&eN1<=1&&eN2<=1&&s1.eFlag>=0&&s2.eFlag>=0&&TMath::Abs(s.eX-60000)<5000&&TMath::Abs(s.eY-70000)<5000
We have 216264 good couples with selectioneCHI2P<2.0&&s.eW>10&&eN1<=1&&eN2<=1&&s1.eFlag>=0&&s2.eFlag>=0&&TMath::Abs(s.eX-60000)<5000&&TMath::Abs(s.eY-80000)<5000
We have 220609 good couples with selectioneCHI2P<2.0&&s.eW>10&&eN1<=1&&eN2<=1&&s1.eFlag>=0&&s2.eFlag>=0&&TMath::Abs(s.eX-60000)<5000&&TMath::Abs(s.eY-90000)<5000
We have 218749 good couples with selectioneCHI2P<2.0&&s.eW>10&&eN1<=1&&eN2<=1&&s1.eFlag>=0&&s2.eFlag>=0&&TMath::Abs(s.eX-60000)<5000&&TMath::Abs(s.eY-100000)<5000
We have 224872 good couples with selectioneCHI2P<2.0&&s.eW>10&&eN1<=1&&eN2<=1&&s1.eFlag>=0&&s2.eFlag>=0&&TMath::Abs(s.eX-60000)<5000&&TMath::Abs(s.eY-110000)<5000
We have 212704 good couples with selectioneCHI2P<2.0&&s.eW>10&&eN1<=1&&eN2<=1&&s1.eFlag>=0&&s2.eFlag>=0&&TMath::Abs(s.eX-60000)<5000&&TMath::Abs(s.eY-120000)<5000
We have 205456 good couples with selectioneCHI2P<2.0&&s.eW>10&&eN1<=1&&eN2<=1&&s1.eFlag>=0&&s2.eFlag>=0&&TMath::Abs(s.eX-60000)<5000&&TMath::Abs(s.eY-130000)<5000
We have 201999 good couples with selectioneCHI2P<2.0&&s.eW>10&&eN1<=1&&eN2<=1&&s1.eFlag>=0&&s2.eFlag>=0&&TMath::Abs(s.eX-60000)<5000&&TMath::Abs(s.eY-140000)<5000
We have 205431 good couples with selectioneCHI2P<2.0&&s.eW>10&&eN1<=1&&eN2<=1&&s1.eFlag>=0&&s2.eFlag>=0&&TMath::Abs(s.eX-60000)<5000&&TMath::Abs(s.eY-150000)<5000
We have 201046 good couples with selectioneCHI2P<2.0&&s.eW>10&&eN1<=1&&eN2<=1&&s1.eFlag>=0&&s2.eFlag>=0&&TMath::Abs(s.eX-60000)<5000&&TMath::Abs(s.eY-160000)<5000
We have 19722 good couples with selectioneCHI2P<2.0&&s.eW>10&&eN1<=1&&eN2<=1&&s1.eFlag>=0&&s2.eFlag>=0&&TMath::Abs(s.eX-60000)<5000&&TMath::Abs(s.eY-170000)<5000
missiong corrections, skipping cell  517
We have 205081 good couples with selectioneCHI2P<2.0&&s.eW>10&&eN1<=1&&eN2<=1&&s1.eFlag>=0&&s2.eFlag>=0&&TMath::Abs(s.eX-70000)<5000&&TMath::Abs(s.eY-10000)<5000
We have 200964 good couples with selectioneCHI2P<2.0&&s.eW>10&&eN1<=1&&eN2<=1&&s1.eFlag>=0&&s2.eFlag>=0&&TMath::Abs(s.eX-70000)<5000&&TMath::Abs(s.eY-20000)<5000
We have 199393 good couples with selectioneCHI2P<2.0&&s.eW>10&&eN1<=1&&eN2<=1&&s1.eFlag>=0&&s2.eFlag>=0&&TMath::Abs(s.eX-70000)<5000&&TMath::Abs(s.eY-30000)<5000
We have 210273 good couples with selectioneCHI2P<2.0&&s.eW>10&&eN1<=1&&eN2<=1&&s1.eFlag>=0&&s2.eFlag>=0&&TMath::Abs(s.eX-70000)<5000&&TMath::Abs(s.eY-40000)<5000
We have 214317 good couples with selectioneCHI2P<2.0&&s.eW>10&&eN1<=1&&eN2<=1&&s1.eFlag>=0&&s2.eFlag>=0&&TMath::Abs(s.eX-70000)<5000&&TMath::Abs(s.eY-50000)<5000
We have 213514 good couples with selectioneCHI2P<2.0&&s.eW>10&&eN1<=1&&eN2<=1&&s1.eFlag>=0&&s2.eFlag>=0&&TMath::Abs(s.eX-70000)<5000&&TMath::Abs(s.eY-60000)<5000
We have 221445 good couples with selectioneCHI2P<2.0&&s.eW>10&&eN1<=1&&eN2<=1&&s1.eFlag>=0&&s2.eFlag>=0&&TMath::Abs(s.eX-70000)<5000&&TMath::Abs(s.eY-70000)<5000
We have 220739 good couples with selectioneCHI2P<2.0&&s.eW>10&&eN1<=1&&eN2<=1&&s1.eFlag>=0&&s2.eFlag>=0&&TMath::Abs(s.eX-70000)<5000&&TMath::Abs(s.eY-80000)<5000
We have 220607 good couples with selectioneCHI2P<2.0&&s.eW>10&&eN1<=1&&eN2<=1&&s1.eFlag>=0&&s2.eFlag>=0&&TMath::Abs(s.eX-70000)<5000&&TMath::Abs(s.eY-90000)<5000
We have 227375 good couples with selectioneCHI2P<2.0&&s.eW>10&&eN1<=1&&eN2<=1&&s1.eFlag>=0&&s2.eFlag>=0&&TMath::Abs(s.eX-70000)<5000&&TMath::Abs(s.eY-100000)<5000
We have 219237 good couples with selectioneCHI2P<2.0&&s.eW>10&&eN1<=1&&eN2<=1&&s1.eFlag>=0&&s2.eFlag>=0&&TMath::Abs(s.eX-70000)<5000&&TMath::Abs(s.eY-110000)<5000
We have 214210 good couples with selectioneCHI2P<2.0&&s.eW>10&&eN1<=1&&eN2<=1&&s1.eFlag>=0&&s2.eFlag>=0&&TMath::Abs(s.eX-70000)<5000&&TMath::Abs(s.eY-120000)<5000
We have 206629 good couples with selectioneCHI2P<2.0&&s.eW>10&&eN1<=1&&eN2<=1&&s1.eFlag>=0&&s2.eFlag>=0&&TMath::Abs(s.eX-70000)<5000&&TMath::Abs(s.eY-130000)<5000
We have 204042 good couples with selectioneCHI2P<2.0&&s.eW>10&&eN1<=1&&eN2<=1&&s1.eFlag>=0&&s2.eFlag>=0&&TMath::Abs(s.eX-70000)<5000&&TMath::Abs(s.eY-140000)<5000
We have 203200 good couples with selectioneCHI2P<2.0&&s.eW>10&&eN1<=1&&eN2<=1&&s1.eFlag>=0&&s2.eFlag>=0&&TMath::Abs(s.eX-70000)<5000&&TMath::Abs(s.eY-150000)<5000
We have 191827 good couples with selectioneCHI2P<2.0&&s.eW>10&&eN1<=1&&eN2<=1&&s1.eFlag>=0&&s2.eFlag>=0&&TMath::Abs(s.eX-70000)<5000&&TMath::Abs(s.eY-160000)<5000
We have 19107 good couples with selectioneCHI2P<2.0&&s.eW>10&&eN1<=1&&eN2<=1&&s1.eFlag>=0&&s2.eFlag>=0&&TMath::Abs(s.eX-70000)<5000&&TMath::Abs(s.eY-170000)<5000
missiong corrections, skipping cell  617
We have 191488 good couples with selectioneCHI2P<2.0&&s.eW>10&&eN1<=1&&eN2<=1&&s1.eFlag>=0&&s2.eFlag>=0&&TMath::Abs(s.eX-80000)<5000&&TMath::Abs(s.eY-10000)<5000
We have 201592 good couples with selectioneCHI2P<2.0&&s.eW>10&&eN1<=1&&eN2<=1&&s1.eFlag>=0&&s2.eFlag>=0&&TMath::Abs(s.eX-80000)<5000&&TMath::Abs(s.eY-20000)<5000
We have 204031 good couples with selectioneCHI2P<2.0&&s.eW>10&&eN1<=1&&eN2<=1&&s1.eFlag>=0&&s2.eFlag>=0&&TMath::Abs(s.eX-80000)<5000&&TMath::Abs(s.eY-30000)<5000
We have 204715 good couples with selectioneCHI2P<2.0&&s.eW>10&&eN1<=1&&eN2<=1&&s1.eFlag>=0&&s2.eFlag>=0&&TMath::Abs(s.eX-80000)<5000&&TMath::Abs(s.eY-40000)<5000
We have 207815 good couples with selectioneCHI2P<2.0&&s.eW>10&&eN1<=1&&eN2<=1&&s1.eFlag>=0&&s2.eFlag>=0&&TMath::Abs(s.eX-80000)<5000&&TMath::Abs(s.eY-50000)<5000
We have 213396 good couples with selectioneCHI2P<2.0&&s.eW>10&&eN1<=1&&eN2<=1&&s1.eFlag>=0&&s2.eFlag>=0&&TMath::Abs(s.eX-80000)<5000&&TMath::Abs(s.eY-60000)<5000
We have 218502 good couples with selectioneCHI2P<2.0&&s.eW>10&&eN1<=1&&eN2<=1&&s1.eFlag>=0&&s2.eFlag>=0&&TMath::Abs(s.eX-80000)<5000&&TMath::Abs(s.eY-70000)<5000
We have 221791 good couples with selectioneCHI2P<2.0&&s.eW>10&&eN1<=1&&eN2<=1&&s1.eFlag>=0&&s2.eFlag>=0&&TMath::Abs(s.eX-80000)<5000&&TMath::Abs(s.eY-80000)<5000
We have 215074 good couples with selectioneCHI2P<2.0&&s.eW>10&&eN1<=1&&eN2<=1&&s1.eFlag>=0&&s2.eFlag>=0&&TMath::Abs(s.eX-80000)<5000&&TMath::Abs(s.eY-90000)<5000
We have 214404 good couples with selectioneCHI2P<2.0&&s.eW>10&&eN1<=1&&eN2<=1&&s1.eFlag>=0&&s2.eFlag>=0&&TMath::Abs(s.eX-80000)<5000&&TMath::Abs(s.eY-100000)<5000
We have 212886 good couples with selectioneCHI2P<2.0&&s.eW>10&&eN1<=1&&eN2<=1&&s1.eFlag>=0&&s2.eFlag>=0&&TMath::Abs(s.eX-80000)<5000&&TMath::Abs(s.eY-110000)<5000
We have 211471 good couples with selectioneCHI2P<2.0&&s.eW>10&&eN1<=1&&eN2<=1&&s1.eFlag>=0&&s2.eFlag>=0&&TMath::Abs(s.eX-80000)<5000&&TMath::Abs(s.eY-120000)<5000
We have 211921 good couples with selectioneCHI2P<2.0&&s.eW>10&&eN1<=1&&eN2<=1&&s1.eFlag>=0&&s2.eFlag>=0&&TMath::Abs(s.eX-80000)<5000&&TMath::Abs(s.eY-130000)<5000
We have 198823 good couples with selectioneCHI2P<2.0&&s.eW>10&&eN1<=1&&eN2<=1&&s1.eFlag>=0&&s2.eFlag>=0&&TMath::Abs(s.eX-80000)<5000&&TMath::Abs(s.eY-140000)<5000
We have 190734 good couples with selectioneCHI2P<2.0&&s.eW>10&&eN1<=1&&eN2<=1&&s1.eFlag>=0&&s2.eFlag>=0&&TMath::Abs(s.eX-80000)<5000&&TMath::Abs(s.eY-150000)<5000
We have 185421 good couples with selectioneCHI2P<2.0&&s.eW>10&&eN1<=1&&eN2<=1&&s1.eFlag>=0&&s2.eFlag>=0&&TMath::Abs(s.eX-80000)<5000&&TMath::Abs(s.eY-160000)<5000
We have 19416 good couples with selectioneCHI2P<2.0&&s.eW>10&&eN1<=1&&eN2<=1&&s1.eFlag>=0&&s2.eFlag>=0&&TMath::Abs(s.eX-80000)<5000&&TMath::Abs(s.eY-170000)<5000
missiong corrections, skipping cell  717
We have 192071 good couples with selectioneCHI2P<2.0&&s.eW>10&&eN1<=1&&eN2<=1&&s1.eFlag>=0&&s2.eFlag>=0&&TMath::Abs(s.eX-90000)<5000&&TMath::Abs(s.eY-10000)<5000
We have 191892 good couples with selectioneCHI2P<2.0&&s.eW>10&&eN1<=1&&eN2<=1&&s1.eFlag>=0&&s2.eFlag>=0&&TMath::Abs(s.eX-90000)<5000&&TMath::Abs(s.eY-20000)<5000
We have 198164 good couples with selectioneCHI2P<2.0&&s.eW>10&&eN1<=1&&eN2<=1&&s1.eFlag>=0&&s2.eFlag>=0&&TMath::Abs(s.eX-90000)<5000&&TMath::Abs(s.eY-30000)<5000
We have 200574 good couples with selectioneCHI2P<2.0&&s.eW>10&&eN1<=1&&eN2<=1&&s1.eFlag>=0&&s2.eFlag>=0&&TMath::Abs(s.eX-90000)<5000&&TMath::Abs(s.eY-40000)<5000
We have 212940 good couples with selectioneCHI2P<2.0&&s.eW>10&&eN1<=1&&eN2<=1&&s1.eFlag>=0&&s2.eFlag>=0&&TMath::Abs(s.eX-90000)<5000&&TMath::Abs(s.eY-50000)<5000
We have 214555 good couples with selectioneCHI2P<2.0&&s.eW>10&&eN1<=1&&eN2<=1&&s1.eFlag>=0&&s2.eFlag>=0&&TMath::Abs(s.eX-90000)<5000&&TMath::Abs(s.eY-60000)<5000
We have 220455 good couples with selectioneCHI2P<2.0&&s.eW>10&&eN1<=1&&eN2<=1&&s1.eFlag>=0&&s2.eFlag>=0&&TMath::Abs(s.eX-90000)<5000&&TMath::Abs(s.eY-70000)<5000
We have 216921 good couples with selectioneCHI2P<2.0&&s.eW>10&&eN1<=1&&eN2<=1&&s1.eFlag>=0&&s2.eFlag>=0&&TMath::Abs(s.eX-90000)<5000&&TMath::Abs(s.eY-80000)<5000
We have 220749 good couples with selectioneCHI2P<2.0&&s.eW>10&&eN1<=1&&eN2<=1&&s1.eFlag>=0&&s2.eFlag>=0&&TMath::Abs(s.eX-90000)<5000&&TMath::Abs(s.eY-90000)<5000
We have 220111 good couples with selectioneCHI2P<2.0&&s.eW>10&&eN1<=1&&eN2<=1&&s1.eFlag>=0&&s2.eFlag>=0&&TMath::Abs(s.eX-90000)<5000&&TMath::Abs(s.eY-100000)<5000
We have 214168 good couples with selectioneCHI2P<2.0&&s.eW>10&&eN1<=1&&eN2<=1&&s1.eFlag>=0&&s2.eFlag>=0&&TMath::Abs(s.eX-90000)<5000&&TMath::Abs(s.eY-110000)<5000
We have 207978 good couples with selectioneCHI2P<2.0&&s.eW>10&&eN1<=1&&eN2<=1&&s1.eFlag>=0&&s2.eFlag>=0&&TMath::Abs(s.eX-90000)<5000&&TMath::Abs(s.eY-120000)<5000
We have 208043 good couples with selectioneCHI2P<2.0&&s.eW>10&&eN1<=1&&eN2<=1&&s1.eFlag>=0&&s2.eFlag>=0&&TMath::Abs(s.eX-90000)<5000&&TMath::Abs(s.eY-130000)<5000
We have 193763 good couples with selectioneCHI2P<2.0&&s.eW>10&&eN1<=1&&eN2<=1&&s1.eFlag>=0&&s2.eFlag>=0&&TMath::Abs(s.eX-90000)<5000&&TMath::Abs(s.eY-140000)<5000
We have 179360 good couples with selectioneCHI2P<2.0&&s.eW>10&&eN1<=1&&eN2<=1&&s1.eFlag>=0&&s2.eFlag>=0&&TMath::Abs(s.eX-90000)<5000&&TMath::Abs(s.eY-150000)<5000
We have 179118 good couples with selectioneCHI2P<2.0&&s.eW>10&&eN1<=1&&eN2<=1&&s1.eFlag>=0&&s2.eFlag>=0&&TMath::Abs(s.eX-90000)<5000&&TMath::Abs(s.eY-160000)<5000
We have 17338 good couples with selectioneCHI2P<2.0&&s.eW>10&&eN1<=1&&eN2<=1&&s1.eFlag>=0&&s2.eFlag>=0&&TMath::Abs(s.eX-90000)<5000&&TMath::Abs(s.eY-170000)<5000
missiong corrections, skipping cell  817
We have 197992 good couples with selectioneCHI2P<2.0&&s.eW>10&&eN1<=1&&eN2<=1&&s1.eFlag>=0&&s2.eFlag>=0&&TMath::Abs(s.eX-100000)<5000&&TMath::Abs(s.eY-10000)<5000
We have 185824 good couples with selectioneCHI2P<2.0&&s.eW>10&&eN1<=1&&eN2<=1&&s1.eFlag>=0&&s2.eFlag>=0&&TMath::Abs(s.eX-100000)<5000&&TMath::Abs(s.eY-20000)<5000
We have 179491 good couples with selectioneCHI2P<2.0&&s.eW>10&&eN1<=1&&eN2<=1&&s1.eFlag>=0&&s2.eFlag>=0&&TMath::Abs(s.eX-100000)<5000&&TMath::Abs(s.eY-30000)<5000
We have 195240 good couples with selectioneCHI2P<2.0&&s.eW>10&&eN1<=1&&eN2<=1&&s1.eFlag>=0&&s2.eFlag>=0&&TMath::Abs(s.eX-100000)<5000&&TMath::Abs(s.eY-40000)<5000
We have 205430 good couples with selectioneCHI2P<2.0&&s.eW>10&&eN1<=1&&eN2<=1&&s1.eFlag>=0&&s2.eFlag>=0&&TMath::Abs(s.eX-100000)<5000&&TMath::Abs(s.eY-50000)<5000
We have 201558 good couples with selectioneCHI2P<2.0&&s.eW>10&&eN1<=1&&eN2<=1&&s1.eFlag>=0&&s2.eFlag>=0&&TMath::Abs(s.eX-100000)<5000&&TMath::Abs(s.eY-60000)<5000
We have 213332 good couples with selectioneCHI2P<2.0&&s.eW>10&&eN1<=1&&eN2<=1&&s1.eFlag>=0&&s2.eFlag>=0&&TMath::Abs(s.eX-100000)<5000&&TMath::Abs(s.eY-70000)<5000
We have 214357 good couples with selectioneCHI2P<2.0&&s.eW>10&&eN1<=1&&eN2<=1&&s1.eFlag>=0&&s2.eFlag>=0&&TMath::Abs(s.eX-100000)<5000&&TMath::Abs(s.eY-80000)<5000
We have 218669 good couples with selectioneCHI2P<2.0&&s.eW>10&&eN1<=1&&eN2<=1&&s1.eFlag>=0&&s2.eFlag>=0&&TMath::Abs(s.eX-100000)<5000&&TMath::Abs(s.eY-90000)<5000
We have 221457 good couples with selectioneCHI2P<2.0&&s.eW>10&&eN1<=1&&eN2<=1&&s1.eFlag>=0&&s2.eFlag>=0&&TMath::Abs(s.eX-100000)<5000&&TMath::Abs(s.eY-100000)<5000
We have 219394 good couples with selectioneCHI2P<2.0&&s.eW>10&&eN1<=1&&eN2<=1&&s1.eFlag>=0&&s2.eFlag>=0&&TMath::Abs(s.eX-100000)<5000&&TMath::Abs(s.eY-110000)<5000
We have 216503 good couples with selectioneCHI2P<2.0&&s.eW>10&&eN1<=1&&eN2<=1&&s1.eFlag>=0&&s2.eFlag>=0&&TMath::Abs(s.eX-100000)<5000&&TMath::Abs(s.eY-120000)<5000
We have 208961 good couples with selectioneCHI2P<2.0&&s.eW>10&&eN1<=1&&eN2<=1&&s1.eFlag>=0&&s2.eFlag>=0&&TMath::Abs(s.eX-100000)<5000&&TMath::Abs(s.eY-130000)<5000
We have 198606 good couples with selectioneCHI2P<2.0&&s.eW>10&&eN1<=1&&eN2<=1&&s1.eFlag>=0&&s2.eFlag>=0&&TMath::Abs(s.eX-100000)<5000&&TMath::Abs(s.eY-140000)<5000
We have 190977 good couples with selectioneCHI2P<2.0&&s.eW>10&&eN1<=1&&eN2<=1&&s1.eFlag>=0&&s2.eFlag>=0&&TMath::Abs(s.eX-100000)<5000&&TMath::Abs(s.eY-150000)<5000
We have 176707 good couples with selectioneCHI2P<2.0&&s.eW>10&&eN1<=1&&eN2<=1&&s1.eFlag>=0&&s2.eFlag>=0&&TMath::Abs(s.eX-100000)<5000&&TMath::Abs(s.eY-160000)<5000
We have 15682 good couples with selectioneCHI2P<2.0&&s.eW>10&&eN1<=1&&eN2<=1&&s1.eFlag>=0&&s2.eFlag>=0&&TMath::Abs(s.eX-100000)<5000&&TMath::Abs(s.eY-170000)<5000
missiong corrections, skipping cell  917
We have 183908 good couples with selectioneCHI2P<2.0&&s.eW>10&&eN1<=1&&eN2<=1&&s1.eFlag>=0&&s2.eFlag>=0&&TMath::Abs(s.eX-110000)<5000&&TMath::Abs(s.eY-10000)<5000
We have 181987 good couples with selectioneCHI2P<2.0&&s.eW>10&&eN1<=1&&eN2<=1&&s1.eFlag>=0&&s2.eFlag>=0&&TMath::Abs(s.eX-110000)<5000&&TMath::Abs(s.eY-20000)<5000
We have 180452 good couples with selectioneCHI2P<2.0&&s.eW>10&&eN1<=1&&eN2<=1&&s1.eFlag>=0&&s2.eFlag>=0&&TMath::Abs(s.eX-110000)<5000&&TMath::Abs(s.eY-30000)<5000
We have 190083 good couples with selectioneCHI2P<2.0&&s.eW>10&&eN1<=1&&eN2<=1&&s1.eFlag>=0&&s2.eFlag>=0&&TMath::Abs(s.eX-110000)<5000&&TMath::Abs(s.eY-40000)<5000
We have 198163 good couples with selectioneCHI2P<2.0&&s.eW>10&&eN1<=1&&eN2<=1&&s1.eFlag>=0&&s2.eFlag>=0&&TMath::Abs(s.eX-110000)<5000&&TMath::Abs(s.eY-50000)<5000
We have 202700 good couples with selectioneCHI2P<2.0&&s.eW>10&&eN1<=1&&eN2<=1&&s1.eFlag>=0&&s2.eFlag>=0&&TMath::Abs(s.eX-110000)<5000&&TMath::Abs(s.eY-60000)<5000
We have 203064 good couples with selectioneCHI2P<2.0&&s.eW>10&&eN1<=1&&eN2<=1&&s1.eFlag>=0&&s2.eFlag>=0&&TMath::Abs(s.eX-110000)<5000&&TMath::Abs(s.eY-70000)<5000
We have 208000 good couples with selectioneCHI2P<2.0&&s.eW>10&&eN1<=1&&eN2<=1&&s1.eFlag>=0&&s2.eFlag>=0&&TMath::Abs(s.eX-110000)<5000&&TMath::Abs(s.eY-80000)<5000
We have 213594 good couples with selectioneCHI2P<2.0&&s.eW>10&&eN1<=1&&eN2<=1&&s1.eFlag>=0&&s2.eFlag>=0&&TMath::Abs(s.eX-110000)<5000&&TMath::Abs(s.eY-90000)<5000
We have 213631 good couples with selectioneCHI2P<2.0&&s.eW>10&&eN1<=1&&eN2<=1&&s1.eFlag>=0&&s2.eFlag>=0&&TMath::Abs(s.eX-110000)<5000&&TMath::Abs(s.eY-100000)<5000
We have 220320 good couples with selectioneCHI2P<2.0&&s.eW>10&&eN1<=1&&eN2<=1&&s1.eFlag>=0&&s2.eFlag>=0&&TMath::Abs(s.eX-110000)<5000&&TMath::Abs(s.eY-110000)<5000
We have 215243 good couples with selectioneCHI2P<2.0&&s.eW>10&&eN1<=1&&eN2<=1&&s1.eFlag>=0&&s2.eFlag>=0&&TMath::Abs(s.eX-110000)<5000&&TMath::Abs(s.eY-120000)<5000
We have 213669 good couples with selectioneCHI2P<2.0&&s.eW>10&&eN1<=1&&eN2<=1&&s1.eFlag>=0&&s2.eFlag>=0&&TMath::Abs(s.eX-110000)<5000&&TMath::Abs(s.eY-130000)<5000
We have 207135 good couples with selectioneCHI2P<2.0&&s.eW>10&&eN1<=1&&eN2<=1&&s1.eFlag>=0&&s2.eFlag>=0&&TMath::Abs(s.eX-110000)<5000&&TMath::Abs(s.eY-140000)<5000
We have 131095 good couples with selectioneCHI2P<2.0&&s.eW>10&&eN1<=1&&eN2<=1&&s1.eFlag>=0&&s2.eFlag>=0&&TMath::Abs(s.eX-110000)<5000&&TMath::Abs(s.eY-150000)<5000
We have 180949 good couples with selectioneCHI2P<2.0&&s.eW>10&&eN1<=1&&eN2<=1&&s1.eFlag>=0&&s2.eFlag>=0&&TMath::Abs(s.eX-110000)<5000&&TMath::Abs(s.eY-160000)<5000
We have 14751 good couples with selectioneCHI2P<2.0&&s.eW>10&&eN1<=1&&eN2<=1&&s1.eFlag>=0&&s2.eFlag>=0&&TMath::Abs(s.eX-110000)<5000&&TMath::Abs(s.eY-170000)<5000
missiong corrections, skipping cell  1017
We have 195463 good couples with selectioneCHI2P<2.0&&s.eW>10&&eN1<=1&&eN2<=1&&s1.eFlag>=0&&s2.eFlag>=0&&TMath::Abs(s.eX-120000)<5000&&TMath::Abs(s.eY-10000)<5000
We have 179674 good couples with selectioneCHI2P<2.0&&s.eW>10&&eN1<=1&&eN2<=1&&s1.eFlag>=0&&s2.eFlag>=0&&TMath::Abs(s.eX-120000)<5000&&TMath::Abs(s.eY-20000)<5000
We have 171437 good couples with selectioneCHI2P<2.0&&s.eW>10&&eN1<=1&&eN2<=1&&s1.eFlag>=0&&s2.eFlag>=0&&TMath::Abs(s.eX-120000)<5000&&TMath::Abs(s.eY-30000)<5000
We have 178113 good couples with selectioneCHI2P<2.0&&s.eW>10&&eN1<=1&&eN2<=1&&s1.eFlag>=0&&s2.eFlag>=0&&TMath::Abs(s.eX-120000)<5000&&TMath::Abs(s.eY-40000)<5000
We have 191908 good couples with selectioneCHI2P<2.0&&s.eW>10&&eN1<=1&&eN2<=1&&s1.eFlag>=0&&s2.eFlag>=0&&TMath::Abs(s.eX-120000)<5000&&TMath::Abs(s.eY-50000)<5000
We have 193831 good couples with selectioneCHI2P<2.0&&s.eW>10&&eN1<=1&&eN2<=1&&s1.eFlag>=0&&s2.eFlag>=0&&TMath::Abs(s.eX-120000)<5000&&TMath::Abs(s.eY-60000)<5000
We have 210187 good couples with selectioneCHI2P<2.0&&s.eW>10&&eN1<=1&&eN2<=1&&s1.eFlag>=0&&s2.eFlag>=0&&TMath::Abs(s.eX-120000)<5000&&TMath::Abs(s.eY-70000)<5000
We have 208805 good couples with selectioneCHI2P<2.0&&s.eW>10&&eN1<=1&&eN2<=1&&s1.eFlag>=0&&s2.eFlag>=0&&TMath::Abs(s.eX-120000)<5000&&TMath::Abs(s.eY-80000)<5000
We have 214308 good couples with selectioneCHI2P<2.0&&s.eW>10&&eN1<=1&&eN2<=1&&s1.eFlag>=0&&s2.eFlag>=0&&TMath::Abs(s.eX-120000)<5000&&TMath::Abs(s.eY-90000)<5000
We have 217758 good couples with selectioneCHI2P<2.0&&s.eW>10&&eN1<=1&&eN2<=1&&s1.eFlag>=0&&s2.eFlag>=0&&TMath::Abs(s.eX-120000)<5000&&TMath::Abs(s.eY-100000)<5000
We have 221574 good couples with selectioneCHI2P<2.0&&s.eW>10&&eN1<=1&&eN2<=1&&s1.eFlag>=0&&s2.eFlag>=0&&TMath::Abs(s.eX-120000)<5000&&TMath::Abs(s.eY-110000)<5000
We have 209108 good couples with selectioneCHI2P<2.0&&s.eW>10&&eN1<=1&&eN2<=1&&s1.eFlag>=0&&s2.eFlag>=0&&TMath::Abs(s.eX-120000)<5000&&TMath::Abs(s.eY-120000)<5000
We have 203682 good couples with selectioneCHI2P<2.0&&s.eW>10&&eN1<=1&&eN2<=1&&s1.eFlag>=0&&s2.eFlag>=0&&TMath::Abs(s.eX-120000)<5000&&TMath::Abs(s.eY-130000)<5000
We have 196488 good couples with selectioneCHI2P<2.0&&s.eW>10&&eN1<=1&&eN2<=1&&s1.eFlag>=0&&s2.eFlag>=0&&TMath::Abs(s.eX-120000)<5000&&TMath::Abs(s.eY-140000)<5000
We have 81374 good couples with selectioneCHI2P<2.0&&s.eW>10&&eN1<=1&&eN2<=1&&s1.eFlag>=0&&s2.eFlag>=0&&TMath::Abs(s.eX-120000)<5000&&TMath::Abs(s.eY-150000)<5000
We have 160929 good couples with selectioneCHI2P<2.0&&s.eW>10&&eN1<=1&&eN2<=1&&s1.eFlag>=0&&s2.eFlag>=0&&TMath::Abs(s.eX-120000)<5000&&TMath::Abs(s.eY-160000)<5000
We have 11429 good couples with selectioneCHI2P<2.0&&s.eW>10&&eN1<=1&&eN2<=1&&s1.eFlag>=0&&s2.eFlag>=0&&TMath::Abs(s.eX-120000)<5000&&TMath::Abs(s.eY-170000)<5000
missiong corrections, skipping cell  1117
We have 191879 good couples with selectioneCHI2P<2.0&&s.eW>10&&eN1<=1&&eN2<=1&&s1.eFlag>=0&&s2.eFlag>=0&&TMath::Abs(s.eX-130000)<5000&&TMath::Abs(s.eY-10000)<5000
We have 189075 good couples with selectioneCHI2P<2.0&&s.eW>10&&eN1<=1&&eN2<=1&&s1.eFlag>=0&&s2.eFlag>=0&&TMath::Abs(s.eX-130000)<5000&&TMath::Abs(s.eY-20000)<5000
We have 181301 good couples with selectioneCHI2P<2.0&&s.eW>10&&eN1<=1&&eN2<=1&&s1.eFlag>=0&&s2.eFlag>=0&&TMath::Abs(s.eX-130000)<5000&&TMath::Abs(s.eY-30000)<5000
We have 181584 good couples with selectioneCHI2P<2.0&&s.eW>10&&eN1<=1&&eN2<=1&&s1.eFlag>=0&&s2.eFlag>=0&&TMath::Abs(s.eX-130000)<5000&&TMath::Abs(s.eY-40000)<5000
We have 187141 good couples with selectioneCHI2P<2.0&&s.eW>10&&eN1<=1&&eN2<=1&&s1.eFlag>=0&&s2.eFlag>=0&&TMath::Abs(s.eX-130000)<5000&&TMath::Abs(s.eY-50000)<5000
We have 194408 good couples with selectioneCHI2P<2.0&&s.eW>10&&eN1<=1&&eN2<=1&&s1.eFlag>=0&&s2.eFlag>=0&&TMath::Abs(s.eX-130000)<5000&&TMath::Abs(s.eY-60000)<5000
We have 202090 good couples with selectioneCHI2P<2.0&&s.eW>10&&eN1<=1&&eN2<=1&&s1.eFlag>=0&&s2.eFlag>=0&&TMath::Abs(s.eX-130000)<5000&&TMath::Abs(s.eY-70000)<5000
We have 209313 good couples with selectioneCHI2P<2.0&&s.eW>10&&eN1<=1&&eN2<=1&&s1.eFlag>=0&&s2.eFlag>=0&&TMath::Abs(s.eX-130000)<5000&&TMath::Abs(s.eY-80000)<5000
We have 213902 good couples with selectioneCHI2P<2.0&&s.eW>10&&eN1<=1&&eN2<=1&&s1.eFlag>=0&&s2.eFlag>=0&&TMath::Abs(s.eX-130000)<5000&&TMath::Abs(s.eY-90000)<5000
We have 207700 good couples with selectioneCHI2P<2.0&&s.eW>10&&eN1<=1&&eN2<=1&&s1.eFlag>=0&&s2.eFlag>=0&&TMath::Abs(s.eX-130000)<5000&&TMath::Abs(s.eY-100000)<5000
We have 215504 good couples with selectioneCHI2P<2.0&&s.eW>10&&eN1<=1&&eN2<=1&&s1.eFlag>=0&&s2.eFlag>=0&&TMath::Abs(s.eX-130000)<5000&&TMath::Abs(s.eY-110000)<5000
We have 205775 good couples with selectioneCHI2P<2.0&&s.eW>10&&eN1<=1&&eN2<=1&&s1.eFlag>=0&&s2.eFlag>=0&&TMath::Abs(s.eX-130000)<5000&&TMath::Abs(s.eY-120000)<5000
We have 201031 good couples with selectioneCHI2P<2.0&&s.eW>10&&eN1<=1&&eN2<=1&&s1.eFlag>=0&&s2.eFlag>=0&&TMath::Abs(s.eX-130000)<5000&&TMath::Abs(s.eY-130000)<5000
We have 186752 good couples with selectioneCHI2P<2.0&&s.eW>10&&eN1<=1&&eN2<=1&&s1.eFlag>=0&&s2.eFlag>=0&&TMath::Abs(s.eX-130000)<5000&&TMath::Abs(s.eY-140000)<5000
We have 161470 good couples with selectioneCHI2P<2.0&&s.eW>10&&eN1<=1&&eN2<=1&&s1.eFlag>=0&&s2.eFlag>=0&&TMath::Abs(s.eX-130000)<5000&&TMath::Abs(s.eY-150000)<5000
We have 152063 good couples with selectioneCHI2P<2.0&&s.eW>10&&eN1<=1&&eN2<=1&&s1.eFlag>=0&&s2.eFlag>=0&&TMath::Abs(s.eX-130000)<5000&&TMath::Abs(s.eY-160000)<5000
We have 11713 good couples with selectioneCHI2P<2.0&&s.eW>10&&eN1<=1&&eN2<=1&&s1.eFlag>=0&&s2.eFlag>=0&&TMath::Abs(s.eX-130000)<5000&&TMath::Abs(s.eY-170000)<5000
missiong corrections, skipping cell  1217
We have 192895 good couples with selectioneCHI2P<2.0&&s.eW>10&&eN1<=1&&eN2<=1&&s1.eFlag>=0&&s2.eFlag>=0&&TMath::Abs(s.eX-140000)<5000&&TMath::Abs(s.eY-10000)<5000
We have 189010 good couples with selectioneCHI2P<2.0&&s.eW>10&&eN1<=1&&eN2<=1&&s1.eFlag>=0&&s2.eFlag>=0&&TMath::Abs(s.eX-140000)<5000&&TMath::Abs(s.eY-20000)<5000
We have 192038 good couples with selectioneCHI2P<2.0&&s.eW>10&&eN1<=1&&eN2<=1&&s1.eFlag>=0&&s2.eFlag>=0&&TMath::Abs(s.eX-140000)<5000&&TMath::Abs(s.eY-30000)<5000
We have 188461 good couples with selectioneCHI2P<2.0&&s.eW>10&&eN1<=1&&eN2<=1&&s1.eFlag>=0&&s2.eFlag>=0&&TMath::Abs(s.eX-140000)<5000&&TMath::Abs(s.eY-40000)<5000
We have 194718 good couples with selectioneCHI2P<2.0&&s.eW>10&&eN1<=1&&eN2<=1&&s1.eFlag>=0&&s2.eFlag>=0&&TMath::Abs(s.eX-140000)<5000&&TMath::Abs(s.eY-50000)<5000
We have 195365 good couples with selectioneCHI2P<2.0&&s.eW>10&&eN1<=1&&eN2<=1&&s1.eFlag>=0&&s2.eFlag>=0&&TMath::Abs(s.eX-140000)<5000&&TMath::Abs(s.eY-60000)<5000
We have 201899 good couples with selectioneCHI2P<2.0&&s.eW>10&&eN1<=1&&eN2<=1&&s1.eFlag>=0&&s2.eFlag>=0&&TMath::Abs(s.eX-140000)<5000&&TMath::Abs(s.eY-70000)<5000
We have 198401 good couples with selectioneCHI2P<2.0&&s.eW>10&&eN1<=1&&eN2<=1&&s1.eFlag>=0&&s2.eFlag>=0&&TMath::Abs(s.eX-140000)<5000&&TMath::Abs(s.eY-80000)<5000
We have 210213 good couples with selectioneCHI2P<2.0&&s.eW>10&&eN1<=1&&eN2<=1&&s1.eFlag>=0&&s2.eFlag>=0&&TMath::Abs(s.eX-140000)<5000&&TMath::Abs(s.eY-90000)<5000
We have 204966 good couples with selectioneCHI2P<2.0&&s.eW>10&&eN1<=1&&eN2<=1&&s1.eFlag>=0&&s2.eFlag>=0&&TMath::Abs(s.eX-140000)<5000&&TMath::Abs(s.eY-100000)<5000
We have 207245 good couples with selectioneCHI2P<2.0&&s.eW>10&&eN1<=1&&eN2<=1&&s1.eFlag>=0&&s2.eFlag>=0&&TMath::Abs(s.eX-140000)<5000&&TMath::Abs(s.eY-110000)<5000
We have 202717 good couples with selectioneCHI2P<2.0&&s.eW>10&&eN1<=1&&eN2<=1&&s1.eFlag>=0&&s2.eFlag>=0&&TMath::Abs(s.eX-140000)<5000&&TMath::Abs(s.eY-120000)<5000
We have 195738 good couples with selectioneCHI2P<2.0&&s.eW>10&&eN1<=1&&eN2<=1&&s1.eFlag>=0&&s2.eFlag>=0&&TMath::Abs(s.eX-140000)<5000&&TMath::Abs(s.eY-130000)<5000
We have 185179 good couples with selectioneCHI2P<2.0&&s.eW>10&&eN1<=1&&eN2<=1&&s1.eFlag>=0&&s2.eFlag>=0&&TMath::Abs(s.eX-140000)<5000&&TMath::Abs(s.eY-140000)<5000
We have 167837 good couples with selectioneCHI2P<2.0&&s.eW>10&&eN1<=1&&eN2<=1&&s1.eFlag>=0&&s2.eFlag>=0&&TMath::Abs(s.eX-140000)<5000&&TMath::Abs(s.eY-150000)<5000
We have 147746 good couples with selectioneCHI2P<2.0&&s.eW>10&&eN1<=1&&eN2<=1&&s1.eFlag>=0&&s2.eFlag>=0&&TMath::Abs(s.eX-140000)<5000&&TMath::Abs(s.eY-160000)<5000
We have 10520 good couples with selectioneCHI2P<2.0&&s.eW>10&&eN1<=1&&eN2<=1&&s1.eFlag>=0&&s2.eFlag>=0&&TMath::Abs(s.eX-140000)<5000&&TMath::Abs(s.eY-170000)<5000
missiong corrections, skipping cell  1317
We have 180846 good couples with selectioneCHI2P<2.0&&s.eW>10&&eN1<=1&&eN2<=1&&s1.eFlag>=0&&s2.eFlag>=0&&TMath::Abs(s.eX-150000)<5000&&TMath::Abs(s.eY-10000)<5000
We have 187790 good couples with selectioneCHI2P<2.0&&s.eW>10&&eN1<=1&&eN2<=1&&s1.eFlag>=0&&s2.eFlag>=0&&TMath::Abs(s.eX-150000)<5000&&TMath::Abs(s.eY-20000)<5000
We have 187154 good couples with selectioneCHI2P<2.0&&s.eW>10&&eN1<=1&&eN2<=1&&s1.eFlag>=0&&s2.eFlag>=0&&TMath::Abs(s.eX-150000)<5000&&TMath::Abs(s.eY-30000)<5000
We have 190473 good couples with selectioneCHI2P<2.0&&s.eW>10&&eN1<=1&&eN2<=1&&s1.eFlag>=0&&s2.eFlag>=0&&TMath::Abs(s.eX-150000)<5000&&TMath::Abs(s.eY-40000)<5000
We have 196746 good couples with selectioneCHI2P<2.0&&s.eW>10&&eN1<=1&&eN2<=1&&s1.eFlag>=0&&s2.eFlag>=0&&TMath::Abs(s.eX-150000)<5000&&TMath::Abs(s.eY-50000)<5000
We have 197627 good couples with selectioneCHI2P<2.0&&s.eW>10&&eN1<=1&&eN2<=1&&s1.eFlag>=0&&s2.eFlag>=0&&TMath::Abs(s.eX-150000)<5000&&TMath::Abs(s.eY-60000)<5000
We have 200082 good couples with selectioneCHI2P<2.0&&s.eW>10&&eN1<=1&&eN2<=1&&s1.eFlag>=0&&s2.eFlag>=0&&TMath::Abs(s.eX-150000)<5000&&TMath::Abs(s.eY-70000)<5000
We have 191649 good couples with selectioneCHI2P<2.0&&s.eW>10&&eN1<=1&&eN2<=1&&s1.eFlag>=0&&s2.eFlag>=0&&TMath::Abs(s.eX-150000)<5000&&TMath::Abs(s.eY-80000)<5000
We have 195433 good couples with selectioneCHI2P<2.0&&s.eW>10&&eN1<=1&&eN2<=1&&s1.eFlag>=0&&s2.eFlag>=0&&TMath::Abs(s.eX-150000)<5000&&TMath::Abs(s.eY-90000)<5000
We have 201724 good couples with selectioneCHI2P<2.0&&s.eW>10&&eN1<=1&&eN2<=1&&s1.eFlag>=0&&s2.eFlag>=0&&TMath::Abs(s.eX-150000)<5000&&TMath::Abs(s.eY-100000)<5000
We have 201441 good couples with selectioneCHI2P<2.0&&s.eW>10&&eN1<=1&&eN2<=1&&s1.eFlag>=0&&s2.eFlag>=0&&TMath::Abs(s.eX-150000)<5000&&TMath::Abs(s.eY-110000)<5000
We have 197959 good couples with selectioneCHI2P<2.0&&s.eW>10&&eN1<=1&&eN2<=1&&s1.eFlag>=0&&s2.eFlag>=0&&TMath::Abs(s.eX-150000)<5000&&TMath::Abs(s.eY-120000)<5000
We have 189532 good couples with selectioneCHI2P<2.0&&s.eW>10&&eN1<=1&&eN2<=1&&s1.eFlag>=0&&s2.eFlag>=0&&TMath::Abs(s.eX-150000)<5000&&TMath::Abs(s.eY-130000)<5000
We have 177704 good couples with selectioneCHI2P<2.0&&s.eW>10&&eN1<=1&&eN2<=1&&s1.eFlag>=0&&s2.eFlag>=0&&TMath::Abs(s.eX-150000)<5000&&TMath::Abs(s.eY-140000)<5000
We have 164110 good couples with selectioneCHI2P<2.0&&s.eW>10&&eN1<=1&&eN2<=1&&s1.eFlag>=0&&s2.eFlag>=0&&TMath::Abs(s.eX-150000)<5000&&TMath::Abs(s.eY-150000)<5000
We have 139929 good couples with selectioneCHI2P<2.0&&s.eW>10&&eN1<=1&&eN2<=1&&s1.eFlag>=0&&s2.eFlag>=0&&TMath::Abs(s.eX-150000)<5000&&TMath::Abs(s.eY-160000)<5000
We have 11460 good couples with selectioneCHI2P<2.0&&s.eW>10&&eN1<=1&&eN2<=1&&s1.eFlag>=0&&s2.eFlag>=0&&TMath::Abs(s.eX-150000)<5000&&TMath::Abs(s.eY-170000)<5000
missiong corrections, skipping cell  1417
We have 196497 good couples with selectioneCHI2P<2.0&&s.eW>10&&eN1<=1&&eN2<=1&&s1.eFlag>=0&&s2.eFlag>=0&&TMath::Abs(s.eX-160000)<5000&&TMath::Abs(s.eY-10000)<5000
We have 196722 good couples with selectioneCHI2P<2.0&&s.eW>10&&eN1<=1&&eN2<=1&&s1.eFlag>=0&&s2.eFlag>=0&&TMath::Abs(s.eX-160000)<5000&&TMath::Abs(s.eY-20000)<5000
We have 199746 good couples with selectioneCHI2P<2.0&&s.eW>10&&eN1<=1&&eN2<=1&&s1.eFlag>=0&&s2.eFlag>=0&&TMath::Abs(s.eX-160000)<5000&&TMath::Abs(s.eY-30000)<5000
We have 199933 good couples with selectioneCHI2P<2.0&&s.eW>10&&eN1<=1&&eN2<=1&&s1.eFlag>=0&&s2.eFlag>=0&&TMath::Abs(s.eX-160000)<5000&&TMath::Abs(s.eY-40000)<5000
We have 203101 good couples with selectioneCHI2P<2.0&&s.eW>10&&eN1<=1&&eN2<=1&&s1.eFlag>=0&&s2.eFlag>=0&&TMath::Abs(s.eX-160000)<5000&&TMath::Abs(s.eY-50000)<5000
We have 205615 good couples with selectioneCHI2P<2.0&&s.eW>10&&eN1<=1&&eN2<=1&&s1.eFlag>=0&&s2.eFlag>=0&&TMath::Abs(s.eX-160000)<5000&&TMath::Abs(s.eY-60000)<5000
We have 205128 good couples with selectioneCHI2P<2.0&&s.eW>10&&eN1<=1&&eN2<=1&&s1.eFlag>=0&&s2.eFlag>=0&&TMath::Abs(s.eX-160000)<5000&&TMath::Abs(s.eY-70000)<5000
We have 207283 good couples with selectioneCHI2P<2.0&&s.eW>10&&eN1<=1&&eN2<=1&&s1.eFlag>=0&&s2.eFlag>=0&&TMath::Abs(s.eX-160000)<5000&&TMath::Abs(s.eY-80000)<5000
We have 192812 good couples with selectioneCHI2P<2.0&&s.eW>10&&eN1<=1&&eN2<=1&&s1.eFlag>=0&&s2.eFlag>=0&&TMath::Abs(s.eX-160000)<5000&&TMath::Abs(s.eY-90000)<5000
We have 200313 good couples with selectioneCHI2P<2.0&&s.eW>10&&eN1<=1&&eN2<=1&&s1.eFlag>=0&&s2.eFlag>=0&&TMath::Abs(s.eX-160000)<5000&&TMath::Abs(s.eY-100000)<5000
We have 204645 good couples with selectioneCHI2P<2.0&&s.eW>10&&eN1<=1&&eN2<=1&&s1.eFlag>=0&&s2.eFlag>=0&&TMath::Abs(s.eX-160000)<5000&&TMath::Abs(s.eY-110000)<5000
We have 205288 good couples with selectioneCHI2P<2.0&&s.eW>10&&eN1<=1&&eN2<=1&&s1.eFlag>=0&&s2.eFlag>=0&&TMath::Abs(s.eX-160000)<5000&&TMath::Abs(s.eY-120000)<5000
We have 191557 good couples with selectioneCHI2P<2.0&&s.eW>10&&eN1<=1&&eN2<=1&&s1.eFlag>=0&&s2.eFlag>=0&&TMath::Abs(s.eX-160000)<5000&&TMath::Abs(s.eY-130000)<5000
We have 183244 good couples with selectioneCHI2P<2.0&&s.eW>10&&eN1<=1&&eN2<=1&&s1.eFlag>=0&&s2.eFlag>=0&&TMath::Abs(s.eX-160000)<5000&&TMath::Abs(s.eY-140000)<5000
We have 32784 good couples with selectioneCHI2P<2.0&&s.eW>10&&eN1<=1&&eN2<=1&&s1.eFlag>=0&&s2.eFlag>=0&&TMath::Abs(s.eX-160000)<5000&&TMath::Abs(s.eY-150000)<5000
We have 140150 good couples with selectioneCHI2P<2.0&&s.eW>10&&eN1<=1&&eN2<=1&&s1.eFlag>=0&&s2.eFlag>=0&&TMath::Abs(s.eX-160000)<5000&&TMath::Abs(s.eY-160000)<5000
We have 10563 good couples with selectioneCHI2P<2.0&&s.eW>10&&eN1<=1&&eN2<=1&&s1.eFlag>=0&&s2.eFlag>=0&&TMath::Abs(s.eX-160000)<5000&&TMath::Abs(s.eY-170000)<5000
missiong corrections, skipping cell  1517
We have 201310 good couples with selectioneCHI2P<2.0&&s.eW>10&&eN1<=1&&eN2<=1&&s1.eFlag>=0&&s2.eFlag>=0&&TMath::Abs(s.eX-170000)<5000&&TMath::Abs(s.eY-10000)<5000
We have 214978 good couples with selectioneCHI2P<2.0&&s.eW>10&&eN1<=1&&eN2<=1&&s1.eFlag>=0&&s2.eFlag>=0&&TMath::Abs(s.eX-170000)<5000&&TMath::Abs(s.eY-20000)<5000
We have 207833 good couples with selectioneCHI2P<2.0&&s.eW>10&&eN1<=1&&eN2<=1&&s1.eFlag>=0&&s2.eFlag>=0&&TMath::Abs(s.eX-170000)<5000&&TMath::Abs(s.eY-30000)<5000
We have 209144 good couples with selectioneCHI2P<2.0&&s.eW>10&&eN1<=1&&eN2<=1&&s1.eFlag>=0&&s2.eFlag>=0&&TMath::Abs(s.eX-170000)<5000&&TMath::Abs(s.eY-40000)<5000
We have 207189 good couples with selectioneCHI2P<2.0&&s.eW>10&&eN1<=1&&eN2<=1&&s1.eFlag>=0&&s2.eFlag>=0&&TMath::Abs(s.eX-170000)<5000&&TMath::Abs(s.eY-50000)<5000
We have 205376 good couples with selectioneCHI2P<2.0&&s.eW>10&&eN1<=1&&eN2<=1&&s1.eFlag>=0&&s2.eFlag>=0&&TMath::Abs(s.eX-170000)<5000&&TMath::Abs(s.eY-60000)<5000
We have 207430 good couples with selectioneCHI2P<2.0&&s.eW>10&&eN1<=1&&eN2<=1&&s1.eFlag>=0&&s2.eFlag>=0&&TMath::Abs(s.eX-170000)<5000&&TMath::Abs(s.eY-70000)<5000
We have 208851 good couples with selectioneCHI2P<2.0&&s.eW>10&&eN1<=1&&eN2<=1&&s1.eFlag>=0&&s2.eFlag>=0&&TMath::Abs(s.eX-170000)<5000&&TMath::Abs(s.eY-80000)<5000
We have 209268 good couples with selectioneCHI2P<2.0&&s.eW>10&&eN1<=1&&eN2<=1&&s1.eFlag>=0&&s2.eFlag>=0&&TMath::Abs(s.eX-170000)<5000&&TMath::Abs(s.eY-90000)<5000
We have 213293 good couples with selectioneCHI2P<2.0&&s.eW>10&&eN1<=1&&eN2<=1&&s1.eFlag>=0&&s2.eFlag>=0&&TMath::Abs(s.eX-170000)<5000&&TMath::Abs(s.eY-100000)<5000
We have 210786 good couples with selectioneCHI2P<2.0&&s.eW>10&&eN1<=1&&eN2<=1&&s1.eFlag>=0&&s2.eFlag>=0&&TMath::Abs(s.eX-170000)<5000&&TMath::Abs(s.eY-110000)<5000
We have 202517 good couples with selectioneCHI2P<2.0&&s.eW>10&&eN1<=1&&eN2<=1&&s1.eFlag>=0&&s2.eFlag>=0&&TMath::Abs(s.eX-170000)<5000&&TMath::Abs(s.eY-120000)<5000
We have 202807 good couples with selectioneCHI2P<2.0&&s.eW>10&&eN1<=1&&eN2<=1&&s1.eFlag>=0&&s2.eFlag>=0&&TMath::Abs(s.eX-170000)<5000&&TMath::Abs(s.eY-130000)<5000
We have 186135 good couples with selectioneCHI2P<2.0&&s.eW>10&&eN1<=1&&eN2<=1&&s1.eFlag>=0&&s2.eFlag>=0&&TMath::Abs(s.eX-170000)<5000&&TMath::Abs(s.eY-140000)<5000
We have 33366 good couples with selectioneCHI2P<2.0&&s.eW>10&&eN1<=1&&eN2<=1&&s1.eFlag>=0&&s2.eFlag>=0&&TMath::Abs(s.eX-170000)<5000&&TMath::Abs(s.eY-150000)<5000
We have 30471 good couples with selectioneCHI2P<2.0&&s.eW>10&&eN1<=1&&eN2<=1&&s1.eFlag>=0&&s2.eFlag>=0&&TMath::Abs(s.eX-170000)<5000&&TMath::Abs(s.eY-160000)<5000
We have 9173 good couples with selectioneCHI2P<2.0&&s.eW>10&&eN1<=1&&eN2<=1&&s1.eFlag>=0&&s2.eFlag>=0&&TMath::Abs(s.eX-170000)<5000&&TMath::Abs(s.eY-170000)<5000
missiong corrections, skipping cell  1617
We have 200023 good couples with selectioneCHI2P<2.0&&s.eW>10&&eN1<=1&&eN2<=1&&s1.eFlag>=0&&s2.eFlag>=0&&TMath::Abs(s.eX-180000)<5000&&TMath::Abs(s.eY-10000)<5000
We have 200060 good couples with selectioneCHI2P<2.0&&s.eW>10&&eN1<=1&&eN2<=1&&s1.eFlag>=0&&s2.eFlag>=0&&TMath::Abs(s.eX-180000)<5000&&TMath::Abs(s.eY-20000)<5000
We have 216820 good couples with selectioneCHI2P<2.0&&s.eW>10&&eN1<=1&&eN2<=1&&s1.eFlag>=0&&s2.eFlag>=0&&TMath::Abs(s.eX-180000)<5000&&TMath::Abs(s.eY-30000)<5000
We have 217876 good couples with selectioneCHI2P<2.0&&s.eW>10&&eN1<=1&&eN2<=1&&s1.eFlag>=0&&s2.eFlag>=0&&TMath::Abs(s.eX-180000)<5000&&TMath::Abs(s.eY-40000)<5000
We have 209252 good couples with selectioneCHI2P<2.0&&s.eW>10&&eN1<=1&&eN2<=1&&s1.eFlag>=0&&s2.eFlag>=0&&TMath::Abs(s.eX-180000)<5000&&TMath::Abs(s.eY-50000)<5000
We have 203305 good couples with selectioneCHI2P<2.0&&s.eW>10&&eN1<=1&&eN2<=1&&s1.eFlag>=0&&s2.eFlag>=0&&TMath::Abs(s.eX-180000)<5000&&TMath::Abs(s.eY-60000)<5000
We have 207008 good couples with selectioneCHI2P<2.0&&s.eW>10&&eN1<=1&&eN2<=1&&s1.eFlag>=0&&s2.eFlag>=0&&TMath::Abs(s.eX-180000)<5000&&TMath::Abs(s.eY-70000)<5000
We have 211526 good couples with selectioneCHI2P<2.0&&s.eW>10&&eN1<=1&&eN2<=1&&s1.eFlag>=0&&s2.eFlag>=0&&TMath::Abs(s.eX-180000)<5000&&TMath::Abs(s.eY-80000)<5000
We have 205713 good couples with selectioneCHI2P<2.0&&s.eW>10&&eN1<=1&&eN2<=1&&s1.eFlag>=0&&s2.eFlag>=0&&TMath::Abs(s.eX-180000)<5000&&TMath::Abs(s.eY-90000)<5000
We have 208021 good couples with selectioneCHI2P<2.0&&s.eW>10&&eN1<=1&&eN2<=1&&s1.eFlag>=0&&s2.eFlag>=0&&TMath::Abs(s.eX-180000)<5000&&TMath::Abs(s.eY-100000)<5000
We have 209423 good couples with selectioneCHI2P<2.0&&s.eW>10&&eN1<=1&&eN2<=1&&s1.eFlag>=0&&s2.eFlag>=0&&TMath::Abs(s.eX-180000)<5000&&TMath::Abs(s.eY-110000)<5000
We have 216286 good couples with selectioneCHI2P<2.0&&s.eW>10&&eN1<=1&&eN2<=1&&s1.eFlag>=0&&s2.eFlag>=0&&TMath::Abs(s.eX-180000)<5000&&TMath::Abs(s.eY-120000)<5000
We have 33937 good couples with selectioneCHI2P<2.0&&s.eW>10&&eN1<=1&&eN2<=1&&s1.eFlag>=0&&s2.eFlag>=0&&TMath::Abs(s.eX-180000)<5000&&TMath::Abs(s.eY-130000)<5000
We have 183515 good couples with selectioneCHI2P<2.0&&s.eW>10&&eN1<=1&&eN2<=1&&s1.eFlag>=0&&s2.eFlag>=0&&TMath::Abs(s.eX-180000)<5000&&TMath::Abs(s.eY-140000)<5000
We have 165469 good couples with selectioneCHI2P<2.0&&s.eW>10&&eN1<=1&&eN2<=1&&s1.eFlag>=0&&s2.eFlag>=0&&TMath::Abs(s.eX-180000)<5000&&TMath::Abs(s.eY-150000)<5000
We have 26970 good couples with selectioneCHI2P<2.0&&s.eW>10&&eN1<=1&&eN2<=1&&s1.eFlag>=0&&s2.eFlag>=0&&TMath::Abs(s.eX-180000)<5000&&TMath::Abs(s.eY-160000)<5000
We have 8997 good couples with selectioneCHI2P<2.0&&s.eW>10&&eN1<=1&&eN2<=1&&s1.eFlag>=0&&s2.eFlag>=0&&TMath::Abs(s.eX-180000)<5000&&TMath::Abs(s.eY-170000)<5000
missiong corrections, skipping cell  1717
Start time: 230346
End time: 235539
