000 (5627154.000.000) 02/04 15:38:34 Job submitted from host: <137.138.55.115:9618?addrs=137.138.55.115-9618+[2001-1458-d00-17--12a]-9618&alias=bigbird23.cern.ch&noUDP&sock=schedd_590833_df83>
...
000 (5627154.001.000) 02/04 15:38:34 Job submitted from host: <137.138.55.115:9618?addrs=137.138.55.115-9618+[2001-1458-d00-17--12a]-9618&alias=bigbird23.cern.ch&noUDP&sock=schedd_590833_df83>
...
000 (5627154.002.000) 02/04 15:38:34 Job submitted from host: <137.138.55.115:9618?addrs=137.138.55.115-9618+[2001-1458-d00-17--12a]-9618&alias=bigbird23.cern.ch&noUDP&sock=schedd_590833_df83>
...
000 (5627154.003.000) 02/04 15:38:34 Job submitted from host: <137.138.55.115:9618?addrs=137.138.55.115-9618+[2001-1458-d00-17--12a]-9618&alias=bigbird23.cern.ch&noUDP&sock=schedd_590833_df83>
...
000 (5627154.004.000) 02/04 15:38:34 Job submitted from host: <137.138.55.115:9618?addrs=137.138.55.115-9618+[2001-1458-d00-17--12a]-9618&alias=bigbird23.cern.ch&noUDP&sock=schedd_590833_df83>
...
000 (5627154.005.000) 02/04 15:38:34 Job submitted from host: <137.138.55.115:9618?addrs=137.138.55.115-9618+[2001-1458-d00-17--12a]-9618&alias=bigbird23.cern.ch&noUDP&sock=schedd_590833_df83>
...
000 (5627154.006.000) 02/04 15:38:34 Job submitted from host: <137.138.55.115:9618?addrs=137.138.55.115-9618+[2001-1458-d00-17--12a]-9618&alias=bigbird23.cern.ch&noUDP&sock=schedd_590833_df83>
...
040 (5627154.000.000) 02/04 15:40:23 Started transferring input files
	Transferring to host: <188.184.162.55:9618?addrs=188.184.162.55-9618+[2001-1458-301-4a--100-31]-9618&alias=b9s11p9862.cern.ch&noUDP&sock=slot1_21_756599_30c8_24896>
...
040 (5627154.000.000) 02/04 15:40:23 Finished transferring input files
...
040 (5627154.002.000) 02/04 15:40:24 Started transferring input files
	Transferring to host: <188.184.163.105:9618?addrs=188.184.163.105-9618+[2001-1458-301-4d--100-63]-9618&alias=b9s12p9972.cern.ch&noUDP&sock=slot1_11_221498_20e8_24555>
...
040 (5627154.001.000) 02/04 15:40:24 Started transferring input files
	Transferring to host: <188.184.162.168:9618?addrs=188.184.162.168-9618+[2001-1458-301-4a--100-a2]-9618&alias=b9s11p9801.cern.ch&noUDP&sock=slot1_3_100661_87d6_24652>
...
040 (5627154.002.000) 02/04 15:40:24 Finished transferring input files
...
040 (5627154.001.000) 02/04 15:40:24 Finished transferring input files
...
040 (5627154.003.000) 02/04 15:40:24 Started transferring input files
	Transferring to host: <128.142.60.144:9618?addrs=128.142.60.144-9618+[2001-1458-301-22--100-8f]-9618&alias=b9s05p4462.cern.ch&noUDP&sock=slot1_8_205934_e1ef_26891>
...
040 (5627154.003.000) 02/04 15:40:24 Finished transferring input files
...
040 (5627154.005.000) 02/04 15:40:24 Started transferring input files
	Transferring to host: <128.142.60.64:9618?addrs=128.142.60.64-9618+[2001-1458-301-22--100-3f]-9618&alias=b9s05p1239.cern.ch&noUDP&sock=slot1_24_705670_1a51_25686>
...
040 (5627154.005.000) 02/04 15:40:24 Finished transferring input files
...
001 (5627154.000.000) 02/04 15:40:24 Job executing on host: <188.184.162.55:9618?addrs=188.184.162.55-9618+[2001-1458-301-4a--100-31]-9618&alias=b9s11p9862.cern.ch&noUDP&sock=startd_756560_cf7d>
...
001 (5627154.002.000) 02/04 15:40:25 Job executing on host: <188.184.163.105:9618?addrs=188.184.163.105-9618+[2001-1458-301-4d--100-63]-9618&alias=b9s12p9972.cern.ch&noUDP&sock=startd_221459_0845>
...
001 (5627154.001.000) 02/04 15:40:25 Job executing on host: <188.184.162.168:9618?addrs=188.184.162.168-9618+[2001-1458-301-4a--100-a2]-9618&alias=b9s11p9801.cern.ch&noUDP&sock=startd_100621_3716>
...
001 (5627154.003.000) 02/04 15:40:25 Job executing on host: <128.142.60.144:9618?addrs=128.142.60.144-9618+[2001-1458-301-22--100-8f]-9618&alias=b9s05p4462.cern.ch&noUDP&sock=startd_205894_bca8>
...
001 (5627154.005.000) 02/04 15:40:25 Job executing on host: <128.142.60.64:9618?addrs=128.142.60.64-9618+[2001-1458-301-22--100-3f]-9618&alias=b9s05p1239.cern.ch&noUDP&sock=startd_705631_c0aa>
...
040 (5627154.004.000) 02/04 15:40:25 Started transferring input files
	Transferring to host: <128.142.60.54:9618?addrs=128.142.60.54-9618+[2001-1458-301-22--100-35]-9618&alias=b9s05p1341.cern.ch&noUDP&sock=slot1_21_516227_5f19_27297>
...
040 (5627154.004.000) 02/04 15:40:25 Finished transferring input files
...
040 (5627154.006.000) 02/04 15:40:26 Started transferring input files
	Transferring to host: <128.142.60.61:9618?addrs=128.142.60.61-9618+[2001-1458-301-22--100-3c]-9618&alias=b9s05p4143.cern.ch&noUDP&sock=slot1_14_689186_a233_26481>
...
040 (5627154.006.000) 02/04 15:40:26 Finished transferring input files
...
001 (5627154.004.000) 02/04 15:40:26 Job executing on host: <128.142.60.54:9618?addrs=128.142.60.54-9618+[2001-1458-301-22--100-35]-9618&alias=b9s05p1341.cern.ch&noUDP&sock=startd_516189_4c37>
...
001 (5627154.006.000) 02/04 15:40:27 Job executing on host: <128.142.60.61:9618?addrs=128.142.60.61-9618+[2001-1458-301-22--100-3c]-9618&alias=b9s05p4143.cern.ch&noUDP&sock=startd_689147_1985>
...
006 (5627154.001.000) 02/04 15:40:33 Image size of job updated: 486160
	475  -  MemoryUsage of job (MB)
	485900  -  ResidentSetSize of job (KB)
...
006 (5627154.002.000) 02/04 15:40:33 Image size of job updated: 112240
	103  -  MemoryUsage of job (MB)
	104996  -  ResidentSetSize of job (KB)
...
006 (5627154.003.000) 02/04 15:40:33 Image size of job updated: 346932
	339  -  MemoryUsage of job (MB)
	346152  -  ResidentSetSize of job (KB)
...
006 (5627154.005.000) 02/04 15:40:33 Image size of job updated: 346652
	338  -  MemoryUsage of job (MB)
	345500  -  ResidentSetSize of job (KB)
...
006 (5627154.000.000) 02/04 15:40:33 Image size of job updated: 484104
	473  -  MemoryUsage of job (MB)
	483732  -  ResidentSetSize of job (KB)
...
006 (5627154.006.000) 02/04 15:40:35 Image size of job updated: 502972
	491  -  MemoryUsage of job (MB)
	502724  -  ResidentSetSize of job (KB)
...
006 (5627154.004.000) 02/04 15:40:35 Image size of job updated: 479276
	468  -  MemoryUsage of job (MB)
	479024  -  ResidentSetSize of job (KB)
...
006 (5627154.003.000) 02/04 15:41:25 Image size of job updated: 1263180
	462  -  MemoryUsage of job (MB)
	472892  -  ResidentSetSize of job (KB)
...
040 (5627154.003.000) 02/04 15:41:25 Started transferring output files
...
040 (5627154.003.000) 02/04 15:41:25 Finished transferring output files
...
005 (5627154.003.000) 02/04 15:41:25 Job terminated.
	(1) Normal termination (return value 0)
		Usr 0 00:00:34, Sys 0 00:00:03  -  Run Remote Usage
		Usr 0 00:00:00, Sys 0 00:00:00  -  Run Local Usage
		Usr 0 00:00:34, Sys 0 00:00:03  -  Total Remote Usage
		Usr 0 00:00:00, Sys 0 00:00:00  -  Total Local Usage
	15471  -  Run Bytes Sent By Job
	2138  -  Run Bytes Received By Job
	15471  -  Total Bytes Sent By Job
	2138  -  Total Bytes Received By Job
	Partitionable Resources :    Usage  Request Allocated 
	   Cpus                 :        0        2         2 
	   Disk (KB)            :       38        3   2892360 
	   Memory (MB)          :      462     4096      4100 

	Job terminated of its own accord at 2024-02-04T14:41:25Z.
...
006 (5627154.006.000) 02/04 15:41:35 Image size of job updated: 1523660
	675  -  MemoryUsage of job (MB)
	690764  -  ResidentSetSize of job (KB)
...
040 (5627154.006.000) 02/04 15:41:35 Started transferring output files
...
040 (5627154.006.000) 02/04 15:41:35 Finished transferring output files
...
005 (5627154.006.000) 02/04 15:41:35 Job terminated.
	(1) Normal termination (return value 0)
		Usr 0 00:00:40, Sys 0 00:00:04  -  Run Remote Usage
		Usr 0 00:00:00, Sys 0 00:00:00  -  Run Local Usage
		Usr 0 00:00:40, Sys 0 00:00:04  -  Total Remote Usage
		Usr 0 00:00:00, Sys 0 00:00:00  -  Total Local Usage
	15472  -  Run Bytes Sent By Job
	2138  -  Run Bytes Received By Job
	15472  -  Total Bytes Sent By Job
	2138  -  Total Bytes Received By Job
	Partitionable Resources :    Usage  Request Allocated 
	   Cpus                 :        0        2         2 
	   Disk (KB)            :       38        3   2870226 
	   Memory (MB)          :      675     4096      4100 

	Job terminated of its own accord at 2024-02-04T14:41:35Z.
...
006 (5627154.004.000) 02/04 15:41:56 Image size of job updated: 1506996
	774  -  MemoryUsage of job (MB)
	792216  -  ResidentSetSize of job (KB)
...
040 (5627154.004.000) 02/04 15:41:57 Started transferring output files
...
040 (5627154.004.000) 02/04 15:41:57 Finished transferring output files
...
005 (5627154.004.000) 02/04 15:41:58 Job terminated.
	(1) Normal termination (return value 0)
		Usr 0 00:00:40, Sys 0 00:00:04  -  Run Remote Usage
		Usr 0 00:00:00, Sys 0 00:00:00  -  Run Local Usage
		Usr 0 00:00:40, Sys 0 00:00:04  -  Total Remote Usage
		Usr 0 00:00:00, Sys 0 00:00:00  -  Total Local Usage
	15472  -  Run Bytes Sent By Job
	2138  -  Run Bytes Received By Job
	15472  -  Total Bytes Sent By Job
	2138  -  Total Bytes Received By Job
	Partitionable Resources :    Usage  Request Allocated 
	   Cpus                 :        0        2         2 
	   Disk (KB)            :       38        3   2902871 
	   Memory (MB)          :      774     4096      4100 

	Job terminated of its own accord at 2024-02-04T14:41:56Z.
...
006 (5627154.001.000) 02/04 15:42:07 Image size of job updated: 1677564
	924  -  MemoryUsage of job (MB)
	945704  -  ResidentSetSize of job (KB)
...
040 (5627154.001.000) 02/04 15:42:07 Started transferring output files
...
040 (5627154.001.000) 02/04 15:42:07 Finished transferring output files
...
005 (5627154.001.000) 02/04 15:42:07 Job terminated.
	(1) Normal termination (return value 0)
		Usr 0 00:01:14, Sys 0 00:00:03  -  Run Remote Usage
		Usr 0 00:00:00, Sys 0 00:00:00  -  Run Local Usage
		Usr 0 00:01:14, Sys 0 00:00:03  -  Total Remote Usage
		Usr 0 00:00:00, Sys 0 00:00:00  -  Total Local Usage
	15442  -  Run Bytes Sent By Job
	2138  -  Run Bytes Received By Job
	15442  -  Total Bytes Sent By Job
	2138  -  Total Bytes Received By Job
	Partitionable Resources :    Usage  Request Allocated 
	   Cpus                 :        0        2         2 
	   Disk (KB)            :       38        3   3040290 
	   Memory (MB)          :      924     4096      4100 

	Job terminated of its own accord at 2024-02-04T14:42:07Z.
...
006 (5627154.002.000) 02/04 15:42:19 Image size of job updated: 1186936
	508  -  MemoryUsage of job (MB)
	519612  -  ResidentSetSize of job (KB)
...
040 (5627154.002.000) 02/04 15:42:19 Started transferring output files
...
040 (5627154.002.000) 02/04 15:42:19 Finished transferring output files
...
005 (5627154.002.000) 02/04 15:42:19 Job terminated.
	(1) Normal termination (return value 0)
		Usr 0 00:01:04, Sys 0 00:00:03  -  Run Remote Usage
		Usr 0 00:00:00, Sys 0 00:00:00  -  Run Local Usage
		Usr 0 00:01:04, Sys 0 00:00:03  -  Total Remote Usage
		Usr 0 00:00:00, Sys 0 00:00:00  -  Total Local Usage
	15472  -  Run Bytes Sent By Job
	2138  -  Run Bytes Received By Job
	15472  -  Total Bytes Sent By Job
	2138  -  Total Bytes Received By Job
	Partitionable Resources :    Usage  Request Allocated 
	   Cpus                 :        0        2         2 
	   Disk (KB)            :       38        3   3067184 
	   Memory (MB)          :      508     4096      4100 

	Job terminated of its own accord at 2024-02-04T14:42:19Z.
...
006 (5627154.000.000) 02/04 15:42:38 Image size of job updated: 1539940
	761  -  MemoryUsage of job (MB)
	778944  -  ResidentSetSize of job (KB)
...
040 (5627154.000.000) 02/04 15:42:38 Started transferring output files
...
040 (5627154.000.000) 02/04 15:42:38 Finished transferring output files
...
005 (5627154.000.000) 02/04 15:42:38 Job terminated.
	(1) Normal termination (return value 0)
		Usr 0 00:01:20, Sys 0 00:00:04  -  Run Remote Usage
		Usr 0 00:00:00, Sys 0 00:00:00  -  Run Local Usage
		Usr 0 00:01:20, Sys 0 00:00:04  -  Total Remote Usage
		Usr 0 00:00:00, Sys 0 00:00:00  -  Total Local Usage
	15441  -  Run Bytes Sent By Job
	2138  -  Run Bytes Received By Job
	15441  -  Total Bytes Sent By Job
	2138  -  Total Bytes Received By Job
	Partitionable Resources :    Usage  Request Allocated 
	   Cpus                 :        0        2         2 
	   Disk (KB)            :       38        3   2985616 
	   Memory (MB)          :      761     4096      4100 

	Job terminated of its own accord at 2024-02-04T14:42:38Z.
...
006 (5627154.005.000) 02/04 15:42:44 Image size of job updated: 2842476
	2044  -  MemoryUsage of job (MB)
	2092184  -  ResidentSetSize of job (KB)
...
040 (5627154.005.000) 02/04 15:42:44 Started transferring output files
...
040 (5627154.005.000) 02/04 15:42:44 Finished transferring output files
...
005 (5627154.005.000) 02/04 15:42:44 Job terminated.
	(1) Normal termination (return value 0)
		Usr 0 00:01:23, Sys 0 00:00:09  -  Run Remote Usage
		Usr 0 00:00:00, Sys 0 00:00:00  -  Run Local Usage
		Usr 0 00:01:23, Sys 0 00:00:09  -  Total Remote Usage
		Usr 0 00:00:00, Sys 0 00:00:00  -  Total Local Usage
	20685  -  Run Bytes Sent By Job
	2138  -  Run Bytes Received By Job
	20685  -  Total Bytes Sent By Job
	2138  -  Total Bytes Received By Job
	Partitionable Resources :    Usage  Request Allocated 
	   Cpus                 :        0        2         2 
	   Disk (KB)            :       43        3   2897873 
	   Memory (MB)          :     2044     4096      4100 

	Job terminated of its own accord at 2024-02-04T14:42:44Z.
...
