000 (5662316.000.000) 02/09 13:34:33 Job submitted from host: <137.138.55.115:9618?addrs=137.138.55.115-9618+[2001-1458-d00-17--12a]-9618&alias=bigbird23.cern.ch&noUDP&sock=schedd_590833_df83>
...
000 (5662316.001.000) 02/09 13:34:33 Job submitted from host: <137.138.55.115:9618?addrs=137.138.55.115-9618+[2001-1458-d00-17--12a]-9618&alias=bigbird23.cern.ch&noUDP&sock=schedd_590833_df83>
...
000 (5662316.002.000) 02/09 13:34:33 Job submitted from host: <137.138.55.115:9618?addrs=137.138.55.115-9618+[2001-1458-d00-17--12a]-9618&alias=bigbird23.cern.ch&noUDP&sock=schedd_590833_df83>
...
000 (5662316.003.000) 02/09 13:34:33 Job submitted from host: <137.138.55.115:9618?addrs=137.138.55.115-9618+[2001-1458-d00-17--12a]-9618&alias=bigbird23.cern.ch&noUDP&sock=schedd_590833_df83>
...
000 (5662316.004.000) 02/09 13:34:33 Job submitted from host: <137.138.55.115:9618?addrs=137.138.55.115-9618+[2001-1458-d00-17--12a]-9618&alias=bigbird23.cern.ch&noUDP&sock=schedd_590833_df83>
...
000 (5662316.005.000) 02/09 13:34:33 Job submitted from host: <137.138.55.115:9618?addrs=137.138.55.115-9618+[2001-1458-d00-17--12a]-9618&alias=bigbird23.cern.ch&noUDP&sock=schedd_590833_df83>
...
040 (5662316.005.000) 02/09 13:35:31 Started transferring input files
	Transferring to host: <128.142.60.122:9618?addrs=128.142.60.122-9618+[2001-1458-301-22--100-79]-9618&alias=b9s05p3778.cern.ch&noUDP&sock=slot1_14_3247661_b8ba_608>
...
040 (5662316.000.000) 02/09 13:35:33 Started transferring input files
	Transferring to host: <188.184.163.43:9618?addrs=188.184.163.43-9618+[2001-1458-301-4d--100-25]-9618&alias=b9s12p9031.cern.ch&noUDP&sock=slot1_12_284434_3be7_34362>
...
001 (5662316.005.000) 02/09 13:35:34 Job executing on host: <128.142.60.122:9618?addrs=128.142.60.122-9618+[2001-1458-301-22--100-79]-9618&alias=b9s05p3778.cern.ch&noUDP&sock=startd_433406_0b99>
...
040 (5662316.005.000) 02/09 13:35:34 Finished transferring input files
...
040 (5662316.001.000) 02/09 13:35:37 Started transferring input files
	Transferring to host: <128.142.248.164:9618?addrs=128.142.248.164-9618+[2001-1458-301-73--100-a3]-9618&alias=b9g23p1155.cern.ch&noUDP&sock=slot1_17_1481247_42e4_73741>
...
040 (5662316.002.000) 02/09 13:35:37 Entered queue to transfer input files
	Transferring to host: <188.184.163.117:9618?addrs=188.184.163.117-9618+[2001-1458-301-4d--100-6f]-9618&alias=b9s12p8666.cern.ch&noUDP&sock=slot1_31_3822368_cb24_1500>
...
040 (5662316.004.000) 02/09 13:35:38 Entered queue to transfer input files
	Transferring to host: <128.142.60.105:9618?addrs=128.142.60.105-9618+[2001-1458-301-22--100-68]-9618&alias=b9s05p4541.cern.ch&noUDP&sock=slot1_11_742418_64a7_821>
...
001 (5662316.000.000) 02/09 13:35:39 Job executing on host: <188.184.163.43:9618?addrs=188.184.163.43-9618+[2001-1458-301-4d--100-25]-9618&alias=b9s12p9031.cern.ch&noUDP&sock=startd_284396_9455>
...
040 (5662316.000.000) 02/09 13:35:39 Finished transferring input files
...
006 (5662316.005.000) 02/09 13:35:42 Image size of job updated: 444612
	434  -  MemoryUsage of job (MB)
	444364  -  ResidentSetSize of job (KB)
...
001 (5662316.001.000) 02/09 13:35:50 Job executing on host: <128.142.248.164:9618?addrs=128.142.248.164-9618+[2001-1458-301-73--100-a3]-9618&alias=b9g23p1155.cern.ch&noUDP&sock=startd_118247_2f63>
...
040 (5662316.001.000) 02/09 13:35:50 Finished transferring input files
...
040 (5662316.002.000) 02/09 13:35:51 Started transferring input files
	Seconds spent in queue: 14
...
001 (5662316.002.000) 02/09 13:35:51 Job executing on host: <188.184.163.117:9618?addrs=188.184.163.117-9618+[2001-1458-301-4d--100-6f]-9618&alias=b9s12p8666.cern.ch&noUDP&sock=startd_3785120_10d1>
...
040 (5662316.004.000) 02/09 13:35:53 Started transferring input files
	Seconds spent in queue: 15
...
001 (5662316.004.000) 02/09 13:35:53 Job executing on host: <128.142.60.105:9618?addrs=128.142.60.105-9618+[2001-1458-301-22--100-68]-9618&alias=b9s05p4541.cern.ch&noUDP&sock=startd_742343_218b>
...
006 (5662316.000.000) 02/09 13:35:53 Image size of job updated: 149376
	146  -  MemoryUsage of job (MB)
	149376  -  ResidentSetSize of job (KB)
...
040 (5662316.002.000) 02/09 13:35:57 Finished transferring input files
...
040 (5662316.004.000) 02/09 13:35:57 Finished transferring input files
...
006 (5662316.001.000) 02/09 13:35:58 Image size of job updated: 457964
	447  -  MemoryUsage of job (MB)
	457024  -  ResidentSetSize of job (KB)
...
006 (5662316.002.000) 02/09 13:36:01 Image size of job updated: 475952
	464  -  MemoryUsage of job (MB)
	474540  -  ResidentSetSize of job (KB)
...
006 (5662316.004.000) 02/09 13:36:01 Image size of job updated: 463880
	453  -  MemoryUsage of job (MB)
	463596  -  ResidentSetSize of job (KB)
...
006 (5662316.002.000) 02/09 13:39:01 Image size of job updated: 2171840
	1507  -  MemoryUsage of job (MB)
	1542292  -  ResidentSetSize of job (KB)
...
040 (5662316.002.000) 02/09 13:39:02 Started transferring output files
	Seconds spent in queue: 205
...
040 (5662316.002.000) 02/09 13:39:02 Finished transferring output files
...
006 (5662316.001.000) 02/09 13:39:10 Image size of job updated: 2262200
	1555  -  MemoryUsage of job (MB)
	1592232  -  ResidentSetSize of job (KB)
...
040 (5662316.001.000) 02/09 13:39:15 Entered queue to transfer output files
...
006 (5662316.005.000) 02/09 13:39:18 Image size of job updated: 2237892
	1528  -  MemoryUsage of job (MB)
	1564040  -  ResidentSetSize of job (KB)
...
040 (5662316.001.000) 02/09 13:39:23 Started transferring output files
...
040 (5662316.005.000) 02/09 13:39:23 Entered queue to transfer output files
...
040 (5662316.005.000) 02/09 13:39:26 Started transferring output files
...
005 (5662316.002.000) 02/09 13:39:26 Job terminated.
	(1) Normal termination (return value 0)
		Usr 0 00:02:08, Sys 0 00:00:08  -  Run Remote Usage
		Usr 0 00:00:00, Sys 0 00:00:00  -  Run Local Usage
		Usr 0 00:02:08, Sys 0 00:00:08  -  Total Remote Usage
		Usr 0 00:00:00, Sys 0 00:00:00  -  Total Local Usage
	18232  -  Run Bytes Sent By Job
	3002  -  Run Bytes Received By Job
	18232  -  Total Bytes Sent By Job
	3002  -  Total Bytes Received By Job
	Partitionable Resources :     Usage  Request Allocated 
	   Cpus                 :      0.23        2         2 
	   Disk (KB)            : 130250           3   2945484 
	   Memory (MB)          :   1507        4096      4100 

	Job terminated of its own accord at 2024-02-09T12:39:01Z.
...
040 (5662316.001.000) 02/09 13:39:28 Finished transferring output files
...
006 (5662316.004.000) 02/09 13:39:29 Image size of job updated: 2201592
	1484  -  MemoryUsage of job (MB)
	1519420  -  ResidentSetSize of job (KB)
...
040 (5662316.005.000) 02/09 13:39:30 Finished transferring output files
...
040 (5662316.004.000) 02/09 13:39:30 Started transferring output files
	Seconds spent in queue: 232
...
005 (5662316.001.000) 02/09 13:39:31 Job terminated.
	(1) Normal termination (return value 0)
		Usr 0 00:02:19, Sys 0 00:00:08  -  Run Remote Usage
		Usr 0 00:00:00, Sys 0 00:00:00  -  Run Local Usage
		Usr 0 00:02:19, Sys 0 00:00:08  -  Total Remote Usage
		Usr 0 00:00:00, Sys 0 00:00:00  -  Total Local Usage
	18415  -  Run Bytes Sent By Job
	3002  -  Run Bytes Received By Job
	18415  -  Total Bytes Sent By Job
	3002  -  Total Bytes Received By Job
	Partitionable Resources :     Usage  Request Allocated 
	   Cpus                 :      0.04        2         2 
	   Disk (KB)            : 163469           3   2920888 
	   Memory (MB)          :   1555        4096      4100 

	Job terminated of its own accord at 2024-02-09T12:39:10Z.
...
040 (5662316.004.000) 02/09 13:39:34 Finished transferring output files
...
005 (5662316.005.000) 02/09 13:39:36 Job terminated.
	(1) Normal termination (return value 0)
		Usr 0 00:01:29, Sys 0 00:00:08  -  Run Remote Usage
		Usr 0 00:00:00, Sys 0 00:00:00  -  Run Local Usage
		Usr 0 00:01:29, Sys 0 00:00:08  -  Total Remote Usage
		Usr 0 00:00:00, Sys 0 00:00:00  -  Total Local Usage
	18234  -  Run Bytes Sent By Job
	3002  -  Run Bytes Received By Job
	18234  -  Total Bytes Sent By Job
	3002  -  Total Bytes Received By Job
	Partitionable Resources :    Usage  Request Allocated 
	   Cpus                 :                 2         2 
	   Disk (KB)            :   165723        3   2722037 
	   Memory (MB)          :     1528     4096      4100 

	Job terminated of its own accord at 2024-02-09T12:39:18Z.
...
005 (5662316.004.000) 02/09 13:39:39 Job terminated.
	(1) Normal termination (return value 0)
		Usr 0 00:01:15, Sys 0 00:00:06  -  Run Remote Usage
		Usr 0 00:00:00, Sys 0 00:00:00  -  Run Local Usage
		Usr 0 00:01:15, Sys 0 00:00:06  -  Total Remote Usage
		Usr 0 00:00:00, Sys 0 00:00:00  -  Total Local Usage
	18230  -  Run Bytes Sent By Job
	3002  -  Run Bytes Received By Job
	18230  -  Total Bytes Sent By Job
	3002  -  Total Bytes Received By Job
	Partitionable Resources :     Usage  Request Allocated 
	   Cpus                 :      0.00        2         2 
	   Disk (KB)            : 167815           3   2896226 
	   Memory (MB)          :   1484        4096      4100 

	Job terminated of its own accord at 2024-02-09T12:39:29Z.
...
006 (5662316.000.000) 02/09 13:40:47 Image size of job updated: 1510188
	1475  -  MemoryUsage of job (MB)
	1510188  -  ResidentSetSize of job (KB)
...
006 (5662316.000.000) 02/09 13:43:06 Image size of job updated: 2114888
	1475  -  MemoryUsage of job (MB)
	1510188  -  ResidentSetSize of job (KB)
...
040 (5662316.000.000) 02/09 13:43:06 Started transferring output files
...
040 (5662316.000.000) 02/09 13:43:06 Finished transferring output files
...
005 (5662316.000.000) 02/09 13:43:07 Job terminated.
	(1) Normal termination (return value 0)
		Usr 0 00:02:18, Sys 0 00:00:08  -  Run Remote Usage
		Usr 0 00:00:00, Sys 0 00:00:00  -  Run Local Usage
		Usr 0 00:02:18, Sys 0 00:00:08  -  Total Remote Usage
		Usr 0 00:00:00, Sys 0 00:00:00  -  Total Local Usage
	18227  -  Run Bytes Sent By Job
	3002  -  Run Bytes Received By Job
	18227  -  Total Bytes Sent By Job
	3002  -  Total Bytes Received By Job
	Partitionable Resources :     Usage  Request Allocated 
	   Cpus                 :      0.03        2         2 
	   Disk (KB)            : 164481           3   2902526 
	   Memory (MB)          :   1475        4096      4100 

	Job terminated of its own accord at 2024-02-09T12:43:06Z.
...
040 (5662316.003.000) 02/09 13:48:27 Started transferring input files
	Transferring to host: <188.184.162.168:9618?addrs=188.184.162.168-9618+[2001-1458-301-4a--100-a2]-9618&alias=b9s11p9801.cern.ch&noUDP&sock=slot1_9_2629980_943c_373>
...
040 (5662316.003.000) 02/09 13:48:27 Finished transferring input files
...
001 (5662316.003.000) 02/09 13:48:27 Job executing on host: <188.184.162.168:9618?addrs=188.184.162.168-9618+[2001-1458-301-4a--100-a2]-9618&alias=b9s11p9801.cern.ch&noUDP&sock=startd_100621_3716>
...
006 (5662316.003.000) 02/09 13:48:36 Image size of job updated: 2204
	2  -  MemoryUsage of job (MB)
	1432  -  ResidentSetSize of job (KB)
...
006 (5662316.003.000) 02/09 13:53:37 Image size of job updated: 1911948
	1868  -  MemoryUsage of job (MB)
	1911872  -  ResidentSetSize of job (KB)
...
006 (5662316.003.000) 02/09 13:54:31 Image size of job updated: 2211000
	1868  -  MemoryUsage of job (MB)
	1911872  -  ResidentSetSize of job (KB)
...
040 (5662316.003.000) 02/09 13:54:31 Started transferring output files
...
040 (5662316.003.000) 02/09 13:54:31 Finished transferring output files
...
005 (5662316.003.000) 02/09 13:54:31 Job terminated.
	(1) Normal termination (return value 0)
		Usr 0 00:01:50, Sys 0 00:00:06  -  Run Remote Usage
		Usr 0 00:00:00, Sys 0 00:00:00  -  Run Local Usage
		Usr 0 00:01:50, Sys 0 00:00:06  -  Total Remote Usage
		Usr 0 00:00:00, Sys 0 00:00:00  -  Total Local Usage
	18299  -  Run Bytes Sent By Job
	3002  -  Run Bytes Received By Job
	18299  -  Total Bytes Sent By Job
	3002  -  Total Bytes Received By Job
	Partitionable Resources :     Usage  Request Allocated 
	   Cpus                 :      0.03        2         2 
	   Disk (KB)            : 147939           3   3004497 
	   Memory (MB)          :   1868        4096      4100 

	Job terminated of its own accord at 2024-02-09T12:54:31Z.
...
