000 (5650384.000.000) 02/08 22:52:12 Job submitted from host: <137.138.55.115:9618?addrs=137.138.55.115-9618+[2001-1458-d00-17--12a]-9618&alias=bigbird23.cern.ch&noUDP&sock=schedd_590833_df83>
...
000 (5650384.001.000) 02/08 22:52:12 Job submitted from host: <137.138.55.115:9618?addrs=137.138.55.115-9618+[2001-1458-d00-17--12a]-9618&alias=bigbird23.cern.ch&noUDP&sock=schedd_590833_df83>
...
000 (5650384.002.000) 02/08 22:52:12 Job submitted from host: <137.138.55.115:9618?addrs=137.138.55.115-9618+[2001-1458-d00-17--12a]-9618&alias=bigbird23.cern.ch&noUDP&sock=schedd_590833_df83>
...
000 (5650384.003.000) 02/08 22:52:12 Job submitted from host: <137.138.55.115:9618?addrs=137.138.55.115-9618+[2001-1458-d00-17--12a]-9618&alias=bigbird23.cern.ch&noUDP&sock=schedd_590833_df83>
...
000 (5650384.004.000) 02/08 22:52:12 Job submitted from host: <137.138.55.115:9618?addrs=137.138.55.115-9618+[2001-1458-d00-17--12a]-9618&alias=bigbird23.cern.ch&noUDP&sock=schedd_590833_df83>
...
000 (5650384.005.000) 02/08 22:52:12 Job submitted from host: <137.138.55.115:9618?addrs=137.138.55.115-9618+[2001-1458-d00-17--12a]-9618&alias=bigbird23.cern.ch&noUDP&sock=schedd_590833_df83>
...
040 (5650384.004.000) 02/08 22:53:43 Started transferring input files
	Transferring to host: <188.184.163.43:9618?addrs=188.184.163.43-9618+[2001-1458-301-4d--100-25]-9618&alias=b9s12p9031.cern.ch&noUDP&sock=slot1_36_284434_3be7_33508>
...
040 (5650384.004.000) 02/08 22:53:43 Finished transferring input files
...
040 (5650384.000.000) 02/08 22:53:44 Started transferring input files
	Transferring to host: <188.184.163.165:9618?addrs=188.184.163.165-9618+[2001-1458-301-4d--100-9f]-9618&alias=b9s12p6663.cern.ch&noUDP&sock=slot1_17_648587_f720_1247>
...
040 (5650384.000.000) 02/08 22:53:44 Finished transferring input files
...
001 (5650384.004.000) 02/08 22:53:44 Job executing on host: <188.184.163.43:9618?addrs=188.184.163.43-9618+[2001-1458-301-4d--100-25]-9618&alias=b9s12p9031.cern.ch&noUDP&sock=startd_284396_9455>
...
040 (5650384.001.000) 02/08 22:53:44 Started transferring input files
	Transferring to host: <188.184.163.161:9618?addrs=188.184.163.161-9618+[2001-1458-301-4d--100-9b]-9618&alias=b9s12p8801.cern.ch&noUDP&sock=slot1_26_247299_4461_32647>
...
040 (5650384.001.000) 02/08 22:53:44 Finished transferring input files
...
040 (5650384.002.000) 02/08 22:53:44 Started transferring input files
	Transferring to host: <128.142.248.82:9618?addrs=128.142.248.82-9618+[2001-1458-301-73--100-142]-9618&alias=b9g23p0904.cern.ch&noUDP&sock=slot1_11_127907_cd6a_74821>
...
040 (5650384.002.000) 02/08 22:53:44 Finished transferring input files
...
001 (5650384.000.000) 02/08 22:53:45 Job executing on host: <188.184.163.165:9618?addrs=188.184.163.165-9618+[2001-1458-301-4d--100-9f]-9618&alias=b9s12p6663.cern.ch&noUDP&sock=startd_668642_600e>
...
040 (5650384.005.000) 02/08 22:53:45 Started transferring input files
	Transferring to host: <188.184.163.126:9618?addrs=188.184.163.126-9618+[2001-1458-301-4d--100-78]-9618&alias=b9s12p6732.cern.ch&noUDP&sock=slot1_19_2990482_d9c0_1288>
...
040 (5650384.003.000) 02/08 22:53:45 Started transferring input files
	Transferring to host: <188.184.162.162:9618?addrs=188.184.162.162-9618+[2001-1458-301-4a--100-9c]-9618&alias=b9s11p9773.cern.ch&noUDP&sock=slot1_3_422329_bc6f_29032>
...
040 (5650384.005.000) 02/08 22:53:45 Finished transferring input files
...
040 (5650384.003.000) 02/08 22:53:45 Finished transferring input files
...
006 (5650384.004.000) 02/08 22:53:45 Image size of job updated: 7248
	4  -  MemoryUsage of job (MB)
	3680  -  ResidentSetSize of job (KB)
...
001 (5650384.001.000) 02/08 22:53:45 Job executing on host: <188.184.163.161:9618?addrs=188.184.163.161-9618+[2001-1458-301-4d--100-9b]-9618&alias=b9s12p8801.cern.ch&noUDP&sock=startd_247261_0ee5>
...
001 (5650384.002.000) 02/08 22:53:45 Job executing on host: <128.142.248.82:9618?addrs=128.142.248.82-9618+[2001-1458-301-73--100-142]-9618&alias=b9g23p0904.cern.ch&noUDP&sock=startd_118597_4189>
...
040 (5650384.004.000) 02/08 22:53:45 Started transferring output files
...
040 (5650384.004.000) 02/08 22:53:45 Finished transferring output files
...
005 (5650384.004.000) 02/08 22:53:45 Job terminated.
	(1) Normal termination (return value 0)
		Usr 0 00:00:00, Sys 0 00:00:00  -  Run Remote Usage
		Usr 0 00:00:00, Sys 0 00:00:00  -  Run Local Usage
		Usr 0 00:00:00, Sys 0 00:00:00  -  Total Remote Usage
		Usr 0 00:00:00, Sys 0 00:00:00  -  Total Local Usage
	2190  -  Run Bytes Sent By Job
	1751  -  Run Bytes Received By Job
	2190  -  Total Bytes Sent By Job
	1751  -  Total Bytes Received By Job
	Partitionable Resources :    Usage  Request Allocated 
	   Cpus                 :                 2         2 
	   Disk (KB)            :       19        2   3043216 
	   Memory (MB)          :        4     4096      4100 

	Job terminated of its own accord at 2024-02-08T21:53:45Z.
...
001 (5650384.003.000) 02/08 22:53:46 Job executing on host: <188.184.162.162:9618?addrs=188.184.162.162-9618+[2001-1458-301-4a--100-9c]-9618&alias=b9s11p9773.cern.ch&noUDP&sock=startd_422291_146e>
...
001 (5650384.005.000) 02/08 22:53:46 Job executing on host: <188.184.163.126:9618?addrs=188.184.163.126-9618+[2001-1458-301-4d--100-78]-9618&alias=b9s12p6732.cern.ch&noUDP&sock=startd_926218_1643>
...
006 (5650384.000.000) 02/08 22:53:46 Image size of job updated: 6504
	4  -  MemoryUsage of job (MB)
	3736  -  ResidentSetSize of job (KB)
...
040 (5650384.000.000) 02/08 22:53:46 Started transferring output files
...
040 (5650384.000.000) 02/08 22:53:46 Finished transferring output files
...
005 (5650384.000.000) 02/08 22:53:46 Job terminated.
	(1) Normal termination (return value 0)
		Usr 0 00:00:00, Sys 0 00:00:00  -  Run Remote Usage
		Usr 0 00:00:00, Sys 0 00:00:00  -  Run Local Usage
		Usr 0 00:00:00, Sys 0 00:00:00  -  Total Remote Usage
		Usr 0 00:00:00, Sys 0 00:00:00  -  Total Local Usage
	2190  -  Run Bytes Sent By Job
	1751  -  Run Bytes Received By Job
	2190  -  Total Bytes Sent By Job
	1751  -  Total Bytes Received By Job
	Partitionable Resources :    Usage  Request Allocated 
	   Cpus                 :        0        2         2 
	   Disk (KB)            :       27        2   2938931 
	   Memory (MB)          :        4     4096      4100 

	Job terminated of its own accord at 2024-02-08T21:53:46Z.
...
006 (5650384.003.000) 02/08 22:53:47 Image size of job updated: 7296
	5  -  MemoryUsage of job (MB)
	4524  -  ResidentSetSize of job (KB)
...
040 (5650384.003.000) 02/08 22:53:47 Started transferring output files
...
040 (5650384.003.000) 02/08 22:53:47 Finished transferring output files
...
005 (5650384.003.000) 02/08 22:53:47 Job terminated.
	(1) Normal termination (return value 0)
		Usr 0 00:00:00, Sys 0 00:00:00  -  Run Remote Usage
		Usr 0 00:00:00, Sys 0 00:00:00  -  Run Local Usage
		Usr 0 00:00:00, Sys 0 00:00:00  -  Total Remote Usage
		Usr 0 00:00:00, Sys 0 00:00:00  -  Total Local Usage
	2190  -  Run Bytes Sent By Job
	1751  -  Run Bytes Received By Job
	2190  -  Total Bytes Sent By Job
	1751  -  Total Bytes Received By Job
	Partitionable Resources :    Usage  Request Allocated 
	   Cpus                 :        0        2         2 
	   Disk (KB)            :       26        2   3035929 
	   Memory (MB)          :        5     4096      4100 

	Job terminated of its own accord at 2024-02-08T21:53:47Z.
...
006 (5650384.002.000) 02/08 22:53:47 Image size of job updated: 6332
	4  -  MemoryUsage of job (MB)
	3560  -  ResidentSetSize of job (KB)
...
040 (5650384.002.000) 02/08 22:53:47 Started transferring output files
...
040 (5650384.002.000) 02/08 22:53:47 Finished transferring output files
...
005 (5650384.002.000) 02/08 22:53:47 Job terminated.
	(1) Normal termination (return value 0)
		Usr 0 00:00:00, Sys 0 00:00:00  -  Run Remote Usage
		Usr 0 00:00:00, Sys 0 00:00:00  -  Run Local Usage
		Usr 0 00:00:00, Sys 0 00:00:00  -  Total Remote Usage
		Usr 0 00:00:00, Sys 0 00:00:00  -  Total Local Usage
	2190  -  Run Bytes Sent By Job
	1751  -  Run Bytes Received By Job
	2190  -  Total Bytes Sent By Job
	1751  -  Total Bytes Received By Job
	Partitionable Resources :    Usage  Request Allocated 
	   Cpus                 :                 2         2 
	   Disk (KB)            :       19        2   3019890 
	   Memory (MB)          :        4     4096      4100 

	Job terminated of its own accord at 2024-02-08T21:53:47Z.
...
006 (5650384.005.000) 02/08 22:53:47 Image size of job updated: 6392
	2  -  MemoryUsage of job (MB)
	1868  -  ResidentSetSize of job (KB)
...
040 (5650384.005.000) 02/08 22:53:47 Started transferring output files
...
040 (5650384.005.000) 02/08 22:53:47 Finished transferring output files
...
005 (5650384.005.000) 02/08 22:53:47 Job terminated.
	(1) Normal termination (return value 0)
		Usr 0 00:00:00, Sys 0 00:00:00  -  Run Remote Usage
		Usr 0 00:00:00, Sys 0 00:00:00  -  Run Local Usage
		Usr 0 00:00:00, Sys 0 00:00:00  -  Total Remote Usage
		Usr 0 00:00:00, Sys 0 00:00:00  -  Total Local Usage
	2188  -  Run Bytes Sent By Job
	1751  -  Run Bytes Received By Job
	2188  -  Total Bytes Sent By Job
	1751  -  Total Bytes Received By Job
	Partitionable Resources :    Usage  Request Allocated 
	   Cpus                 :        0        2         2 
	   Disk (KB)            :       27        2   2978002 
	   Memory (MB)          :        2     4096      4100 

	Job terminated of its own accord at 2024-02-08T21:53:47Z.
...
006 (5650384.001.000) 02/08 22:53:48 Image size of job updated: 6440
	5  -  MemoryUsage of job (MB)
	4356  -  ResidentSetSize of job (KB)
...
040 (5650384.001.000) 02/08 22:53:48 Started transferring output files
...
040 (5650384.001.000) 02/08 22:53:48 Finished transferring output files
...
005 (5650384.001.000) 02/08 22:53:48 Job terminated.
	(1) Normal termination (return value 0)
		Usr 0 00:00:00, Sys 0 00:00:00  -  Run Remote Usage
		Usr 0 00:00:00, Sys 0 00:00:00  -  Run Local Usage
		Usr 0 00:00:00, Sys 0 00:00:00  -  Total Remote Usage
		Usr 0 00:00:00, Sys 0 00:00:00  -  Total Local Usage
	2190  -  Run Bytes Sent By Job
	1751  -  Run Bytes Received By Job
	2190  -  Total Bytes Sent By Job
	1751  -  Total Bytes Received By Job
	Partitionable Resources :    Usage  Request Allocated 
	   Cpus                 :                 2         2 
	   Disk (KB)            :       19        2   2949272 
	   Memory (MB)          :        5     4096      4100 

	Job terminated of its own accord at 2024-02-08T21:53:48Z.
...
