000 (5627059.000.000) 02/04 14:28:40 Job submitted from host: <137.138.55.115:9618?addrs=137.138.55.115-9618+[2001-1458-d00-17--12a]-9618&alias=bigbird23.cern.ch&noUDP&sock=schedd_590833_df83>
...
000 (5627059.001.000) 02/04 14:28:40 Job submitted from host: <137.138.55.115:9618?addrs=137.138.55.115-9618+[2001-1458-d00-17--12a]-9618&alias=bigbird23.cern.ch&noUDP&sock=schedd_590833_df83>
...
000 (5627059.002.000) 02/04 14:28:40 Job submitted from host: <137.138.55.115:9618?addrs=137.138.55.115-9618+[2001-1458-d00-17--12a]-9618&alias=bigbird23.cern.ch&noUDP&sock=schedd_590833_df83>
...
000 (5627059.003.000) 02/04 14:28:40 Job submitted from host: <137.138.55.115:9618?addrs=137.138.55.115-9618+[2001-1458-d00-17--12a]-9618&alias=bigbird23.cern.ch&noUDP&sock=schedd_590833_df83>
...
000 (5627059.004.000) 02/04 14:28:40 Job submitted from host: <137.138.55.115:9618?addrs=137.138.55.115-9618+[2001-1458-d00-17--12a]-9618&alias=bigbird23.cern.ch&noUDP&sock=schedd_590833_df83>
...
000 (5627059.005.000) 02/04 14:28:40 Job submitted from host: <137.138.55.115:9618?addrs=137.138.55.115-9618+[2001-1458-d00-17--12a]-9618&alias=bigbird23.cern.ch&noUDP&sock=schedd_590833_df83>
...
000 (5627059.006.000) 02/04 14:28:40 Job submitted from host: <137.138.55.115:9618?addrs=137.138.55.115-9618+[2001-1458-d00-17--12a]-9618&alias=bigbird23.cern.ch&noUDP&sock=schedd_590833_df83>
...
000 (5627059.007.000) 02/04 14:28:40 Job submitted from host: <137.138.55.115:9618?addrs=137.138.55.115-9618+[2001-1458-d00-17--12a]-9618&alias=bigbird23.cern.ch&noUDP&sock=schedd_590833_df83>
...
000 (5627059.008.000) 02/04 14:28:40 Job submitted from host: <137.138.55.115:9618?addrs=137.138.55.115-9618+[2001-1458-d00-17--12a]-9618&alias=bigbird23.cern.ch&noUDP&sock=schedd_590833_df83>
...
000 (5627059.009.000) 02/04 14:28:40 Job submitted from host: <137.138.55.115:9618?addrs=137.138.55.115-9618+[2001-1458-d00-17--12a]-9618&alias=bigbird23.cern.ch&noUDP&sock=schedd_590833_df83>
...
000 (5627059.010.000) 02/04 14:28:40 Job submitted from host: <137.138.55.115:9618?addrs=137.138.55.115-9618+[2001-1458-d00-17--12a]-9618&alias=bigbird23.cern.ch&noUDP&sock=schedd_590833_df83>
...
000 (5627059.011.000) 02/04 14:28:40 Job submitted from host: <137.138.55.115:9618?addrs=137.138.55.115-9618+[2001-1458-d00-17--12a]-9618&alias=bigbird23.cern.ch&noUDP&sock=schedd_590833_df83>
...
000 (5627059.012.000) 02/04 14:28:40 Job submitted from host: <137.138.55.115:9618?addrs=137.138.55.115-9618+[2001-1458-d00-17--12a]-9618&alias=bigbird23.cern.ch&noUDP&sock=schedd_590833_df83>
...
000 (5627059.013.000) 02/04 14:28:40 Job submitted from host: <137.138.55.115:9618?addrs=137.138.55.115-9618+[2001-1458-d00-17--12a]-9618&alias=bigbird23.cern.ch&noUDP&sock=schedd_590833_df83>
...
000 (5627059.014.000) 02/04 14:28:40 Job submitted from host: <137.138.55.115:9618?addrs=137.138.55.115-9618+[2001-1458-d00-17--12a]-9618&alias=bigbird23.cern.ch&noUDP&sock=schedd_590833_df83>
...
000 (5627059.015.000) 02/04 14:28:40 Job submitted from host: <137.138.55.115:9618?addrs=137.138.55.115-9618+[2001-1458-d00-17--12a]-9618&alias=bigbird23.cern.ch&noUDP&sock=schedd_590833_df83>
...
000 (5627059.016.000) 02/04 14:28:40 Job submitted from host: <137.138.55.115:9618?addrs=137.138.55.115-9618+[2001-1458-d00-17--12a]-9618&alias=bigbird23.cern.ch&noUDP&sock=schedd_590833_df83>
...
000 (5627059.017.000) 02/04 14:28:40 Job submitted from host: <137.138.55.115:9618?addrs=137.138.55.115-9618+[2001-1458-d00-17--12a]-9618&alias=bigbird23.cern.ch&noUDP&sock=schedd_590833_df83>
...
000 (5627059.018.000) 02/04 14:28:40 Job submitted from host: <137.138.55.115:9618?addrs=137.138.55.115-9618+[2001-1458-d00-17--12a]-9618&alias=bigbird23.cern.ch&noUDP&sock=schedd_590833_df83>
...
000 (5627059.019.000) 02/04 14:28:40 Job submitted from host: <137.138.55.115:9618?addrs=137.138.55.115-9618+[2001-1458-d00-17--12a]-9618&alias=bigbird23.cern.ch&noUDP&sock=schedd_590833_df83>
...
000 (5627059.020.000) 02/04 14:28:40 Job submitted from host: <137.138.55.115:9618?addrs=137.138.55.115-9618+[2001-1458-d00-17--12a]-9618&alias=bigbird23.cern.ch&noUDP&sock=schedd_590833_df83>
...
000 (5627059.021.000) 02/04 14:28:40 Job submitted from host: <137.138.55.115:9618?addrs=137.138.55.115-9618+[2001-1458-d00-17--12a]-9618&alias=bigbird23.cern.ch&noUDP&sock=schedd_590833_df83>
...
000 (5627059.022.000) 02/04 14:28:40 Job submitted from host: <137.138.55.115:9618?addrs=137.138.55.115-9618+[2001-1458-d00-17--12a]-9618&alias=bigbird23.cern.ch&noUDP&sock=schedd_590833_df83>
...
000 (5627059.023.000) 02/04 14:28:40 Job submitted from host: <137.138.55.115:9618?addrs=137.138.55.115-9618+[2001-1458-d00-17--12a]-9618&alias=bigbird23.cern.ch&noUDP&sock=schedd_590833_df83>
...
000 (5627059.024.000) 02/04 14:28:40 Job submitted from host: <137.138.55.115:9618?addrs=137.138.55.115-9618+[2001-1458-d00-17--12a]-9618&alias=bigbird23.cern.ch&noUDP&sock=schedd_590833_df83>
...
040 (5627059.000.000) 02/04 14:30:50 Started transferring input files
	Transferring to host: <188.184.163.43:9618?addrs=188.184.163.43-9618+[2001-1458-301-4d--100-25]-9618&alias=b9s12p9031.cern.ch&noUDP&sock=slot1_11_284434_3be7_25624>
...
040 (5627059.001.000) 02/04 14:30:50 Started transferring input files
	Transferring to host: <128.142.248.112:9618?addrs=128.142.248.112-9618+[2001-1458-301-73--100-160]-9618&alias=b9g23p1260.cern.ch&noUDP&sock=slot1_4_2035069_f61c_68473>
...
040 (5627059.000.000) 02/04 14:30:50 Finished transferring input files
...
040 (5627059.001.000) 02/04 14:30:50 Finished transferring input files
...
040 (5627059.004.000) 02/04 14:30:50 Started transferring input files
	Transferring to host: <188.184.162.77:9618?addrs=188.184.162.77-9618+[2001-1458-301-4a--100-47]-9618&alias=b9s11p9991.cern.ch&noUDP&sock=slot1_6_38533_bbf8_23563>
...
040 (5627059.004.000) 02/04 14:30:50 Finished transferring input files
...
040 (5627059.006.000) 02/04 14:30:50 Started transferring input files
	Transferring to host: <128.142.248.192:9618?addrs=128.142.248.192-9618+[2001-1458-301-73--100-bf]-9618&alias=b9g23p1177.cern.ch&noUDP&sock=slot1_9_8631_11f8_67527>
...
040 (5627059.006.000) 02/04 14:30:50 Finished transferring input files
...
040 (5627059.003.000) 02/04 14:30:50 Started transferring input files
	Transferring to host: <188.184.162.55:9618?addrs=188.184.162.55-9618+[2001-1458-301-4a--100-31]-9618&alias=b9s11p9862.cern.ch&noUDP&sock=slot1_5_756599_30c8_24819>
...
040 (5627059.003.000) 02/04 14:30:50 Finished transferring input files
...
001 (5627059.001.000) 02/04 14:30:51 Job executing on host: <128.142.248.112:9618?addrs=128.142.248.112-9618+[2001-1458-301-73--100-160]-9618&alias=b9g23p1260.cern.ch&noUDP&sock=startd_118653_aad6>
...
001 (5627059.000.000) 02/04 14:30:51 Job executing on host: <188.184.163.43:9618?addrs=188.184.163.43-9618+[2001-1458-301-4d--100-25]-9618&alias=b9s12p9031.cern.ch&noUDP&sock=startd_284396_9455>
...
001 (5627059.004.000) 02/04 14:30:51 Job executing on host: <188.184.162.77:9618?addrs=188.184.162.77-9618+[2001-1458-301-4a--100-47]-9618&alias=b9s11p9991.cern.ch&noUDP&sock=startd_38494_42bc>
...
001 (5627059.006.000) 02/04 14:30:51 Job executing on host: <128.142.248.192:9618?addrs=128.142.248.192-9618+[2001-1458-301-73--100-bf]-9618&alias=b9g23p1177.cern.ch&noUDP&sock=startd_7105_047b>
...
001 (5627059.003.000) 02/04 14:30:51 Job executing on host: <188.184.162.55:9618?addrs=188.184.162.55-9618+[2001-1458-301-4a--100-31]-9618&alias=b9s11p9862.cern.ch&noUDP&sock=startd_756560_cf7d>
...
040 (5627059.009.000) 02/04 14:30:52 Started transferring input files
	Transferring to host: <128.142.248.106:9618?addrs=128.142.248.106-9618+[2001-1458-301-73--100-15a]-9618&alias=b9g23p1537.cern.ch&noUDP&sock=slot1_2_1643447_d5a7_68975>
...
040 (5627059.005.000) 02/04 14:30:52 Started transferring input files
	Transferring to host: <128.142.248.33:9618?addrs=128.142.248.33-9618+[2001-1458-301-73--100-111]-9618&alias=b9g23p1094.cern.ch&noUDP&sock=slot1_16_8069_1721_67018>
...
040 (5627059.007.000) 02/04 14:30:52 Started transferring input files
	Transferring to host: <188.184.163.14:9618?addrs=188.184.163.14-9618+[2001-1458-301-4d--100-8]-9618&alias=b9s12p8486.cern.ch&noUDP&sock=slot1_5_714128_8769_24803>
...
040 (5627059.008.000) 02/04 14:30:52 Started transferring input files
	Transferring to host: <188.184.163.193:9618?addrs=188.184.163.193-9618+[2001-1458-301-4d--100-bb]-9618&alias=b9s12p8968.cern.ch&noUDP&sock=slot1_23_605830_ca75_25540>
...
040 (5627059.010.000) 02/04 14:30:52 Started transferring input files
	Transferring to host: <188.184.163.165:9618?addrs=188.184.163.165-9618+[2001-1458-301-4d--100-9f]-9618&alias=b9s12p6663.cern.ch&noUDP&sock=slot1_17_668685_d311_25033>
...
040 (5627059.009.000) 02/04 14:30:52 Finished transferring input files
...
040 (5627059.005.000) 02/04 14:30:52 Finished transferring input files
...
040 (5627059.007.000) 02/04 14:30:52 Finished transferring input files
...
040 (5627059.008.000) 02/04 14:30:52 Finished transferring input files
...
040 (5627059.010.000) 02/04 14:30:52 Finished transferring input files
...
001 (5627059.009.000) 02/04 14:30:53 Job executing on host: <128.142.248.106:9618?addrs=128.142.248.106-9618+[2001-1458-301-73--100-15a]-9618&alias=b9g23p1537.cern.ch&noUDP&sock=startd_118418_7a15>
...
001 (5627059.010.000) 02/04 14:30:53 Job executing on host: <188.184.163.165:9618?addrs=188.184.163.165-9618+[2001-1458-301-4d--100-9f]-9618&alias=b9s12p6663.cern.ch&noUDP&sock=startd_668642_600e>
...
001 (5627059.008.000) 02/04 14:30:53 Job executing on host: <188.184.163.193:9618?addrs=188.184.163.193-9618+[2001-1458-301-4d--100-bb]-9618&alias=b9s12p8968.cern.ch&noUDP&sock=startd_605791_d123>
...
001 (5627059.005.000) 02/04 14:30:53 Job executing on host: <128.142.248.33:9618?addrs=128.142.248.33-9618+[2001-1458-301-73--100-111]-9618&alias=b9g23p1094.cern.ch&noUDP&sock=startd_6592_2465>
...
001 (5627059.007.000) 02/04 14:30:53 Job executing on host: <188.184.163.14:9618?addrs=188.184.163.14-9618+[2001-1458-301-4d--100-8]-9618&alias=b9s12p8486.cern.ch&noUDP&sock=startd_714090_ec4a>
...
040 (5627059.011.000) 02/04 14:30:54 Started transferring input files
	Transferring to host: <128.142.193.151:9618?addrs=128.142.193.151-9618+[2001-1458-301-8--100-13]-9618&alias=b9g21p6726.cern.ch&noUDP&sock=slot1_4_3662964_4152_11793>
...
040 (5627059.011.000) 02/04 14:30:54 Finished transferring input files
...
040 (5627059.012.000) 02/04 14:30:54 Started transferring input files
	Transferring to host: <128.142.60.118:9618?addrs=128.142.60.118-9618+[2001-1458-301-22--100-75]-9618&alias=b9s05p1147.cern.ch&noUDP&sock=slot1_21_753213_727e_26655>
...
040 (5627059.012.000) 02/04 14:30:54 Finished transferring input files
...
040 (5627059.013.000) 02/04 14:30:54 Started transferring input files
	Transferring to host: <128.142.60.144:9618?addrs=128.142.60.144-9618+[2001-1458-301-22--100-8f]-9618&alias=b9s05p4462.cern.ch&noUDP&sock=slot1_8_205934_e1ef_26842>
...
040 (5627059.013.000) 02/04 14:30:54 Finished transferring input files
...
040 (5627059.024.000) 02/04 14:30:54 Started transferring input files
	Transferring to host: <188.184.162.203:9618?addrs=188.184.162.203-9618+[2001-1458-301-4a--100-c5]-9618&alias=b9s11p9865.cern.ch&noUDP&sock=slot1_5_524329_f6a3_25337>
...
040 (5627059.024.000) 02/04 14:30:54 Finished transferring input files
...
040 (5627059.014.000) 02/04 14:30:54 Started transferring input files
	Transferring to host: <128.142.60.122:9618?addrs=128.142.60.122-9618+[2001-1458-301-22--100-79]-9618&alias=b9s05p3778.cern.ch&noUDP&sock=slot1_11_433447_5f73_26601>
...
040 (5627059.014.000) 02/04 14:30:54 Finished transferring input files
...
040 (5627059.015.000) 02/04 14:30:54 Started transferring input files
	Transferring to host: <128.142.60.149:9618?addrs=128.142.60.149-9618+[2001-1458-301-22--100-94]-9618&alias=b9s05p3079.cern.ch&noUDP&sock=slot1_2_3430093_91b5_26718>
...
040 (5627059.015.000) 02/04 14:30:54 Finished transferring input files
...
040 (5627059.016.000) 02/04 14:30:54 Started transferring input files
	Transferring to host: <128.142.60.102:9618?addrs=128.142.60.102-9618+[2001-1458-301-22--100-65]-9618&alias=b9s05p3148.cern.ch&noUDP&sock=slot1_16_453220_3d77_25876>
...
040 (5627059.016.000) 02/04 14:30:54 Finished transferring input files
...
001 (5627059.011.000) 02/04 14:30:55 Job executing on host: <128.142.193.151:9618?addrs=128.142.193.151-9618+[2001-1458-301-8--100-13]-9618&alias=b9g21p6726.cern.ch&noUDP&sock=startd_3543_c822>
...
001 (5627059.012.000) 02/04 14:30:55 Job executing on host: <128.142.60.118:9618?addrs=128.142.60.118-9618+[2001-1458-301-22--100-75]-9618&alias=b9s05p1147.cern.ch&noUDP&sock=startd_753175_fb68>
...
001 (5627059.013.000) 02/04 14:30:55 Job executing on host: <128.142.60.144:9618?addrs=128.142.60.144-9618+[2001-1458-301-22--100-8f]-9618&alias=b9s05p4462.cern.ch&noUDP&sock=startd_205894_bca8>
...
001 (5627059.024.000) 02/04 14:30:55 Job executing on host: <188.184.162.203:9618?addrs=188.184.162.203-9618+[2001-1458-301-4a--100-c5]-9618&alias=b9s11p9865.cern.ch&noUDP&sock=startd_524290_e8ef>
...
001 (5627059.014.000) 02/04 14:30:55 Job executing on host: <128.142.60.122:9618?addrs=128.142.60.122-9618+[2001-1458-301-22--100-79]-9618&alias=b9s05p3778.cern.ch&noUDP&sock=startd_433406_0b99>
...
001 (5627059.015.000) 02/04 14:30:55 Job executing on host: <128.142.60.149:9618?addrs=128.142.60.149-9618+[2001-1458-301-22--100-94]-9618&alias=b9s05p3079.cern.ch&noUDP&sock=startd_3430054_52a4>
...
001 (5627059.016.000) 02/04 14:30:55 Job executing on host: <128.142.60.102:9618?addrs=128.142.60.102-9618+[2001-1458-301-22--100-65]-9618&alias=b9s05p3148.cern.ch&noUDP&sock=startd_453179_adbc>
...
040 (5627059.018.000) 02/04 14:30:55 Started transferring input files
	Transferring to host: <128.142.60.34:9618?addrs=128.142.60.34-9618+[2001-1458-301-22--100-21]-9618&alias=b9s05p1331.cern.ch&noUDP&sock=slot1_16_729598_8b1e_26328>
...
040 (5627059.018.000) 02/04 14:30:55 Finished transferring input files
...
040 (5627059.017.000) 02/04 14:30:55 Started transferring input files
	Transferring to host: <128.142.60.11:9618?addrs=128.142.60.11-9618+[2001-1458-301-22--100-a]-9618&alias=b9s05p4278.cern.ch&noUDP&sock=slot1_1_475903_7732_26709>
...
040 (5627059.017.000) 02/04 14:30:55 Finished transferring input files
...
001 (5627059.018.000) 02/04 14:30:56 Job executing on host: <128.142.60.34:9618?addrs=128.142.60.34-9618+[2001-1458-301-22--100-21]-9618&alias=b9s05p1331.cern.ch&noUDP&sock=startd_729559_5ed0>
...
001 (5627059.017.000) 02/04 14:30:56 Job executing on host: <128.142.60.11:9618?addrs=128.142.60.11-9618+[2001-1458-301-22--100-a]-9618&alias=b9s05p4278.cern.ch&noUDP&sock=startd_475865_6341>
...
040 (5627059.019.000) 02/04 14:30:56 Started transferring input files
	Transferring to host: <128.142.60.61:9618?addrs=128.142.60.61-9618+[2001-1458-301-22--100-3c]-9618&alias=b9s05p4143.cern.ch&noUDP&sock=slot1_14_689186_a233_26427>
...
040 (5627059.019.000) 02/04 14:30:56 Finished transferring input files
...
040 (5627059.021.000) 02/04 14:30:56 Started transferring input files
	Transferring to host: <128.142.60.78:9618?addrs=128.142.60.78-9618+[2001-1458-301-22--100-4d]-9618&alias=b9s05p1540.cern.ch&noUDP&sock=slot1_5_118728_5dd5_26480>
...
040 (5627059.021.000) 02/04 14:30:56 Finished transferring input files
...
040 (5627059.020.000) 02/04 14:30:56 Started transferring input files
	Transferring to host: <128.142.60.105:9618?addrs=128.142.60.105-9618+[2001-1458-301-22--100-68]-9618&alias=b9s05p4541.cern.ch&noUDP&sock=slot1_17_131980_9970_25713>
...
040 (5627059.020.000) 02/04 14:30:56 Finished transferring input files
...
040 (5627059.022.000) 02/04 14:30:57 Started transferring input files
	Transferring to host: <128.142.60.145:9618?addrs=128.142.60.145-9618+[2001-1458-301-22--100-90]-9618&alias=b9s05p2653.cern.ch&noUDP&sock=slot1_9_670895_f82b_26736>
...
040 (5627059.022.000) 02/04 14:30:57 Finished transferring input files
...
040 (5627059.023.000) 02/04 14:30:57 Started transferring input files
	Transferring to host: <128.142.60.42:9618?addrs=128.142.60.42-9618+[2001-1458-301-22--100-29]-9618&alias=b9s05p4829.cern.ch&noUDP&sock=slot1_24_226812_5280_26025>
...
040 (5627059.023.000) 02/04 14:30:57 Finished transferring input files
...
001 (5627059.019.000) 02/04 14:30:57 Job executing on host: <128.142.60.61:9618?addrs=128.142.60.61-9618+[2001-1458-301-22--100-3c]-9618&alias=b9s05p4143.cern.ch&noUDP&sock=startd_689147_1985>
...
001 (5627059.021.000) 02/04 14:30:57 Job executing on host: <128.142.60.78:9618?addrs=128.142.60.78-9618+[2001-1458-301-22--100-4d]-9618&alias=b9s05p1540.cern.ch&noUDP&sock=startd_118688_aca7>
...
001 (5627059.020.000) 02/04 14:30:57 Job executing on host: <128.142.60.105:9618?addrs=128.142.60.105-9618+[2001-1458-301-22--100-68]-9618&alias=b9s05p4541.cern.ch&noUDP&sock=startd_131941_214d>
...
040 (5627059.002.000) 02/04 14:30:57 Started transferring input files
	Transferring to host: <128.142.248.37:9618?addrs=128.142.248.37-9618+[2001-1458-301-73--100-115]-9618&alias=b9g23p1754.cern.ch&noUDP&sock=slot1_13_7512_a22b_46986>
...
040 (5627059.002.000) 02/04 14:30:57 Finished transferring input files
...
001 (5627059.022.000) 02/04 14:30:58 Job executing on host: <128.142.60.145:9618?addrs=128.142.60.145-9618+[2001-1458-301-22--100-90]-9618&alias=b9s05p2653.cern.ch&noUDP&sock=startd_670856_febc>
...
001 (5627059.023.000) 02/04 14:30:58 Job executing on host: <128.142.60.42:9618?addrs=128.142.60.42-9618+[2001-1458-301-22--100-29]-9618&alias=b9s05p4829.cern.ch&noUDP&sock=startd_226773_fe8a>
...
001 (5627059.002.000) 02/04 14:30:58 Job executing on host: <128.142.248.37:9618?addrs=128.142.248.37-9618+[2001-1458-301-73--100-115]-9618&alias=b9g23p1754.cern.ch&noUDP&sock=startd_6448_5ec2>
...
006 (5627059.000.000) 02/04 14:31:00 Image size of job updated: 488352
	477  -  MemoryUsage of job (MB)
	488348  -  ResidentSetSize of job (KB)
...
006 (5627059.001.000) 02/04 14:31:00 Image size of job updated: 474436
	463  -  MemoryUsage of job (MB)
	473928  -  ResidentSetSize of job (KB)
...
006 (5627059.004.000) 02/04 14:31:00 Image size of job updated: 455368
	445  -  MemoryUsage of job (MB)
	455368  -  ResidentSetSize of job (KB)
...
006 (5627059.006.000) 02/04 14:31:00 Image size of job updated: 488292
	477  -  MemoryUsage of job (MB)
	488292  -  ResidentSetSize of job (KB)
...
006 (5627059.003.000) 02/04 14:31:01 Image size of job updated: 12812
	11  -  MemoryUsage of job (MB)
	10912  -  ResidentSetSize of job (KB)
...
006 (5627059.010.000) 02/04 14:31:02 Image size of job updated: 446900
	437  -  MemoryUsage of job (MB)
	446648  -  ResidentSetSize of job (KB)
...
006 (5627059.008.000) 02/04 14:31:02 Image size of job updated: 483848
	473  -  MemoryUsage of job (MB)
	483600  -  ResidentSetSize of job (KB)
...
006 (5627059.007.000) 02/04 14:31:02 Image size of job updated: 485984
	475  -  MemoryUsage of job (MB)
	485484  -  ResidentSetSize of job (KB)
...
006 (5627059.009.000) 02/04 14:31:02 Image size of job updated: 503788
	484  -  MemoryUsage of job (MB)
	495000  -  ResidentSetSize of job (KB)
...
006 (5627059.005.000) 02/04 14:31:02 Image size of job updated: 348044
	340  -  MemoryUsage of job (MB)
	348012  -  ResidentSetSize of job (KB)
...
006 (5627059.011.000) 02/04 14:31:03 Image size of job updated: 483936
	473  -  MemoryUsage of job (MB)
	483432  -  ResidentSetSize of job (KB)
...
006 (5627059.012.000) 02/04 14:31:03 Image size of job updated: 488368
	477  -  MemoryUsage of job (MB)
	488112  -  ResidentSetSize of job (KB)
...
006 (5627059.013.000) 02/04 14:31:03 Image size of job updated: 481640
	471  -  MemoryUsage of job (MB)
	481640  -  ResidentSetSize of job (KB)
...
006 (5627059.024.000) 02/04 14:31:03 Image size of job updated: 488564
	477  -  MemoryUsage of job (MB)
	488312  -  ResidentSetSize of job (KB)
...
006 (5627059.014.000) 02/04 14:31:03 Image size of job updated: 485756
	475  -  MemoryUsage of job (MB)
	485508  -  ResidentSetSize of job (KB)
...
006 (5627059.015.000) 02/04 14:31:04 Image size of job updated: 484648
	474  -  MemoryUsage of job (MB)
	484396  -  ResidentSetSize of job (KB)
...
006 (5627059.016.000) 02/04 14:31:04 Image size of job updated: 485664
	475  -  MemoryUsage of job (MB)
	485416  -  ResidentSetSize of job (KB)
...
006 (5627059.018.000) 02/04 14:31:05 Image size of job updated: 483044
	471  -  MemoryUsage of job (MB)
	482112  -  ResidentSetSize of job (KB)
...
006 (5627059.017.000) 02/04 14:31:05 Image size of job updated: 473212
	462  -  MemoryUsage of job (MB)
	472580  -  ResidentSetSize of job (KB)
...
006 (5627059.022.000) 02/04 14:31:06 Image size of job updated: 480568
	469  -  MemoryUsage of job (MB)
	479868  -  ResidentSetSize of job (KB)
...
006 (5627059.019.000) 02/04 14:31:06 Image size of job updated: 465520
	455  -  MemoryUsage of job (MB)
	465268  -  ResidentSetSize of job (KB)
...
006 (5627059.021.000) 02/04 14:31:06 Image size of job updated: 471460
	451  -  MemoryUsage of job (MB)
	461080  -  ResidentSetSize of job (KB)
...
006 (5627059.020.000) 02/04 14:31:06 Image size of job updated: 485788
	475  -  MemoryUsage of job (MB)
	485536  -  ResidentSetSize of job (KB)
...
006 (5627059.023.000) 02/04 14:31:07 Image size of job updated: 480904
	470  -  MemoryUsage of job (MB)
	480652  -  ResidentSetSize of job (KB)
...
006 (5627059.002.000) 02/04 14:31:07 Image size of job updated: 15124
	15  -  MemoryUsage of job (MB)
	15076  -  ResidentSetSize of job (KB)
...
006 (5627059.023.000) 02/04 14:32:33 Image size of job updated: 906744
	612  -  MemoryUsage of job (MB)
	625992  -  ResidentSetSize of job (KB)
...
040 (5627059.023.000) 02/04 14:32:33 Started transferring output files
...
040 (5627059.023.000) 02/04 14:32:33 Finished transferring output files
...
005 (5627059.023.000) 02/04 14:32:33 Job terminated.
	(1) Normal termination (return value 0)
		Usr 0 00:00:12, Sys 0 00:00:03  -  Run Remote Usage
		Usr 0 00:00:00, Sys 0 00:00:00  -  Run Local Usage
		Usr 0 00:00:12, Sys 0 00:00:03  -  Total Remote Usage
		Usr 0 00:00:00, Sys 0 00:00:00  -  Total Local Usage
	25916  -  Run Bytes Sent By Job
	2138  -  Run Bytes Received By Job
	25916  -  Total Bytes Sent By Job
	2138  -  Total Bytes Received By Job
	Partitionable Resources :    Usage  Request Allocated 
	   Cpus                 :        0        2         2 
	   Disk (KB)            :       48        3   2886103 
	   Memory (MB)          :      612     4096      4100 

	Job terminated of its own accord at 2024-02-04T13:32:33Z.
...
006 (5627059.021.000) 02/04 14:33:05 Image size of job updated: 3483468
	2589  -  MemoryUsage of job (MB)
	2650680  -  ResidentSetSize of job (KB)
...
040 (5627059.021.000) 02/04 14:33:05 Started transferring output files
...
040 (5627059.021.000) 02/04 14:33:05 Finished transferring output files
...
005 (5627059.021.000) 02/04 14:33:05 Job terminated.
	(1) Normal termination (return value 0)
		Usr 0 00:01:20, Sys 0 00:00:09  -  Run Remote Usage
		Usr 0 00:00:00, Sys 0 00:00:00  -  Run Local Usage
		Usr 0 00:01:20, Sys 0 00:00:09  -  Total Remote Usage
		Usr 0 00:00:00, Sys 0 00:00:00  -  Total Local Usage
	30639  -  Run Bytes Sent By Job
	2138  -  Run Bytes Received By Job
	30639  -  Total Bytes Sent By Job
	2138  -  Total Bytes Received By Job
	Partitionable Resources :    Usage  Request Allocated 
	   Cpus                 :        0        2         2 
	   Disk (KB)            :       53        3   2859779 
	   Memory (MB)          :     2589     4096      4100 

	Job terminated of its own accord at 2024-02-04T13:33:05Z.
...
006 (5627059.010.000) 02/04 14:33:19 Image size of job updated: 2086132
	1044  -  MemoryUsage of job (MB)
	1068536  -  ResidentSetSize of job (KB)
...
040 (5627059.010.000) 02/04 14:33:19 Started transferring output files
...
040 (5627059.010.000) 02/04 14:33:19 Finished transferring output files
...
005 (5627059.010.000) 02/04 14:33:19 Job terminated.
	(1) Normal termination (return value 0)
		Usr 0 00:01:53, Sys 0 00:00:08  -  Run Remote Usage
		Usr 0 00:00:00, Sys 0 00:00:00  -  Run Local Usage
		Usr 0 00:01:53, Sys 0 00:00:08  -  Total Remote Usage
		Usr 0 00:00:00, Sys 0 00:00:00  -  Total Local Usage
	22436  -  Run Bytes Sent By Job
	2138  -  Run Bytes Received By Job
	22436  -  Total Bytes Sent By Job
	2138  -  Total Bytes Received By Job
	Partitionable Resources :    Usage  Request Allocated 
	   Cpus                 :        0        2         2 
	   Disk (KB)            :       45        3   3019602 
	   Memory (MB)          :     1044     4096      4100 

	Job terminated of its own accord at 2024-02-04T13:33:19Z.
...
006 (5627059.006.000) 02/04 14:33:25 Image size of job updated: 3364044
	2535  -  MemoryUsage of job (MB)
	2595612  -  ResidentSetSize of job (KB)
...
040 (5627059.006.000) 02/04 14:33:25 Started transferring output files
...
040 (5627059.006.000) 02/04 14:33:25 Finished transferring output files
...
005 (5627059.006.000) 02/04 14:33:25 Job terminated.
	(1) Normal termination (return value 0)
		Usr 0 00:01:59, Sys 0 00:00:07  -  Run Remote Usage
		Usr 0 00:00:00, Sys 0 00:00:00  -  Run Local Usage
		Usr 0 00:01:59, Sys 0 00:00:07  -  Total Remote Usage
		Usr 0 00:00:00, Sys 0 00:00:00  -  Total Local Usage
	22438  -  Run Bytes Sent By Job
	2138  -  Run Bytes Received By Job
	22438  -  Total Bytes Sent By Job
	2138  -  Total Bytes Received By Job
	Partitionable Resources :    Usage  Request Allocated 
	   Cpus                 :                 2         2 
	   Disk (KB)            :       37        3   2901470 
	   Memory (MB)          :     2535     4096      4100 

	Job terminated of its own accord at 2024-02-04T13:33:25Z.
...
006 (5627059.024.000) 02/04 14:33:26 Image size of job updated: 751572
	484  -  MemoryUsage of job (MB)
	495252  -  ResidentSetSize of job (KB)
...
040 (5627059.024.000) 02/04 14:33:26 Started transferring output files
...
040 (5627059.024.000) 02/04 14:33:26 Finished transferring output files
...
005 (5627059.024.000) 02/04 14:33:26 Job terminated.
	(1) Normal termination (return value 0)
		Usr 0 00:00:18, Sys 0 00:00:02  -  Run Remote Usage
		Usr 0 00:00:00, Sys 0 00:00:00  -  Run Local Usage
		Usr 0 00:00:18, Sys 0 00:00:02  -  Total Remote Usage
		Usr 0 00:00:00, Sys 0 00:00:00  -  Total Local Usage
	25805  -  Run Bytes Sent By Job
	2138  -  Run Bytes Received By Job
	25805  -  Total Bytes Sent By Job
	2138  -  Total Bytes Received By Job
	Partitionable Resources :    Usage  Request Allocated 
	   Cpus                 :        0        2         2 
	   Disk (KB)            :       48        3   3042429 
	   Memory (MB)          :      484     4096      4100 

	Job terminated of its own accord at 2024-02-04T13:33:26Z.
...
006 (5627059.016.000) 02/04 14:33:38 Image size of job updated: 3464472
	2617  -  MemoryUsage of job (MB)
	2679804  -  ResidentSetSize of job (KB)
...
040 (5627059.016.000) 02/04 14:33:39 Started transferring output files
...
040 (5627059.016.000) 02/04 14:33:44 Finished transferring output files
...
005 (5627059.016.000) 02/04 14:33:44 Job terminated.
	(1) Normal termination (return value 0)
		Usr 0 00:01:16, Sys 0 00:00:08  -  Run Remote Usage
		Usr 0 00:00:00, Sys 0 00:00:00  -  Run Local Usage
		Usr 0 00:01:16, Sys 0 00:00:08  -  Total Remote Usage
		Usr 0 00:00:00, Sys 0 00:00:00  -  Total Local Usage
	22486  -  Run Bytes Sent By Job
	2138  -  Run Bytes Received By Job
	22486  -  Total Bytes Sent By Job
	2138  -  Total Bytes Received By Job
	Partitionable Resources :    Usage  Request Allocated 
	   Cpus                 :     0.96        2         2 
	   Disk (KB)            :    45           3   2888368 
	   Memory (MB)          :  2617        4096      4100 

	Job terminated of its own accord at 2024-02-04T13:33:38Z.
...
006 (5627059.015.000) 02/04 14:33:48 Image size of job updated: 3508836
	2640  -  MemoryUsage of job (MB)
	2703136  -  ResidentSetSize of job (KB)
...
040 (5627059.015.000) 02/04 14:33:48 Started transferring output files
...
040 (5627059.015.000) 02/04 14:33:48 Finished transferring output files
...
005 (5627059.015.000) 02/04 14:33:48 Job terminated.
	(1) Normal termination (return value 0)
		Usr 0 00:01:19, Sys 0 00:00:10  -  Run Remote Usage
		Usr 0 00:00:00, Sys 0 00:00:00  -  Run Local Usage
		Usr 0 00:01:19, Sys 0 00:00:10  -  Total Remote Usage
		Usr 0 00:00:00, Sys 0 00:00:00  -  Total Local Usage
	26443  -  Run Bytes Sent By Job
	2138  -  Run Bytes Received By Job
	26443  -  Total Bytes Sent By Job
	2138  -  Total Bytes Received By Job
	Partitionable Resources :    Usage  Request Allocated 
	   Cpus                 :        0        2         2 
	   Disk (KB)            :       49        3   2897064 
	   Memory (MB)          :     2640     4096      4100 

	Job terminated of its own accord at 2024-02-04T13:33:48Z.
...
006 (5627059.008.000) 02/04 14:33:56 Image size of job updated: 3611868
	2771  -  MemoryUsage of job (MB)
	2837092  -  ResidentSetSize of job (KB)
...
040 (5627059.008.000) 02/04 14:33:56 Started transferring output files
...
040 (5627059.008.000) 02/04 14:33:56 Finished transferring output files
...
005 (5627059.008.000) 02/04 14:33:56 Job terminated.
	(1) Normal termination (return value 0)
		Usr 0 00:01:39, Sys 0 00:00:05  -  Run Remote Usage
		Usr 0 00:00:00, Sys 0 00:00:00  -  Run Local Usage
		Usr 0 00:01:39, Sys 0 00:00:05  -  Total Remote Usage
		Usr 0 00:00:00, Sys 0 00:00:00  -  Total Local Usage
	22442  -  Run Bytes Sent By Job
	2138  -  Run Bytes Received By Job
	22442  -  Total Bytes Sent By Job
	2138  -  Total Bytes Received By Job
	Partitionable Resources :    Usage  Request Allocated 
	   Cpus                 :        0        2         2 
	   Disk (KB)            :       45        3   3030231 
	   Memory (MB)          :     2771     4096      4100 

	Job terminated of its own accord at 2024-02-04T13:33:56Z.
...
006 (5627059.013.000) 02/04 14:34:01 Image size of job updated: 3430376
	2556  -  MemoryUsage of job (MB)
	2616936  -  ResidentSetSize of job (KB)
...
040 (5627059.013.000) 02/04 14:34:01 Started transferring output files
...
040 (5627059.013.000) 02/04 14:34:01 Finished transferring output files
...
005 (5627059.013.000) 02/04 14:34:01 Job terminated.
	(1) Normal termination (return value 0)
		Usr 0 00:01:23, Sys 0 00:00:11  -  Run Remote Usage
		Usr 0 00:00:00, Sys 0 00:00:00  -  Run Local Usage
		Usr 0 00:01:23, Sys 0 00:00:11  -  Total Remote Usage
		Usr 0 00:00:00, Sys 0 00:00:00  -  Total Local Usage
	26450  -  Run Bytes Sent By Job
	2138  -  Run Bytes Received By Job
	26450  -  Total Bytes Sent By Job
	2138  -  Total Bytes Received By Job
	Partitionable Resources :    Usage  Request Allocated 
	   Cpus                 :     0.02        2         2 
	   Disk (KB)            :    49           3   2850747 
	   Memory (MB)          :  2556        4096      4100 

	Job terminated of its own accord at 2024-02-04T13:34:01Z.
...
006 (5627059.012.000) 02/04 14:34:02 Image size of job updated: 3101824
	2272  -  MemoryUsage of job (MB)
	2326280  -  ResidentSetSize of job (KB)
...
040 (5627059.012.000) 02/04 14:34:03 Started transferring output files
...
040 (5627059.012.000) 02/04 14:34:03 Finished transferring output files
...
005 (5627059.012.000) 02/04 14:34:03 Job terminated.
	(1) Normal termination (return value 0)
		Usr 0 00:01:15, Sys 0 00:00:07  -  Run Remote Usage
		Usr 0 00:00:00, Sys 0 00:00:00  -  Run Local Usage
		Usr 0 00:01:15, Sys 0 00:00:07  -  Total Remote Usage
		Usr 0 00:00:00, Sys 0 00:00:00  -  Total Local Usage
	22483  -  Run Bytes Sent By Job
	2138  -  Run Bytes Received By Job
	22483  -  Total Bytes Sent By Job
	2138  -  Total Bytes Received By Job
	Partitionable Resources :    Usage  Request Allocated 
	   Cpus                 :     0.04        2         2 
	   Disk (KB)            :    45           3   2819944 
	   Memory (MB)          :  2272        4096      4100 

	Job terminated of its own accord at 2024-02-04T13:34:02Z.
...
006 (5627059.004.000) 02/04 14:34:11 Image size of job updated: 3525276
	2677  -  MemoryUsage of job (MB)
	2740896  -  ResidentSetSize of job (KB)
...
040 (5627059.004.000) 02/04 14:34:11 Started transferring output files
...
040 (5627059.004.000) 02/04 14:34:11 Finished transferring output files
...
005 (5627059.004.000) 02/04 14:34:11 Job terminated.
	(1) Normal termination (return value 0)
		Usr 0 00:01:49, Sys 0 00:00:07  -  Run Remote Usage
		Usr 0 00:00:00, Sys 0 00:00:00  -  Run Local Usage
		Usr 0 00:01:49, Sys 0 00:00:07  -  Total Remote Usage
		Usr 0 00:00:00, Sys 0 00:00:00  -  Total Local Usage
	22441  -  Run Bytes Sent By Job
	2138  -  Run Bytes Received By Job
	22441  -  Total Bytes Sent By Job
	2138  -  Total Bytes Received By Job
	Partitionable Resources :    Usage  Request Allocated 
	   Cpus                 :        0        2         2 
	   Disk (KB)            :       45        3   2973620 
	   Memory (MB)          :     2677     4096      4100 

	Job terminated of its own accord at 2024-02-04T13:34:11Z.
...
006 (5627059.019.000) 02/04 14:34:15 Image size of job updated: 3396396
	2561  -  MemoryUsage of job (MB)
	2622200  -  ResidentSetSize of job (KB)
...
040 (5627059.019.000) 02/04 14:34:15 Started transferring output files
...
040 (5627059.019.000) 02/04 14:34:15 Finished transferring output files
...
005 (5627059.019.000) 02/04 14:34:15 Job terminated.
	(1) Normal termination (return value 0)
		Usr 0 00:01:20, Sys 0 00:00:10  -  Run Remote Usage
		Usr 0 00:00:00, Sys 0 00:00:00  -  Run Local Usage
		Usr 0 00:01:20, Sys 0 00:00:10  -  Total Remote Usage
		Usr 0 00:00:00, Sys 0 00:00:00  -  Total Local Usage
	22483  -  Run Bytes Sent By Job
	2138  -  Run Bytes Received By Job
	22483  -  Total Bytes Sent By Job
	2138  -  Total Bytes Received By Job
	Partitionable Resources :    Usage  Request Allocated 
	   Cpus                 :     0.08        2         2 
	   Disk (KB)            :    45           3   2858919 
	   Memory (MB)          :  2561        4096      4100 

	Job terminated of its own accord at 2024-02-04T13:34:15Z.
...
006 (5627059.009.000) 02/04 14:34:23 Image size of job updated: 3501428
	2662  -  MemoryUsage of job (MB)
	2725580  -  ResidentSetSize of job (KB)
...
040 (5627059.009.000) 02/04 14:34:23 Started transferring output files
...
040 (5627059.009.000) 02/04 14:34:23 Finished transferring output files
...
005 (5627059.009.000) 02/04 14:34:23 Job terminated.
	(1) Normal termination (return value 0)
		Usr 0 00:01:59, Sys 0 00:00:09  -  Run Remote Usage
		Usr 0 00:00:00, Sys 0 00:00:00  -  Run Local Usage
		Usr 0 00:01:59, Sys 0 00:00:09  -  Total Remote Usage
		Usr 0 00:00:00, Sys 0 00:00:00  -  Total Local Usage
	22439  -  Run Bytes Sent By Job
	2138  -  Run Bytes Received By Job
	22439  -  Total Bytes Sent By Job
	2138  -  Total Bytes Received By Job
	Partitionable Resources :    Usage  Request Allocated 
	   Cpus                 :                 2         2 
	   Disk (KB)            :       37        3   3056061 
	   Memory (MB)          :     2662     4096      4100 

	Job terminated of its own accord at 2024-02-04T13:34:23Z.
...
006 (5627059.007.000) 02/04 14:34:24 Image size of job updated: 2991460
	2117  -  MemoryUsage of job (MB)
	2167204  -  ResidentSetSize of job (KB)
...
040 (5627059.007.000) 02/04 14:34:24 Started transferring output files
...
040 (5627059.007.000) 02/04 14:34:24 Finished transferring output files
...
005 (5627059.007.000) 02/04 14:34:24 Job terminated.
	(1) Normal termination (return value 0)
		Usr 0 00:02:00, Sys 0 00:00:07  -  Run Remote Usage
		Usr 0 00:00:00, Sys 0 00:00:00  -  Run Local Usage
		Usr 0 00:02:00, Sys 0 00:00:07  -  Total Remote Usage
		Usr 0 00:00:00, Sys 0 00:00:00  -  Total Local Usage
	26434  -  Run Bytes Sent By Job
	2138  -  Run Bytes Received By Job
	26434  -  Total Bytes Sent By Job
	2138  -  Total Bytes Received By Job
	Partitionable Resources :    Usage  Request Allocated 
	   Cpus                 :     0.97        2         2 
	   Disk (KB)            :    49           3   2987088 
	   Memory (MB)          :  2117        4096      4100 

	Job terminated of its own accord at 2024-02-04T13:34:24Z.
...
006 (5627059.011.000) 02/04 14:34:50 Image size of job updated: 3621360
	2766  -  MemoryUsage of job (MB)
	2831824  -  ResidentSetSize of job (KB)
...
040 (5627059.011.000) 02/04 14:34:50 Started transferring output files
...
040 (5627059.011.000) 02/04 14:34:50 Finished transferring output files
...
005 (5627059.011.000) 02/04 14:34:51 Job terminated.
	(1) Normal termination (return value 0)
		Usr 0 00:02:04, Sys 0 00:00:09  -  Run Remote Usage
		Usr 0 00:00:00, Sys 0 00:00:00  -  Run Local Usage
		Usr 0 00:02:04, Sys 0 00:00:09  -  Total Remote Usage
		Usr 0 00:00:00, Sys 0 00:00:00  -  Total Local Usage
	22475  -  Run Bytes Sent By Job
	2138  -  Run Bytes Received By Job
	22475  -  Total Bytes Sent By Job
	2138  -  Total Bytes Received By Job
	Partitionable Resources :    Usage  Request Allocated 
	   Cpus                 :     0.03        2         2 
	   Disk (KB)            :    45           3   1299826 
	   Memory (MB)          :  2766        4096      4100 

	Job terminated of its own accord at 2024-02-04T13:34:50Z.
...
006 (5627059.002.000) 02/04 14:34:52 Image size of job updated: 3133388
	2288  -  MemoryUsage of job (MB)
	2342568  -  ResidentSetSize of job (KB)
...
040 (5627059.002.000) 02/04 14:34:52 Started transferring output files
...
040 (5627059.002.000) 02/04 14:34:52 Finished transferring output files
...
005 (5627059.002.000) 02/04 14:34:52 Job terminated.
	(1) Normal termination (return value 0)
		Usr 0 00:01:59, Sys 0 00:00:07  -  Run Remote Usage
		Usr 0 00:00:00, Sys 0 00:00:00  -  Run Local Usage
		Usr 0 00:01:59, Sys 0 00:00:07  -  Total Remote Usage
		Usr 0 00:00:00, Sys 0 00:00:00  -  Total Local Usage
	22438  -  Run Bytes Sent By Job
	2138  -  Run Bytes Received By Job
	22438  -  Total Bytes Sent By Job
	2138  -  Total Bytes Received By Job
	Partitionable Resources :    Usage  Request Allocated 
	   Cpus                 :                 2         2 
	   Disk (KB)            :       37        3   2930708 
	   Memory (MB)          :     2288     4096      4100 

	Job terminated of its own accord at 2024-02-04T13:34:52Z.
...
006 (5627059.018.000) 02/04 14:34:59 Image size of job updated: 1943656
	573  -  MemoryUsage of job (MB)
	586484  -  ResidentSetSize of job (KB)
...
040 (5627059.018.000) 02/04 14:34:59 Started transferring output files
...
040 (5627059.018.000) 02/04 14:34:59 Finished transferring output files
...
005 (5627059.018.000) 02/04 14:34:59 Job terminated.
	(1) Normal termination (return value 0)
		Usr 0 00:01:33, Sys 0 00:00:06  -  Run Remote Usage
		Usr 0 00:00:00, Sys 0 00:00:00  -  Run Local Usage
		Usr 0 00:01:33, Sys 0 00:00:06  -  Total Remote Usage
		Usr 0 00:00:00, Sys 0 00:00:00  -  Total Local Usage
	25823  -  Run Bytes Sent By Job
	2138  -  Run Bytes Received By Job
	25823  -  Total Bytes Sent By Job
	2138  -  Total Bytes Received By Job
	Partitionable Resources :    Usage  Request Allocated 
	   Cpus                 :     0.31        2         2 
	   Disk (KB)            :    48           3   2859786 
	   Memory (MB)          :   573        4096      4100 

	Job terminated of its own accord at 2024-02-04T13:34:59Z.
...
006 (5627059.001.000) 02/04 14:35:00 Image size of job updated: 3652168
	2749  -  MemoryUsage of job (MB)
	2814956  -  ResidentSetSize of job (KB)
...
040 (5627059.001.000) 02/04 14:35:00 Started transferring output files
...
040 (5627059.001.000) 02/04 14:35:00 Finished transferring output files
...
005 (5627059.001.000) 02/04 14:35:00 Job terminated.
	(1) Normal termination (return value 0)
		Usr 0 00:01:53, Sys 0 00:00:06  -  Run Remote Usage
		Usr 0 00:00:00, Sys 0 00:00:00  -  Run Local Usage
		Usr 0 00:01:53, Sys 0 00:00:06  -  Total Remote Usage
		Usr 0 00:00:00, Sys 0 00:00:00  -  Total Local Usage
	26602  -  Run Bytes Sent By Job
	2138  -  Run Bytes Received By Job
	26602  -  Total Bytes Sent By Job
	2138  -  Total Bytes Received By Job
	Partitionable Resources :    Usage  Request Allocated 
	   Cpus                 :                 2         2 
	   Disk (KB)            :       41        3   2905937 
	   Memory (MB)          :     2749     4096      4100 

	Job terminated of its own accord at 2024-02-04T13:35:00Z.
...
006 (5627059.017.000) 02/04 14:35:08 Image size of job updated: 2344428
	1415  -  MemoryUsage of job (MB)
	1448652  -  ResidentSetSize of job (KB)
...
040 (5627059.017.000) 02/04 14:35:08 Started transferring output files
...
040 (5627059.017.000) 02/04 14:35:08 Finished transferring output files
...
005 (5627059.017.000) 02/04 14:35:08 Job terminated.
	(1) Normal termination (return value 0)
		Usr 0 00:01:49, Sys 0 00:00:06  -  Run Remote Usage
		Usr 0 00:00:00, Sys 0 00:00:00  -  Run Local Usage
		Usr 0 00:01:49, Sys 0 00:00:06  -  Total Remote Usage
		Usr 0 00:00:00, Sys 0 00:00:00  -  Total Local Usage
	25726  -  Run Bytes Sent By Job
	2138  -  Run Bytes Received By Job
	25726  -  Total Bytes Sent By Job
	2138  -  Total Bytes Received By Job
	Partitionable Resources :    Usage  Request Allocated 
	   Cpus                 :        0        2         2 
	   Disk (KB)            :       48        3   2874175 
	   Memory (MB)          :     1415     4096      4100 

	Job terminated of its own accord at 2024-02-04T13:35:08Z.
...
006 (5627059.000.000) 02/04 14:35:41 Image size of job updated: 2903040
	1798  -  MemoryUsage of job (MB)
	1840320  -  ResidentSetSize of job (KB)
...
040 (5627059.000.000) 02/04 14:35:41 Started transferring output files
...
040 (5627059.000.000) 02/04 14:35:41 Finished transferring output files
...
005 (5627059.000.000) 02/04 14:35:41 Job terminated.
	(1) Normal termination (return value 0)
		Usr 0 00:02:08, Sys 0 00:00:08  -  Run Remote Usage
		Usr 0 00:00:00, Sys 0 00:00:00  -  Run Local Usage
		Usr 0 00:02:08, Sys 0 00:00:08  -  Total Remote Usage
		Usr 0 00:00:00, Sys 0 00:00:00  -  Total Local Usage
	26609  -  Run Bytes Sent By Job
	2138  -  Run Bytes Received By Job
	26609  -  Total Bytes Sent By Job
	2138  -  Total Bytes Received By Job
	Partitionable Resources :    Usage  Request Allocated 
	   Cpus                 :     0.04        2         2 
	   Disk (KB)            :    49           3   3023322 
	   Memory (MB)          :  1798        4096      4100 

	Job terminated of its own accord at 2024-02-04T13:35:41Z.
...
006 (5627059.003.000) 02/04 14:36:01 Image size of job updated: 1346148
	1135  -  MemoryUsage of job (MB)
	1161536  -  ResidentSetSize of job (KB)
...
006 (5627059.005.000) 02/04 14:36:03 Image size of job updated: 3049204
	2865  -  MemoryUsage of job (MB)
	2933392  -  ResidentSetSize of job (KB)
...
006 (5627059.014.000) 02/04 14:36:03 Image size of job updated: 3101348
	2936  -  MemoryUsage of job (MB)
	3005540  -  ResidentSetSize of job (KB)
...
006 (5627059.022.000) 02/04 14:36:06 Image size of job updated: 2691152
	2567  -  MemoryUsage of job (MB)
	2627900  -  ResidentSetSize of job (KB)
...
006 (5627059.020.000) 02/04 14:36:07 Image size of job updated: 2594804
	2372  -  MemoryUsage of job (MB)
	2428000  -  ResidentSetSize of job (KB)
...
040 (5627059.020.000) 02/04 14:36:16 Started transferring output files
...
040 (5627059.020.000) 02/04 14:36:18 Finished transferring output files
...
005 (5627059.020.000) 02/04 14:36:25 Job terminated.
	(1) Normal termination (return value 0)
		Usr 0 00:02:07, Sys 0 00:00:06  -  Run Remote Usage
		Usr 0 00:00:00, Sys 0 00:00:00  -  Run Local Usage
		Usr 0 00:02:07, Sys 0 00:00:06  -  Total Remote Usage
		Usr 0 00:00:00, Sys 0 00:00:00  -  Total Local Usage
	25980  -  Run Bytes Sent By Job
	2138  -  Run Bytes Received By Job
	25980  -  Total Bytes Sent By Job
	2138  -  Total Bytes Received By Job
	Partitionable Resources :    Usage  Request Allocated 
	   Cpus                 :        0        2         2 
	   Disk (KB)            :       48        3   2872238 
	   Memory (MB)          :     2372     4096      4100 

	Job terminated of its own accord at 2024-02-04T13:36:15Z.
...
040 (5627059.022.000) 02/04 14:36:38 Started transferring output files
...
040 (5627059.022.000) 02/04 14:36:38 Finished transferring output files
...
005 (5627059.022.000) 02/04 14:36:38 Job terminated.
	(1) Normal termination (return value 0)
		Usr 0 00:02:11, Sys 0 00:00:07  -  Run Remote Usage
		Usr 0 00:00:00, Sys 0 00:00:00  -  Run Local Usage
		Usr 0 00:02:11, Sys 0 00:00:07  -  Total Remote Usage
		Usr 0 00:00:00, Sys 0 00:00:00  -  Total Local Usage
	26077  -  Run Bytes Sent By Job
	2138  -  Run Bytes Received By Job
	26077  -  Total Bytes Sent By Job
	2138  -  Total Bytes Received By Job
	Partitionable Resources :    Usage  Request Allocated 
	   Cpus                 :        0        2         2 
	   Disk (KB)            :       48        3   2912073 
	   Memory (MB)          :     2567     4096      4100 

	Job terminated of its own accord at 2024-02-04T13:36:38Z.
...
006 (5627059.014.000) 02/04 14:36:44 Image size of job updated: 3165432
	2936  -  MemoryUsage of job (MB)
	3005540  -  ResidentSetSize of job (KB)
...
040 (5627059.014.000) 02/04 14:36:45 Started transferring output files
...
040 (5627059.014.000) 02/04 14:36:45 Finished transferring output files
...
005 (5627059.014.000) 02/04 14:36:45 Job terminated.
	(1) Normal termination (return value 0)
		Usr 0 00:03:21, Sys 0 00:00:07  -  Run Remote Usage
		Usr 0 00:00:00, Sys 0 00:00:00  -  Run Local Usage
		Usr 0 00:03:21, Sys 0 00:00:07  -  Total Remote Usage
		Usr 0 00:00:00, Sys 0 00:00:00  -  Total Local Usage
	26088  -  Run Bytes Sent By Job
	2138  -  Run Bytes Received By Job
	26088  -  Total Bytes Sent By Job
	2138  -  Total Bytes Received By Job
	Partitionable Resources :    Usage  Request Allocated 
	   Cpus                 :        0        2         2 
	   Disk (KB)            :       48        3   2872859 
	   Memory (MB)          :     2936     4096      4100 

	Job terminated of its own accord at 2024-02-04T13:36:44Z.
...
006 (5627059.005.000) 02/04 14:40:01 Image size of job updated: 3366420
	2865  -  MemoryUsage of job (MB)
	2933392  -  ResidentSetSize of job (KB)
...
040 (5627059.005.000) 02/04 14:40:01 Started transferring output files
...
040 (5627059.005.000) 02/04 14:40:01 Finished transferring output files
...
005 (5627059.005.000) 02/04 14:40:01 Job terminated.
	(1) Normal termination (return value 0)
		Usr 0 00:06:54, Sys 0 00:00:10  -  Run Remote Usage
		Usr 0 00:00:00, Sys 0 00:00:00  -  Run Local Usage
		Usr 0 00:06:54, Sys 0 00:00:10  -  Total Remote Usage
		Usr 0 00:00:00, Sys 0 00:00:00  -  Total Local Usage
	26013  -  Run Bytes Sent By Job
	2138  -  Run Bytes Received By Job
	26013  -  Total Bytes Sent By Job
	2138  -  Total Bytes Received By Job
	Partitionable Resources :    Usage  Request Allocated 
	   Cpus                 :     0.99        2         2 
	   Disk (KB)            :    48           3   2898123 
	   Memory (MB)          :  2865        4096      4100 

	Job terminated of its own accord at 2024-02-04T13:40:01Z.
...
006 (5627059.003.000) 02/04 14:40:01 Image size of job updated: 1554720
	1135  -  MemoryUsage of job (MB)
	1161536  -  ResidentSetSize of job (KB)
...
040 (5627059.003.000) 02/04 14:40:01 Started transferring output files
...
040 (5627059.003.000) 02/04 14:40:01 Finished transferring output files
...
005 (5627059.003.000) 02/04 14:40:01 Job terminated.
	(1) Normal termination (return value 0)
		Usr 0 00:05:36, Sys 0 00:00:09  -  Run Remote Usage
		Usr 0 00:00:00, Sys 0 00:00:00  -  Run Local Usage
		Usr 0 00:05:36, Sys 0 00:00:09  -  Total Remote Usage
		Usr 0 00:00:00, Sys 0 00:00:00  -  Total Local Usage
	25918  -  Run Bytes Sent By Job
	2138  -  Run Bytes Received By Job
	25918  -  Total Bytes Sent By Job
	2138  -  Total Bytes Received By Job
	Partitionable Resources :    Usage  Request Allocated 
	   Cpus                 :                 2         2 
	   Disk (KB)            :       41        3   2995807 
	   Memory (MB)          :     1135     4096      4100 

	Job terminated of its own accord at 2024-02-04T13:40:01Z.
...
