000 (5627665.000.000) 02/05 00:24:39 Job submitted from host: <137.138.55.115:9618?addrs=137.138.55.115-9618+[2001-1458-d00-17--12a]-9618&alias=bigbird23.cern.ch&noUDP&sock=schedd_590833_df83>
...
000 (5627665.001.000) 02/05 00:24:40 Job submitted from host: <137.138.55.115:9618?addrs=137.138.55.115-9618+[2001-1458-d00-17--12a]-9618&alias=bigbird23.cern.ch&noUDP&sock=schedd_590833_df83>
...
000 (5627665.002.000) 02/05 00:24:40 Job submitted from host: <137.138.55.115:9618?addrs=137.138.55.115-9618+[2001-1458-d00-17--12a]-9618&alias=bigbird23.cern.ch&noUDP&sock=schedd_590833_df83>
...
000 (5627665.003.000) 02/05 00:24:40 Job submitted from host: <137.138.55.115:9618?addrs=137.138.55.115-9618+[2001-1458-d00-17--12a]-9618&alias=bigbird23.cern.ch&noUDP&sock=schedd_590833_df83>
...
000 (5627665.004.000) 02/05 00:24:40 Job submitted from host: <137.138.55.115:9618?addrs=137.138.55.115-9618+[2001-1458-d00-17--12a]-9618&alias=bigbird23.cern.ch&noUDP&sock=schedd_590833_df83>
...
000 (5627665.005.000) 02/05 00:24:40 Job submitted from host: <137.138.55.115:9618?addrs=137.138.55.115-9618+[2001-1458-d00-17--12a]-9618&alias=bigbird23.cern.ch&noUDP&sock=schedd_590833_df83>
...
040 (5627665.002.000) 02/05 00:25:30 Started transferring input files
	Transferring to host: <188.184.163.62:9618?addrs=188.184.163.62-9618+[2001-1458-301-4d--100-38]-9618&alias=b9s12p8931.cern.ch&noUDP&sock=slot1_19_564155_fbb6_25732>
...
040 (5627665.002.000) 02/05 00:25:30 Finished transferring input files
...
040 (5627665.003.000) 02/05 00:25:30 Started transferring input files
	Transferring to host: <188.184.162.158:9618?addrs=188.184.162.158-9618+[2001-1458-301-4a--100-98]-9618&alias=b9s11p9800.cern.ch&noUDP&sock=slot1_16_552621_3ca1_25206>
...
040 (5627665.003.000) 02/05 00:25:30 Finished transferring input files
...
040 (5627665.004.000) 02/05 00:25:30 Started transferring input files
	Transferring to host: <188.184.162.203:9618?addrs=188.184.162.203-9618+[2001-1458-301-4a--100-c5]-9618&alias=b9s11p9865.cern.ch&noUDP&sock=slot1_2_524329_f6a3_25766>
...
040 (5627665.004.000) 02/05 00:25:30 Finished transferring input files
...
001 (5627665.002.000) 02/05 00:25:31 Job executing on host: <188.184.163.62:9618?addrs=188.184.163.62-9618+[2001-1458-301-4d--100-38]-9618&alias=b9s12p8931.cern.ch&noUDP&sock=startd_564117_eb53>
...
001 (5627665.003.000) 02/05 00:25:31 Job executing on host: <188.184.162.158:9618?addrs=188.184.162.158-9618+[2001-1458-301-4a--100-98]-9618&alias=b9s11p9800.cern.ch&noUDP&sock=startd_552582_de61>
...
040 (5627665.005.000) 02/05 00:25:31 Started transferring input files
	Transferring to host: <128.142.248.112:9618?addrs=128.142.248.112-9618+[2001-1458-301-73--100-160]-9618&alias=b9g23p1260.cern.ch&noUDP&sock=slot1_7_2035069_f61c_68887>
...
001 (5627665.004.000) 02/05 00:25:31 Job executing on host: <188.184.162.203:9618?addrs=188.184.162.203-9618+[2001-1458-301-4a--100-c5]-9618&alias=b9s11p9865.cern.ch&noUDP&sock=startd_524290_e8ef>
...
040 (5627665.005.000) 02/05 00:25:31 Finished transferring input files
...
040 (5627665.001.000) 02/05 00:25:31 Started transferring input files
	Transferring to host: <188.184.163.184:9618?addrs=188.184.163.184-9618+[2001-1458-301-4d--100-b2]-9618&alias=b9s12p7668.cern.ch&noUDP&sock=slot1_7_695142_2ca5_24943>
...
040 (5627665.001.000) 02/05 00:25:31 Finished transferring input files
...
040 (5627665.000.000) 02/05 00:25:31 Started transferring input files
	Transferring to host: <188.184.163.92:9618?addrs=188.184.163.92-9618+[2001-1458-301-4d--100-56]-9618&alias=b9s12p9868.cern.ch&noUDP&sock=slot1_2_483283_57de_27033>
...
040 (5627665.000.000) 02/05 00:25:31 Finished transferring input files
...
001 (5627665.005.000) 02/05 00:25:32 Job executing on host: <128.142.248.112:9618?addrs=128.142.248.112-9618+[2001-1458-301-73--100-160]-9618&alias=b9g23p1260.cern.ch&noUDP&sock=startd_118653_aad6>
...
001 (5627665.001.000) 02/05 00:25:32 Job executing on host: <188.184.163.184:9618?addrs=188.184.163.184-9618+[2001-1458-301-4d--100-b2]-9618&alias=b9s12p7668.cern.ch&noUDP&sock=startd_695102_bbff>
...
001 (5627665.000.000) 02/05 00:25:32 Job executing on host: <188.184.163.92:9618?addrs=188.184.163.92-9618+[2001-1458-301-4d--100-56]-9618&alias=b9s12p9868.cern.ch&noUDP&sock=startd_483245_7431>
...
006 (5627665.002.000) 02/05 00:25:39 Image size of job updated: 502032
	491  -  MemoryUsage of job (MB)
	502032  -  ResidentSetSize of job (KB)
...
006 (5627665.003.000) 02/05 00:25:39 Image size of job updated: 346164
	338  -  MemoryUsage of job (MB)
	346044  -  ResidentSetSize of job (KB)
...
006 (5627665.004.000) 02/05 00:25:40 Image size of job updated: 595336
	581  -  MemoryUsage of job (MB)
	594600  -  ResidentSetSize of job (KB)
...
006 (5627665.005.000) 02/05 00:25:41 Image size of job updated: 591068
	577  -  MemoryUsage of job (MB)
	590608  -  ResidentSetSize of job (KB)
...
006 (5627665.001.000) 02/05 00:25:41 Image size of job updated: 188368
	184  -  MemoryUsage of job (MB)
	188148  -  ResidentSetSize of job (KB)
...
006 (5627665.000.000) 02/05 00:25:41 Image size of job updated: 494892
	484  -  MemoryUsage of job (MB)
	494640  -  ResidentSetSize of job (KB)
...
006 (5627665.002.000) 02/05 00:30:39 Image size of job updated: 739140
	583  -  MemoryUsage of job (MB)
	596060  -  ResidentSetSize of job (KB)
...
006 (5627665.003.000) 02/05 00:30:39 Image size of job updated: 726956
	376  -  MemoryUsage of job (MB)
	384260  -  ResidentSetSize of job (KB)
...
006 (5627665.004.000) 02/05 00:30:41 Image size of job updated: 717680
	581  -  MemoryUsage of job (MB)
	594600  -  ResidentSetSize of job (KB)
...
006 (5627665.001.000) 02/05 00:30:42 Image size of job updated: 699904
	254  -  MemoryUsage of job (MB)
	259852  -  ResidentSetSize of job (KB)
...
006 (5627665.000.000) 02/05 00:30:42 Image size of job updated: 647304
	484  -  MemoryUsage of job (MB)
	494640  -  ResidentSetSize of job (KB)
...
006 (5627665.005.000) 02/05 00:30:42 Image size of job updated: 703912
	666  -  MemoryUsage of job (MB)
	681440  -  ResidentSetSize of job (KB)
...
006 (5627665.001.000) 02/05 00:35:42 Image size of job updated: 699904
	255  -  MemoryUsage of job (MB)
	260488  -  ResidentSetSize of job (KB)
...
040 (5627665.004.000) 02/05 01:14:14 Started transferring output files
...
040 (5627665.004.000) 02/05 01:14:14 Finished transferring output files
...
005 (5627665.004.000) 02/05 01:14:14 Job terminated.
	(1) Normal termination (return value 0)
		Usr 0 00:17:06, Sys 0 00:01:14  -  Run Remote Usage
		Usr 0 00:00:00, Sys 0 00:00:00  -  Run Local Usage
		Usr 0 00:17:06, Sys 0 00:01:14  -  Total Remote Usage
		Usr 0 00:00:00, Sys 0 00:00:00  -  Total Local Usage
	49647  -  Run Bytes Sent By Job
	371  -  Run Bytes Received By Job
	49647  -  Total Bytes Sent By Job
	371  -  Total Bytes Received By Job
	Partitionable Resources :    Usage  Request Allocated 
	   Cpus                 :     0.05        1         1 
	   Disk (KB)            :    70           1   2985959 
	   Memory (MB)          :   581        2000      2000 

	Job terminated of its own accord at 2024-02-05T00:14:14Z.
...
040 (5627665.001.000) 02/05 01:53:46 Started transferring output files
...
040 (5627665.001.000) 02/05 01:53:46 Finished transferring output files
...
005 (5627665.001.000) 02/05 01:53:46 Job terminated.
	(1) Normal termination (return value 0)
		Usr 0 00:33:45, Sys 0 00:01:51  -  Run Remote Usage
		Usr 0 00:00:00, Sys 0 00:00:00  -  Run Local Usage
		Usr 0 00:33:45, Sys 0 00:01:51  -  Total Remote Usage
		Usr 0 00:00:00, Sys 0 00:00:00  -  Total Local Usage
	55474  -  Run Bytes Sent By Job
	371  -  Run Bytes Received By Job
	55474  -  Total Bytes Sent By Job
	371  -  Total Bytes Received By Job
	Partitionable Resources :    Usage  Request Allocated 
	   Cpus                 :     0.47        1         1 
	   Disk (KB)            :    75           1   2948783 
	   Memory (MB)          :   255        2000      2000 

	Job terminated of its own accord at 2024-02-05T00:53:46Z.
...
040 (5627665.000.000) 02/05 01:56:11 Started transferring output files
...
040 (5627665.000.000) 02/05 01:56:12 Finished transferring output files
...
005 (5627665.000.000) 02/05 01:56:12 Job terminated.
	(1) Normal termination (return value 0)
		Usr 0 00:32:55, Sys 0 00:01:52  -  Run Remote Usage
		Usr 0 00:00:00, Sys 0 00:00:00  -  Run Local Usage
		Usr 0 00:32:55, Sys 0 00:01:52  -  Total Remote Usage
		Usr 0 00:00:00, Sys 0 00:00:00  -  Total Local Usage
	57664  -  Run Bytes Sent By Job
	371  -  Run Bytes Received By Job
	57664  -  Total Bytes Sent By Job
	371  -  Total Bytes Received By Job
	Partitionable Resources :    Usage  Request Allocated 
	   Cpus                 :     0.08        1         1 
	   Disk (KB)            :    78           1   2972199 
	   Memory (MB)          :   484        2000      2000 

	Job terminated of its own accord at 2024-02-05T00:56:11Z.
...
040 (5627665.002.000) 02/05 02:04:03 Started transferring output files
...
040 (5627665.002.000) 02/05 02:04:03 Finished transferring output files
...
005 (5627665.002.000) 02/05 02:04:03 Job terminated.
	(1) Normal termination (return value 0)
		Usr 0 00:37:03, Sys 0 00:02:04  -  Run Remote Usage
		Usr 0 00:00:00, Sys 0 00:00:00  -  Run Local Usage
		Usr 0 00:37:03, Sys 0 00:02:04  -  Total Remote Usage
		Usr 0 00:00:00, Sys 0 00:00:00  -  Total Local Usage
	56762  -  Run Bytes Sent By Job
	371  -  Run Bytes Received By Job
	56762  -  Total Bytes Sent By Job
	371  -  Total Bytes Received By Job
	Partitionable Resources :    Usage  Request Allocated 
	   Cpus                 :     0.79        1         1 
	   Disk (KB)            :    77           1   2954099 
	   Memory (MB)          :   583        2000      2000 

	Job terminated of its own accord at 2024-02-05T01:04:03Z.
...
040 (5627665.005.000) 02/05 02:04:37 Started transferring output files
...
040 (5627665.005.000) 02/05 02:04:37 Finished transferring output files
...
005 (5627665.005.000) 02/05 02:04:37 Job terminated.
	(1) Normal termination (return value 0)
		Usr 0 00:35:47, Sys 0 00:02:08  -  Run Remote Usage
		Usr 0 00:00:00, Sys 0 00:00:00  -  Run Local Usage
		Usr 0 00:35:47, Sys 0 00:02:08  -  Total Remote Usage
		Usr 0 00:00:00, Sys 0 00:00:00  -  Total Local Usage
	52003  -  Run Bytes Sent By Job
	371  -  Run Bytes Received By Job
	52003  -  Total Bytes Sent By Job
	371  -  Total Bytes Received By Job
	Partitionable Resources :    Usage  Request Allocated 
	   Cpus                 :     0.70        1         1 
	   Disk (KB)            :    72           1   2906250 
	   Memory (MB)          :   666        2000      2000 

	Job terminated of its own accord at 2024-02-05T01:04:37Z.
...
040 (5627665.003.000) 02/05 02:05:19 Started transferring output files
...
040 (5627665.003.000) 02/05 02:05:19 Finished transferring output files
...
005 (5627665.003.000) 02/05 02:05:19 Job terminated.
	(1) Normal termination (return value 0)
		Usr 0 00:42:53, Sys 0 00:02:10  -  Run Remote Usage
		Usr 0 00:00:00, Sys 0 00:00:00  -  Run Local Usage
		Usr 0 00:42:53, Sys 0 00:02:10  -  Total Remote Usage
		Usr 0 00:00:00, Sys 0 00:00:00  -  Total Local Usage
	56070  -  Run Bytes Sent By Job
	371  -  Run Bytes Received By Job
	56070  -  Total Bytes Sent By Job
	371  -  Total Bytes Received By Job
	Partitionable Resources :    Usage  Request Allocated 
	   Cpus                 :     0.17        1         1 
	   Disk (KB)            :    76           1   2953410 
	   Memory (MB)          :   376        2000      2000 

	Job terminated of its own accord at 2024-02-05T01:05:19Z.
...
