000 (5627666.000.000) 02/05 00:24:49 Job submitted from host: <137.138.55.115:9618?addrs=137.138.55.115-9618+[2001-1458-d00-17--12a]-9618&alias=bigbird23.cern.ch&noUDP&sock=schedd_590833_df83>
...
000 (5627666.001.000) 02/05 00:24:49 Job submitted from host: <137.138.55.115:9618?addrs=137.138.55.115-9618+[2001-1458-d00-17--12a]-9618&alias=bigbird23.cern.ch&noUDP&sock=schedd_590833_df83>
...
000 (5627666.002.000) 02/05 00:24:49 Job submitted from host: <137.138.55.115:9618?addrs=137.138.55.115-9618+[2001-1458-d00-17--12a]-9618&alias=bigbird23.cern.ch&noUDP&sock=schedd_590833_df83>
...
000 (5627666.003.000) 02/05 00:24:49 Job submitted from host: <137.138.55.115:9618?addrs=137.138.55.115-9618+[2001-1458-d00-17--12a]-9618&alias=bigbird23.cern.ch&noUDP&sock=schedd_590833_df83>
...
000 (5627666.004.000) 02/05 00:24:49 Job submitted from host: <137.138.55.115:9618?addrs=137.138.55.115-9618+[2001-1458-d00-17--12a]-9618&alias=bigbird23.cern.ch&noUDP&sock=schedd_590833_df83>
...
000 (5627666.005.000) 02/05 00:24:49 Job submitted from host: <137.138.55.115:9618?addrs=137.138.55.115-9618+[2001-1458-d00-17--12a]-9618&alias=bigbird23.cern.ch&noUDP&sock=schedd_590833_df83>
...
040 (5627666.002.000) 02/05 00:25:32 Started transferring input files
	Transferring to host: <128.142.248.79:9618?addrs=128.142.248.79-9618+[2001-1458-301-73--100-13f]-9618&alias=b9g23p1840.cern.ch&noUDP&sock=slot1_8_127835_1267_70021>
...
040 (5627666.002.000) 02/05 00:25:32 Finished transferring input files
...
040 (5627666.001.000) 02/05 00:25:32 Started transferring input files
	Transferring to host: <128.142.248.192:9618?addrs=128.142.248.192-9618+[2001-1458-301-73--100-bf]-9618&alias=b9g23p1177.cern.ch&noUDP&sock=slot1_7_8631_11f8_68070>
...
040 (5627666.001.000) 02/05 00:25:32 Finished transferring input files
...
040 (5627666.000.000) 02/05 00:25:33 Started transferring input files
	Transferring to host: <188.184.163.175:9618?addrs=188.184.163.175-9618+[2001-1458-301-4d--100-a9]-9618&alias=b9s12p8694.cern.ch&noUDP&sock=slot1_1_201351_be95_25284>
...
040 (5627666.000.000) 02/05 00:25:33 Finished transferring input files
...
001 (5627666.002.000) 02/05 00:25:33 Job executing on host: <128.142.248.79:9618?addrs=128.142.248.79-9618+[2001-1458-301-73--100-13f]-9618&alias=b9g23p1840.cern.ch&noUDP&sock=startd_118442_f05b>
...
001 (5627666.001.000) 02/05 00:25:33 Job executing on host: <128.142.248.192:9618?addrs=128.142.248.192-9618+[2001-1458-301-73--100-bf]-9618&alias=b9g23p1177.cern.ch&noUDP&sock=startd_7105_047b>
...
040 (5627666.005.000) 02/05 00:25:33 Started transferring input files
	Transferring to host: <188.184.163.159:9618?addrs=188.184.163.159-9618+[2001-1458-301-4d--100-99]-9618&alias=b9s12p8963.cern.ch&noUDP&sock=slot1_13_487476_b0e8_24862>
...
040 (5627666.005.000) 02/05 00:25:33 Finished transferring input files
...
040 (5627666.004.000) 02/05 00:25:33 Started transferring input files
	Transferring to host: <188.184.163.12:9618?addrs=188.184.163.12-9618+[2001-1458-301-4d--100-6]-9618&alias=b9s12p9062.cern.ch&noUDP&sock=slot1_4_286096_436b_25043>
...
040 (5627666.004.000) 02/05 00:25:33 Finished transferring input files
...
040 (5627666.003.000) 02/05 00:25:33 Started transferring input files
	Transferring to host: <188.184.162.141:9618?addrs=188.184.162.141-9618+[2001-1458-301-4a--100-87]-9618&alias=b9s11p9925.cern.ch&noUDP&sock=slot1_4_450345_8ae2_25319>
...
040 (5627666.003.000) 02/05 00:25:33 Finished transferring input files
...
001 (5627666.000.000) 02/05 00:25:34 Job executing on host: <188.184.163.175:9618?addrs=188.184.163.175-9618+[2001-1458-301-4d--100-a9]-9618&alias=b9s12p8694.cern.ch&noUDP&sock=startd_201312_ddb6>
...
001 (5627666.005.000) 02/05 00:25:34 Job executing on host: <188.184.163.159:9618?addrs=188.184.163.159-9618+[2001-1458-301-4d--100-99]-9618&alias=b9s12p8963.cern.ch&noUDP&sock=startd_487436_219c>
...
001 (5627666.004.000) 02/05 00:25:34 Job executing on host: <188.184.163.12:9618?addrs=188.184.163.12-9618+[2001-1458-301-4d--100-6]-9618&alias=b9s12p9062.cern.ch&noUDP&sock=startd_286058_92bc>
...
001 (5627666.003.000) 02/05 00:25:34 Job executing on host: <188.184.162.141:9618?addrs=188.184.162.141-9618+[2001-1458-301-4a--100-87]-9618&alias=b9s11p9925.cern.ch&noUDP&sock=startd_450303_fb5c>
...
006 (5627666.002.000) 02/05 00:25:41 Image size of job updated: 520068
	508  -  MemoryUsage of job (MB)
	520068  -  ResidentSetSize of job (KB)
...
006 (5627666.001.000) 02/05 00:25:41 Image size of job updated: 12888
	8  -  MemoryUsage of job (MB)
	7844  -  ResidentSetSize of job (KB)
...
006 (5627666.000.000) 02/05 00:25:42 Image size of job updated: 594112
	580  -  MemoryUsage of job (MB)
	593876  -  ResidentSetSize of job (KB)
...
006 (5627666.005.000) 02/05 00:25:43 Image size of job updated: 593416
	580  -  MemoryUsage of job (MB)
	593000  -  ResidentSetSize of job (KB)
...
006 (5627666.004.000) 02/05 00:25:43 Image size of job updated: 320856
	314  -  MemoryUsage of job (MB)
	320616  -  ResidentSetSize of job (KB)
...
006 (5627666.003.000) 02/05 00:25:43 Image size of job updated: 689056
	673  -  MemoryUsage of job (MB)
	689056  -  ResidentSetSize of job (KB)
...
006 (5627666.005.000) 02/05 00:26:05 Image size of job updated: 1088676
	580  -  MemoryUsage of job (MB)
	593000  -  ResidentSetSize of job (KB)
...
040 (5627666.005.000) 02/05 00:26:05 Started transferring output files
...
040 (5627666.005.000) 02/05 00:26:05 Finished transferring output files
...
005 (5627666.005.000) 02/05 00:26:05 Job terminated.
	(1) Normal termination (return value 0)
		Usr 0 00:00:20, Sys 0 00:00:01  -  Run Remote Usage
		Usr 0 00:00:00, Sys 0 00:00:00  -  Run Local Usage
		Usr 0 00:00:20, Sys 0 00:00:01  -  Total Remote Usage
		Usr 0 00:00:00, Sys 0 00:00:00  -  Total Local Usage
	4182  -  Run Bytes Sent By Job
	431  -  Run Bytes Received By Job
	4182  -  Total Bytes Sent By Job
	431  -  Total Bytes Received By Job
	Partitionable Resources :    Usage  Request Allocated 
	   Cpus                 :        0        1         1 
	   Disk (KB)            :       25        1   2951616 
	   Memory (MB)          :      580     2000      2000 

	Job terminated of its own accord at 2024-02-04T23:26:05Z.
...
006 (5627666.004.000) 02/05 00:26:17 Image size of job updated: 1268640
	525  -  MemoryUsage of job (MB)
	536884  -  ResidentSetSize of job (KB)
...
040 (5627666.004.000) 02/05 00:26:17 Started transferring output files
...
040 (5627666.004.000) 02/05 00:26:17 Finished transferring output files
...
005 (5627666.004.000) 02/05 00:26:17 Job terminated.
	(1) Normal termination (return value 0)
		Usr 0 00:00:24, Sys 0 00:00:02  -  Run Remote Usage
		Usr 0 00:00:00, Sys 0 00:00:00  -  Run Local Usage
		Usr 0 00:00:24, Sys 0 00:00:02  -  Total Remote Usage
		Usr 0 00:00:00, Sys 0 00:00:00  -  Total Local Usage
	4182  -  Run Bytes Sent By Job
	431  -  Run Bytes Received By Job
	4182  -  Total Bytes Sent By Job
	431  -  Total Bytes Received By Job
	Partitionable Resources :    Usage  Request Allocated 
	   Cpus                 :        0        1         1 
	   Disk (KB)            :       26        1   2858841 
	   Memory (MB)          :      525     2000      2000 

	Job terminated of its own accord at 2024-02-04T23:26:17Z.
...
006 (5627666.000.000) 02/05 00:26:48 Image size of job updated: 1076788
	581  -  MemoryUsage of job (MB)
	594388  -  ResidentSetSize of job (KB)
...
040 (5627666.000.000) 02/05 00:26:48 Started transferring output files
...
040 (5627666.000.000) 02/05 00:26:48 Finished transferring output files
...
005 (5627666.000.000) 02/05 00:26:48 Job terminated.
	(1) Normal termination (return value 0)
		Usr 0 00:00:19, Sys 0 00:00:02  -  Run Remote Usage
		Usr 0 00:00:00, Sys 0 00:00:00  -  Run Local Usage
		Usr 0 00:00:19, Sys 0 00:00:02  -  Total Remote Usage
		Usr 0 00:00:00, Sys 0 00:00:00  -  Total Local Usage
	4182  -  Run Bytes Sent By Job
	431  -  Run Bytes Received By Job
	4182  -  Total Bytes Sent By Job
	431  -  Total Bytes Received By Job
	Partitionable Resources :    Usage  Request Allocated 
	   Cpus                 :        0        1         1 
	   Disk (KB)            :       25        1   2973985 
	   Memory (MB)          :      581     2000      2000 

	Job terminated of its own accord at 2024-02-04T23:26:48Z.
...
006 (5627666.002.000) 02/05 00:26:56 Image size of job updated: 2130344
	650  -  MemoryUsage of job (MB)
	665356  -  ResidentSetSize of job (KB)
...
040 (5627666.002.000) 02/05 00:26:56 Started transferring output files
...
040 (5627666.002.000) 02/05 00:26:56 Finished transferring output files
...
005 (5627666.002.000) 02/05 00:26:56 Job terminated.
	(1) Normal termination (return value 0)
		Usr 0 00:01:01, Sys 0 00:00:04  -  Run Remote Usage
		Usr 0 00:00:00, Sys 0 00:00:00  -  Run Local Usage
		Usr 0 00:01:01, Sys 0 00:00:04  -  Total Remote Usage
		Usr 0 00:00:00, Sys 0 00:00:00  -  Total Local Usage
	4186  -  Run Bytes Sent By Job
	431  -  Run Bytes Received By Job
	4186  -  Total Bytes Sent By Job
	431  -  Total Bytes Received By Job
	Partitionable Resources :    Usage  Request Allocated 
	   Cpus                 :                 1         1 
	   Disk (KB)            :       18        1   2899692 
	   Memory (MB)          :      650     2000      2000 

	Job terminated of its own accord at 2024-02-04T23:26:56Z.
...
006 (5627666.003.000) 02/05 00:28:10 Image size of job updated: 1935920
	673  -  MemoryUsage of job (MB)
	689056  -  ResidentSetSize of job (KB)
...
040 (5627666.003.000) 02/05 00:28:10 Started transferring output files
...
040 (5627666.003.000) 02/05 00:28:10 Finished transferring output files
...
005 (5627666.003.000) 02/05 00:28:10 Job terminated.
	(1) Normal termination (return value 0)
		Usr 0 00:01:14, Sys 0 00:00:04  -  Run Remote Usage
		Usr 0 00:00:00, Sys 0 00:00:00  -  Run Local Usage
		Usr 0 00:01:14, Sys 0 00:00:04  -  Total Remote Usage
		Usr 0 00:00:00, Sys 0 00:00:00  -  Total Local Usage
	4186  -  Run Bytes Sent By Job
	431  -  Run Bytes Received By Job
	4186  -  Total Bytes Sent By Job
	431  -  Total Bytes Received By Job
	Partitionable Resources :    Usage  Request Allocated 
	   Cpus                 :        0        1         1 
	   Disk (KB)            :       25        1   2998829 
	   Memory (MB)          :      673     2000      2000 

	Job terminated of its own accord at 2024-02-04T23:28:10Z.
...
006 (5627666.001.000) 02/05 00:28:43 Image size of job updated: 1775868
	337  -  MemoryUsage of job (MB)
	344400  -  ResidentSetSize of job (KB)
...
040 (5627666.001.000) 02/05 00:28:43 Started transferring output files
...
040 (5627666.001.000) 02/05 00:28:43 Finished transferring output files
...
005 (5627666.001.000) 02/05 00:28:43 Job terminated.
	(1) Normal termination (return value 0)
		Usr 0 00:01:07, Sys 0 00:00:05  -  Run Remote Usage
		Usr 0 00:00:00, Sys 0 00:00:00  -  Run Local Usage
		Usr 0 00:01:07, Sys 0 00:00:05  -  Total Remote Usage
		Usr 0 00:00:00, Sys 0 00:00:00  -  Total Local Usage
	4186  -  Run Bytes Sent By Job
	431  -  Run Bytes Received By Job
	4186  -  Total Bytes Sent By Job
	431  -  Total Bytes Received By Job
	Partitionable Resources :    Usage  Request Allocated 
	   Cpus                 :                 1         1 
	   Disk (KB)            :       18        1   2897928 
	   Memory (MB)          :      337     2000      2000 

	Job terminated of its own accord at 2024-02-04T23:28:43Z.
...
