000 (5649840.000.000) 02/08 13:01:03 Job submitted from host: <137.138.55.115:9618?addrs=137.138.55.115-9618+[2001-1458-d00-17--12a]-9618&alias=bigbird23.cern.ch&noUDP&sock=schedd_590833_df83>
...
000 (5649840.001.000) 02/08 13:01:03 Job submitted from host: <137.138.55.115:9618?addrs=137.138.55.115-9618+[2001-1458-d00-17--12a]-9618&alias=bigbird23.cern.ch&noUDP&sock=schedd_590833_df83>
...
000 (5649840.002.000) 02/08 13:01:03 Job submitted from host: <137.138.55.115:9618?addrs=137.138.55.115-9618+[2001-1458-d00-17--12a]-9618&alias=bigbird23.cern.ch&noUDP&sock=schedd_590833_df83>
...
040 (5649840.000.000) 02/08 13:04:28 Started transferring input files
	Transferring to host: <188.184.185.83:9618?addrs=188.184.185.83-9618+[2001-1458-301-52--100-52]-9618&alias=b9g37p0750.cern.ch&noUDP&sock=slot1_1_808466_2f25_29148>
...
040 (5649840.000.000) 02/08 13:04:28 Finished transferring input files
...
040 (5649840.001.000) 02/08 13:04:29 Started transferring input files
	Transferring to host: <188.184.185.100:9618?addrs=188.184.185.100-9618+[2001-1458-301-52--100-63]-9618&alias=b9g37p3129.cern.ch&noUDP&sock=slot1_6_2074772_510b_821>
...
040 (5649840.001.000) 02/08 13:04:29 Finished transferring input files
...
001 (5649840.000.000) 02/08 13:04:29 Job executing on host: <188.184.185.83:9618?addrs=188.184.185.83-9618+[2001-1458-301-52--100-52]-9618&alias=b9g37p0750.cern.ch&noUDP&sock=startd_3503_5859>
...
040 (5649840.002.000) 02/08 13:04:29 Started transferring input files
	Transferring to host: <128.142.193.193:9618?addrs=128.142.193.193-9618+[2001-1458-301-8--100-3d]-9618&alias=b9g21p6818.cern.ch&noUDP&sock=slot1_4_3458484_98d7_42807>
...
040 (5649840.002.000) 02/08 13:04:29 Finished transferring input files
...
001 (5649840.001.000) 02/08 13:04:30 Job executing on host: <188.184.185.100:9618?addrs=188.184.185.100-9618+[2001-1458-301-52--100-63]-9618&alias=b9g37p3129.cern.ch&noUDP&sock=startd_2074731_79cb>
...
001 (5649840.002.000) 02/08 13:04:30 Job executing on host: <128.142.193.193:9618?addrs=128.142.193.193-9618+[2001-1458-301-8--100-3d]-9618&alias=b9g21p6818.cern.ch&noUDP&sock=startd_4796_3c4d>
...
006 (5649840.000.000) 02/08 13:04:38 Image size of job updated: 1808
	2  -  MemoryUsage of job (MB)
	1476  -  ResidentSetSize of job (KB)
...
006 (5649840.002.000) 02/08 13:04:39 Image size of job updated: 501600
	490  -  MemoryUsage of job (MB)
	501600  -  ResidentSetSize of job (KB)
...
006 (5649840.001.000) 02/08 13:04:39 Image size of job updated: 473640
	462  -  MemoryUsage of job (MB)
	472532  -  ResidentSetSize of job (KB)
...
006 (5649840.000.000) 02/08 13:05:40 Image size of job updated: 1334980
	745  -  MemoryUsage of job (MB)
	762388  -  ResidentSetSize of job (KB)
...
040 (5649840.000.000) 02/08 13:05:40 Started transferring output files
...
040 (5649840.000.000) 02/08 13:05:40 Finished transferring output files
...
005 (5649840.000.000) 02/08 13:05:40 Job terminated.
	(1) Normal termination (return value 0)
		Usr 0 00:00:16, Sys 0 00:00:03  -  Run Remote Usage
		Usr 0 00:00:00, Sys 0 00:00:00  -  Run Local Usage
		Usr 0 00:00:16, Sys 0 00:00:03  -  Total Remote Usage
		Usr 0 00:00:00, Sys 0 00:00:00  -  Total Local Usage
	13729  -  Run Bytes Sent By Job
	2144  -  Run Bytes Received By Job
	13729  -  Total Bytes Sent By Job
	2144  -  Total Bytes Received By Job
	Partitionable Resources :    Usage  Request Allocated 
	   Cpus                 :        0        2         2 
	   Disk (KB)            :       36        3   2872013 
	   Memory (MB)          :      745     4096      4100 

	Job terminated of its own accord at 2024-02-08T12:05:40Z.
...
006 (5649840.002.000) 02/08 13:06:43 Image size of job updated: 1024360
	1001  -  MemoryUsage of job (MB)
	1024360  -  ResidentSetSize of job (KB)
...
040 (5649840.002.000) 02/08 13:06:43 Started transferring output files
...
040 (5649840.002.000) 02/08 13:06:43 Finished transferring output files
...
005 (5649840.002.000) 02/08 13:06:43 Job terminated.
	(1) Normal termination (return value 0)
		Usr 0 00:00:34, Sys 0 00:00:03  -  Run Remote Usage
		Usr 0 00:00:00, Sys 0 00:00:00  -  Run Local Usage
		Usr 0 00:00:34, Sys 0 00:00:03  -  Total Remote Usage
		Usr 0 00:00:00, Sys 0 00:00:00  -  Total Local Usage
	13669  -  Run Bytes Sent By Job
	2144  -  Run Bytes Received By Job
	13669  -  Total Bytes Sent By Job
	2144  -  Total Bytes Received By Job
	Partitionable Resources :    Usage  Request Allocated 
	   Cpus                 :                 2         2 
	   Disk (KB)            :       29        3   1135340 
	   Memory (MB)          :     1001     4096      4100 

	Job terminated of its own accord at 2024-02-08T12:06:43Z.
...
006 (5649840.001.000) 02/08 13:07:18 Image size of job updated: 1611736
	864  -  MemoryUsage of job (MB)
	883924  -  ResidentSetSize of job (KB)
...
040 (5649840.001.000) 02/08 13:07:18 Started transferring output files
...
040 (5649840.001.000) 02/08 13:07:18 Finished transferring output files
...
005 (5649840.001.000) 02/08 13:07:18 Job terminated.
	(1) Normal termination (return value 0)
		Usr 0 00:00:18, Sys 0 00:00:02  -  Run Remote Usage
		Usr 0 00:00:00, Sys 0 00:00:00  -  Run Local Usage
		Usr 0 00:00:18, Sys 0 00:00:02  -  Total Remote Usage
		Usr 0 00:00:00, Sys 0 00:00:00  -  Total Local Usage
	13676  -  Run Bytes Sent By Job
	2144  -  Run Bytes Received By Job
	13676  -  Total Bytes Sent By Job
	2144  -  Total Bytes Received By Job
	Partitionable Resources :    Usage  Request Allocated 
	   Cpus                 :                 2         2 
	   Disk (KB)            :       29        3   2838265 
	   Memory (MB)          :      864     4096      4100 

	Job terminated of its own accord at 2024-02-08T12:07:18Z.
...
