000 (5664021.000.000) 02/10 17:34:24 Job submitted from host: <137.138.55.115:9618?addrs=137.138.55.115-9618+[2001-1458-d00-17--12a]-9618&alias=bigbird23.cern.ch&noUDP&sock=schedd_590833_df83>
...
040 (5664021.000.000) 02/10 17:49:58 Started transferring input files
	Transferring to host: <128.142.248.82:9618?addrs=128.142.248.82-9618+[2001-1458-301-73--100-142]-9618&alias=b9g23p0904.cern.ch&noUDP&sock=slot1_18_127907_cd6a_77534>
...
040 (5664021.000.000) 02/10 17:49:58 Finished transferring input files
...
001 (5664021.000.000) 02/10 17:49:58 Job executing on host: <128.142.248.82:9618?addrs=128.142.248.82-9618+[2001-1458-301-73--100-142]-9618&alias=b9g23p0904.cern.ch&noUDP&sock=startd_118597_4189>
...
006 (5664021.000.000) 02/10 17:50:06 Image size of job updated: 1744
	2  -  MemoryUsage of job (MB)
	1464  -  ResidentSetSize of job (KB)
...
006 (5664021.000.000) 02/10 17:50:35 Image size of job updated: 1038336
	924  -  MemoryUsage of job (MB)
	946072  -  ResidentSetSize of job (KB)
...
040 (5664021.000.000) 02/10 17:50:35 Started transferring output files
...
040 (5664021.000.000) 02/10 17:50:35 Finished transferring output files
...
005 (5664021.000.000) 02/10 17:50:35 Job terminated.
	(1) Normal termination (return value 0)
		Usr 0 00:00:03, Sys 0 00:00:02  -  Run Remote Usage
		Usr 0 00:00:00, Sys 0 00:00:00  -  Run Local Usage
		Usr 0 00:00:03, Sys 0 00:00:02  -  Total Remote Usage
		Usr 0 00:00:00, Sys 0 00:00:00  -  Total Local Usage
	3789  -  Run Bytes Sent By Job
	2022  -  Run Bytes Received By Job
	3789  -  Total Bytes Sent By Job
	2022  -  Total Bytes Received By Job
	Partitionable Resources :    Usage  Request Allocated 
	   Cpus                 :                 1         1 
	   Disk (KB)            :   287125        2   3077199 
	   Memory (MB)          :      924     2000      2000 

	Job terminated of its own accord at 2024-02-10T16:50:35Z.
...
