000 (5743835.000.000) 02/19 00:09:20 Job submitted from host: <137.138.55.115:9618?addrs=137.138.55.115-9618+[2001-1458-d00-17--12a]-9618&alias=bigbird23.cern.ch&noUDP&sock=schedd_590833_df83>
...
040 (5743835.000.000) 02/19 00:14:06 Started transferring input files
	Transferring to host: <128.142.33.32:9618?addrs=128.142.33.32-9618+[2001-1458-301-53--100-1d]-9618&alias=b9g34p0623.cern.ch&noUDP&sock=slot1_30_1405127_d5cc_99447>
...
040 (5743835.000.000) 02/19 00:14:06 Finished transferring input files
...
001 (5743835.000.000) 02/19 00:14:06 Job executing on host: <128.142.33.32:9618?addrs=128.142.33.32-9618+[2001-1458-301-53--100-1d]-9618&alias=b9g34p0623.cern.ch&noUDP&sock=startd_119651_365b>
...
006 (5743835.000.000) 02/19 00:14:14 Image size of job updated: 838248
	819  -  MemoryUsage of job (MB)
	838248  -  ResidentSetSize of job (KB)
...
006 (5743835.000.000) 02/19 00:19:14 Image size of job updated: 1915400
	1871  -  MemoryUsage of job (MB)
	1915400  -  ResidentSetSize of job (KB)
...
006 (5743835.000.000) 02/19 02:19:24 Image size of job updated: 1997444
	1951  -  MemoryUsage of job (MB)
	1997444  -  ResidentSetSize of job (KB)
...
040 (5743835.000.000) 02/19 03:06:28 Started transferring output files
...
040 (5743835.000.000) 02/19 03:06:28 Finished transferring output files
...
005 (5743835.000.000) 02/19 03:06:28 Job terminated.
	(1) Normal termination (return value 0)
		Usr 0 02:50:49, Sys 0 00:00:13  -  Run Remote Usage
		Usr 0 00:00:00, Sys 0 00:00:00  -  Run Local Usage
		Usr 0 02:50:49, Sys 0 00:00:13  -  Total Remote Usage
		Usr 0 00:00:00, Sys 0 00:00:00  -  Total Local Usage
	32541  -  Run Bytes Sent By Job
	2487  -  Run Bytes Received By Job
	32541  -  Total Bytes Sent By Job
	2487  -  Total Bytes Received By Job
	Partitionable Resources :      Usage  Request Allocated 
	   Cpus                 :       1.00        1         1 
	   Disk (KB)            : 1063967           3   2648167 
	   Memory (MB)          :    1951        2000      2000 

	Job terminated of its own accord at 2024-02-19T02:06:28Z.
...
